Reading timing models for corner nom_tt_025C_1v80…
Reading timing library for the 'nom_tt_025C_1v80' corner at '/home/alishawky/.ciel/ciel/sky130/versions/8afc8346a57fe1ab7934ba5a6056ea8b43078e71/sky130A/libs.ref/sky130_fd_sc_hd/lib/sky130_fd_sc_hd__tt_025C_1v80.lib'…
Reading OpenROAD database at '/mnt/d/Learing_Python/GP/Submission_inshallah/runs/fir_filter_ASIC/53-odb-cellfrequencytables/fir_filter.odb'…
Reading design constraints file at '/mnt/d/Learing_Python/GP/Submission_inshallah/pnr.sdc'…
[INFO] Using voltage extracted from lib (1.8000000000V) for power nets and 0V for ground nets…
%OL_CREATE_REPORT irdrop.rpt
+ analyze_power_grid -net VPWR -voltage_file /mnt/d/Learing_Python/GP/Submission_inshallah/runs/fir_filter_ASIC/56-openroad-irdropreport/net-VPWR.csv
[INFO PSM-0040] All shapes on net VPWR are connected.
########## IR report #################
Net              : VPWR
Corner           : nom_tt_025C_1v80
Total power      : 7.40e-02 W
Supply voltage   : 1.80e+00 V
Worstcase voltage: 1.79e+00 V
Average voltage  : 1.80e+00 V
Average IR drop  : 1.15e-03 V
Worstcase IR drop: 1.02e-02 V
Percentage drop  : 0.57 %
######################################
+ analyze_power_grid -net VGND -voltage_file /mnt/d/Learing_Python/GP/Submission_inshallah/runs/fir_filter_ASIC/56-openroad-irdropreport/net-VGND.csv
[INFO PSM-0040] All shapes on net VGND are connected.
########## IR report #################
Net              : VGND
Corner           : nom_tt_025C_1v80
Total power      : 7.40e-02 W
Supply voltage   : 0.00e+00 V
Worstcase voltage: 8.86e-03 V
Average voltage  : 1.14e-03 V
Average IR drop  : 1.14e-03 V
Worstcase IR drop: 8.86e-03 V
Percentage drop  : 0.49 %
######################################
%OL_END_REPORT
