
===========================================================================
report_checks -unconstrained
===========================================================================
======================= min_ff_n40C_1v95 Corner ===================================

Startpoint: sample_in[5] (input port clocked by clk)
Endpoint: _9220_ (rising edge-triggered flip-flop clocked by clk)
Path Group: clk
Path Type: max

Fanout         Cap        Slew       Delay        Time   Description
---------------------------------------------------------------------------------------------
                                  0.000000    0.000000   clock clk (rise edge)
                                  0.000000    0.000000   clock network delay (propagated)
                                  4.000000    4.000000 ^ input external delay
     1    0.003705    0.000000    0.000000    4.000000 ^ sample_in[5] (in)
                                                         sample_in[5] (net)
                      0.000065    0.000033    4.000033 ^ input13/A (sky130_fd_sc_hd__clkbuf_4)
     2    0.039802    0.096572    0.125870    4.125903 ^ input13/X (sky130_fd_sc_hd__clkbuf_4)
                                                         net13 (net)
                      0.096716    0.003098    4.129002 ^ hold755/A (sky130_fd_sc_hd__dlygate4sd3_1)
     3    0.037036    0.281058    0.570777    4.699779 ^ hold755/X (sky130_fd_sc_hd__dlygate4sd3_1)
                                                         net755 (net)
                      0.281058    0.000924    4.700703 ^ fanout346/A (sky130_fd_sc_hd__dlygate4sd1_1)
     2    0.007927    0.064831    0.168011    4.868713 ^ fanout346/X (sky130_fd_sc_hd__dlygate4sd1_1)
                                                         net346 (net)
                      0.064831    0.000088    4.868801 ^ wire347/A (sky130_fd_sc_hd__clkbuf_4)
     7    0.052457    0.123707    0.164927    5.033728 ^ wire347/X (sky130_fd_sc_hd__clkbuf_4)
                                                         net347 (net)
                      0.123766    0.002278    5.036006 ^ fanout344/A (sky130_fd_sc_hd__buf_2)
     9    0.045286    0.167133    0.190473    5.226480 ^ fanout344/X (sky130_fd_sc_hd__buf_2)
                                                         net344 (net)
                      0.167140    0.000929    5.227408 ^ load_slew345/A (sky130_fd_sc_hd__buf_4)
     8    0.045073    0.098431    0.148706    5.376114 ^ load_slew345/X (sky130_fd_sc_hd__buf_4)
                                                         net345 (net)
                      0.098431    0.000519    5.376633 ^ _5316_/B (sky130_fd_sc_hd__and2_2)
     3    0.018810    0.079557    0.141354    5.517987 ^ _5316_/X (sky130_fd_sc_hd__and2_2)
                                                         _0774_ (net)
                      0.079557    0.000230    5.518217 ^ _6417_/B1 (sky130_fd_sc_hd__a21oi_4)
     4    0.019729    0.087151    0.033065    5.551282 v _6417_/Y (sky130_fd_sc_hd__a21oi_4)
                                                         _1868_ (net)
                      0.087152    0.000387    5.551669 v _6418_/B (sky130_fd_sc_hd__xnor2_2)
     3    0.019167    0.209785    0.199558    5.751227 ^ _6418_/Y (sky130_fd_sc_hd__xnor2_2)
                                                         _1869_ (net)
                      0.209785    0.000254    5.751481 ^ _6478_/S (sky130_fd_sc_hd__mux2_2)
     1    0.002622    0.032713    0.209871    5.961352 v _6478_/X (sky130_fd_sc_hd__mux2_2)
                                                         _1928_ (net)
                      0.032713    0.000028    5.961380 v _6479_/B1 (sky130_fd_sc_hd__a2bb2o_2)
     2    0.022495    0.063881    0.202111    6.163491 v _6479_/X (sky130_fd_sc_hd__a2bb2o_2)
                                                         _1929_ (net)
                      0.063893    0.000876    6.164367 v _6493_/B (sky130_fd_sc_hd__xnor2_4)
     2    0.018339    0.068329    0.110560    6.274927 v _6493_/Y (sky130_fd_sc_hd__xnor2_4)
                                                         _1943_ (net)
                      0.068329    0.000074    6.275001 v _6494_/B (sky130_fd_sc_hd__xnor2_4)
     1    0.016290    0.054250    0.109722    6.384723 v _6494_/Y (sky130_fd_sc_hd__xnor2_4)
                                                         _1944_ (net)
                      0.054250    0.000159    6.384881 v _6495_/A (sky130_fd_sc_hd__xnor2_4)
     3    0.024604    0.176583    0.186030    6.570912 ^ _6495_/Y (sky130_fd_sc_hd__xnor2_4)
                                                         _1945_ (net)
                      0.176583    0.000197    6.571109 ^ _6506_/B (sky130_fd_sc_hd__xnor2_4)
     4    0.011408    0.051558    0.051577    6.622685 v _6506_/Y (sky130_fd_sc_hd__xnor2_4)
                                                         _1956_ (net)
                      0.051558    0.000016    6.622702 v rebuffer657/A (sky130_fd_sc_hd__buf_2)
     2    0.011821    0.030905    0.098240    6.720942 v rebuffer657/X (sky130_fd_sc_hd__buf_2)
                                                         net657 (net)
                      0.030905    0.000189    6.721130 v _6783_/A2 (sky130_fd_sc_hd__o21ai_4)
     2    0.013651    0.112613    0.109841    6.830971 ^ _6783_/Y (sky130_fd_sc_hd__o21ai_4)
                                                         _2232_ (net)
                      0.112613    0.000084    6.831055 ^ _6785_/A (sky130_fd_sc_hd__or2b_4)
     1    0.009513    0.032655    0.097282    6.928337 ^ _6785_/X (sky130_fd_sc_hd__or2b_4)
                                                         _2234_ (net)
                      0.032656    0.000114    6.928452 ^ _6787_/B1 (sky130_fd_sc_hd__a221oi_4)
     2    0.011392    0.051591    0.038665    6.967116 v _6787_/Y (sky130_fd_sc_hd__a221oi_4)
                                                         _2236_ (net)
                      0.051591    0.000088    6.967204 v max_cap56/A (sky130_fd_sc_hd__clkbuf_2)
     2    0.008280    0.029293    0.087197    7.054401 v max_cap56/X (sky130_fd_sc_hd__clkbuf_2)
                                                         net56 (net)
                      0.029294    0.000187    7.054588 v _7150_/A (sky130_fd_sc_hd__or2_2)
     1    0.003294    0.037261    0.172567    7.227155 v _7150_/X (sky130_fd_sc_hd__or2_2)
                                                         _2597_ (net)
                      0.037261    0.000037    7.227191 v _7151_/B2 (sky130_fd_sc_hd__a22o_2)
     1    0.005857    0.030192    0.114591    7.341783 v _7151_/X (sky130_fd_sc_hd__a22o_2)
                                                         _2598_ (net)
                      0.030192    0.000084    7.341867 v _7152_/C1 (sky130_fd_sc_hd__o221a_4)
     3    0.015252    0.042899    0.081498    7.423365 v _7152_/X (sky130_fd_sc_hd__o221a_4)
                                                         _2599_ (net)
                      0.042906    0.000561    7.423926 v _7510_/A (sky130_fd_sc_hd__or2_4)
     1    0.005844    0.034436    0.159629    7.583555 v _7510_/X (sky130_fd_sc_hd__or2_4)
                                                         _2955_ (net)
                      0.034436    0.000055    7.583611 v _7511_/B2 (sky130_fd_sc_hd__a22o_4)
     1    0.008746    0.027652    0.111967    7.695578 v _7511_/X (sky130_fd_sc_hd__a22o_4)
                                                         _2956_ (net)
                      0.027652    0.000085    7.695663 v _7512_/C1 (sky130_fd_sc_hd__o221ai_4)
     2    0.009333    0.127891    0.043744    7.739407 ^ _7512_/Y (sky130_fd_sc_hd__o221ai_4)
                                                         _2957_ (net)
                      0.127891    0.000151    7.739558 ^ _7652_/A2 (sky130_fd_sc_hd__a21oi_2)
     2    0.007597    0.041465    0.050866    7.790424 v _7652_/Y (sky130_fd_sc_hd__a21oi_2)
                                                         _3096_ (net)
                      0.041465    0.000099    7.790523 v max_cap42/A (sky130_fd_sc_hd__buf_6)
     4    0.022720    0.026195    0.090574    7.881097 v max_cap42/X (sky130_fd_sc_hd__buf_6)
                                                         net42 (net)
                      0.026229    0.000850    7.881947 v rebuffer679/A (sky130_fd_sc_hd__buf_4)
     3    0.014174    0.027626    0.094036    7.975983 v rebuffer679/X (sky130_fd_sc_hd__buf_4)
                                                         net679 (net)
                      0.027626    0.000100    7.976083 v _7854_/A1 (sky130_fd_sc_hd__a21o_4)
     1    0.009575    0.029262    0.130724    8.106807 v _7854_/X (sky130_fd_sc_hd__a21o_4)
                                                         _3296_ (net)
                      0.029262    0.000136    8.106943 v _7859_/A1 (sky130_fd_sc_hd__a211oi_4)
     2    0.009575    0.152862    0.158694    8.265636 ^ _7859_/Y (sky130_fd_sc_hd__a211oi_4)
                                                         _3301_ (net)
                      0.152863    0.000251    8.265888 ^ _8207_/B1_N (sky130_fd_sc_hd__o21bai_4)
     1    0.006534    0.080328    0.097458    8.363346 ^ _8207_/Y (sky130_fd_sc_hd__o21bai_4)
                                                         _3647_ (net)
                      0.080328    0.000086    8.363432 ^ _8208_/B2 (sky130_fd_sc_hd__a22o_4)
     1    0.010356    0.035887    0.082011    8.445443 ^ _8208_/X (sky130_fd_sc_hd__a22o_4)
                                                         _3648_ (net)
                      0.035888    0.000131    8.445574 ^ _8209_/B1 (sky130_fd_sc_hd__o21ai_4)
     1    0.052153    0.112375    0.063165    8.508738 v _8209_/Y (sky130_fd_sc_hd__o21ai_4)
                                                         _3649_ (net)
                      0.112626    0.004255    8.512993 v _8210_/A (sky130_fd_sc_hd__nand2_4)
     2    0.015925    0.054059    0.085246    8.598239 ^ _8210_/Y (sky130_fd_sc_hd__nand2_4)
                                                         _3650_ (net)
                      0.054060    0.000358    8.598597 ^ _8211_/A (sky130_fd_sc_hd__buf_8)
     4    0.042551    0.059029    0.092104    8.690701 ^ _8211_/X (sky130_fd_sc_hd__buf_8)
                                                         _3651_ (net)
                      0.059208    0.002646    8.693347 ^ _8212_/B1 (sky130_fd_sc_hd__o21ai_2)
     1    0.007658    0.041595    0.032247    8.725594 v _8212_/Y (sky130_fd_sc_hd__o21ai_2)
                                                         _3652_ (net)
                      0.041596    0.000234    8.725827 v _8213_/A1 (sky130_fd_sc_hd__mux2_2)
     1    0.002548    0.032565    0.143042    8.868870 v _8213_/X (sky130_fd_sc_hd__mux2_2)
                                                         _3653_ (net)
                      0.032565    0.000024    8.868894 v _8214_/A (sky130_fd_sc_hd__buf_1)
     1    0.002692    0.018116    0.057909    8.926803 v _8214_/X (sky130_fd_sc_hd__buf_1)
                                                         _0201_ (net)
                      0.018116    0.000016    8.926819 v _9220_/D (sky130_fd_sc_hd__dfrtp_2)
                                              8.926819   data arrival time

                                 20.000000   20.000000   clock clk (rise edge)
                                  0.000000   20.000000   clock source latency
     1    0.049890    0.150000    0.000000   20.000000 ^ clk (in)
                                                         clk (net)
                      0.155837    0.002860   20.002861 ^ clkbuf_0_clk/A (sky130_fd_sc_hd__clkbuf_16)
     4    0.080536    0.075795    0.144894   20.147755 ^ clkbuf_0_clk/X (sky130_fd_sc_hd__clkbuf_16)
                                                         clknet_0_clk (net)
                      0.075903    0.002229   20.149984 ^ clkbuf_2_3__f_clk/A (sky130_fd_sc_hd__clkbuf_16)
     8    0.108335    0.094916    0.143407   20.293390 ^ clkbuf_2_3__f_clk/X (sky130_fd_sc_hd__clkbuf_16)
                                                         clknet_2_3__leaf_clk (net)
                      0.094967    0.001766   20.295156 ^ clkbuf_leaf_31_clk/A (sky130_fd_sc_hd__clkbuf_8)
     7    0.035852    0.056637    0.118099   20.413256 ^ clkbuf_leaf_31_clk/X (sky130_fd_sc_hd__clkbuf_8)
                                                         clknet_leaf_31_clk (net)
                      0.056637    0.000229   20.413485 ^ _9220_/CLK (sky130_fd_sc_hd__dfrtp_2)
                                 -0.100000   20.313484   clock uncertainty
                                  0.000000   20.313484   clock reconvergence pessimism
                                 -0.066341   20.247143   library setup time
                                             20.247143   data required time
---------------------------------------------------------------------------------------------
                                             20.247143   data required time
                                             -8.926819   data arrival time
---------------------------------------------------------------------------------------------
                                             11.320325   slack (MET)




===========================================================================
report_checks --slack_max -0.01
============================================================================
======================= min_ff_n40C_1v95 Corner ===================================

No paths found.


===========================================================================
 report_check_types -max_slew -max_cap -max_fanout -violators
============================================================================
======================= min_ff_n40C_1v95 Corner ===================================

max fanout

Pin                                   Limit Fanout  Slack
---------------------------------------------------------
_9221_/Q                                 16     17        (VIOLATED)



===========================================================================
report_parasitic_annotation -report_unannotated
============================================================================
Found 32 unannotated drivers.
 clkload0/Y
 clkload1/Y
 clkload10/X
 clkload11/X
 clkload12/Y
 clkload13/Y
 clkload14/X
 clkload15/Y
 clkload16/X
 clkload17/X
 clkload18/Y
 clkload19/X
 clkload2/Y
 clkload20/Y
 clkload21/X
 clkload22/X
 clkload23/Y
 clkload24/Y
 clkload25/Y
 clkload26/Y
 clkload27/X
 clkload28/X
 clkload29/X
 clkload3/Y
 clkload30/Y
 clkload31/Y
 clkload4/X
 clkload5/X
 clkload6/X
 clkload7/Y
 clkload8/Y
 clkload9/Y
Found 0 partially unannotated drivers.

===========================================================================
max slew violation count 0
max fanout violation count 1
max cap violation count 0
============================================================================

===========================================================================
check_setup -verbose -unconstrained_endpoints -multiple_clock -no_clock -no_input_delay -loops -generated_clocks
===========================================================================
Warning: There is 1 input port missing set_input_delay.
  rst_n
