Clock: clk
Sources: clk 
Generated: no
Virtual: yes
Propagated: no
Period: 20.000000

===========================================================================
report_clock_properties
============================================================================
Clock                   Period          Waveform
----------------------------------------------------
clk                  20.000000    0.000000 10.000000

===========================================================================
report_clock_latency
============================================================================
Clock clk
rise -> rise
    min     max
0.000000 0.000000 source latency
0.405537         network latency _9218_/CLK
        0.466341 network latency _9210_/CLK
---------------
0.405537 0.466341 latency
        0.060805 skew

fall -> fall
    min     max
0.000000 0.000000 source latency
0.428380         network latency _9040_/CLK
        0.477171 network latency _9210_/CLK
---------------
0.428380 0.477171 latency
        0.048791 skew



===========================================================================
report_clock_min_period
============================================================================
clk period_min = 5.95 fmax = 168.10
