#! /usr/bin/vvp
:ivl_version "12.0 (stable)";
:ivl_delay_selection "TYPICAL";
:vpi_time_precision + 0;
:vpi_module "/usr/lib/x86_64-linux-gnu/ivl/system.vpi";
:vpi_module "/usr/lib/x86_64-linux-gnu/ivl/vhdl_sys.vpi";
:vpi_module "/usr/lib/x86_64-linux-gnu/ivl/vhdl_textio.vpi";
:vpi_module "/usr/lib/x86_64-linux-gnu/ivl/v2005_math.vpi";
:vpi_module "/usr/lib/x86_64-linux-gnu/ivl/va_math.vpi";
:vpi_module "/usr/lib/x86_64-linux-gnu/ivl/v2009.vpi";
S_0x56169a21e4e0 .scope package, "$unit" "$unit" 2 1;
 .timescale 0 0;
S_0x56169a21e670 .scope module, "test_filter" "test_filter" 3 5;
 .timescale 0 0;
P_0x56169a1d0490 .param/l "ACC_WIDTH" 0 3 11, +C4<00000000000000000000000000100101>;
P_0x56169a1d04d0 .param/l "CLOCK_PERIOD_NS" 0 3 16, +C4<00000000000000000000000000010100>;
P_0x56169a1d0510 .param/l "COEFF_FRAC_BITS" 0 3 13, +C4<00000000000000000000000000001111>;
P_0x56169a1d0550 .param/l "COEFF_WIDTH" 0 3 12, +C4<00000000000000000000000000010000>;
P_0x56169a1d0590 .param/l "DATA_WIDTH" 0 3 10, +C4<00000000000000000000000000010000>;
P_0x56169a1d05d0 .param/l "LATENCY" 0 3 15, +C4<00000000000000000000000000010001>;
P_0x56169a1d0610 .param/l "SAT_MAX" 1 3 52, +C4<0000000000000000000000111111111111111>;
P_0x56169a1d0650 .param/l "SAT_MIN" 1 3 53, +C4<1111111111111111111111000000000000000>;
P_0x56169a1d0690 .param/l "TAPS" 0 3 14, +C4<00000000000000000000000000010001>;
P_0x56169a1d06d0 .param/l "VECTOR_COUNT" 0 3 17, +C4<00000000000000000000000011001000>;
v0x56169a2630b0_0 .var/i "checker_index", 31 0;
v0x56169a2631b0_0 .var "clk", 0 0;
v0x56169a263270 .array/s "coeff", 16 0, 15 0;
v0x56169a263340_0 .var/i "error_count", 31 0;
v0x56169a2633e0_0 .var/queue "expected_queue", 16;
v0x56169a263480_0 .var/s "golden_val", 15 0;
v0x56169a263560_0 .var/i "h_init", 31 0;
v0x56169a263640 .array/s "history", 16 0, 15 0;
v0x56169a263700_0 .var/i "i", 31 0;
v0x56169a2637e0_0 .var/s "random_val", 15 0;
v0x56169a2638c0_0 .net "ready", 0 0, L_0x56169a274060;  1 drivers
v0x56169a263960_0 .net/s "result_out", 15 0, v0x56169a2626d0_0;  1 drivers
v0x56169a263a30_0 .net "result_valid", 0 0, v0x56169a262890_0;  1 drivers
v0x56169a263b00_0 .var "rst_n", 0 0;
v0x56169a263bd0_0 .var/s "rtl_val", 15 0;
v0x56169a263c70_0 .var/i "sample_count", 31 0;
v0x56169a263d30_0 .var/s "sample_in", 15 0;
v0x56169a263e20_0 .var "sample_valid", 0 0;
E_0x56169a21ff60 .event posedge, v0x56169a262150_0;
S_0x56169a242ab0 .scope function.vec4.u16, "calculate_golden" "calculate_golden" 3 100, 3 100 0, S_0x56169a21e670;
 .timescale 0 0;
v0x56169a2339a0_0 .var/s "acc", 36 0;
; Variable calculate_golden is vec4 return value of scope S_0x56169a242ab0
v0x56169a234b60_0 .var/i "k", 31 0;
v0x56169a234de0_0 .var/s "sample", 15 0;
v0x56169a236340_0 .var/s "shifted", 36 0;
TD_test_filter.calculate_golden ;
    %pushi/vec4 16, 0, 32;
    %store/vec4 v0x56169a234b60_0, 0, 32;
T_0.0 ;
    %load/vec4 v0x56169a234b60_0;
    %cmpi/s 0, 0, 32;
    %flag_or 5, 4; GT is !LE
    %flag_inv 5;
    %jmp/0xz T_0.1, 5;
    %load/vec4 v0x56169a234b60_0;
    %subi 1, 0, 32;
    %ix/vec4/s 4;
    %load/vec4a v0x56169a263640, 4;
    %ix/getv/s 4, v0x56169a234b60_0;
    %store/vec4a v0x56169a263640, 4, 0;
    %load/vec4 v0x56169a234b60_0;
    %subi 1, 0, 32;
    %store/vec4 v0x56169a234b60_0, 0, 32;
    %jmp T_0.0;
T_0.1 ;
    %load/vec4 v0x56169a234de0_0;
    %ix/load 4, 0, 0;
    %flag_set/imm 4, 0;
    %store/vec4a v0x56169a263640, 4, 0;
    %pushi/vec4 0, 0, 37;
    %store/vec4 v0x56169a2339a0_0, 0, 37;
    %pushi/vec4 0, 0, 32;
    %store/vec4 v0x56169a234b60_0, 0, 32;
T_0.2 ;
    %load/vec4 v0x56169a234b60_0;
    %cmpi/s 17, 0, 32;
    %jmp/0xz T_0.3, 5;
    %load/vec4 v0x56169a2339a0_0;
    %ix/getv/s 4, v0x56169a234b60_0;
    %load/vec4a v0x56169a263640, 4;
    %pad/s 37;
    %ix/getv/s 4, v0x56169a234b60_0;
    %load/vec4a v0x56169a263270, 4;
    %pad/s 37;
    %mul;
    %add;
    %store/vec4 v0x56169a2339a0_0, 0, 37;
    %load/vec4 v0x56169a234b60_0;
    %addi 1, 0, 32;
    %store/vec4 v0x56169a234b60_0, 0, 32;
    %jmp T_0.2;
T_0.3 ;
    %load/vec4 v0x56169a2339a0_0;
    %ix/load 4, 15, 0;
    %flag_set/imm 4, 0;
    %shiftr/s 4;
    %store/vec4 v0x56169a236340_0, 0, 37;
    %load/vec4 v0x56169a236340_0;
    %cmpi/s 32767, 0, 37;
    %flag_or 5, 4; GT is !LE
    %flag_inv 5;
    %jmp/0xz  T_0.4, 5;
    %pushi/vec4 32767, 0, 16;
    %ret/vec4 0, 0, 16;  Assign to calculate_golden (store_vec4_to_lval)
    %jmp T_0.5;
T_0.4 ;
    %load/vec4 v0x56169a236340_0;
    %pushi/vec4 4294966272, 0, 32;
    %concati/vec4 0, 0, 5;
    %cmp/s;
    %jmp/0xz  T_0.6, 5;
    %pushi/vec4 32768, 0, 16;
    %ret/vec4 0, 0, 16;  Assign to calculate_golden (store_vec4_to_lval)
    %jmp T_0.7;
T_0.6 ;
    %load/vec4 v0x56169a236340_0;
    %parti/s 16, 0, 2;
    %ret/vec4 0, 0, 16;  Assign to calculate_golden (store_vec4_to_lval)
T_0.7 ;
T_0.5 ;
    %end;
S_0x56169a2606a0 .scope module, "dut" "fir_filter" 3 64, 4 1 0, S_0x56169a21e670;
 .timescale 0 0;
    .port_info 0 /INPUT 1 "clk";
    .port_info 1 /INPUT 1 "rst_n";
    .port_info 2 /INPUT 16 "sample_in";
    .port_info 3 /INPUT 1 "sample_valid";
    .port_info 4 /OUTPUT 16 "result_out";
    .port_info 5 /OUTPUT 1 "result_valid";
    .port_info 6 /OUTPUT 1 "ready";
P_0x56169a2608a0 .param/l "ACC_WIDTH" 1 4 17, +C4<00000000000000000000000000100101>;
P_0x56169a2608e0 .param/l "BASE_LATENCY" 1 4 19, +C4<00000000000000000000000000000010>;
P_0x56169a260920 .param/l "COEFF_FRAC_BITS" 1 4 16, +C4<00000000000000000000000000001111>;
P_0x56169a260960 .param/l "COEFF_WIDTH" 1 4 15, +C4<00000000000000000000000000010000>;
P_0x56169a2609a0 .param/l "DATA_WIDTH" 1 4 14, +C4<00000000000000000000000000010000>;
P_0x56169a2609e0 .param/l "LATENCY" 1 4 18, +C4<00000000000000000000000000010011>;
P_0x56169a260a20 .param/l "ORDER" 1 4 13, +C4<00000000000000000000000000010000>;
P_0x56169a260a60 .param/l "PIPE_DEPTH" 1 4 20, +C4<000000000000000000000000000010001>;
P_0x56169a260aa0 .param/l "SAT_MAX" 1 4 104, +C4<0000000000000000000000111111111111111>;
P_0x56169a260ae0 .param/l "SAT_MAX_DW" 1 4 110, +C4<0111111111111111>;
P_0x56169a260b20 .param/l "SAT_MIN" 1 4 105, +C4<1111111111111111111111000000000000000>;
P_0x56169a260b60 .param/l "SAT_MIN_DW" 1 4 111, +C4<1000000000000000>;
P_0x56169a260ba0 .param/l "TAPS" 1 4 12, +C4<00000000000000000000000000010001>;
L_0x56169a23c530 .functor NOT 1, L_0x56169a2743b0, C4<0>, C4<0>, C4<0>;
L_0x56169a23cad0 .functor AND 1, L_0x56169a23c530, L_0x56169a2745d0, C4<1>, C4<1>;
L_0x56169a23dd30 .functor NOT 1, L_0x56169a2748f0, C4<0>, C4<0>, C4<0>;
L_0x56169a233760 .functor AND 1, L_0x56169a274760, L_0x56169a23dd30, C4<1>, C4<1>;
v0x56169a237210_0 .net *"_ivl_0", 31 0, L_0x56169a263ef0;  1 drivers
v0x56169a2372b0_0 .net *"_ivl_10", 21 0, L_0x56169a2741f0;  1 drivers
v0x56169a261790_0 .net *"_ivl_13", 0 0, L_0x56169a2743b0;  1 drivers
v0x56169a261880_0 .net *"_ivl_14", 0 0, L_0x56169a23c530;  1 drivers
v0x56169a261960_0 .net *"_ivl_17", 20 0, L_0x56169a2744f0;  1 drivers
v0x56169a261a90_0 .net *"_ivl_19", 0 0, L_0x56169a2745d0;  1 drivers
v0x56169a261b50_0 .net *"_ivl_23", 0 0, L_0x56169a274760;  1 drivers
v0x56169a261c30_0 .net *"_ivl_25", 20 0, L_0x56169a274850;  1 drivers
v0x56169a261d10_0 .net *"_ivl_27", 0 0, L_0x56169a2748f0;  1 drivers
v0x56169a261dd0_0 .net *"_ivl_28", 0 0, L_0x56169a23dd30;  1 drivers
L_0x7f895ecd7018 .functor BUFT 1, C4<000000000000000000000000000>, C4<0>, C4<0>, C4<0>;
v0x56169a261eb0_0 .net *"_ivl_3", 26 0, L_0x7f895ecd7018;  1 drivers
L_0x7f895ecd7060 .functor BUFT 1, C4<00000000000000000000000000000000>, C4<0>, C4<0>, C4<0>;
v0x56169a261f90_0 .net/2u *"_ivl_4", 31 0, L_0x7f895ecd7060;  1 drivers
v0x56169a262070_0 .var/s "accum_reg", 36 0;
v0x56169a262150_0 .net "clk", 0 0, v0x56169a2631b0_0;  1 drivers
v0x56169a262210 .array/s "coeffs", 16 0, 15 0;
v0x56169a2622d0 .array/s "data_reg", 16 0, 15 0;
v0x56169a262390_0 .var/i "i", 31 0;
v0x56169a262470_0 .var "mac_valid", 0 0;
v0x56169a262530_0 .var/s "prod", 31 0;
v0x56169a262610_0 .net "ready", 0 0, L_0x56169a274060;  alias, 1 drivers
v0x56169a2626d0_0 .var/s "result_out", 15 0;
v0x56169a2627b0_0 .var/s "result_temp", 15 0;
v0x56169a262890_0 .var "result_valid", 0 0;
v0x56169a262950_0 .net "rst_n", 0 0, v0x56169a263b00_0;  1 drivers
v0x56169a262a10_0 .net/s "sample_in", 15 0, v0x56169a263d30_0;  1 drivers
v0x56169a262af0_0 .net "sample_valid", 0 0, v0x56169a263e20_0;  1 drivers
v0x56169a262bb0_0 .net "sat_neg_bit", 0 0, L_0x56169a233760;  1 drivers
v0x56169a262c70_0 .net "sat_pos_bit", 0 0, L_0x56169a23cad0;  1 drivers
v0x56169a262d30_0 .net/s "scaled_acc", 36 0, L_0x56169a274290;  1 drivers
v0x56169a262e10_0 .net "scaled_acc_dw", 15 0, L_0x56169a274af0;  1 drivers
v0x56169a262ef0_0 .var "tap_cnt", 4 0;
E_0x56169a241a50/0 .event negedge, v0x56169a262950_0;
E_0x56169a241a50/1 .event posedge, v0x56169a262150_0;
E_0x56169a241a50 .event/or E_0x56169a241a50/0, E_0x56169a241a50/1;
E_0x56169a240f70 .event anyedge, v0x56169a262c70_0, v0x56169a262bb0_0, v0x56169a262e10_0;
L_0x56169a263ef0 .concat [ 5 27 0 0], v0x56169a262ef0_0, L_0x7f895ecd7018;
L_0x56169a274060 .cmp/eq 32, L_0x56169a263ef0, L_0x7f895ecd7060;
L_0x56169a2741f0 .part v0x56169a262070_0, 15, 22;
L_0x56169a274290 .extend/s 37, L_0x56169a2741f0;
L_0x56169a2743b0 .part L_0x56169a274290, 36, 1;
L_0x56169a2744f0 .part L_0x56169a274290, 15, 21;
L_0x56169a2745d0 .reduce/or L_0x56169a2744f0;
L_0x56169a274760 .part L_0x56169a274290, 36, 1;
L_0x56169a274850 .part L_0x56169a274290, 15, 21;
L_0x56169a2748f0 .reduce/and L_0x56169a274850;
L_0x56169a274af0 .part L_0x56169a274290, 0, 16;
S_0x56169a261360 .scope begin, "mac_logic" "mac_logic" 4 84, 4 84 0, S_0x56169a2606a0;
 .timescale 0 0;
S_0x56169a261510 .scope begin, "shift_logic" "shift_logic" 4 60, 4 60 0, S_0x56169a2606a0;
 .timescale 0 0;
    .scope S_0x56169a2606a0;
T_1 ;
    %pushi/vec4 65479, 0, 16;
    %ix/load 4, 0, 0;
    %flag_set/imm 4, 0;
    %store/vec4a v0x56169a262210, 4, 0;
    %pushi/vec4 65524, 0, 16;
    %ix/load 4, 1, 0;
    %flag_set/imm 4, 0;
    %store/vec4a v0x56169a262210, 4, 0;
    %pushi/vec4 157, 0, 16;
    %ix/load 4, 2, 0;
    %flag_set/imm 4, 0;
    %store/vec4a v0x56169a262210, 4, 0;
    %pushi/vec4 629, 0, 16;
    %ix/load 4, 3, 0;
    %flag_set/imm 4, 0;
    %store/vec4a v0x56169a262210, 4, 0;
    %pushi/vec4 1498, 0, 16;
    %ix/load 4, 4, 0;
    %flag_set/imm 4, 0;
    %store/vec4a v0x56169a262210, 4, 0;
    %pushi/vec4 2690, 0, 16;
    %ix/load 4, 5, 0;
    %flag_set/imm 4, 0;
    %store/vec4a v0x56169a262210, 4, 0;
    %pushi/vec4 3944, 0, 16;
    %ix/load 4, 6, 0;
    %flag_set/imm 4, 0;
    %store/vec4a v0x56169a262210, 4, 0;
    %pushi/vec4 4904, 0, 16;
    %ix/load 4, 7, 0;
    %flag_set/imm 4, 0;
    %store/vec4a v0x56169a262210, 4, 0;
    %pushi/vec4 5264, 0, 16;
    %ix/load 4, 8, 0;
    %flag_set/imm 4, 0;
    %store/vec4a v0x56169a262210, 4, 0;
    %pushi/vec4 4904, 0, 16;
    %ix/load 4, 9, 0;
    %flag_set/imm 4, 0;
    %store/vec4a v0x56169a262210, 4, 0;
    %pushi/vec4 3944, 0, 16;
    %ix/load 4, 10, 0;
    %flag_set/imm 4, 0;
    %store/vec4a v0x56169a262210, 4, 0;
    %pushi/vec4 2690, 0, 16;
    %ix/load 4, 11, 0;
    %flag_set/imm 4, 0;
    %store/vec4a v0x56169a262210, 4, 0;
    %pushi/vec4 1498, 0, 16;
    %ix/load 4, 12, 0;
    %flag_set/imm 4, 0;
    %store/vec4a v0x56169a262210, 4, 0;
    %pushi/vec4 629, 0, 16;
    %ix/load 4, 13, 0;
    %flag_set/imm 4, 0;
    %store/vec4a v0x56169a262210, 4, 0;
    %pushi/vec4 157, 0, 16;
    %ix/load 4, 14, 0;
    %flag_set/imm 4, 0;
    %store/vec4a v0x56169a262210, 4, 0;
    %pushi/vec4 65524, 0, 16;
    %ix/load 4, 15, 0;
    %flag_set/imm 4, 0;
    %store/vec4a v0x56169a262210, 4, 0;
    %pushi/vec4 65479, 0, 16;
    %ix/load 4, 16, 0;
    %flag_set/imm 4, 0;
    %store/vec4a v0x56169a262210, 4, 0;
    %end;
    .thread T_1;
    .scope S_0x56169a2606a0;
T_2 ;
    %wait E_0x56169a241a50;
    %fork t_1, S_0x56169a261510;
    %jmp t_0;
    .scope S_0x56169a261510;
t_1 ;
    %load/vec4 v0x56169a262950_0;
    %nor/r;
    %flag_set/vec4 8;
    %jmp/0xz  T_2.0, 8;
    %pushi/vec4 0, 0, 32;
    %store/vec4 v0x56169a262390_0, 0, 32;
T_2.2 ;
    %load/vec4 v0x56169a262390_0;
    %cmpi/s 17, 0, 32;
    %jmp/0xz T_2.3, 5;
    %pushi/vec4 0, 0, 16;
    %ix/getv/s 3, v0x56169a262390_0;
    %ix/load 4, 0, 0; Constant delay
    %assign/vec4/a/d v0x56169a2622d0, 0, 4;
    %load/vec4 v0x56169a262390_0;
    %addi 1, 0, 32;
    %store/vec4 v0x56169a262390_0, 0, 32;
    %jmp T_2.2;
T_2.3 ;
    %jmp T_2.1;
T_2.0 ;
    %load/vec4 v0x56169a262af0_0;
    %flag_set/vec4 9;
    %flag_get/vec4 9;
    %jmp/0 T_2.6, 9;
    %load/vec4 v0x56169a262610_0;
    %and;
T_2.6;
    %flag_set/vec4 8;
    %jmp/0xz  T_2.4, 8;
    %load/vec4 v0x56169a262a10_0;
    %ix/load 3, 0, 0;
    %flag_set/imm 4, 0;
    %ix/load 4, 0, 0; Constant delay
    %assign/vec4/a/d v0x56169a2622d0, 0, 4;
    %pushi/vec4 1, 0, 32;
    %store/vec4 v0x56169a262390_0, 0, 32;
T_2.7 ;
    %load/vec4 v0x56169a262390_0;
    %cmpi/s 17, 0, 32;
    %jmp/0xz T_2.8, 5;
    %load/vec4 v0x56169a262390_0;
    %subi 1, 0, 32;
    %ix/vec4/s 4;
    %load/vec4a v0x56169a2622d0, 4;
    %ix/getv/s 3, v0x56169a262390_0;
    %ix/load 4, 0, 0; Constant delay
    %assign/vec4/a/d v0x56169a2622d0, 0, 4;
    %load/vec4 v0x56169a262390_0;
    %addi 1, 0, 32;
    %store/vec4 v0x56169a262390_0, 0, 32;
    %jmp T_2.7;
T_2.8 ;
T_2.4 ;
T_2.1 ;
    %end;
    .scope S_0x56169a2606a0;
t_0 %join;
    %jmp T_2;
    .thread T_2;
    .scope S_0x56169a2606a0;
T_3 ;
    %wait E_0x56169a241a50;
    %load/vec4 v0x56169a262950_0;
    %nor/r;
    %flag_set/vec4 8;
    %jmp/0xz  T_3.0, 8;
    %pushi/vec4 0, 0, 5;
    %assign/vec4 v0x56169a262ef0_0, 0;
    %jmp T_3.1;
T_3.0 ;
    %load/vec4 v0x56169a262af0_0;
    %flag_set/vec4 9;
    %flag_get/vec4 9;
    %jmp/0 T_3.4, 9;
    %load/vec4 v0x56169a262610_0;
    %and;
T_3.4;
    %flag_set/vec4 8;
    %jmp/0xz  T_3.2, 8;
    %pushi/vec4 1, 0, 5;
    %assign/vec4 v0x56169a262ef0_0, 0;
    %jmp T_3.3;
T_3.2 ;
    %load/vec4 v0x56169a262ef0_0;
    %pad/u 32;
    %cmpi/ne 0, 0, 32;
    %jmp/0xz  T_3.5, 4;
    %load/vec4 v0x56169a262ef0_0;
    %pad/u 32;
    %cmpi/e 16, 0, 32;
    %jmp/0xz  T_3.7, 4;
    %pushi/vec4 0, 0, 5;
    %assign/vec4 v0x56169a262ef0_0, 0;
    %jmp T_3.8;
T_3.7 ;
    %load/vec4 v0x56169a262ef0_0;
    %addi 1, 0, 5;
    %assign/vec4 v0x56169a262ef0_0, 0;
T_3.8 ;
T_3.5 ;
T_3.3 ;
T_3.1 ;
    %jmp T_3;
    .thread T_3;
    .scope S_0x56169a2606a0;
T_4 ;
    %wait E_0x56169a241a50;
    %fork t_3, S_0x56169a261360;
    %jmp t_2;
    .scope S_0x56169a261360;
t_3 ;
    %load/vec4 v0x56169a262950_0;
    %nor/r;
    %flag_set/vec4 8;
    %jmp/0xz  T_4.0, 8;
    %pushi/vec4 0, 0, 37;
    %assign/vec4 v0x56169a262070_0, 0;
    %pushi/vec4 0, 0, 1;
    %assign/vec4 v0x56169a262470_0, 0;
    %jmp T_4.1;
T_4.0 ;
    %load/vec4 v0x56169a262ef0_0;
    %pad/u 32;
    %pushi/vec4 16, 0, 32;
    %cmp/e;
    %flag_get/vec4 4;
    %assign/vec4 v0x56169a262470_0, 0;
    %load/vec4 v0x56169a262ef0_0;
    %pad/u 32;
    %cmpi/e 0, 0, 32;
    %flag_get/vec4 4;
    %jmp/0 T_4.4, 4;
    %load/vec4 v0x56169a262af0_0;
    %and;
T_4.4;
    %flag_set/vec4 8;
    %jmp/0xz  T_4.2, 8;
    %load/vec4 v0x56169a262a10_0;
    %pad/s 32;
    %ix/load 4, 0, 0;
    %flag_set/imm 4, 0;
    %load/vec4a v0x56169a262210, 4;
    %pad/s 32;
    %mul;
    %store/vec4 v0x56169a262530_0, 0, 32;
    %load/vec4 v0x56169a262530_0;
    %pad/s 37;
    %assign/vec4 v0x56169a262070_0, 0;
    %jmp T_4.3;
T_4.2 ;
    %load/vec4 v0x56169a262ef0_0;
    %pad/u 32;
    %cmpi/ne 0, 0, 32;
    %jmp/0xz  T_4.5, 4;
    %load/vec4 v0x56169a262ef0_0;
    %pad/u 6;
    %ix/vec4 4;
    %load/vec4a v0x56169a2622d0, 4;
    %pad/s 32;
    %load/vec4 v0x56169a262ef0_0;
    %pad/u 6;
    %ix/vec4 4;
    %load/vec4a v0x56169a262210, 4;
    %pad/s 32;
    %mul;
    %store/vec4 v0x56169a262530_0, 0, 32;
    %load/vec4 v0x56169a262070_0;
    %load/vec4 v0x56169a262530_0;
    %pad/s 37;
    %add;
    %assign/vec4 v0x56169a262070_0, 0;
T_4.5 ;
T_4.3 ;
T_4.1 ;
    %end;
    .scope S_0x56169a2606a0;
t_2 %join;
    %jmp T_4;
    .thread T_4;
    .scope S_0x56169a2606a0;
T_5 ;
    %wait E_0x56169a240f70;
    %load/vec4 v0x56169a262c70_0;
    %flag_set/vec4 8;
    %jmp/0xz  T_5.0, 8;
    %pushi/vec4 32767, 0, 16;
    %store/vec4 v0x56169a2627b0_0, 0, 16;
    %jmp T_5.1;
T_5.0 ;
    %load/vec4 v0x56169a262bb0_0;
    %flag_set/vec4 8;
    %jmp/0xz  T_5.2, 8;
    %pushi/vec4 32768, 0, 16;
    %store/vec4 v0x56169a2627b0_0, 0, 16;
    %jmp T_5.3;
T_5.2 ;
    %load/vec4 v0x56169a262e10_0;
    %store/vec4 v0x56169a2627b0_0, 0, 16;
T_5.3 ;
T_5.1 ;
    %jmp T_5;
    .thread T_5, $push;
    .scope S_0x56169a2606a0;
T_6 ;
    %wait E_0x56169a241a50;
    %load/vec4 v0x56169a262950_0;
    %nor/r;
    %flag_set/vec4 8;
    %jmp/0xz  T_6.0, 8;
    %pushi/vec4 0, 0, 16;
    %assign/vec4 v0x56169a2626d0_0, 0;
    %jmp T_6.1;
T_6.0 ;
    %load/vec4 v0x56169a262470_0;
    %flag_set/vec4 8;
    %jmp/0xz  T_6.2, 8;
    %load/vec4 v0x56169a2627b0_0;
    %assign/vec4 v0x56169a2626d0_0, 0;
T_6.2 ;
T_6.1 ;
    %jmp T_6;
    .thread T_6;
    .scope S_0x56169a2606a0;
T_7 ;
    %wait E_0x56169a241a50;
    %load/vec4 v0x56169a262950_0;
    %nor/r;
    %flag_set/vec4 8;
    %jmp/0xz  T_7.0, 8;
    %pushi/vec4 0, 0, 1;
    %assign/vec4 v0x56169a262890_0, 0;
    %jmp T_7.1;
T_7.0 ;
    %load/vec4 v0x56169a262470_0;
    %assign/vec4 v0x56169a262890_0, 0;
T_7.1 ;
    %jmp T_7;
    .thread T_7;
    .scope S_0x56169a21e670;
T_8 ;
    %pushi/vec4 0, 0, 1;
    %store/vec4 v0x56169a2631b0_0, 0, 1;
    %end;
    .thread T_8;
    .scope S_0x56169a21e670;
T_9 ;
    %delay 10, 0;
    %load/vec4 v0x56169a2631b0_0;
    %inv;
    %store/vec4 v0x56169a2631b0_0, 0, 1;
    %jmp T_9;
    .thread T_9;
    .scope S_0x56169a21e670;
T_10 ;
    %pushi/vec4 65479, 0, 16;
    %ix/load 4, 0, 0;
    %flag_set/imm 4, 0;
    %store/vec4a v0x56169a263270, 4, 0;
    %pushi/vec4 65524, 0, 16;
    %ix/load 4, 1, 0;
    %flag_set/imm 4, 0;
    %store/vec4a v0x56169a263270, 4, 0;
    %pushi/vec4 157, 0, 16;
    %ix/load 4, 2, 0;
    %flag_set/imm 4, 0;
    %store/vec4a v0x56169a263270, 4, 0;
    %pushi/vec4 629, 0, 16;
    %ix/load 4, 3, 0;
    %flag_set/imm 4, 0;
    %store/vec4a v0x56169a263270, 4, 0;
    %pushi/vec4 1498, 0, 16;
    %ix/load 4, 4, 0;
    %flag_set/imm 4, 0;
    %store/vec4a v0x56169a263270, 4, 0;
    %pushi/vec4 2690, 0, 16;
    %ix/load 4, 5, 0;
    %flag_set/imm 4, 0;
    %store/vec4a v0x56169a263270, 4, 0;
    %pushi/vec4 3944, 0, 16;
    %ix/load 4, 6, 0;
    %flag_set/imm 4, 0;
    %store/vec4a v0x56169a263270, 4, 0;
    %pushi/vec4 4904, 0, 16;
    %ix/load 4, 7, 0;
    %flag_set/imm 4, 0;
    %store/vec4a v0x56169a263270, 4, 0;
    %pushi/vec4 5264, 0, 16;
    %ix/load 4, 8, 0;
    %flag_set/imm 4, 0;
    %store/vec4a v0x56169a263270, 4, 0;
    %pushi/vec4 4904, 0, 16;
    %ix/load 4, 9, 0;
    %flag_set/imm 4, 0;
    %store/vec4a v0x56169a263270, 4, 0;
    %pushi/vec4 3944, 0, 16;
    %ix/load 4, 10, 0;
    %flag_set/imm 4, 0;
    %store/vec4a v0x56169a263270, 4, 0;
    %pushi/vec4 2690, 0, 16;
    %ix/load 4, 11, 0;
    %flag_set/imm 4, 0;
    %store/vec4a v0x56169a263270, 4, 0;
    %pushi/vec4 1498, 0, 16;
    %ix/load 4, 12, 0;
    %flag_set/imm 4, 0;
    %store/vec4a v0x56169a263270, 4, 0;
    %pushi/vec4 629, 0, 16;
    %ix/load 4, 13, 0;
    %flag_set/imm 4, 0;
    %store/vec4a v0x56169a263270, 4, 0;
    %pushi/vec4 157, 0, 16;
    %ix/load 4, 14, 0;
    %flag_set/imm 4, 0;
    %store/vec4a v0x56169a263270, 4, 0;
    %pushi/vec4 65524, 0, 16;
    %ix/load 4, 15, 0;
    %flag_set/imm 4, 0;
    %store/vec4a v0x56169a263270, 4, 0;
    %pushi/vec4 65479, 0, 16;
    %ix/load 4, 16, 0;
    %flag_set/imm 4, 0;
    %store/vec4a v0x56169a263270, 4, 0;
    %end;
    .thread T_10;
    .scope S_0x56169a21e670;
T_11 ;
    %pushi/vec4 0, 0, 32;
    %store/vec4 v0x56169a263560_0, 0, 32;
T_11.0 ;
    %load/vec4 v0x56169a263560_0;
    %cmpi/s 17, 0, 32;
    %jmp/0xz T_11.1, 5;
    %pushi/vec4 0, 0, 16;
    %ix/getv/s 4, v0x56169a263560_0;
    %store/vec4a v0x56169a263640, 4, 0;
    %load/vec4 v0x56169a263560_0;
    %addi 1, 0, 32;
    %store/vec4 v0x56169a263560_0, 0, 32;
    %jmp T_11.0;
T_11.1 ;
    %end;
    .thread T_11;
    .scope S_0x56169a21e670;
T_12 ;
    %pushi/vec4 0, 0, 32;
    %store/vec4 v0x56169a2630b0_0, 0, 32;
    %pushi/vec4 0, 0, 32;
    %store/vec4 v0x56169a263c70_0, 0, 32;
    %pushi/vec4 0, 0, 32;
    %store/vec4 v0x56169a263340_0, 0, 32;
    %pushi/vec4 0, 0, 16;
    %store/vec4 v0x56169a263d30_0, 0, 16;
    %pushi/vec4 0, 0, 1;
    %store/vec4 v0x56169a263e20_0, 0, 1;
    %pushi/vec4 0, 0, 1;
    %store/vec4 v0x56169a263b00_0, 0, 1;
    %pushi/vec4 2, 0, 32;
T_12.0 %dup/vec4;
    %pushi/vec4 0, 0, 32;
    %cmp/s;
    %jmp/1xz T_12.1, 5;
    %jmp/1 T_12.1, 4;
    %pushi/vec4 1, 0, 32;
    %sub;
    %wait E_0x56169a21ff60;
    %jmp T_12.0;
T_12.1 ;
    %pop/vec4 1;
    %pushi/vec4 1, 0, 1;
    %store/vec4 v0x56169a263b00_0, 0, 1;
    %pushi/vec4 0, 0, 1;
    %store/vec4 v0x56169a263e20_0, 0, 1;
    %pushi/vec4 0, 0, 16;
    %store/vec4 v0x56169a263d30_0, 0, 16;
    %pushi/vec4 10, 0, 32;
T_12.2 %dup/vec4;
    %pushi/vec4 0, 0, 32;
    %cmp/s;
    %jmp/1xz T_12.3, 5;
    %jmp/1 T_12.3, 4;
    %pushi/vec4 1, 0, 32;
    %sub;
    %wait E_0x56169a21ff60;
    %jmp T_12.2;
T_12.3 ;
    %pop/vec4 1;
    %pushi/vec4 0, 0, 32;
    %store/vec4 v0x56169a263700_0, 0, 32;
T_12.4 ;
    %load/vec4 v0x56169a263700_0;
    %cmpi/s 200, 0, 32;
    %jmp/0xz T_12.5, 5;
T_12.6 ;
    %load/vec4 v0x56169a2638c0_0;
    %pad/u 32;
    %cmpi/ne 1, 0, 32;
    %jmp/0xz T_12.7, 6;
    %wait E_0x56169a21ff60;
    %jmp T_12.6;
T_12.7 ;
    %vpi_func 3 155 "$random" 32 {0 0 0};
    %pad/s 16;
    %store/vec4 v0x56169a2637e0_0, 0, 16;
    %load/vec4 v0x56169a2637e0_0;
    %store/vec4 v0x56169a263d30_0, 0, 16;
    %pushi/vec4 1, 0, 1;
    %store/vec4 v0x56169a263e20_0, 0, 1;
    %wait E_0x56169a21ff60;
    %load/vec4 v0x56169a2637e0_0;
    %store/vec4 v0x56169a234de0_0, 0, 16;
    %callf/vec4 TD_test_filter.calculate_golden, S_0x56169a242ab0;
    %store/vec4 v0x56169a263480_0, 0, 16;
    %ix/load 4, 0, 0;
    %load/vec4 v0x56169a263480_0;
    %store/qb/v v0x56169a2633e0_0, 4, 16;
    %load/vec4 v0x56169a263c70_0;
    %addi 1, 0, 32;
    %store/vec4 v0x56169a263c70_0, 0, 32;
    %pushi/vec4 0, 0, 1;
    %store/vec4 v0x56169a263e20_0, 0, 1;
    %pushi/vec4 0, 0, 16;
    %store/vec4 v0x56169a263d30_0, 0, 16;
    %load/vec4 v0x56169a263700_0;
    %addi 1, 0, 32;
    %store/vec4 v0x56169a263700_0, 0, 32;
    %jmp T_12.4;
T_12.5 ;
    %pushi/vec4 27, 0, 32;
T_12.8 %dup/vec4;
    %pushi/vec4 0, 0, 32;
    %cmp/s;
    %jmp/1xz T_12.9, 5;
    %jmp/1 T_12.9, 4;
    %pushi/vec4 1, 0, 32;
    %sub;
    %wait E_0x56169a21ff60;
    %jmp T_12.8;
T_12.9 ;
    %pop/vec4 1;
    %delay 1, 0;
    %vpi_func 3 176 "$size" 32, v0x56169a2633e0_0 {0 0 0};
    %cmpi/ne 0, 0, 32;
    %jmp/0xz  T_12.10, 4;
    %vpi_func 3 177 "$size" 32, v0x56169a2633e0_0 {0 0 0};
    %vpi_call/w 3 177 "$display", "ERROR: %0d outputs never received", S<0,vec4,s32> {1 0 0};
    %load/vec4 v0x56169a263340_0;
    %vpi_func 3 178 "$size" 32, v0x56169a2633e0_0 {0 0 0};
    %add;
    %store/vec4 v0x56169a263340_0, 0, 32;
T_12.10 ;
    %load/vec4 v0x56169a263340_0;
    %cmpi/e 0, 0, 32;
    %jmp/0xz  T_12.12, 4;
    %vpi_call/w 3 183 "$display", "TEST PASSED: All %0d samples match exactly", v0x56169a263c70_0 {0 0 0};
    %jmp T_12.13;
T_12.12 ;
    %vpi_call/w 3 185 "$display", "TEST FAILED: %0d mismatches out of %0d samples", v0x56169a263340_0, v0x56169a263c70_0 {0 0 0};
T_12.13 ;
    %vpi_call/w 3 187 "$finish" {0 0 0};
    %end;
    .thread T_12;
    .scope S_0x56169a21e670;
T_13 ;
    %wait E_0x56169a21ff60;
    %load/vec4 v0x56169a263a30_0;
    %flag_set/vec4 8;
    %jmp/0xz  T_13.0, 8;
    %load/vec4 v0x56169a263960_0;
    %store/vec4 v0x56169a263bd0_0, 0, 16;
    %vpi_func 3 196 "$size" 32, v0x56169a2633e0_0 {0 0 0};
    %cmpi/s 0, 0, 32;
    %flag_or 5, 4; GT is !LE
    %flag_inv 5;
    %jmp/0xz  T_13.2, 5;
    %qpop/f/v v0x56169a2633e0_0, 16;
    %store/vec4 v0x56169a263480_0, 0, 16;
    %load/vec4 v0x56169a263bd0_0;
    %load/vec4 v0x56169a263480_0;
    %cmp/ne;
    %jmp/0xz  T_13.4, 6;
    %vpi_call/w 3 199 "$display", "Sample %0d: RTL=%0d Golden=%0d Error=EXACT MISMATCH", v0x56169a2630b0_0, v0x56169a263bd0_0, v0x56169a263480_0 {0 0 0};
    %load/vec4 v0x56169a263340_0;
    %addi 1, 0, 32;
    %store/vec4 v0x56169a263340_0, 0, 32;
T_13.4 ;
    %load/vec4 v0x56169a2630b0_0;
    %addi 1, 0, 32;
    %store/vec4 v0x56169a2630b0_0, 0, 32;
    %jmp T_13.3;
T_13.2 ;
    %vpi_call/w 3 205 "$display", "ERROR: Unexpected result_valid (queue empty)" {0 0 0};
    %load/vec4 v0x56169a263340_0;
    %addi 1, 0, 32;
    %store/vec4 v0x56169a263340_0, 0, 32;
T_13.3 ;
T_13.0 ;
    %jmp T_13;
    .thread T_13;
    .scope S_0x56169a21e670;
T_14 ;
    %delay 136000, 0;
    %vpi_call/w 3 216 "$display", "FATAL: Simulation timeout" {0 0 0};
    %vpi_call/w 3 217 "$finish" {0 0 0};
    %end;
    .thread T_14;
# The file index is used to find the file name in the following table.
:file_names 5;
    "N/A";
    "<interactive>";
    "-";
    "output/test_filter.sv";
    "output/fir_filter.sv";
