144. Printing statistics.

=== fir_filter ===

        +----------Local Count, excluding submodules.
        |        +-Local Area, excluding submodules.
        |        | 
     5546        - wires
     5576        - wire bits
      312        - public wires
      342        - public wire bits
        7        - ports
       37        - port bits
     5557 6.07E+04 cells
        2   30.029   sky130_fd_sc_hd__a2111oi_2
       28  280.269   sky130_fd_sc_hd__a211o_2
       15   187.68   sky130_fd_sc_hd__a211oi_2
       41  410.394   sky130_fd_sc_hd__a21bo_2
       50   563.04   sky130_fd_sc_hd__a21boi_2
      241 2.11E+03   sky130_fd_sc_hd__a21o_2
      320  2.8E+03   sky130_fd_sc_hd__a21oi_2
        6   67.565   sky130_fd_sc_hd__a221o_2
        6   90.086   sky130_fd_sc_hd__a221oi_2
       86  860.826   sky130_fd_sc_hd__a22o_2
       66  825.792   sky130_fd_sc_hd__a22oi_2
       24  270.259   sky130_fd_sc_hd__a2bb2o_2
       34   510.49   sky130_fd_sc_hd__a2bb2oi_2
        8   90.086   sky130_fd_sc_hd__a311o_2
        3   45.043   sky130_fd_sc_hd__a311oi_2
      110  963.424   sky130_fd_sc_hd__a31o_2
       55   688.16   sky130_fd_sc_hd__a31oi_2
       56  630.605   sky130_fd_sc_hd__a32o_2
       28  455.437   sky130_fd_sc_hd__a32oi_2
        7   78.826   sky130_fd_sc_hd__a41o_2
        1   16.266   sky130_fd_sc_hd__a41oi_2
       41  307.795   sky130_fd_sc_hd__and2_2
        7   61.309   sky130_fd_sc_hd__and2b_2
      186  1.4E+03   sky130_fd_sc_hd__and3_2
        5   50.048   sky130_fd_sc_hd__and3b_2
       37  370.355   sky130_fd_sc_hd__and4_2
        6   67.565   sky130_fd_sc_hd__and4b_2
        1   12.512   sky130_fd_sc_hd__and4bb_2
      332 8.72E+03   sky130_fd_sc_hd__dfrtp_2
      114   427.91   sky130_fd_sc_hd__inv_2
      276 3.11E+03   sky130_fd_sc_hd__mux2_1
      543  3.4E+03   sky130_fd_sc_hd__nand2_2
       11   96.342   sky130_fd_sc_hd__nand2b_2
      498 4.98E+03   sky130_fd_sc_hd__nand3_2
       86  968.429   sky130_fd_sc_hd__nand3b_2
      333 4.17E+03   sky130_fd_sc_hd__nand4_2
        9   135.13   sky130_fd_sc_hd__nand4b_2
      177 1.11E+03   sky130_fd_sc_hd__nor2_2
       35  350.336   sky130_fd_sc_hd__nor3_2
        5    62.56   sky130_fd_sc_hd__nor3b_2
        5    62.56   sky130_fd_sc_hd__nor4_2
       27  337.824   sky130_fd_sc_hd__o2111a_2
      117 1.76E+03   sky130_fd_sc_hd__o2111ai_2
       78  780.749   sky130_fd_sc_hd__o211a_2
      267 3.34E+03   sky130_fd_sc_hd__o211ai_2
       85  744.464   sky130_fd_sc_hd__o21a_2
      381  3336.95   sky130_fd_sc_hd__o21ai_2
        9   90.086   sky130_fd_sc_hd__o21ba_2
       44  495.475   sky130_fd_sc_hd__o21bai_2
       37   416.65   sky130_fd_sc_hd__o221a_2
       63  945.907   sky130_fd_sc_hd__o221ai_2
       33  330.317   sky130_fd_sc_hd__o22a_2
       59  738.208   sky130_fd_sc_hd__o22ai_2
       35  394.128   sky130_fd_sc_hd__o2bb2a_2
      126 1.89E+03   sky130_fd_sc_hd__o2bb2ai_2
       62   698.17   sky130_fd_sc_hd__o311a_2
       37  370.355   sky130_fd_sc_hd__o31a_2
        8  100.096   sky130_fd_sc_hd__o31ai_2
       25   281.52   sky130_fd_sc_hd__o32a_2
        3   48.797   sky130_fd_sc_hd__o32ai_2
        2   25.024   sky130_fd_sc_hd__o41a_2
       43  269.008   sky130_fd_sc_hd__or2_2
       29  217.709   sky130_fd_sc_hd__or3_2
       13  113.859   sky130_fd_sc_hd__or3b_2
       13  113.859   sky130_fd_sc_hd__or4_2
        3   30.029   sky130_fd_sc_hd__or4b_2
        1   12.512   sky130_fd_sc_hd__or4bb_2
       27  439.171   sky130_fd_sc_hd__xnor2_2
       36  585.562   sky130_fd_sc_hd__xor2_2

   Chip area for module '\fir_filter': 60739.504000
     of which used for sequential elements: 8723.366400 (14.36%)

