
===========================================================================
report_checks -unconstrained
===========================================================================
======================= min_tt_025C_1v80 Corner ===================================

Startpoint: sample_in[5] (input port clocked by clk)
Endpoint: _9219_ (rising edge-triggered flip-flop clocked by clk)
Path Group: clk
Path Type: max

Fanout         Cap        Slew       Delay        Time   Description
---------------------------------------------------------------------------------------------
                                  0.000000    0.000000   clock clk (rise edge)
                                  0.000000    0.000000   clock network delay (propagated)
                                  4.000000    4.000000 ^ input external delay
     1    0.003674    0.000000    0.000000    4.000000 ^ sample_in[5] (in)
                                                         sample_in[5] (net)
                      0.000064    0.000033    4.000033 ^ input13/A (sky130_fd_sc_hd__clkbuf_4)
     2    0.039697    0.128039    0.181457    4.181490 ^ input13/X (sky130_fd_sc_hd__clkbuf_4)
                                                         net13 (net)
                      0.128146    0.003092    4.184582 ^ hold755/A (sky130_fd_sc_hd__dlygate4sd3_1)
     3    0.036835    0.365475    0.810388    4.994969 ^ hold755/X (sky130_fd_sc_hd__dlygate4sd3_1)
                                                         net755 (net)
                      0.365475    0.000914    4.995883 ^ fanout346/A (sky130_fd_sc_hd__dlygate4sd1_1)
     2    0.007858    0.085040    0.284317    5.280201 ^ fanout346/X (sky130_fd_sc_hd__dlygate4sd1_1)
                                                         net346 (net)
                      0.085040    0.000087    5.280288 ^ wire347/A (sky130_fd_sc_hd__clkbuf_4)
     7    0.052299    0.161542    0.240290    5.520578 ^ wire347/X (sky130_fd_sc_hd__clkbuf_4)
                                                         net347 (net)
                      0.161652    0.002270    5.522849 ^ fanout344/A (sky130_fd_sc_hd__buf_2)
     9    0.044863    0.220053    0.277181    5.800030 ^ fanout344/X (sky130_fd_sc_hd__buf_2)
                                                         net344 (net)
                      0.220053    0.000920    5.800950 ^ load_slew345/A (sky130_fd_sc_hd__buf_4)
     8    0.044846    0.130884    0.235014    6.035964 ^ load_slew345/X (sky130_fd_sc_hd__buf_4)
                                                         net345 (net)
                      0.130884    0.000516    6.036480 ^ _5316_/B (sky130_fd_sc_hd__and2_2)
     3    0.018669    0.108041    0.219586    6.256066 ^ _5316_/X (sky130_fd_sc_hd__and2_2)
                                                         _0774_ (net)
                      0.108041    0.000228    6.256294 ^ _6417_/B1 (sky130_fd_sc_hd__a21oi_4)
     4    0.019704    0.119235    0.060695    6.316988 v _6417_/Y (sky130_fd_sc_hd__a21oi_4)
                                                         _1868_ (net)
                      0.119235    0.000316    6.317304 v _6480_/B2 (sky130_fd_sc_hd__o221a_2)
     1    0.004845    0.048441    0.264226    6.581530 v _6480_/X (sky130_fd_sc_hd__o221a_2)
                                                         _1930_ (net)
                      0.048441    0.000053    6.581583 v _6481_/B1 (sky130_fd_sc_hd__a21oi_2)
     4    0.026227    0.330767    0.280508    6.862091 ^ _6481_/Y (sky130_fd_sc_hd__a21oi_2)
                                                         _1931_ (net)
                      0.330772    0.001108    6.863199 ^ _6485_/A (sky130_fd_sc_hd__xnor2_2)
     3    0.017059    0.117643    0.172123    7.035322 v _6485_/Y (sky130_fd_sc_hd__xnor2_2)
                                                         _1935_ (net)
                      0.117643    0.000196    7.035518 v _6492_/A (sky130_fd_sc_hd__xnor2_2)
     1    0.017937    0.265665    0.295352    7.330870 ^ _6492_/Y (sky130_fd_sc_hd__xnor2_2)
                                                         _1942_ (net)
                      0.265665    0.000172    7.331043 ^ _6493_/A (sky130_fd_sc_hd__xnor2_4)
     2    0.018395    0.090344    0.137857    7.468899 v _6493_/Y (sky130_fd_sc_hd__xnor2_4)
                                                         _1943_ (net)
                      0.090344    0.000074    7.468973 v _6494_/B (sky130_fd_sc_hd__xnor2_4)
     1    0.016384    0.074192    0.161630    7.630603 v _6494_/Y (sky130_fd_sc_hd__xnor2_4)
                                                         _1944_ (net)
                      0.074192    0.000159    7.630762 v _6495_/A (sky130_fd_sc_hd__xnor2_4)
     3    0.024699    0.232490    0.259487    7.890249 ^ _6495_/Y (sky130_fd_sc_hd__xnor2_4)
                                                         _1945_ (net)
                      0.232490    0.000198    7.890447 ^ _6506_/B (sky130_fd_sc_hd__xnor2_4)
     4    0.011244    0.068078    0.101016    7.991463 v _6506_/Y (sky130_fd_sc_hd__xnor2_4)
                                                         _1956_ (net)
                      0.068078    0.000111    7.991574 v _6782_/A2 (sky130_fd_sc_hd__a21o_2)
     1    0.008752    0.048219    0.238020    8.229594 v _6782_/X (sky130_fd_sc_hd__a21o_2)
                                                         _2231_ (net)
                      0.048219    0.000078    8.229672 v _6783_/B1 (sky130_fd_sc_hd__o21ai_4)
     2    0.013617    0.150689    0.073821    8.303493 ^ _6783_/Y (sky130_fd_sc_hd__o21ai_4)
                                                         _2232_ (net)
                      0.150689    0.000083    8.303576 ^ _6785_/A (sky130_fd_sc_hd__or2b_4)
     1    0.009448    0.043513    0.153285    8.456861 ^ _6785_/X (sky130_fd_sc_hd__or2b_4)
                                                         _2234_ (net)
                      0.043513    0.000114    8.456975 ^ _6787_/B1 (sky130_fd_sc_hd__a221oi_4)
     2    0.011401    0.073275    0.061880    8.518855 v _6787_/Y (sky130_fd_sc_hd__a221oi_4)
                                                         _2236_ (net)
                      0.073275    0.000088    8.518943 v max_cap56/A (sky130_fd_sc_hd__clkbuf_2)
     2    0.008117    0.041237    0.130068    8.649011 v max_cap56/X (sky130_fd_sc_hd__clkbuf_2)
                                                         net56 (net)
                      0.041237    0.000183    8.649194 v _7150_/A (sky130_fd_sc_hd__or2_2)
     1    0.003233    0.055303    0.293646    8.942840 v _7150_/X (sky130_fd_sc_hd__or2_2)
                                                         _2597_ (net)
                      0.055303    0.000036    8.942876 v _7151_/B2 (sky130_fd_sc_hd__a22o_2)
     1    0.005792    0.047248    0.239281    9.182158 v _7151_/X (sky130_fd_sc_hd__a22o_2)
                                                         _2598_ (net)
                      0.047248    0.000083    9.182241 v _7152_/C1 (sky130_fd_sc_hd__o221a_4)
     3    0.015117    0.056401    0.131632    9.313872 v _7152_/X (sky130_fd_sc_hd__o221a_4)
                                                         _2599_ (net)
                      0.056405    0.000558    9.314430 v _7510_/A (sky130_fd_sc_hd__or2_4)
     1    0.005712    0.048414    0.255355    9.569785 v _7510_/X (sky130_fd_sc_hd__or2_4)
                                                         _2955_ (net)
                      0.048414    0.000053    9.569839 v _7511_/B2 (sky130_fd_sc_hd__a22o_4)
     1    0.008629    0.044678    0.230088    9.799927 v _7511_/X (sky130_fd_sc_hd__a22o_4)
                                                         _2956_ (net)
                      0.044678    0.000084    9.800011 v _7512_/C1 (sky130_fd_sc_hd__o221ai_4)
     2    0.009252    0.183351    0.065113    9.865124 ^ _7512_/Y (sky130_fd_sc_hd__o221ai_4)
                                                         _2957_ (net)
                      0.183351    0.000150    9.865274 ^ _7652_/A2 (sky130_fd_sc_hd__a21oi_2)
     2    0.007480    0.057212    0.094797    9.960072 v _7652_/Y (sky130_fd_sc_hd__a21oi_2)
                                                         _3096_ (net)
                      0.057212    0.000099    9.960170 v max_cap42/A (sky130_fd_sc_hd__buf_6)
     4    0.022588    0.035047    0.135876   10.096046 v max_cap42/X (sky130_fd_sc_hd__buf_6)
                                                         net42 (net)
                      0.035117    0.001030   10.097076 v _7995_/A1 (sky130_fd_sc_hd__a21o_2)
     1    0.002522    0.032553    0.178463   10.275539 v _7995_/X (sky130_fd_sc_hd__a21o_2)
                                                         _3436_ (net)
                      0.032553    0.000022   10.275561 v _7996_/B1 (sky130_fd_sc_hd__a22o_2)
     1    0.004367    0.043881    0.208841   10.484402 v _7996_/X (sky130_fd_sc_hd__a22o_2)
                                                         _3437_ (net)
                      0.043881    0.000066   10.484468 v _8000_/B1 (sky130_fd_sc_hd__a221o_2)
     1    0.004975    0.059693    0.343027   10.827495 v _8000_/X (sky130_fd_sc_hd__a221o_2)
                                                         _3441_ (net)
                      0.059693    0.000061   10.827556 v _8001_/B1 (sky130_fd_sc_hd__o21ai_2)
     1    0.016483    0.225946    0.107879   10.935435 ^ _8001_/Y (sky130_fd_sc_hd__o21ai_2)
                                                         _3442_ (net)
                      0.225946    0.000078   10.935513 ^ _8044_/B (sky130_fd_sc_hd__xnor2_4)
     1    0.066167    0.199484    0.207315   11.142828 v _8044_/Y (sky130_fd_sc_hd__xnor2_4)
                                                         _3485_ (net)
                      0.199757    0.006108   11.148936 v _8045_/A1 (sky130_fd_sc_hd__mux2_2)
     1    0.002523    0.046575    0.323583   11.472519 v _8045_/X (sky130_fd_sc_hd__mux2_2)
                                                         _3486_ (net)
                      0.046575    0.000026   11.472545 v _8117_/A0 (sky130_fd_sc_hd__mux2_2)
     1    0.002741    0.047295    0.258943   11.731488 v _8117_/X (sky130_fd_sc_hd__mux2_2)
                                                         _3558_ (net)
                      0.047295    0.000028   11.731516 v _8118_/A (sky130_fd_sc_hd__buf_1)
     1    0.002461    0.024830    0.088337   11.819853 v _8118_/X (sky130_fd_sc_hd__buf_1)
                                                         _0200_ (net)
                      0.024830    0.000022   11.819875 v _9219_/D (sky130_fd_sc_hd__dfrtp_2)
                                             11.819875   data arrival time

                                 20.000000   20.000000   clock clk (rise edge)
                                  0.000000   20.000000   clock source latency
     1    0.049821    0.150000    0.000000   20.000000 ^ clk (in)
                                                         clk (net)
                      0.155821    0.002853   20.002853 ^ clkbuf_0_clk/A (sky130_fd_sc_hd__clkbuf_16)
     4    0.080260    0.097359    0.205192   20.208046 ^ clkbuf_0_clk/X (sky130_fd_sc_hd__clkbuf_16)
                                                         clknet_0_clk (net)
                      0.097511    0.002220   20.210266 ^ clkbuf_2_3__f_clk/A (sky130_fd_sc_hd__clkbuf_16)
     8    0.107948    0.121610    0.206606   20.416872 ^ clkbuf_2_3__f_clk/X (sky130_fd_sc_hd__clkbuf_16)
                                                         clknet_2_3__leaf_clk (net)
                      0.121753    0.002432   20.419304 ^ clkbuf_leaf_33_clk/A (sky130_fd_sc_hd__clkbuf_8)
     6    0.025528    0.059511    0.164166   20.583469 ^ clkbuf_leaf_33_clk/X (sky130_fd_sc_hd__clkbuf_8)
                                                         clknet_leaf_33_clk (net)
                      0.059511    0.000238   20.583708 ^ _9219_/CLK (sky130_fd_sc_hd__dfrtp_2)
                                 -0.100000   20.483707   clock uncertainty
                                  0.000000   20.483707   clock reconvergence pessimism
                                 -0.103295   20.380413   library setup time
                                             20.380413   data required time
---------------------------------------------------------------------------------------------
                                             20.380413   data required time
                                            -11.819875   data arrival time
---------------------------------------------------------------------------------------------
                                              8.560537   slack (MET)




===========================================================================
report_checks --slack_max -0.01
============================================================================
======================= min_tt_025C_1v80 Corner ===================================

No paths found.


===========================================================================
 report_check_types -max_slew -max_cap -max_fanout -violators
============================================================================
======================= min_tt_025C_1v80 Corner ===================================

max fanout

Pin                                   Limit Fanout  Slack
---------------------------------------------------------
_9221_/Q                                 16     17        (VIOLATED)



===========================================================================
report_parasitic_annotation -report_unannotated
============================================================================
Found 32 unannotated drivers.
 clkload0/Y
 clkload1/Y
 clkload10/X
 clkload11/X
 clkload12/Y
 clkload13/Y
 clkload14/X
 clkload15/Y
 clkload16/X
 clkload17/X
 clkload18/Y
 clkload19/X
 clkload2/Y
 clkload20/Y
 clkload21/X
 clkload22/X
 clkload23/Y
 clkload24/Y
 clkload25/Y
 clkload26/Y
 clkload27/X
 clkload28/X
 clkload29/X
 clkload3/Y
 clkload30/Y
 clkload31/Y
 clkload4/X
 clkload5/X
 clkload6/X
 clkload7/Y
 clkload8/Y
 clkload9/Y
Found 0 partially unannotated drivers.

===========================================================================
max slew violation count 0
max fanout violation count 1
max cap violation count 0
============================================================================

===========================================================================
check_setup -verbose -unconstrained_endpoints -multiple_clock -no_clock -no_input_delay -loops -generated_clocks
===========================================================================
Warning: There is 1 input port missing set_input_delay.
  rst_n
