Clock: clk
Sources: clk 
Generated: no
Virtual: yes
Propagated: no
Period: 20.000000

===========================================================================
report_clock_properties
============================================================================
Clock                   Period          Waveform
----------------------------------------------------
clk                  20.000000    0.000000 10.000000

===========================================================================
report_clock_latency
============================================================================
Clock clk
rise -> rise
    min     max
0.000000 0.000000 source latency
0.583412         network latency _9040_/CLK
        0.667856 network latency _9210_/CLK
---------------
0.583412 0.667856 latency
        0.084444 skew

fall -> fall
    min     max
0.000000 0.000000 source latency
0.595699         network latency _9040_/CLK
        0.662304 network latency _9210_/CLK
---------------
0.595699 0.662304 latency
        0.066605 skew



===========================================================================
report_clock_min_period
============================================================================
clk period_min = 9.35 fmax = 107.00
