Clock: clk
Sources: clk 
Generated: no
Virtual: no
Propagated: no
Period: 20.000000

===========================================================================
report_clock_properties
============================================================================
Clock                   Period          Waveform
----------------------------------------------------
clk                  20.000000    0.000000 10.000000

===========================================================================
report_clock_latency
============================================================================
Clock clk
rise -> rise
    min     max
0.000000 0.000000 source latency
1.515739         network latency _9017_/CLK
        1.515739 network latency _9017_/CLK
---------------
1.515739 1.515739 latency
        0.000000 skew

fall -> fall
    min     max
0.000000 0.000000 source latency
0.662204         network latency _9017_/CLK
        0.662204 network latency _9017_/CLK
---------------
0.662204 0.662204 latency
        0.000000 skew



===========================================================================
report_clock_min_period
============================================================================
clk period_min = 1.70 fmax = 589.29
