
===========================================================================
Violator List
============================================================================
[hold in-reg] sample_in[0] -> _9238_/D : -0.091604
[hold in-reg] sample_in[1] -> _9239_/D : -0.091604
[hold in-reg] sample_in[2] -> _9240_/D : -0.091604
[hold in-reg] sample_in[3] -> _9241_/D : -0.091604
[hold in-reg] sample_in[4] -> _9242_/D : -0.091604
[hold in-reg] sample_in[5] -> _9243_/D : -0.091604
[hold in-reg] sample_in[6] -> _9244_/D : -0.091604
[hold in-reg] sample_in[7] -> _9245_/D : -0.091604
[hold in-reg] sample_in[8] -> _9246_/D : -0.091604
[hold in-reg] sample_in[9] -> _9247_/D : -0.091604
[hold in-reg] sample_in[10] -> _9248_/D : -0.091604
[hold in-reg] sample_in[11] -> _9249_/D : -0.091604
[hold in-reg] sample_in[12] -> _9250_/D : -0.091604
[hold in-reg] sample_in[13] -> _9251_/D : -0.091604
[hold in-reg] sample_in[14] -> _9252_/D : -0.091604
[hold in-reg] sample_in[15] -> _9253_/D : -0.091604
[hold in-reg] sample_valid -> _9199_/D : -0.087776
[hold in-reg] sample_valid -> _9225_/D : -0.038678
[hold in-reg] sample_valid -> _9228_/D : -0.038676
[hold in-reg] sample_valid -> _9226_/D : -0.038670
[hold in-reg] sample_valid -> _9231_/D : -0.038647
[hold in-reg] sample_valid -> _9232_/D : -0.038607
[hold in-reg] sample_valid -> _9224_/D : -0.038563
[hold in-reg] sample_valid -> _9223_/D : -0.032874
[setup reg-reg] _9236_/Q -> _9232_/D : -6.764945
[setup reg-reg] _9236_/Q -> _9230_/D : -6.697875
[setup reg-reg] _9236_/Q -> _9227_/D : -6.430371
[setup reg-reg] _9236_/Q -> _9229_/D : -5.752599
[setup reg-reg] _9236_/Q -> _9231_/D : -5.535968
[setup reg-reg] _9236_/Q -> _9226_/D : -5.434828
[setup reg-reg] _9236_/Q -> _9225_/D : -5.253876
[setup reg-reg] _9236_/Q -> _9221_/D : -5.091518
[setup reg-reg] _9236_/Q -> _9228_/D : -4.949121
[setup reg-reg] _9236_/Q -> _9215_/D : -4.929206
[setup reg-reg] _9236_/Q -> _9222_/D : -4.596844
[setup reg-reg] _9236_/Q -> _9213_/D : -4.588072
[setup reg-reg] _9236_/Q -> _9224_/D : -4.554645
[setup reg-reg] _9236_/Q -> _9219_/D : -4.369243
[setup reg-reg] _9236_/Q -> _9220_/D : -4.298135
[setup reg-reg] _9236_/Q -> _9223_/D : -4.287510
[setup reg-reg] _9236_/Q -> _9217_/D : -4.285033
[setup reg-reg] _9236_/Q -> _9218_/D : -4.072011
[setup reg-reg] _9236_/Q -> _9214_/D : -3.965353
[setup reg-reg] _9236_/Q -> _9212_/D : -3.835977
[setup reg-reg] _9236_/Q -> _9216_/D : -3.732827
[setup reg-reg] _9236_/Q -> _9211_/D : -3.529664
[setup reg-reg] _9236_/Q -> _9210_/D : -3.162985
[setup reg-reg] _9236_/Q -> _9208_/D : -1.764598
[setup reg-reg] _9236_/Q -> _9209_/D : -1.751585
[setup reg-reg] _9236_/Q -> _9207_/D : -1.599239
[setup reg-reg] _9236_/Q -> _9206_/D : -0.770099
[setup reg-reg] _9236_/Q -> _9204_/D : -0.035220
