Reading timing models for corner nom_tt_025C_1v80…
Reading timing library for the 'nom_tt_025C_1v80' corner at '/home/alishawky/.ciel/ciel/sky130/versions/8afc8346a57fe1ab7934ba5a6056ea8b43078e71/sky130A/libs.ref/sky130_fd_sc_hd/lib/sky130_fd_sc_hd__tt_025C_1v80.lib'…
Reading OpenROAD database at '/mnt/d/Learing_Python/GP/Submission_inshallah/runs/fir_filter_ASIC/48-odb-reportdisconnectedpins/fir_filter.odb'…
Reading design constraints file at '/mnt/d/Learing_Python/GP/Submission_inshallah/pnr.sdc'…
sky130_fd_sc_hd__decap_3 sky130_fd_sc_hd__fill_2 sky130_fd_sc_hd__fill_1
[INFO DPL-0001] Placed 17853 filler instances.
Setting global connections for newly added cells…
[INFO] Setting global connections...
[INFO ODB-0403] 71412 connections made, 0 conflicts skipped.
Updating metrics…
Cell type report:                       Count       Area
  Fill cell                             18115   61280.02
  Tap cell                               1795    2245.90
  Antenna cell                              7      17.52
  Buffer                                  482    2172.08
  Clock buffer                             59     799.52
  Timing Repair Buffer                   1129    9395.26
  Inverter                                 97     381.62
  Clock inverter                           18     151.40
  Sequential cell                         332    8723.37
  Multi-Input combinational cell         3912   42680.93
  Total                                 25946  127847.62
Writing OpenROAD database to '/mnt/d/Learing_Python/GP/Submission_inshallah/runs/fir_filter_ASIC/52-openroad-fillinsertion/fir_filter.odb'…
Writing netlist to '/mnt/d/Learing_Python/GP/Submission_inshallah/runs/fir_filter_ASIC/52-openroad-fillinsertion/fir_filter.nl.v'…
Writing powered netlist to '/mnt/d/Learing_Python/GP/Submission_inshallah/runs/fir_filter_ASIC/52-openroad-fillinsertion/fir_filter.pnl.v'…
Writing layout to '/mnt/d/Learing_Python/GP/Submission_inshallah/runs/fir_filter_ASIC/52-openroad-fillinsertion/fir_filter.def'…
Writing timing constraints to '/mnt/d/Learing_Python/GP/Submission_inshallah/runs/fir_filter_ASIC/52-openroad-fillinsertion/fir_filter.sdc'…
