144. Printing statistics.

=== fir_filter ===

        +----------Local Count, excluding submodules.
        |        +-Local Area, excluding submodules.
        |        | 
     6532        - wires
     6562        - wire bits
      312        - public wires
      342        - public wire bits
        7        - ports
       37        - port bits
     6543 5.45E+04 cells
        2   20.019   sky130_fd_sc_hd__a211o_2
        8   80.077   sky130_fd_sc_hd__a21bo_2
       34  382.867   sky130_fd_sc_hd__a21boi_2
        4   75.072   sky130_fd_sc_hd__a21boi_4
       76  665.638   sky130_fd_sc_hd__a21o_2
      106   928.39   sky130_fd_sc_hd__a21oi_2
       39  634.358   sky130_fd_sc_hd__a21oi_4
        1   11.261   sky130_fd_sc_hd__a221o_2
       18  180.173   sky130_fd_sc_hd__a22o_2
        4   85.082   sky130_fd_sc_hd__a22oi_4
        1   11.261   sky130_fd_sc_hd__a311o_2
       26  227.718   sky130_fd_sc_hd__a31o_2
        3   37.536   sky130_fd_sc_hd__a31oi_2
       73  548.026   sky130_fd_sc_hd__and2_2
        6    52.55   sky130_fd_sc_hd__and2_4
       14  122.618   sky130_fd_sc_hd__and2b_2
       22  165.158   sky130_fd_sc_hd__and3_2
        1    10.01   sky130_fd_sc_hd__and4_2
      322 1.21E+03   sky130_fd_sc_hd__buf_1
        7  140.134   sky130_fd_sc_hd__buf_12
       21  105.101   sky130_fd_sc_hd__buf_2
       20  150.144   sky130_fd_sc_hd__buf_4
       37   416.65   sky130_fd_sc_hd__buf_6
        6   90.086   sky130_fd_sc_hd__buf_8
        2   35.034   sky130_fd_sc_hd__bufinv_8
      332 8.72E+03   sky130_fd_sc_hd__dfrtp_2
        3   48.797   sky130_fd_sc_hd__inv_12
      667  2.5E+03   sky130_fd_sc_hd__inv_2
       12   75.072   sky130_fd_sc_hd__inv_4
        2   17.517   sky130_fd_sc_hd__inv_6
        1   11.261   sky130_fd_sc_hd__inv_8
      279 3.14E+03   sky130_fd_sc_hd__mux2_2
     2427 1.52E+04   sky130_fd_sc_hd__nand2_2
       50   563.04   sky130_fd_sc_hd__nand2_4
        8  160.154   sky130_fd_sc_hd__nand2_8
       31   271.51   sky130_fd_sc_hd__nand2b_2
        3    41.29   sky130_fd_sc_hd__nand2b_4
      897 8.98E+03   sky130_fd_sc_hd__nand3_2
       33  578.054   sky130_fd_sc_hd__nand3_4
       64  720.691   sky130_fd_sc_hd__nand3b_2
        3   60.058   sky130_fd_sc_hd__nand3b_4
      328 2.05E+03   sky130_fd_sc_hd__nor2_2
       17  191.434   sky130_fd_sc_hd__nor2_4
        8  160.154   sky130_fd_sc_hd__nor2_8
       11   96.342   sky130_fd_sc_hd__nor2b_2
        4   40.038   sky130_fd_sc_hd__nor3_2
        2   20.019   sky130_fd_sc_hd__o211a_2
        1   17.517   sky130_fd_sc_hd__o211a_4
        3   37.536   sky130_fd_sc_hd__o211ai_2
       18  157.651   sky130_fd_sc_hd__o21a_2
       92  805.773   sky130_fd_sc_hd__o21ai_2
        1   16.266   sky130_fd_sc_hd__o21ai_4
        6   67.565   sky130_fd_sc_hd__o21bai_2
       13  130.125   sky130_fd_sc_hd__o22a_2
        3   37.536   sky130_fd_sc_hd__o22ai_2
        2   22.522   sky130_fd_sc_hd__o2bb2a_2
        1   26.275   sky130_fd_sc_hd__o311ai_4
        3   30.029   sky130_fd_sc_hd__o31a_2
        1   17.517   sky130_fd_sc_hd__o31a_4
        1   12.512   sky130_fd_sc_hd__o31ai_2
      220  1376.32   sky130_fd_sc_hd__or2_2
       43  376.611   sky130_fd_sc_hd__or2_4
       19   166.41   sky130_fd_sc_hd__or2b_2
        1   11.261   sky130_fd_sc_hd__or2b_4
       10   75.072   sky130_fd_sc_hd__or3_2
        4   45.043   sky130_fd_sc_hd__or3_4
        5   43.792   sky130_fd_sc_hd__or3b_2
        1    8.758   sky130_fd_sc_hd__or4_2
       18  292.781   sky130_fd_sc_hd__xnor2_2
       42  683.155   sky130_fd_sc_hd__xor2_2

   Chip area for module '\fir_filter': 54479.750400
     of which used for sequential elements: 8723.366400 (16.01%)

