                                                                     Buffers by Cell Master                                                                     
┏━━━━━━━━━━━━━━━━━━━━━━━━━━━━━━━━━━━━━━━━━━━━━━━━━━━━━━━━━━━━━━━━━━━━━━━━━━━━━━━━━━━━━━━━━━━━━━━━━━━━━━━━━━━━━━━━━━━━━━━━━━━━━━━━━━━┳━━━━━━━━━━━━━━━━━━━━━━━━━━┓
┃ Buffer                                                                                                                            ┃ Count                    ┃
┡━━━━━━━━━━━━━━━━━━━━━━━━━━━━━━━━━━━━━━━━━━━━━━━━━━━━━━━━━━━━━━━━━━━━━━━━━━━━━━━━━━━━━━━━━━━━━━━━━━━━━━━━━━━━━━━━━━━━━━━━━━━━━━━━━━━╇━━━━━━━━━━━━━━━━━━━━━━━━━━┩
│ sky130_fd_sc_hd__buf_1                                                                                                            │ 327                      │
│ sky130_fd_sc_hd__buf_12                                                                                                           │ 4                        │
│ sky130_fd_sc_hd__buf_2                                                                                                            │ 263                      │
│ sky130_fd_sc_hd__buf_4                                                                                                            │ 120                      │
│ sky130_fd_sc_hd__buf_6                                                                                                            │ 78                       │
│ sky130_fd_sc_hd__buf_8                                                                                                            │ 13                       │
│ sky130_fd_sc_hd__clkbuf_1                                                                                                         │ 58                       │
│ sky130_fd_sc_hd__clkbuf_16                                                                                                        │ 6                        │
│ sky130_fd_sc_hd__clkbuf_2                                                                                                         │ 127                      │
│ sky130_fd_sc_hd__clkbuf_4                                                                                                         │ 63                       │
│ sky130_fd_sc_hd__clkbuf_8                                                                                                         │ 43                       │
│ sky130_fd_sc_hd__clkdlybuf4s25_1                                                                                                  │ 54                       │
│ sky130_fd_sc_hd__dlygate4sd1_1                                                                                                    │ 2                        │
│ sky130_fd_sc_hd__dlygate4sd3_1                                                                                                    │ 505                      │
│ sky130_fd_sc_hd__dlymetal6s2s_1                                                                                                   │ 3                        │
│ sky130_fd_sc_hd__dlymetal6s4s_1                                                                                                   │ 4                        │
└───────────────────────────────────────────────────────────────────────────────────────────────────────────────────────────────────┴──────────────────────────┘
