[WARNING ORD-0039] .openroad ignored with -python
                                Cells by Master                                 
┏━━━━━━━━━━━━━━━━━━━━━━━━━━━━━━━━━━━━━━━━━━━━━━━━━━━━━━━━━━━━━━━━┳━━━━━━━━━━━━━┓
┃ Cell                                                           ┃ Count       ┃
┡━━━━━━━━━━━━━━━━━━━━━━━━━━━━━━━━━━━━━━━━━━━━━━━━━━━━━━━━━━━━━━━━╇━━━━━━━━━━━━━┩
│ sky130_fd_sc_hd__a2111o_2                                      │ 17          │
│ sky130_fd_sc_hd__a2111oi_2                                     │ 4           │
│ sky130_fd_sc_hd__a2111oi_4                                     │ 3           │
│ sky130_fd_sc_hd__a211o_2                                       │ 70          │
│ sky130_fd_sc_hd__a211o_4                                       │ 13          │
│ sky130_fd_sc_hd__a211oi_2                                      │ 17          │
│ sky130_fd_sc_hd__a211oi_4                                      │ 5           │
│ sky130_fd_sc_hd__a21bo_2                                       │ 41          │
│ sky130_fd_sc_hd__a21boi_2                                      │ 11          │
│ sky130_fd_sc_hd__a21boi_4                                      │ 2           │
│ sky130_fd_sc_hd__a21o_2                                        │ 249         │
│ sky130_fd_sc_hd__a21o_4                                        │ 21          │
│ sky130_fd_sc_hd__a21oi_2                                       │ 179         │
│ sky130_fd_sc_hd__a21oi_4                                       │ 16          │
│ sky130_fd_sc_hd__a221o_2                                       │ 35          │
│ sky130_fd_sc_hd__a221oi_2                                      │ 4           │
│ sky130_fd_sc_hd__a221oi_4                                      │ 3           │
│ sky130_fd_sc_hd__a22o_2                                        │ 82          │
│ sky130_fd_sc_hd__a22o_4                                        │ 6           │
│ sky130_fd_sc_hd__a22oi_2                                       │ 6           │
│ sky130_fd_sc_hd__a2bb2o_2                                      │ 29          │
│ sky130_fd_sc_hd__a2bb2o_4                                      │ 1           │
│ sky130_fd_sc_hd__a311o_2                                       │ 13          │
│ sky130_fd_sc_hd__a311oi_4                                      │ 1           │
│ sky130_fd_sc_hd__a31o_2                                        │ 57          │
│ sky130_fd_sc_hd__a31o_4                                        │ 11          │
│ sky130_fd_sc_hd__a31oi_2                                       │ 6           │
│ sky130_fd_sc_hd__a31oi_4                                       │ 6           │
│ sky130_fd_sc_hd__a32o_2                                        │ 43          │
│ sky130_fd_sc_hd__a32oi_2                                       │ 1           │
│ sky130_fd_sc_hd__a41o_2                                        │ 3           │
│ sky130_fd_sc_hd__a41o_4                                        │ 2           │
│ sky130_fd_sc_hd__a41oi_4                                       │ 1           │
│ sky130_fd_sc_hd__and2_2                                        │ 95          │
│ sky130_fd_sc_hd__and2_4                                        │ 9           │
│ sky130_fd_sc_hd__and2b_2                                       │ 31          │
│ sky130_fd_sc_hd__and3_2                                        │ 130         │
│ sky130_fd_sc_hd__and3_4                                        │ 16          │
│ sky130_fd_sc_hd__and3b_2                                       │ 21          │
│ sky130_fd_sc_hd__and3b_4                                       │ 1           │
│ sky130_fd_sc_hd__and4_2                                        │ 15          │
│ sky130_fd_sc_hd__and4_4                                        │ 2           │
│ sky130_fd_sc_hd__and4b_2                                       │ 2           │
│ sky130_fd_sc_hd__and4bb_2                                      │ 4           │
│ sky130_fd_sc_hd__buf_1                                         │ 327         │
│ sky130_fd_sc_hd__buf_12                                        │ 4           │
│ sky130_fd_sc_hd__buf_2                                         │ 263         │
│ sky130_fd_sc_hd__buf_4                                         │ 120         │
│ sky130_fd_sc_hd__buf_6                                         │ 78          │
│ sky130_fd_sc_hd__buf_8                                         │ 13          │
│ sky130_fd_sc_hd__bufinv_16                                     │ 1           │
│ sky130_fd_sc_hd__clkbuf_1                                      │ 58          │
│ sky130_fd_sc_hd__clkbuf_16                                     │ 6           │
│ sky130_fd_sc_hd__clkbuf_2                                      │ 127         │
│ sky130_fd_sc_hd__clkbuf_4                                      │ 63          │
│ sky130_fd_sc_hd__clkbuf_8                                      │ 43          │
│ sky130_fd_sc_hd__clkdlybuf4s25_1                               │ 54          │
│ sky130_fd_sc_hd__clkinv_2                                      │ 7           │
│ sky130_fd_sc_hd__clkinv_4                                      │ 1           │
│ sky130_fd_sc_hd__clkinvlp_4                                    │ 1           │
│ sky130_fd_sc_hd__decap_3                                       │ 14615       │
│ sky130_fd_sc_hd__dfrtp_2                                       │ 332         │
│ sky130_fd_sc_hd__diode_2                                       │ 7           │
│ sky130_fd_sc_hd__dlygate4sd1_1                                 │ 2           │
│ sky130_fd_sc_hd__dlygate4sd3_1                                 │ 505         │
│ sky130_fd_sc_hd__dlymetal6s2s_1                                │ 3           │
│ sky130_fd_sc_hd__dlymetal6s4s_1                                │ 4           │
│ sky130_fd_sc_hd__fill_1                                        │ 1868        │
│ sky130_fd_sc_hd__fill_2                                        │ 1632        │
│ sky130_fd_sc_hd__inv_12                                        │ 1           │
│ sky130_fd_sc_hd__inv_2                                         │ 94          │
│ sky130_fd_sc_hd__inv_4                                         │ 4           │
│ sky130_fd_sc_hd__inv_6                                         │ 4           │
│ sky130_fd_sc_hd__inv_8                                         │ 2           │
│ sky130_fd_sc_hd__mux2_1                                        │ 1           │
│ sky130_fd_sc_hd__mux2_2                                        │ 443         │
│ sky130_fd_sc_hd__mux2_4                                        │ 7           │
│ sky130_fd_sc_hd__nand2_2                                       │ 295         │
│ sky130_fd_sc_hd__nand2_4                                       │ 13          │
│ sky130_fd_sc_hd__nand2_8                                       │ 3           │
│ sky130_fd_sc_hd__nand2b_2                                      │ 3           │
│ sky130_fd_sc_hd__nand2b_4                                      │ 1           │
│ sky130_fd_sc_hd__nand3_2                                       │ 40          │
│ sky130_fd_sc_hd__nand3_4                                       │ 4           │
│ sky130_fd_sc_hd__nand3b_2                                      │ 7           │
│ sky130_fd_sc_hd__nand4_2                                       │ 8           │
│ sky130_fd_sc_hd__nor2_1                                        │ 1           │
│ sky130_fd_sc_hd__nor2_2                                        │ 257         │
│ sky130_fd_sc_hd__nor2_4                                        │ 5           │
│ sky130_fd_sc_hd__nor2b_2                                       │ 7           │
│ sky130_fd_sc_hd__nor3_2                                        │ 6           │
│ sky130_fd_sc_hd__nor3_4                                        │ 4           │
│ sky130_fd_sc_hd__nor3b_2                                       │ 5           │
│ sky130_fd_sc_hd__nor3b_4                                       │ 1           │
│ sky130_fd_sc_hd__nor4_2                                        │ 3           │
│ sky130_fd_sc_hd__nor4_4                                        │ 9           │
│ sky130_fd_sc_hd__nor4b_2                                       │ 2           │
│ sky130_fd_sc_hd__nor4b_4                                       │ 1           │
│ sky130_fd_sc_hd__o2111a_2                                      │ 4           │
│ sky130_fd_sc_hd__o2111ai_2                                     │ 1           │
│ sky130_fd_sc_hd__o211a_2                                       │ 70          │
│ sky130_fd_sc_hd__o211a_4                                       │ 6           │
│ sky130_fd_sc_hd__o211ai_2                                      │ 16          │
│ sky130_fd_sc_hd__o211ai_4                                      │ 2           │
│ sky130_fd_sc_hd__o21a_2                                        │ 133         │
│ sky130_fd_sc_hd__o21a_4                                        │ 6           │
│ sky130_fd_sc_hd__o21ai_2                                       │ 110         │
│ sky130_fd_sc_hd__o21ai_4                                       │ 9           │
│ sky130_fd_sc_hd__o21ba_2                                       │ 31          │
│ sky130_fd_sc_hd__o21ba_4                                       │ 1           │
│ sky130_fd_sc_hd__o21bai_2                                      │ 6           │
│ sky130_fd_sc_hd__o21bai_4                                      │ 1           │
│ sky130_fd_sc_hd__o221a_2                                       │ 23          │
│ sky130_fd_sc_hd__o221a_4                                       │ 4           │
│ sky130_fd_sc_hd__o221ai_2                                      │ 2           │
│ sky130_fd_sc_hd__o221ai_4                                      │ 3           │
│ sky130_fd_sc_hd__o22a_2                                        │ 41          │
│ sky130_fd_sc_hd__o22ai_2                                       │ 3           │
│ sky130_fd_sc_hd__o2bb2a_2                                      │ 16          │
│ sky130_fd_sc_hd__o2bb2ai_4                                     │ 1           │
│ sky130_fd_sc_hd__o311a_2                                       │ 8           │
│ sky130_fd_sc_hd__o311a_4                                       │ 1           │
│ sky130_fd_sc_hd__o31a_2                                        │ 19          │
│ sky130_fd_sc_hd__o31a_4                                        │ 2           │
│ sky130_fd_sc_hd__o31ai_2                                       │ 6           │
│ sky130_fd_sc_hd__o32a_2                                        │ 15          │
│ sky130_fd_sc_hd__o32a_4                                        │ 4           │
│ sky130_fd_sc_hd__o32ai_4                                       │ 2           │
│ sky130_fd_sc_hd__o41a_2                                        │ 1           │
│ sky130_fd_sc_hd__or2_2                                         │ 112         │
│ sky130_fd_sc_hd__or2_4                                         │ 21          │
│ sky130_fd_sc_hd__or2b_2                                        │ 24          │
│ sky130_fd_sc_hd__or2b_4                                        │ 1           │
│ sky130_fd_sc_hd__or3_2                                         │ 36          │
│ sky130_fd_sc_hd__or3_4                                         │ 18          │
│ sky130_fd_sc_hd__or3b_2                                        │ 17          │
│ sky130_fd_sc_hd__or3b_4                                        │ 8           │
│ sky130_fd_sc_hd__or4_2                                         │ 5           │
│ sky130_fd_sc_hd__or4_4                                         │ 12          │
│ sky130_fd_sc_hd__or4b_2                                        │ 1           │
│ sky130_fd_sc_hd__or4b_4                                        │ 2           │
│ sky130_fd_sc_hd__or4bb_4                                       │ 2           │
│ sky130_fd_sc_hd__tapvpwrvgnd_1                                 │ 1795        │
│ sky130_fd_sc_hd__xnor2_2                                       │ 525         │
│ sky130_fd_sc_hd__xnor2_4                                       │ 60          │
│ sky130_fd_sc_hd__xor2_2                                        │ 103         │
│ sky130_fd_sc_hd__xor2_4                                        │ 8           │
└────────────────────────────────────────────────────────────────┴─────────────┘
                               Cells by Function                                
┏━━━━━━━━━━━━━━━━━━━━━━━━━━━━━━━━━━━━━━━━━━━━━━━━━━━━━━━━━━━━━━━━┳━━━━━━━━━━━━━┓
┃ Cell Function                                                  ┃ Count       ┃
┡━━━━━━━━━━━━━━━━━━━━━━━━━━━━━━━━━━━━━━━━━━━━━━━━━━━━━━━━━━━━━━━━╇━━━━━━━━━━━━━┩
│ sky130_fd_sc_hd__a2111o                                        │ 17          │
│ sky130_fd_sc_hd__a2111oi                                       │ 7           │
│ sky130_fd_sc_hd__a211o                                         │ 83          │
│ sky130_fd_sc_hd__a211oi                                        │ 22          │
│ sky130_fd_sc_hd__a21bo                                         │ 41          │
│ sky130_fd_sc_hd__a21boi                                        │ 13          │
│ sky130_fd_sc_hd__a21o                                          │ 270         │
│ sky130_fd_sc_hd__a21oi                                         │ 195         │
│ sky130_fd_sc_hd__a221o                                         │ 35          │
│ sky130_fd_sc_hd__a221oi                                        │ 7           │
│ sky130_fd_sc_hd__a22o                                          │ 88          │
│ sky130_fd_sc_hd__a22oi                                         │ 6           │
│ sky130_fd_sc_hd__a2bb2o                                        │ 30          │
│ sky130_fd_sc_hd__a311o                                         │ 13          │
│ sky130_fd_sc_hd__a311oi                                        │ 1           │
│ sky130_fd_sc_hd__a31o                                          │ 68          │
│ sky130_fd_sc_hd__a31oi                                         │ 12          │
│ sky130_fd_sc_hd__a32o                                          │ 43          │
│ sky130_fd_sc_hd__a32oi                                         │ 1           │
│ sky130_fd_sc_hd__a41o                                          │ 5           │
│ sky130_fd_sc_hd__a41oi                                         │ 1           │
│ sky130_fd_sc_hd__and2                                          │ 104         │
│ sky130_fd_sc_hd__and2b                                         │ 31          │
│ sky130_fd_sc_hd__and3                                          │ 146         │
│ sky130_fd_sc_hd__and3b                                         │ 22          │
│ sky130_fd_sc_hd__and4                                          │ 17          │
│ sky130_fd_sc_hd__and4b                                         │ 2           │
│ sky130_fd_sc_hd__and4bb                                        │ 4           │
│ sky130_fd_sc_hd__buf                                           │ 805         │
│ sky130_fd_sc_hd__bufinv                                        │ 1           │
│ sky130_fd_sc_hd__clkbuf                                        │ 297         │
│ sky130_fd_sc_hd__clkdlybuf4s25                                 │ 54          │
│ sky130_fd_sc_hd__clkinv                                        │ 8           │
│ sky130_fd_sc_hd__clkinvlp                                      │ 1           │
│ sky130_fd_sc_hd__decap                                         │ 14615       │
│ sky130_fd_sc_hd__dfrtp                                         │ 332         │
│ sky130_fd_sc_hd__diode                                         │ 7           │
│ sky130_fd_sc_hd__dlygate4sd1                                   │ 2           │
│ sky130_fd_sc_hd__dlygate4sd3                                   │ 505         │
│ sky130_fd_sc_hd__dlymetal6s2s                                  │ 3           │
│ sky130_fd_sc_hd__dlymetal6s4s                                  │ 4           │
│ sky130_fd_sc_hd__fill                                          │ 3500        │
│ sky130_fd_sc_hd__inv                                           │ 105         │
│ sky130_fd_sc_hd__mux2                                          │ 451         │
│ sky130_fd_sc_hd__nand2                                         │ 311         │
│ sky130_fd_sc_hd__nand2b                                        │ 4           │
│ sky130_fd_sc_hd__nand3                                         │ 44          │
│ sky130_fd_sc_hd__nand3b                                        │ 7           │
│ sky130_fd_sc_hd__nand4                                         │ 8           │
│ sky130_fd_sc_hd__nor2                                          │ 263         │
│ sky130_fd_sc_hd__nor2b                                         │ 7           │
│ sky130_fd_sc_hd__nor3                                          │ 10          │
│ sky130_fd_sc_hd__nor3b                                         │ 6           │
│ sky130_fd_sc_hd__nor4                                          │ 12          │
│ sky130_fd_sc_hd__nor4b                                         │ 3           │
│ sky130_fd_sc_hd__o2111a                                        │ 4           │
│ sky130_fd_sc_hd__o2111ai                                       │ 1           │
│ sky130_fd_sc_hd__o211a                                         │ 76          │
│ sky130_fd_sc_hd__o211ai                                        │ 18          │
│ sky130_fd_sc_hd__o21a                                          │ 139         │
│ sky130_fd_sc_hd__o21ai                                         │ 119         │
│ sky130_fd_sc_hd__o21ba                                         │ 32          │
│ sky130_fd_sc_hd__o21bai                                        │ 7           │
│ sky130_fd_sc_hd__o221a                                         │ 27          │
│ sky130_fd_sc_hd__o221ai                                        │ 5           │
│ sky130_fd_sc_hd__o22a                                          │ 41          │
│ sky130_fd_sc_hd__o22ai                                         │ 3           │
│ sky130_fd_sc_hd__o2bb2a                                        │ 16          │
│ sky130_fd_sc_hd__o2bb2ai                                       │ 1           │
│ sky130_fd_sc_hd__o311a                                         │ 9           │
│ sky130_fd_sc_hd__o31a                                          │ 21          │
│ sky130_fd_sc_hd__o31ai                                         │ 6           │
│ sky130_fd_sc_hd__o32a                                          │ 19          │
│ sky130_fd_sc_hd__o32ai                                         │ 2           │
│ sky130_fd_sc_hd__o41a                                          │ 1           │
│ sky130_fd_sc_hd__or2                                           │ 133         │
│ sky130_fd_sc_hd__or2b                                          │ 25          │
│ sky130_fd_sc_hd__or3                                           │ 54          │
│ sky130_fd_sc_hd__or3b                                          │ 25          │
│ sky130_fd_sc_hd__or4                                           │ 17          │
│ sky130_fd_sc_hd__or4b                                          │ 3           │
│ sky130_fd_sc_hd__or4bb                                         │ 2           │
│ sky130_fd_sc_hd__tapvpwrvgnd                                   │ 1795        │
│ sky130_fd_sc_hd__xnor2                                         │ 585         │
│ sky130_fd_sc_hd__xor2                                          │ 111         │
└────────────────────────────────────────────────────────────────┴─────────────┘
                                  Cells by SCL                                  
┏━━━━━━━━━━━━━━━━━━━━━━━━━━━━━━━━━━━━━━━━━━━━━━━━━━━━━━━┳━━━━━━━━━━━━━━━━━━━━━━┓
┃ SCL                                                   ┃ Count                ┃
┡━━━━━━━━━━━━━━━━━━━━━━━━━━━━━━━━━━━━━━━━━━━━━━━━━━━━━━━╇━━━━━━━━━━━━━━━━━━━━━━┩
│ sky130_fd_sc_hd                                       │ 25946                │
└───────────────────────────────────────────────────────┴──────────────────────┘
                             Buffers by Cell Master                             
┏━━━━━━━━━━━━━━━━━━━━━━━━━━━━━━━━━━━━━━━━━━━━━━━━━━━━━━━━━━━━━━━━┳━━━━━━━━━━━━━┓
┃ Buffer                                                         ┃ Count       ┃
┡━━━━━━━━━━━━━━━━━━━━━━━━━━━━━━━━━━━━━━━━━━━━━━━━━━━━━━━━━━━━━━━━╇━━━━━━━━━━━━━┩
│ sky130_fd_sc_hd__buf_1                                         │ 327         │
│ sky130_fd_sc_hd__buf_12                                        │ 4           │
│ sky130_fd_sc_hd__buf_2                                         │ 263         │
│ sky130_fd_sc_hd__buf_4                                         │ 120         │
│ sky130_fd_sc_hd__buf_6                                         │ 78          │
│ sky130_fd_sc_hd__buf_8                                         │ 13          │
│ sky130_fd_sc_hd__clkbuf_1                                      │ 58          │
│ sky130_fd_sc_hd__clkbuf_16                                     │ 6           │
│ sky130_fd_sc_hd__clkbuf_2                                      │ 127         │
│ sky130_fd_sc_hd__clkbuf_4                                      │ 63          │
│ sky130_fd_sc_hd__clkbuf_8                                      │ 43          │
│ sky130_fd_sc_hd__clkdlybuf4s25_1                               │ 54          │
│ sky130_fd_sc_hd__dlygate4sd1_1                                 │ 2           │
│ sky130_fd_sc_hd__dlygate4sd3_1                                 │ 505         │
│ sky130_fd_sc_hd__dlymetal6s2s_1                                │ 3           │
│ sky130_fd_sc_hd__dlymetal6s4s_1                                │ 4           │
└────────────────────────────────────────────────────────────────┴─────────────┘
