Clock: clk
Sources: clk 
Generated: no
Virtual: no
Propagated: no
Period: 20.000000

===========================================================================
report_clock_properties
============================================================================
Clock                   Period          Waveform
----------------------------------------------------
clk                  20.000000    0.000000 10.000000

===========================================================================
report_clock_latency
============================================================================
Clock clk
rise -> rise
    min     max
0.000000 0.000000 source latency
2.931623         network latency _9017_/CLK
        2.931623 network latency _9017_/CLK
---------------
2.931623 2.931623 latency
        0.000000 skew

fall -> fall
    min     max
0.000000 0.000000 source latency
1.619041         network latency _9017_/CLK
        1.619041 network latency _9017_/CLK
---------------
1.619041 1.619041 latency
        0.000000 skew



===========================================================================
report_clock_min_period
============================================================================
clk period_min = 18.69 fmax = 53.51
