Clock: clk
Sources: clk 
Generated: no
Virtual: yes
Propagated: no
Period: 20.000000

===========================================================================
report_clock_properties
============================================================================
Clock                   Period          Waveform
----------------------------------------------------
clk                  20.000000    0.000000 10.000000

===========================================================================
report_clock_latency
============================================================================
Clock clk
rise -> rise
    min     max
0.000000 0.000000 source latency
0.416003         network latency _9218_/CLK
        0.481631 network latency _9333_/CLK
---------------
0.416003 0.481631 latency
        0.065628 skew

fall -> fall
    min     max
0.000000 0.000000 source latency
0.437623         network latency _9218_/CLK
        0.490457 network latency _9333_/CLK
---------------
0.437623 0.490457 latency
        0.052834 skew



===========================================================================
report_clock_min_period
============================================================================
clk period_min = 6.08 fmax = 164.42
