Reading timing models for corner nom_tt_025C_1v80…
Reading timing library for the 'nom_tt_025C_1v80' corner at '/home/alishawky/.ciel/ciel/sky130/versions/8afc8346a57fe1ab7934ba5a6056ea8b43078e71/sky130A/libs.ref/sky130_fd_sc_hd/lib/sky130_fd_sc_hd__tt_025C_1v80.lib'…
Reading OpenROAD database at '/mnt/d/Learing_Python/GP/Submission_inshallah/runs/fir_filter_ASIC/32-openroad-repairdesignpostgpl/fir_filter.odb'…
Reading design constraints file at '/mnt/d/Learing_Python/GP/Submission_inshallah/pnr.sdc'…
+ detailed_placement -max_displacement  500 100 
Placement Analysis
---------------------------------
total displacement          0.0 u
average displacement        0.0 u
max displacement            0.0 u
original HPWL          148208.1 u
legalized HPWL         151121.3 u
delta HPWL                    2 %

[INFO DPL-0020] Mirrored 1718 instances
[INFO DPL-0021] HPWL before          151121.3 u
[INFO DPL-0022] HPWL after           148208.1 u
[INFO DPL-0023] HPWL delta               -1.9 %
Setting global connections for newly added cells…
[INFO] Setting global connections...
[INFO ODB-0403] 0 connections made, 0 conflicts skipped.
Updating metrics…
Cell type report:                       Count       Area
  Fill cell                               262     983.44
  Tap cell                               1795    2245.90
  Buffer                                  495    2053.22
  Timing Repair Buffer                    420    2910.29
  Inverter                                 97     376.61
  Sequential cell                         332    8723.37
  Multi-Input combinational cell         3912   40600.19
  Total                                  7313   57893.02
Writing OpenROAD database to '/mnt/d/Learing_Python/GP/Submission_inshallah/runs/fir_filter_ASIC/34-openroad-detailedplacement/fir_filter.odb'…
Writing netlist to '/mnt/d/Learing_Python/GP/Submission_inshallah/runs/fir_filter_ASIC/34-openroad-detailedplacement/fir_filter.nl.v'…
Writing powered netlist to '/mnt/d/Learing_Python/GP/Submission_inshallah/runs/fir_filter_ASIC/34-openroad-detailedplacement/fir_filter.pnl.v'…
Writing layout to '/mnt/d/Learing_Python/GP/Submission_inshallah/runs/fir_filter_ASIC/34-openroad-detailedplacement/fir_filter.def'…
Writing timing constraints to '/mnt/d/Learing_Python/GP/Submission_inshallah/runs/fir_filter_ASIC/34-openroad-detailedplacement/fir_filter.sdc'…
