Reading timing models for corner max_tt_025C_1v80…
Reading timing library for the 'max_tt_025C_1v80' corner at '/home/alishawky/.ciel/ciel/sky130/versions/8afc8346a57fe1ab7934ba5a6056ea8b43078e71/sky130A/libs.ref/sky130_fd_sc_hd/lib/sky130_fd_sc_hd__tt_025C_1v80.lib'…
Reading timing models for corner min_ss_100C_1v60…
Reading timing library for the 'min_ss_100C_1v60' corner at '/home/alishawky/.ciel/ciel/sky130/versions/8afc8346a57fe1ab7934ba5a6056ea8b43078e71/sky130A/libs.ref/sky130_fd_sc_hd/lib/sky130_fd_sc_hd__ss_100C_1v60.lib'…
Reading timing models for corner nom_tt_025C_1v80…
Reading timing library for the 'nom_tt_025C_1v80' corner at '/home/alishawky/.ciel/ciel/sky130/versions/8afc8346a57fe1ab7934ba5a6056ea8b43078e71/sky130A/libs.ref/sky130_fd_sc_hd/lib/sky130_fd_sc_hd__tt_025C_1v80.lib'…
[WARNING STA-1140] /home/alishawky/.ciel/ciel/sky130/versions/8afc8346a57fe1ab7934ba5a6056ea8b43078e71/sky130A/libs.ref/sky130_fd_sc_hd/lib/sky130_fd_sc_hd__tt_025C_1v80.lib line 1, library sky130_fd_sc_hd__tt_025C_1v80 already exists.
Reading timing models for corner max_ff_n40C_1v95…
Reading timing library for the 'max_ff_n40C_1v95' corner at '/home/alishawky/.ciel/ciel/sky130/versions/8afc8346a57fe1ab7934ba5a6056ea8b43078e71/sky130A/libs.ref/sky130_fd_sc_hd/lib/sky130_fd_sc_hd__ff_n40C_1v95.lib'…
Reading timing models for corner nom_ff_n40C_1v95…
Reading timing library for the 'nom_ff_n40C_1v95' corner at '/home/alishawky/.ciel/ciel/sky130/versions/8afc8346a57fe1ab7934ba5a6056ea8b43078e71/sky130A/libs.ref/sky130_fd_sc_hd/lib/sky130_fd_sc_hd__ff_n40C_1v95.lib'…
[WARNING STA-1140] /home/alishawky/.ciel/ciel/sky130/versions/8afc8346a57fe1ab7934ba5a6056ea8b43078e71/sky130A/libs.ref/sky130_fd_sc_hd/lib/sky130_fd_sc_hd__ff_n40C_1v95.lib line 1, library sky130_fd_sc_hd__ff_n40C_1v95 already exists.
Reading timing models for corner max_ss_100C_1v60…
Reading timing library for the 'max_ss_100C_1v60' corner at '/home/alishawky/.ciel/ciel/sky130/versions/8afc8346a57fe1ab7934ba5a6056ea8b43078e71/sky130A/libs.ref/sky130_fd_sc_hd/lib/sky130_fd_sc_hd__ss_100C_1v60.lib'…
[WARNING STA-1140] /home/alishawky/.ciel/ciel/sky130/versions/8afc8346a57fe1ab7934ba5a6056ea8b43078e71/sky130A/libs.ref/sky130_fd_sc_hd/lib/sky130_fd_sc_hd__ss_100C_1v60.lib line 1, library sky130_fd_sc_hd__ss_100C_1v60 already exists.
Reading timing models for corner min_tt_025C_1v80…
Reading timing library for the 'min_tt_025C_1v80' corner at '/home/alishawky/.ciel/ciel/sky130/versions/8afc8346a57fe1ab7934ba5a6056ea8b43078e71/sky130A/libs.ref/sky130_fd_sc_hd/lib/sky130_fd_sc_hd__tt_025C_1v80.lib'…
[WARNING STA-1140] /home/alishawky/.ciel/ciel/sky130/versions/8afc8346a57fe1ab7934ba5a6056ea8b43078e71/sky130A/libs.ref/sky130_fd_sc_hd/lib/sky130_fd_sc_hd__tt_025C_1v80.lib line 1, library sky130_fd_sc_hd__tt_025C_1v80 already exists.
Reading timing models for corner nom_ss_100C_1v60…
Reading timing library for the 'nom_ss_100C_1v60' corner at '/home/alishawky/.ciel/ciel/sky130/versions/8afc8346a57fe1ab7934ba5a6056ea8b43078e71/sky130A/libs.ref/sky130_fd_sc_hd/lib/sky130_fd_sc_hd__ss_100C_1v60.lib'…
[WARNING STA-1140] /home/alishawky/.ciel/ciel/sky130/versions/8afc8346a57fe1ab7934ba5a6056ea8b43078e71/sky130A/libs.ref/sky130_fd_sc_hd/lib/sky130_fd_sc_hd__ss_100C_1v60.lib line 1, library sky130_fd_sc_hd__ss_100C_1v60 already exists.
Reading timing models for corner min_ff_n40C_1v95…
Reading timing library for the 'min_ff_n40C_1v95' corner at '/home/alishawky/.ciel/ciel/sky130/versions/8afc8346a57fe1ab7934ba5a6056ea8b43078e71/sky130A/libs.ref/sky130_fd_sc_hd/lib/sky130_fd_sc_hd__ff_n40C_1v95.lib'…
[WARNING STA-1140] /home/alishawky/.ciel/ciel/sky130/versions/8afc8346a57fe1ab7934ba5a6056ea8b43078e71/sky130A/libs.ref/sky130_fd_sc_hd/lib/sky130_fd_sc_hd__ff_n40C_1v95.lib line 1, library sky130_fd_sc_hd__ff_n40C_1v95 already exists.
Reading OpenROAD database at '/mnt/d/Learing_Python/GP/Submission_inshallah/runs/fir_filter_ASIC/35-openroad-cts/fir_filter.odb'…
Reading design constraints file at '/mnt/d/Learing_Python/GP/Submission_inshallah/pnr.sdc'…
+ repair_timing -verbose -setup -setup_margin 0.05000000000000000277555756156289135105907917022705078125 -max_buffer_percent 50
[INFO RSZ-0100] Repair move sequence: UnbufferMove SizeUpMove SwapPinsMove BufferMove CloneMove SplitLoadMove 
[INFO RSZ-0094] Found 32 endpoints with setup violations.
[INFO RSZ-0099] Repairing 32 out of 32 (100.00%) violating endpoints...
   Iter   | Removed | Resized | Inserted | Cloned |  Pin  |   Area   |    WNS   |   TNS      |  Viol  | Worst
          | Buffers |  Gates  | Buffers  |  Gates | Swaps |          |          |            | Endpts | Endpt
--------------------------------------------------------------------------------------------------------------
        0 |       0 |       0 |        0 |      0 |     0 |    +0.0% |   -9.506 |     -189.6 |     32 | _9232_/D
       10 |       0 |       7 |        1 |      0 |     1 |    +0.0% |   -8.687 |     -167.9 |     32 | _9232_/D
       20 |       0 |      14 |        2 |      0 |     3 |    +0.1% |   -8.618 |     -166.7 |     32 | _9232_/D
       30 |       0 |      23 |        3 |      0 |     3 |    +0.1% |   -8.226 |     -155.5 |     32 | _9232_/D
       40 |       0 |      30 |        5 |      0 |     4 |    +0.1% |   -7.882 |     -150.3 |     32 | _9232_/D
       50 |       0 |      38 |        6 |      0 |     5 |    +0.1% |   -7.661 |     -147.7 |     32 | _9232_/D
       60 |       0 |      43 |        8 |      0 |     8 |    +0.2% |   -7.586 |     -147.1 |     32 | _9232_/D
       70 |       0 |      46 |       12 |      0 |    12 |    +0.2% |   -7.130 |     -141.3 |     32 | _9230_/D
       80 |       0 |      53 |       13 |      0 |    14 |    +0.3% |   -6.969 |     -139.9 |     32 | _9230_/D
       90 |       0 |      60 |       16 |      0 |    14 |    +0.3% |   -6.846 |     -139.5 |     32 | _9230_/D
      100 |       0 |      68 |       17 |      0 |    15 |    +0.4% |   -6.782 |     -138.9 |     32 | _9230_/D
      110 |       0 |      75 |       19 |      0 |    16 |    +0.4% |   -6.749 |     -138.7 |     32 | _9230_/D
      120 |       0 |      82 |       21 |      0 |    17 |    +0.5% |   -6.661 |     -137.6 |     32 | _9232_/D
      130 |       0 |      89 |       23 |      0 |    18 |    +0.6% |   -6.538 |     -136.1 |     32 | _9230_/D
      140 |       0 |      97 |       24 |      0 |    19 |    +0.7% |   -6.405 |     -135.3 |     32 | _9232_/D
      150 |       1 |     102 |       26 |      0 |    21 |    +0.7% |   -6.349 |     -136.6 |     32 | _9232_/D
      160 |       1 |     110 |       27 |      0 |    22 |    +0.8% |   -6.307 |     -136.4 |     32 | _9232_/D
      170 |       1 |     119 |       28 |      0 |    22 |    +0.8% |   -6.213 |     -134.4 |     32 | _9232_/D
      180 |       1 |     128 |       29 |      0 |    22 |    +0.8% |   -6.117 |     -132.5 |     32 | _9232_/D
      190 |       1 |     136 |       30 |      0 |    23 |    +0.9% |   -6.073 |     -131.9 |     32 | _9219_/D
      200 |       2 |     145 |       30 |      0 |    23 |    +0.9% |   -6.026 |     -129.7 |     32 | _9232_/D
      210 |       2 |     153 |       32 |      0 |    23 |    +0.9% |   -5.990 |     -128.8 |     32 | _9230_/D
      220 |       2 |     162 |       33 |      0 |    23 |    +0.9% |   -5.965 |     -128.4 |     32 | _9232_/D
      230 |       2 |     170 |       34 |      0 |    24 |    +1.0% |   -5.891 |     -125.2 |     32 | _9232_/D
      240 |       2 |     178 |       35 |      0 |    25 |    +1.0% |   -5.940 |     -126.0 |     32 | _9232_/D
      250 |       2 |     187 |       37 |      0 |    25 |    +1.1% |   -5.843 |     -124.4 |     32 | _9232_/D
      260 |       2 |     195 |       39 |      0 |    26 |    +1.2% |   -5.804 |     -124.2 |     32 | _9232_/D
      270 |       2 |     203 |       42 |      0 |    26 |    +1.2% |   -5.746 |     -121.1 |     32 | _9232_/D
      280 |       2 |     209 |       44 |      0 |    29 |    +1.3% |   -5.717 |     -120.1 |     32 | _9232_/D
      290 |       2 |     218 |       44 |      0 |    30 |    +1.4% |   -5.657 |     -120.1 |     32 | _9232_/D
      300 |       2 |     223 |       48 |      0 |    33 |    +1.4% |   -5.614 |     -119.0 |     32 | _9232_/D
      310 |       3 |     228 |       49 |      0 |    36 |    +1.5% |   -5.582 |     -118.0 |     32 | _9232_/D
      320 |       4 |     232 |       52 |      0 |    38 |    +1.5% |   -5.627 |     -118.0 |     32 | _9232_/D
      330 |       4 |     239 |       55 |      0 |    39 |    +1.6% |   -5.516 |     -117.5 |     32 | _9219_/D
      340 |       4 |     246 |       56 |      0 |    41 |    +1.6% |   -5.494 |     -113.4 |     32 | _9232_/D
      350 |       4 |     252 |       57 |      0 |    44 |    +1.7% |   -5.475 |     -113.1 |     32 | _9232_/D
      360 |       4 |     261 |       57 |      0 |    45 |    +1.8% |   -5.442 |     -112.9 |     32 | _9230_/D
      370 |       4 |     269 |       60 |      0 |    45 |    +1.8% |   -5.421 |     -112.1 |     32 | _9232_/D
      380 |       4 |     275 |       63 |      0 |    46 |    +1.9% |   -5.400 |     -112.0 |     32 | _9219_/D
      390 |       4 |     282 |       63 |      0 |    49 |    +2.0% |   -5.389 |     -111.5 |     32 | _9232_/D
      400 |       4 |     286 |       65 |      0 |    53 |    +2.1% |   -5.390 |     -111.5 |     32 | _9232_/D
      410 |       6 |     293 |       66 |      0 |    53 |    +2.1% |   -5.369 |     -111.2 |     32 | _9232_/D
      420 |       7 |     301 |       66 |      0 |    54 |    +2.1% |   -5.345 |     -110.2 |     32 | _9232_/D
      430 |       7 |     304 |       71 |      0 |    57 |    +2.2% |   -5.365 |     -110.2 |     32 | _9232_/D
      440 |       7 |     309 |       74 |      0 |    59 |    +2.3% |   -5.331 |     -110.1 |     32 | _9232_/D
      450 |       7 |     316 |       76 |      0 |    60 |    +2.4% |   -5.317 |     -109.9 |     32 | _9232_/D
      460 |       8 |     323 |       77 |      0 |    61 |    +2.4% |   -5.306 |     -109.6 |     32 | _9230_/D
      470 |       8 |     330 |       78 |      0 |    63 |    +2.5% |   -5.278 |     -109.8 |     32 | _9232_/D
      480 |       9 |     336 |       82 |      0 |    64 |    +2.6% |   -5.248 |     -106.4 |     32 | _9220_/D
      490 |       9 |     346 |       82 |      0 |    64 |    +2.7% |   -5.274 |     -105.7 |     32 | _9232_/D
      500 |       9 |     353 |       84 |      0 |    65 |    +2.8% |   -5.123 |     -104.7 |     32 | _9219_/D
      510 |       9 |     358 |       89 |      0 |    68 |    +2.9% |   -5.082 |     -104.3 |     32 | _9219_/D
      520 |      10 |     364 |       93 |      0 |    68 |    +3.0% |   -5.070 |     -103.5 |     32 | _9232_/D
      530 |      10 |     373 |       93 |      0 |    69 |    +3.0% |   -5.067 |     -103.4 |     32 | _9232_/D
      540 |      10 |     380 |       94 |      0 |    71 |    +3.1% |   -5.000 |     -100.7 |     32 | _9232_/D
      550 |      11 |     382 |       99 |      0 |    73 |    +3.2% |   -4.952 |     -100.3 |     32 | _9230_/D
      560 |      11 |     388 |      101 |      0 |    75 |    +3.2% |   -4.928 |     -100.1 |     32 | _9232_/D
      570 |      11 |     395 |      101 |      0 |    78 |    +3.3% |   -5.092 |     -100.4 |     32 | _9232_/D
      580 |      11 |     400 |      104 |      0 |    80 |    +3.4% |   -4.929 |      -99.8 |     32 | _9232_/D
      590 |      11 |     406 |      106 |      0 |    82 |    +3.4% |   -4.918 |      -99.6 |     32 | _9232_/D
      600 |      11 |     414 |      108 |      0 |    82 |    +3.5% |   -4.880 |      -98.8 |     32 | _9232_/D
      610 |      12 |     419 |      110 |      0 |    84 |    +3.5% |   -4.854 |      -98.6 |     32 | _9219_/D
      620 |      12 |     425 |      112 |      0 |    86 |    +3.6% |   -4.861 |      -98.2 |     32 | _9232_/D
      630 |      12 |     432 |      113 |      0 |    88 |    +3.7% |   -4.828 |      -98.0 |     32 | _9232_/D
      640 |      12 |     439 |      115 |      0 |    89 |    +3.7% |   -4.806 |      -97.3 |     32 | _9219_/D
      650 |      12 |     445 |      115 |      0 |    93 |    +3.7% |   -4.816 |      -96.8 |     32 | _9232_/D
      660 |      12 |     452 |      115 |      0 |    96 |    +3.8% |   -4.752 |      -96.0 |     32 | _9232_/D
      670 |      12 |     460 |      116 |      0 |    97 |    +3.9% |   -4.808 |      -96.5 |     32 | _9230_/D
      680 |      12 |     465 |      120 |      0 |    99 |    +4.0% |   -4.773 |      -95.9 |     32 | _9232_/D
      690 |      14 |     471 |      122 |      0 |   100 |    +4.1% |   -4.718 |      -95.2 |     32 | _9232_/D
      700 |      15 |     476 |      126 |      0 |   100 |    +4.1% |   -4.718 |      -95.2 |     32 | _9232_/D
      710 |      15 |     481 |      130 |      0 |   102 |    +4.2% |   -4.722 |      -95.2 |     32 | _9232_/D
      720 |      15 |     486 |      134 |      0 |   104 |    +4.3% |   -4.701 |      -95.1 |     32 | _9232_/D
      730 |      15 |     489 |      136 |      0 |   109 |    +4.4% |   -4.800 |      -95.4 |     32 | _9232_/D
      740 |      15 |     495 |      138 |      0 |   111 |    +4.5% |   -4.726 |      -95.0 |     32 | _9232_/D
      750 |      16 |     500 |      141 |      0 |   113 |    +4.5% |   -4.677 |      -94.5 |     32 | _9230_/D
      760 |      16 |     506 |      143 |      0 |   115 |    +4.6% |   -4.665 |      -94.1 |     32 | _9230_/D
      770 |      16 |     512 |      145 |      0 |   117 |    +4.7% |   -4.642 |      -93.5 |     32 | _9232_/D
      780 |      16 |     518 |      146 |      0 |   120 |    +4.7% |   -4.632 |      -93.3 |     32 | _9232_/D
      790 |      16 |     526 |      146 |      0 |   122 |    +4.8% |   -4.618 |      -92.4 |     32 | _9232_/D
      800 |      16 |     533 |      148 |      0 |   123 |    +4.8% |   -4.596 |      -92.2 |     32 | _9219_/D
      810 |      17 |     537 |      154 |      0 |   124 |    +4.9% |   -4.571 |      -91.7 |     32 | _9230_/D
      820 |      17 |     541 |      157 |      0 |   127 |    +5.0% |   -4.562 |      -92.9 |     32 | _9232_/D
      830 |      17 |     548 |      161 |      0 |   127 |    +5.0% |   -4.543 |      -92.5 |     32 | _9230_/D
      840 |      18 |     555 |      163 |      0 |   128 |    +5.1% |   -4.517 |      -91.1 |     32 | _9232_/D
      850 |      18 |     561 |      163 |      0 |   132 |    +5.2% |   -4.501 |      -90.6 |     32 | _9230_/D
      860 |      18 |     566 |      165 |      0 |   135 |    +5.2% |   -4.487 |      -90.4 |     32 | _9219_/D
      870 |      18 |     572 |      168 |      0 |   136 |    +5.3% |   -4.472 |      -89.8 |     32 | _9230_/D
      880 |      18 |     578 |      172 |      0 |   137 |    +5.3% |   -4.450 |      -89.1 |     32 | _9232_/D
      890 |      18 |     585 |      175 |      0 |   138 |    +5.4% |   -4.427 |      -88.8 |     32 | _9232_/D
      900 |      18 |     592 |      177 |      1 |   138 |    +5.5% |   -4.419 |      -88.7 |     32 | _9232_/D
      910 |      18 |     594 |      182 |      1 |   142 |    +5.6% |   -4.401 |      -88.4 |     32 | _9232_/D
      917 |      18 |     597 |      184 |      1 |   145 |    +5.6% |   -4.386 |      -87.5 |     32 | _9230_/D
      918 |      18 |     597 |      184 |      1 |   145 |    +5.6% |   -4.386 |      -87.5 |     32 | _9230_/D
      920 |      18 |     597 |      184 |      1 |   146 |    +5.6% |   -4.386 |      -87.5 |     32 | _9230_/D
      930 |      19 |     600 |      187 |      1 |   149 |    +5.7% |   -4.387 |      -87.4 |     32 | _9230_/D
      930 |      19 |     599 |      187 |      1 |   149 |    +5.7% |   -4.365 |      -87.4 |     32 | _9230_/D
      940 |      19 |     604 |      190 |      1 |   150 |    +5.8% |   -4.365 |      -82.9 |     32 | _9230_/D
      950 |      19 |     612 |      191 |      1 |   151 |    +5.8% |   -4.365 |      -82.2 |     32 | _9230_/D
      956 |      20 |     616 |      191 |      1 |   152 |    +5.8% |   -4.364 |      -81.4 |     32 | _9230_/D
      960 |      20 |     619 |      191 |      1 |   152 |    +5.9% |   -4.377 |      -81.3 |     32 | _9230_/D
      968 |      20 |     617 |      191 |      1 |   152 |    +5.8% |   -4.364 |      -81.3 |     32 | _9230_/D
      970 |      20 |     618 |      191 |      1 |   152 |    +5.9% |   -4.386 |      -81.4 |     32 | _9230_/D
      978 |      20 |     617 |      191 |      1 |   152 |    +5.8% |   -4.364 |      -81.3 |     32 | _9230_/D
      980 |      20 |     618 |      191 |      1 |   152 |    +5.9% |   -4.386 |      -81.4 |     32 | _9230_/D
      990 |      20 |     624 |      192 |      1 |   155 |    +5.9% |   -4.396 |      -81.4 |     32 | _9230_/D
     1000 |      20 |     629 |      197 |      1 |   157 |    +6.0% |   -4.396 |      -81.5 |     32 | _9230_/D
     1010 |      20 |     635 |      200 |      1 |   158 |    +6.1% |   -4.405 |      -81.8 |     32 | _9230_/D
     1020 |      20 |     639 |      203 |      1 |   161 |    +6.1% |   -4.405 |      -82.1 |     32 | _9230_/D
     1029 |      20 |     617 |      191 |      1 |   152 |    +5.8% |   -4.364 |      -81.3 |     32 | _9230_/D
     1030 |      20 |     617 |      191 |      1 |   152 |    +5.8% |   -4.364 |      -81.3 |     32 | _9230_/D
     1040 |      20 |     627 |      191 |      1 |   152 |    +5.9% |   -4.364 |      -80.1 |     32 | _9230_/D
     1050 |      20 |     635 |      193 |      1 |   153 |    +5.9% |   -4.371 |      -79.6 |     32 | _9230_/D
     1060 |      20 |     643 |      194 |      1 |   154 |    +5.9% |   -4.394 |      -79.3 |     32 | _9230_/D
     1070 |      20 |     651 |      196 |      1 |   154 |    +6.0% |   -4.394 |      -78.8 |     32 | _9230_/D
     1077 |      20 |     631 |      193 |      1 |   153 |    +5.9% |   -4.364 |      -79.8 |     32 | _9230_/D
     1080 |      20 |     633 |      193 |      1 |   153 |    +5.9% |   -4.364 |      -79.6 |     32 | _9230_/D
     1090 |      20 |     641 |      194 |      1 |   154 |    +5.9% |   -4.403 |      -79.4 |     32 | _9230_/D
     1092 |      20 |     634 |      193 |      1 |   153 |    +5.9% |   -4.364 |      -79.6 |     32 | _9230_/D
     1100 |      20 |     637 |      195 |      1 |   155 |    +5.9% |   -4.445 |      -79.8 |     32 | _9230_/D
     1110 |      20 |     643 |      199 |      1 |   155 |    +6.0% |   -4.445 |      -80.9 |     32 | _9230_/D
     1120 |      20 |     648 |      203 |      1 |   156 |    +6.1% |   -4.445 |      -82.3 |     32 | _9230_/D
     1125 |      20 |     634 |      193 |      1 |   153 |    +5.9% |   -4.364 |      -79.6 |     32 | _9230_/D
     1130 |      20 |     638 |      193 |      1 |   153 |    +5.9% |   -4.364 |      -79.4 |     32 | _9230_/D
     1140 |      20 |     646 |      195 |      1 |   153 |    +5.9% |   -4.364 |      -78.7 |     32 | _9230_/D
     1150 |      20 |     652 |      198 |      1 |   154 |    +6.0% |   -4.364 |      -78.7 |     32 | _9230_/D
     1160 |      20 |     662 |      198 |      1 |   154 |    +6.0% |   -4.364 |      -77.8 |     32 | _9230_/D
     1170 |      20 |     672 |      198 |      1 |   154 |    +6.0% |   -4.364 |      -77.4 |     32 | _9230_/D
     1180 |      20 |     681 |      198 |      1 |   155 |    +6.0% |   -4.371 |      -76.8 |     32 | _9230_/D
     1190 |      20 |     689 |      199 |      1 |   156 |    +6.1% |   -4.371 |      -76.3 |     32 | _9230_/D
     1200 |      20 |     698 |      200 |      1 |   156 |    +6.2% |   -4.394 |      -75.5 |     32 | _9230_/D
     1208 |      20 |     680 |      198 |      1 |   155 |    +6.0% |   -4.364 |      -76.8 |     32 | _9230_/D
     1210 |      20 |     681 |      198 |      1 |   155 |    +6.0% |   -4.386 |      -76.8 |     32 | _9230_/D
     1214 |      20 |     680 |      198 |      1 |   155 |    +6.0% |   -4.364 |      -76.8 |     32 | _9230_/D
     1220 |      20 |     683 |      199 |      1 |   156 |    +6.1% |   -4.397 |      -77.0 |     32 | _9230_/D
     1230 |      20 |     689 |      201 |      1 |   158 |    +6.1% |   -4.366 |      -77.0 |     32 | _9230_/D
     1240 |      20 |     694 |      206 |      1 |   158 |    +6.2% |   -4.367 |      -80.8 |     32 | _9230_/D
     1250 |      20 |     699 |      210 |      1 |   159 |    +6.3% |   -4.367 |      -83.8 |     32 | _9230_/D
     1257 |      20 |     687 |      201 |      1 |   158 |    +6.1% |   -4.344 |      -76.9 |     32 | _9230_/D
     1260 |      20 |     689 |      201 |      1 |   158 |    +6.1% |   -4.344 |      -76.6 |     32 | _9230_/D
     1270 |      20 |     697 |      204 |      1 |   158 |    +6.2% |   -4.344 |      -76.6 |     32 | _9230_/D
     1280 |      20 |     707 |      204 |      1 |   158 |    +6.3% |   -4.344 |      -75.3 |     32 | _9230_/D
     1290 |      20 |     713 |      207 |      1 |   159 |    +6.4% |   -4.344 |      -75.4 |     32 | _9230_/D
     1300 |      21 |     722 |      207 |      1 |   159 |    +6.4% |   -4.344 |      -75.2 |     32 | _9230_/D
     1310 |      21 |     728 |      208 |      1 |   162 |    +6.4% |   -4.344 |      -75.0 |     32 | _9230_/D
     1320 |      21 |     733 |      212 |      1 |   164 |    +6.5% |   -4.359 |      -74.9 |     32 | _9230_/D
     1330 |      21 |     739 |      215 |      1 |   165 |    +6.6% |   -4.359 |      -75.0 |     32 | _9230_/D
     1340 |      21 |     745 |      220 |      1 |   165 |    +6.7% |   -4.354 |      -75.1 |     32 | _9230_/D
     1350 |      21 |     752 |      223 |      1 |   165 |    +6.8% |   -4.354 |      -75.2 |     32 | _9230_/D
     1360 |      21 |     757 |      228 |      1 |   165 |    +6.9% |   -4.369 |      -75.9 |     32 | _9230_/D
     1366 |      21 |     729 |      212 |      1 |   164 |    +6.5% |   -4.344 |      -74.7 |     32 | _9230_/D
     1370 |      21 |     731 |      213 |      1 |   164 |    +6.5% |   -4.381 |      -75.7 |     32 | _9230_/D
     1380 |      21 |     736 |      218 |      1 |   164 |    +6.6% |   -4.381 |      -78.6 |     32 | _9230_/D
     1390 |      21 |     742 |      223 |      1 |   164 |    +6.7% |   -4.381 |      -80.2 |     32 | _9230_/D
     1400 |      22 |     748 |      226 |      1 |   164 |    +6.8% |   -4.391 |      -79.7 |     32 | _9230_/D
     1400 |      21 |     729 |      212 |      1 |   164 |    +6.5% |   -4.344 |      -74.7 |     32 | _9230_/D
     1410 |      21 |     736 |      213 |      1 |   165 |    +6.5% |   -4.374 |      -74.8 |     32 | _9230_/D
     1417 |      21 |     729 |      212 |      1 |   164 |    +6.5% |   -4.344 |      -74.7 |     32 | _9230_/D
     1420 |      21 |     730 |      213 |      1 |   164 |    +6.5% |   -4.344 |      -75.2 |     32 | _9230_/D
     1430 |      21 |     735 |      218 |      1 |   164 |    +6.6% |   -4.344 |      -78.2 |     32 | _9230_/D
     1440 |      21 |     742 |      221 |      1 |   164 |    +6.7% |   -4.381 |      -80.0 |     32 | _9230_/D
     1450 |      22 |     749 |      224 |      1 |   164 |    +6.8% |   -4.381 |      -79.7 |     32 | _9230_/D
     1455 |      21 |     729 |      212 |      1 |   164 |    +6.5% |   -4.344 |      -74.7 |     32 | _9230_/D
     1460 |      22 |     732 |      212 |      1 |   164 |    +6.5% |   -4.344 |      -74.6 |     32 | _9230_/D
     1470 |      22 |     737 |      217 |      1 |   164 |    +6.6% |   -4.344 |      -77.6 |     32 | _9230_/D
     1480 |      22 |     743 |      221 |      1 |   164 |    +6.7% |   -4.381 |      -80.4 |     32 | _9230_/D
     1490 |      22 |     749 |      225 |      1 |   165 |    +6.8% |   -4.381 |      -80.1 |     32 | _9230_/D
     1500 |      23 |     755 |      228 |      1 |   165 |    +6.9% |   -4.391 |      -80.1 |     32 | _9230_/D
     1500 |      22 |     732 |      212 |      1 |   164 |    +6.5% |   -4.344 |      -74.6 |     32 | _9230_/D
    1500* |      22 |     732 |      212 |      1 |   164 |    +6.5% |   -4.344 |      -74.6 |     27 | _9230_/D
    1501* |      22 |     732 |      212 |      1 |   164 |    +6.5% |   -4.344 |      -74.6 |     27 | _9230_/D
    1502* |      22 |     732 |      212 |      1 |   164 |    +6.5% |   -4.344 |      -74.6 |     27 | _9230_/D
    1503* |      22 |     732 |      212 |      1 |   164 |    +6.5% |   -4.344 |      -74.6 |     27 | _9230_/D
    1504* |      22 |     732 |      212 |      1 |   164 |    +6.5% |   -4.344 |      -74.6 |     27 | _9230_/D
    1505* |      22 |     732 |      212 |      1 |   164 |    +6.5% |   -4.344 |      -74.6 |     27 | _9230_/D
    1506* |      22 |     732 |      212 |      1 |   164 |    +6.5% |   -4.344 |      -74.6 |     27 | _9230_/D
    1507* |      22 |     732 |      212 |      1 |   164 |    +6.5% |   -4.344 |      -74.6 |     27 | _9230_/D
    1508* |      22 |     732 |      212 |      1 |   164 |    +6.5% |   -4.344 |      -74.6 |     27 | _9230_/D
    1509* |      22 |     732 |      212 |      1 |   164 |    +6.5% |   -4.344 |      -74.6 |     27 | _9230_/D
    1510* |      22 |     732 |      212 |      1 |   164 |    +6.5% |   -4.344 |      -74.6 |     27 | _9230_/D
    1510* |      22 |     732 |      212 |      1 |   164 |    +6.5% |   -4.344 |      -74.6 |     27 | _9230_/D
    1511* |      22 |     732 |      212 |      1 |   164 |    +6.5% |   -4.344 |      -74.6 |     27 | _9230_/D
    1512* |      22 |     732 |      212 |      1 |   164 |    +6.5% |   -4.344 |      -74.6 |     27 | _9230_/D
    1513* |      22 |     732 |      212 |      1 |   164 |    +6.5% |   -4.344 |      -74.6 |     27 | _9230_/D
    1514* |      22 |     732 |      212 |      1 |   164 |    +6.5% |   -4.344 |      -74.6 |     27 | _9230_/D
    1515* |      22 |     732 |      212 |      1 |   164 |    +6.5% |   -4.344 |      -74.6 |     27 | _9230_/D
    1516* |      22 |     732 |      212 |      1 |   164 |    +6.5% |   -4.344 |      -74.6 |     27 | _9230_/D
    1517* |      22 |     732 |      212 |      1 |   164 |    +6.5% |   -4.344 |      -74.6 |     27 | _9230_/D
    1518* |      22 |     732 |      212 |      1 |   164 |    +6.5% |   -4.344 |      -74.6 |     27 | _9230_/D
    1519* |      22 |     732 |      212 |      1 |   164 |    +6.5% |   -4.344 |      -74.6 |     27 | _9230_/D
    1520* |      22 |     732 |      212 |      1 |   164 |    +6.5% |   -4.344 |      -74.6 |     27 | _9230_/D
    1520* |      22 |     732 |      212 |      1 |   164 |    +6.5% |   -4.344 |      -74.6 |     27 | _9230_/D
    1522* |      22 |     733 |      212 |      1 |   164 |    +6.5% |   -4.344 |      -74.6 |     27 | _9230_/D
    1523* |      22 |     733 |      212 |      1 |   164 |    +6.5% |   -4.344 |      -74.6 |     27 | _9230_/D
    1525* |      22 |     734 |      212 |      1 |   164 |    +6.5% |   -4.344 |      -74.2 |     27 | _9230_/D
    1526* |      22 |     734 |      212 |      1 |   164 |    +6.5% |   -4.344 |      -74.2 |     27 | _9230_/D
    1527* |      22 |     734 |      212 |      1 |   164 |    +6.5% |   -4.344 |      -74.2 |     27 | _9230_/D
    1528* |      22 |     734 |      212 |      1 |   164 |    +6.5% |   -4.344 |      -74.2 |     27 | _9230_/D
    1530* |      22 |     735 |      212 |      1 |   164 |    +6.5% |   -4.344 |      -74.2 |     27 | _9230_/D
    1531* |      22 |     736 |      212 |      1 |   164 |    +6.5% |   -4.344 |      -74.1 |     27 | _9230_/D
    final |      22 |     736 |      212 |      1 |   164 |    +6.5% |   -4.344 |      -74.1 |     27 | _9230_/D
--------------------------------------------------------------------------------------------------------------
[INFO RSZ-0059] Removed 22 buffers.
[INFO RSZ-0040] Inserted 212 buffers.
[INFO RSZ-0051] Resized 736 instances: 736 up, 0 up match, 0 down, 0 VT
[INFO RSZ-0043] Swapped pins on 164 instances.
[INFO RSZ-0049] Cloned 1 instances.
[WARNING RSZ-0062] Unable to repair all setup violations.
+ repair_timing -verbose -hold -setup_margin 0.05000000000000000277555756156289135105907917022705078125 -hold_margin 0.1000000000000000055511151231257827021181583404541015625 -max_buffer_percent 50
[INFO RSZ-0046] Found 326 endpoints with hold violations.
Iteration | Resized | Buffers | Cloned Gates |   Area   |   WNS   |   TNS   | Endpoint
--------------------------------------------------------------------------------------
        0 |       0 |       0 |            0 |    +0.0% |  -0.774 | -50.196 | _9240_/D
       10 |       0 |      18 |            0 |    +0.3% |  -0.411 | -43.600 | _9251_/D
       20 |       0 |      37 |            0 |    +0.6% |  -0.195 | -41.804 | _9215_/D
       30 |       0 |      56 |            0 |    +0.9% |  -0.193 | -38.407 | _9185_/D
       40 |       0 |      70 |            0 |    +1.2% |  -0.182 | -37.459 | _9162_/D
       50 |       0 |      19 |            0 |    +1.5% |  -0.165 | -35.750 | _9041_/D
       60 |       0 |      16 |            0 |    +1.9% |  -0.155 | -34.156 | _9270_/D
       70 |       0 |      34 |            0 |    +2.2% |  -0.152 | -32.619 | _9138_/D
       80 |       0 |      54 |            0 |    +2.5% |  -0.151 | -31.098 | _9275_/D
       90 |       0 |      74 |            0 |    +2.9% |  -0.150 | -29.577 | _9076_/D
      100 |       0 |      93 |            0 |    +3.2% |  -0.148 | -28.056 | _9081_/D
      110 |       0 |     110 |            0 |    +3.5% |  -0.146 | -26.586 | _9077_/D
      120 |       0 |     128 |            0 |    +3.8% |  -0.144 | -25.110 | _9163_/D
      130 |       0 |     147 |            0 |    +4.1% |  -0.143 | -23.651 | _9176_/D
      140 |       0 |     161 |            0 |    +4.3% |  -0.142 | -22.360 | _9109_/D
      150 |       0 |     175 |            0 |    +4.6% |  -0.141 | -20.936 | _9065_/D
      160 |       0 |     191 |            0 |    +4.8% |  -0.141 | -19.491 | _9286_/D
      170 |       0 |     207 |            0 |    +5.1% |  -0.140 | -17.950 | _9276_/D
      180 |       0 |     222 |            0 |    +5.4% |  -0.140 | -16.401 | _9149_/D
      190 |       0 |     235 |            0 |    +5.6% |  -0.140 | -14.867 | _9326_/D
      200 |       0 |     250 |            0 |    +5.8% |  -0.139 | -13.319 | _9338_/D
      210 |       0 |     261 |            0 |    +6.0% |  -0.139 | -12.207 | _9156_/D
      220 |       0 |     273 |            0 |    +6.2% |  -0.138 | -11.006 | _9294_/D
      230 |       0 |     286 |            0 |    +6.4% |  -0.138 |  -9.660 | _9153_/D
      240 |       0 |     297 |            0 |    +6.6% |  -0.137 |  -8.426 | _9089_/D
      250 |       0 |     311 |            0 |    +6.9% |  -0.136 |  -6.938 | _9259_/D
      260 |       0 |     323 |            0 |    +7.1% |  -0.136 |  -5.572 | _9257_/D
      270 |       0 |     338 |            0 |    +7.3% |  -0.135 |  -4.213 | _9110_/D
      280 |       0 |     348 |            0 |    +7.5% |  -0.133 |  -2.895 | _9139_/D
      290 |       0 |     358 |            0 |    +7.7% |  -0.131 |  -1.885 | _9345_/D
      300 |       0 |      12 |            0 |    +7.9% |  -0.118 |  -0.600 | _9254_/D
      310 |       0 |       8 |            0 |    +8.1% |  -0.058 |  -0.106 | _9232_/D
      320 |       0 |      10 |            0 |    +8.3% |   0.018 |   0.000 | _9202_/D
      330 |       0 |      20 |            0 |    +8.4% |   0.042 |   0.000 | _9209_/D
    final |       0 |      25 |            0 |    +8.5% |   0.103 |   0.000 | _9198_/D
--------------------------------------------------------------------------------------
[INFO RSZ-0032] Inserted 25 hold buffers.
+ detailed_placement -max_displacement  500 100 
Placement Analysis
---------------------------------
total displacement       3900.3 u
average displacement        0.5 u
max displacement           12.4 u
original HPWL          159857.7 u
legalized HPWL         165659.5 u
delta HPWL                    4 %

[INFO DPL-0020] Mirrored 2242 instances
[INFO DPL-0021] HPWL before          165659.5 u
[INFO DPL-0022] HPWL after           161353.9 u
[INFO DPL-0023] HPWL delta               -2.6 %
Setting global connections for newly added cells…
[INFO] Setting global connections...
[INFO ODB-0403] 2872 connections made, 0 conflicts skipped.
Updating metrics…
Cell type report:                       Count       Area
  Fill cell                               262     983.44
  Tap cell                               1795    2245.90
  Buffer                                  482    2172.08
  Clock buffer                             59     799.52
  Timing Repair Buffer                   1129    9395.26
  Inverter                                 97     381.62
  Clock inverter                           18     151.40
  Sequential cell                         332    8723.37
  Multi-Input combinational cell         3912   42680.93
  Total                                  8086   67533.52
Writing OpenROAD database to '/mnt/d/Learing_Python/GP/Submission_inshallah/runs/fir_filter_ASIC/37-openroad-resizertimingpostcts/fir_filter.odb'…
Writing netlist to '/mnt/d/Learing_Python/GP/Submission_inshallah/runs/fir_filter_ASIC/37-openroad-resizertimingpostcts/fir_filter.nl.v'…
Writing powered netlist to '/mnt/d/Learing_Python/GP/Submission_inshallah/runs/fir_filter_ASIC/37-openroad-resizertimingpostcts/fir_filter.pnl.v'…
Writing layout to '/mnt/d/Learing_Python/GP/Submission_inshallah/runs/fir_filter_ASIC/37-openroad-resizertimingpostcts/fir_filter.def'…
Writing timing constraints to '/mnt/d/Learing_Python/GP/Submission_inshallah/runs/fir_filter_ASIC/37-openroad-resizertimingpostcts/fir_filter.sdc'…
