
===========================================================================
report_checks -unconstrained
===========================================================================
======================= max_ff_n40C_1v95 Corner ===================================

Startpoint: sample_in[5] (input port clocked by clk)
Endpoint: _9220_ (rising edge-triggered flip-flop clocked by clk)
Path Group: clk
Path Type: max

Fanout         Cap        Slew       Delay        Time   Description
---------------------------------------------------------------------------------------------
                                  0.000000    0.000000   clock clk (rise edge)
                                  0.000000    0.000000   clock network delay (propagated)
                                  4.000000    4.000000 ^ input external delay
     1    0.003927    0.000000    0.000000    4.000000 ^ sample_in[5] (in)
                                                         sample_in[5] (net)
                      0.000216    0.000110    4.000110 ^ input13/A (sky130_fd_sc_hd__clkbuf_4)
     2    0.043923    0.105951    0.129018    4.129128 ^ input13/X (sky130_fd_sc_hd__clkbuf_4)
                                                         net13 (net)
                      0.106739    0.007529    4.136657 ^ hold755/A (sky130_fd_sc_hd__dlygate4sd3_1)
     3    0.043462    0.328109    0.603667    4.740324 ^ hold755/X (sky130_fd_sc_hd__dlygate4sd3_1)
                                                         net755 (net)
                      0.328135    0.003220    4.743544 ^ fanout346/A (sky130_fd_sc_hd__dlygate4sd1_1)
     2    0.008629    0.069784    0.169974    4.913518 ^ fanout346/X (sky130_fd_sc_hd__dlygate4sd1_1)
                                                         net346 (net)
                      0.069787    0.000516    4.914034 ^ wire347/A (sky130_fd_sc_hd__clkbuf_4)
     7    0.058931    0.138278    0.172713    5.086747 ^ wire347/X (sky130_fd_sc_hd__clkbuf_4)
                                                         net347 (net)
                      0.138799    0.007096    5.093843 ^ fanout344/A (sky130_fd_sc_hd__buf_2)
     9    0.049293    0.181802    0.200016    5.293859 ^ fanout344/X (sky130_fd_sc_hd__buf_2)
                                                         net344 (net)
                      0.181879    0.003180    5.297039 ^ load_slew345/A (sky130_fd_sc_hd__buf_4)
     8    0.047582    0.103946    0.150822    5.447861 ^ load_slew345/X (sky130_fd_sc_hd__buf_4)
                                                         net345 (net)
                      0.104062    0.002947    5.450808 ^ _5316_/B (sky130_fd_sc_hd__and2_2)
     3    0.019523    0.081996    0.143893    5.594701 ^ _5316_/X (sky130_fd_sc_hd__and2_2)
                                                         _0774_ (net)
                      0.082018    0.001326    5.596027 ^ _6417_/B1 (sky130_fd_sc_hd__a21oi_4)
     4    0.020553    0.090876    0.033392    5.629420 v _6417_/Y (sky130_fd_sc_hd__a21oi_4)
                                                         _1868_ (net)
                      0.090922    0.001573    5.630993 v _6418_/B (sky130_fd_sc_hd__xnor2_2)
     3    0.019984    0.216456    0.205465    5.836457 ^ _6418_/Y (sky130_fd_sc_hd__xnor2_2)
                                                         _1869_ (net)
                      0.216468    0.001292    5.837749 ^ _6478_/S (sky130_fd_sc_hd__mux2_2)
     1    0.002863    0.033287    0.210995    6.048744 v _6478_/X (sky130_fd_sc_hd__mux2_2)
                                                         _1928_ (net)
                      0.033287    0.000181    6.048925 v _6479_/B1 (sky130_fd_sc_hd__a2bb2o_2)
     2    0.024045    0.066559    0.204051    6.252975 v _6479_/X (sky130_fd_sc_hd__a2bb2o_2)
                                                         _1929_ (net)
                      0.066686    0.002600    6.255575 v _6493_/B (sky130_fd_sc_hd__xnor2_4)
     2    0.018589    0.068851    0.111760    6.367335 v _6493_/Y (sky130_fd_sc_hd__xnor2_4)
                                                         _1943_ (net)
                      0.068854    0.000825    6.368160 v _6494_/B (sky130_fd_sc_hd__xnor2_4)
     1    0.016352    0.054487    0.109635    6.477796 v _6494_/Y (sky130_fd_sc_hd__xnor2_4)
                                                         _1944_ (net)
                      0.054496    0.001299    6.479095 v _6495_/A (sky130_fd_sc_hd__xnor2_4)
     3    0.024931    0.178057    0.186704    6.665800 ^ _6495_/Y (sky130_fd_sc_hd__xnor2_4)
                                                         _1945_ (net)
                      0.178138    0.001667    6.667466 ^ _6506_/B (sky130_fd_sc_hd__xnor2_4)
     4    0.012210    0.052904    0.053013    6.720479 v _6506_/Y (sky130_fd_sc_hd__xnor2_4)
                                                         _1956_ (net)
                      0.052904    0.000104    6.720583 v rebuffer657/A (sky130_fd_sc_hd__buf_2)
     2    0.012426    0.032314    0.099193    6.819776 v rebuffer657/X (sky130_fd_sc_hd__buf_2)
                                                         net657 (net)
                      0.032372    0.001230    6.821006 v _6783_/A2 (sky130_fd_sc_hd__o21ai_4)
     2    0.013951    0.113901    0.111090    6.932096 ^ _6783_/Y (sky130_fd_sc_hd__o21ai_4)
                                                         _2232_ (net)
                      0.113902    0.000712    6.932807 ^ _6785_/A (sky130_fd_sc_hd__or2b_4)
     1    0.009671    0.032896    0.097558    7.030366 ^ _6785_/X (sky130_fd_sc_hd__or2b_4)
                                                         _2234_ (net)
                      0.032937    0.000782    7.031147 ^ _6787_/B1 (sky130_fd_sc_hd__a221oi_4)
     2    0.011618    0.052071    0.038789    7.069937 v _6787_/Y (sky130_fd_sc_hd__a221oi_4)
                                                         _2236_ (net)
                      0.052073    0.000579    7.070516 v max_cap56/A (sky130_fd_sc_hd__clkbuf_2)
     2    0.009292    0.031756    0.089405    7.159920 v max_cap56/X (sky130_fd_sc_hd__clkbuf_2)
                                                         net56 (net)
                      0.031771    0.000660    7.160580 v _7150_/A (sky130_fd_sc_hd__or2_2)
     1    0.003540    0.037832    0.174241    7.334821 v _7150_/X (sky130_fd_sc_hd__or2_2)
                                                         _2597_ (net)
                      0.037832    0.000229    7.335051 v _7151_/B2 (sky130_fd_sc_hd__a22o_2)
     1    0.006221    0.030824    0.115484    7.450535 v _7151_/X (sky130_fd_sc_hd__a22o_2)
                                                         _2598_ (net)
                      0.030824    0.000453    7.450988 v _7152_/C1 (sky130_fd_sc_hd__o221a_4)
     3    0.016855    0.045187    0.082860    7.533847 v _7152_/X (sky130_fd_sc_hd__o221a_4)
                                                         _2599_ (net)
                      0.045255    0.001587    7.535435 v _7510_/A (sky130_fd_sc_hd__or2_4)
     1    0.006073    0.034680    0.160826    7.696261 v _7510_/X (sky130_fd_sc_hd__or2_4)
                                                         _2955_ (net)
                      0.034680    0.000292    7.696553 v _7511_/B2 (sky130_fd_sc_hd__a22o_4)
     1    0.008834    0.027784    0.111953    7.808506 v _7511_/X (sky130_fd_sc_hd__a22o_4)
                                                         _2956_ (net)
                      0.027784    0.000697    7.809203 v _7512_/C1 (sky130_fd_sc_hd__o221ai_4)
     2    0.009825    0.129851    0.044425    7.853628 ^ _7512_/Y (sky130_fd_sc_hd__o221ai_4)
                                                         _2957_ (net)
                      0.129853    0.000734    7.854362 ^ _7652_/A2 (sky130_fd_sc_hd__a21oi_2)
     2    0.007907    0.042334    0.051549    7.905911 v _7652_/Y (sky130_fd_sc_hd__a21oi_2)
                                                         _3096_ (net)
                      0.042362    0.000576    7.906487 v max_cap42/A (sky130_fd_sc_hd__buf_6)
     4    0.024756    0.027265    0.091531    7.998018 v max_cap42/X (sky130_fd_sc_hd__buf_6)
                                                         net42 (net)
                      0.027681    0.002514    8.000531 v rebuffer679/A (sky130_fd_sc_hd__buf_4)
     3    0.014911    0.028544    0.095069    8.095600 v rebuffer679/X (sky130_fd_sc_hd__buf_4)
                                                         net679 (net)
                      0.028568    0.000783    8.096383 v _7854_/A1 (sky130_fd_sc_hd__a21o_4)
     1    0.009885    0.029589    0.131277    8.227660 v _7854_/X (sky130_fd_sc_hd__a21o_4)
                                                         _3296_ (net)
                      0.029589    0.000777    8.228437 v _7859_/A1 (sky130_fd_sc_hd__a211oi_4)
     2    0.010533    0.159098    0.163890    8.392328 ^ _7859_/Y (sky130_fd_sc_hd__a211oi_4)
                                                         _3301_ (net)
                      0.159100    0.000970    8.393298 ^ _8207_/B1_N (sky130_fd_sc_hd__o21bai_4)
     1    0.006844    0.081613    0.098504    8.491802 ^ _8207_/Y (sky130_fd_sc_hd__o21bai_4)
                                                         _3647_ (net)
                      0.081614    0.000515    8.492317 ^ _8208_/B2 (sky130_fd_sc_hd__a22o_4)
     1    0.010588    0.036387    0.082261    8.574578 ^ _8208_/X (sky130_fd_sc_hd__a22o_4)
                                                         _3648_ (net)
                      0.036426    0.000827    8.575405 ^ _8209_/B1 (sky130_fd_sc_hd__o21ai_4)
     1    0.060776    0.125504    0.067796    8.643201 v _8209_/Y (sky130_fd_sc_hd__o21ai_4)
                                                         _3649_ (net)
                      0.126647    0.009696    8.652897 v _8210_/A (sky130_fd_sc_hd__nand2_4)
     2    0.016852    0.058487    0.092072    8.744969 ^ _8210_/Y (sky130_fd_sc_hd__nand2_4)
                                                         _3650_ (net)
                      0.058559    0.001344    8.746313 ^ _8211_/A (sky130_fd_sc_hd__buf_8)
     4    0.047016    0.064222    0.095810    8.842124 ^ _8211_/X (sky130_fd_sc_hd__buf_8)
                                                         _3651_ (net)
                      0.064808    0.004992    8.847116 ^ _8212_/B1 (sky130_fd_sc_hd__o21ai_2)
     1    0.008767    0.046496    0.035003    8.882119 v _8212_/Y (sky130_fd_sc_hd__o21ai_2)
                                                         _3652_ (net)
                      0.046509    0.000607    8.882726 v _8213_/A1 (sky130_fd_sc_hd__mux2_2)
     1    0.002645    0.032808    0.145027    9.027753 v _8213_/X (sky130_fd_sc_hd__mux2_2)
                                                         _3653_ (net)
                      0.032808    0.000183    9.027936 v _8214_/A (sky130_fd_sc_hd__buf_1)
     1    0.002812    0.018553    0.058423    9.086359 v _8214_/X (sky130_fd_sc_hd__buf_1)
                                                         _0201_ (net)
                      0.018553    0.000118    9.086476 v _9220_/D (sky130_fd_sc_hd__dfrtp_2)
                                              9.086476   data arrival time

                                 20.000000   20.000000   clock clk (rise edge)
                                  0.000000   20.000000   clock source latency
     1    0.058210    0.150000    0.000000   20.000000 ^ clk (in)
                                                         clk (net)
                      0.161024    0.005402   20.005402 ^ clkbuf_0_clk/A (sky130_fd_sc_hd__clkbuf_16)
     4    0.092584    0.084659    0.149802   20.155205 ^ clkbuf_0_clk/X (sky130_fd_sc_hd__clkbuf_16)
                                                         clknet_0_clk (net)
                      0.085345    0.005924   20.161129 ^ clkbuf_2_3__f_clk/A (sky130_fd_sc_hd__clkbuf_16)
     8    0.120166    0.104839    0.148415   20.309544 ^ clkbuf_2_3__f_clk/X (sky130_fd_sc_hd__clkbuf_16)
                                                         clknet_2_3__leaf_clk (net)
                      0.105082    0.004105   20.313648 ^ clkbuf_leaf_31_clk/A (sky130_fd_sc_hd__clkbuf_8)
     7    0.039367    0.061087    0.123142   20.436790 ^ clkbuf_leaf_31_clk/X (sky130_fd_sc_hd__clkbuf_8)
                                                         clknet_leaf_31_clk (net)
                      0.061164    0.001187   20.437977 ^ _9220_/CLK (sky130_fd_sc_hd__dfrtp_2)
                                 -0.100000   20.337976   clock uncertainty
                                  0.000000   20.337976   clock reconvergence pessimism
                                 -0.066062   20.271915   library setup time
                                             20.271915   data required time
---------------------------------------------------------------------------------------------
                                             20.271915   data required time
                                             -9.086476   data arrival time
---------------------------------------------------------------------------------------------
                                             11.185438   slack (MET)




===========================================================================
report_checks --slack_max -0.01
============================================================================
======================= max_ff_n40C_1v95 Corner ===================================

No paths found.


===========================================================================
 report_check_types -max_slew -max_cap -max_fanout -violators
============================================================================
======================= max_ff_n40C_1v95 Corner ===================================

max fanout

Pin                                   Limit Fanout  Slack
---------------------------------------------------------
_9221_/Q                                 16     17        (VIOLATED)



===========================================================================
report_parasitic_annotation -report_unannotated
============================================================================
Found 32 unannotated drivers.
 clkload0/Y
 clkload1/Y
 clkload10/X
 clkload11/X
 clkload12/Y
 clkload13/Y
 clkload14/X
 clkload15/Y
 clkload16/X
 clkload17/X
 clkload18/Y
 clkload19/X
 clkload2/Y
 clkload20/Y
 clkload21/X
 clkload22/X
 clkload23/Y
 clkload24/Y
 clkload25/Y
 clkload26/Y
 clkload27/X
 clkload28/X
 clkload29/X
 clkload3/Y
 clkload30/Y
 clkload31/Y
 clkload4/X
 clkload5/X
 clkload6/X
 clkload7/Y
 clkload8/Y
 clkload9/Y
Found 0 partially unannotated drivers.

===========================================================================
max slew violation count 0
max fanout violation count 1
max cap violation count 0
============================================================================

===========================================================================
check_setup -verbose -unconstrained_endpoints -multiple_clock -no_clock -no_input_delay -loops -generated_clocks
===========================================================================
Warning: There is 1 input port missing set_input_delay.
  rst_n
