Clock: clk
Sources: clk 
Generated: no
Virtual: yes
Propagated: no
Period: 20.000000

===========================================================================
report_clock_properties
============================================================================
Clock                   Period          Waveform
----------------------------------------------------
clk                  20.000000    0.000000 10.000000

===========================================================================
report_clock_latency
============================================================================
Clock clk
rise -> rise
    min     max
0.000000 0.000000 source latency
0.429906         network latency _9218_/CLK
        0.505647 network latency _9333_/CLK
---------------
0.429906 0.505647 latency
        0.075740 skew

fall -> fall
    min     max
0.000000 0.000000 source latency
0.450293         network latency _9218_/CLK
        0.513273 network latency _9043_/CLK
---------------
0.450293 0.513273 latency
        0.062980 skew



===========================================================================
report_clock_min_period
============================================================================
clk period_min = 6.23 fmax = 160.56
