Reading timing models for corner max_tt_025C_1v80…
Reading timing library for the 'max_tt_025C_1v80' corner at '/home/alishawky/.ciel/ciel/sky130/versions/8afc8346a57fe1ab7934ba5a6056ea8b43078e71/sky130A/libs.ref/sky130_fd_sc_hd/lib/sky130_fd_sc_hd__tt_025C_1v80.lib'…
Reading timing models for corner min_ss_100C_1v60…
Reading timing library for the 'min_ss_100C_1v60' corner at '/home/alishawky/.ciel/ciel/sky130/versions/8afc8346a57fe1ab7934ba5a6056ea8b43078e71/sky130A/libs.ref/sky130_fd_sc_hd/lib/sky130_fd_sc_hd__ss_100C_1v60.lib'…
Reading timing models for corner nom_tt_025C_1v80…
Reading timing library for the 'nom_tt_025C_1v80' corner at '/home/alishawky/.ciel/ciel/sky130/versions/8afc8346a57fe1ab7934ba5a6056ea8b43078e71/sky130A/libs.ref/sky130_fd_sc_hd/lib/sky130_fd_sc_hd__tt_025C_1v80.lib'…
[WARNING STA-1140] /home/alishawky/.ciel/ciel/sky130/versions/8afc8346a57fe1ab7934ba5a6056ea8b43078e71/sky130A/libs.ref/sky130_fd_sc_hd/lib/sky130_fd_sc_hd__tt_025C_1v80.lib line 1, library sky130_fd_sc_hd__tt_025C_1v80 already exists.
Reading timing models for corner max_ff_n40C_1v95…
Reading timing library for the 'max_ff_n40C_1v95' corner at '/home/alishawky/.ciel/ciel/sky130/versions/8afc8346a57fe1ab7934ba5a6056ea8b43078e71/sky130A/libs.ref/sky130_fd_sc_hd/lib/sky130_fd_sc_hd__ff_n40C_1v95.lib'…
Reading timing models for corner nom_ff_n40C_1v95…
Reading timing library for the 'nom_ff_n40C_1v95' corner at '/home/alishawky/.ciel/ciel/sky130/versions/8afc8346a57fe1ab7934ba5a6056ea8b43078e71/sky130A/libs.ref/sky130_fd_sc_hd/lib/sky130_fd_sc_hd__ff_n40C_1v95.lib'…
[WARNING STA-1140] /home/alishawky/.ciel/ciel/sky130/versions/8afc8346a57fe1ab7934ba5a6056ea8b43078e71/sky130A/libs.ref/sky130_fd_sc_hd/lib/sky130_fd_sc_hd__ff_n40C_1v95.lib line 1, library sky130_fd_sc_hd__ff_n40C_1v95 already exists.
Reading timing models for corner max_ss_100C_1v60…
Reading timing library for the 'max_ss_100C_1v60' corner at '/home/alishawky/.ciel/ciel/sky130/versions/8afc8346a57fe1ab7934ba5a6056ea8b43078e71/sky130A/libs.ref/sky130_fd_sc_hd/lib/sky130_fd_sc_hd__ss_100C_1v60.lib'…
[WARNING STA-1140] /home/alishawky/.ciel/ciel/sky130/versions/8afc8346a57fe1ab7934ba5a6056ea8b43078e71/sky130A/libs.ref/sky130_fd_sc_hd/lib/sky130_fd_sc_hd__ss_100C_1v60.lib line 1, library sky130_fd_sc_hd__ss_100C_1v60 already exists.
Reading timing models for corner min_tt_025C_1v80…
Reading timing library for the 'min_tt_025C_1v80' corner at '/home/alishawky/.ciel/ciel/sky130/versions/8afc8346a57fe1ab7934ba5a6056ea8b43078e71/sky130A/libs.ref/sky130_fd_sc_hd/lib/sky130_fd_sc_hd__tt_025C_1v80.lib'…
[WARNING STA-1140] /home/alishawky/.ciel/ciel/sky130/versions/8afc8346a57fe1ab7934ba5a6056ea8b43078e71/sky130A/libs.ref/sky130_fd_sc_hd/lib/sky130_fd_sc_hd__tt_025C_1v80.lib line 1, library sky130_fd_sc_hd__tt_025C_1v80 already exists.
Reading timing models for corner nom_ss_100C_1v60…
Reading timing library for the 'nom_ss_100C_1v60' corner at '/home/alishawky/.ciel/ciel/sky130/versions/8afc8346a57fe1ab7934ba5a6056ea8b43078e71/sky130A/libs.ref/sky130_fd_sc_hd/lib/sky130_fd_sc_hd__ss_100C_1v60.lib'…
[WARNING STA-1140] /home/alishawky/.ciel/ciel/sky130/versions/8afc8346a57fe1ab7934ba5a6056ea8b43078e71/sky130A/libs.ref/sky130_fd_sc_hd/lib/sky130_fd_sc_hd__ss_100C_1v60.lib line 1, library sky130_fd_sc_hd__ss_100C_1v60 already exists.
Reading timing models for corner min_ff_n40C_1v95…
Reading timing library for the 'min_ff_n40C_1v95' corner at '/home/alishawky/.ciel/ciel/sky130/versions/8afc8346a57fe1ab7934ba5a6056ea8b43078e71/sky130A/libs.ref/sky130_fd_sc_hd/lib/sky130_fd_sc_hd__ff_n40C_1v95.lib'…
[WARNING STA-1140] /home/alishawky/.ciel/ciel/sky130/versions/8afc8346a57fe1ab7934ba5a6056ea8b43078e71/sky130A/libs.ref/sky130_fd_sc_hd/lib/sky130_fd_sc_hd__ff_n40C_1v95.lib line 1, library sky130_fd_sc_hd__ff_n40C_1v95 already exists.
Reading OpenROAD database at '/mnt/d/Learing_Python/GP/Submission_inshallah/runs/fir_filter_ASIC/28-openroad-globalplacement/fir_filter.odb'…
Reading design constraints file at '/mnt/d/Learing_Python/GP/Submission_inshallah/pnr.sdc'…
[INFO RSZ-0027] Inserted 18 sky130_fd_sc_hd__clkdlybuf4s25_1 input buffers.
[INFO RSZ-0028] Inserted 18 sky130_fd_sc_hd__clkdlybuf4s25_1 output buffers.
+ repair_design -verbose -max_wire_length 0 -slew_margin 20 -cap_margin 20
Iteration |   Area    | Resized | Buffers | Nets repaired | Remaining
---------------------------------------------------------------------
        0 |     +0.0% |       0 |       0 |             0 |      4891
       10 |     +0.0% |       0 |       0 |             0 |      4881
       20 |     +0.0% |       0 |       0 |             0 |      4871
       30 |     +0.0% |       0 |       0 |             0 |      4861
       40 |     +0.0% |       0 |       0 |             0 |      4851
       50 |     +0.0% |       0 |       0 |             0 |      4841
       60 |     +0.0% |       0 |       0 |             0 |      4831
       70 |     +0.0% |       0 |       0 |             0 |      4821
       80 |     +0.0% |       0 |       0 |             0 |      4811
       90 |     +0.0% |       0 |       0 |             0 |      4801
      100 |     +0.0% |       0 |       0 |             0 |      4791
      110 |     +0.0% |       0 |       0 |             0 |      4781
      120 |     +0.0% |       0 |       1 |             1 |      4771
      130 |     +0.0% |       0 |       1 |             1 |      4761
      140 |     +0.0% |       0 |       1 |             1 |      4751
      150 |     +0.0% |       0 |       1 |             1 |      4741
      160 |     +0.0% |       0 |       1 |             1 |      4731
      170 |     +0.0% |       0 |       1 |             1 |      4721
      180 |     +0.0% |       0 |       3 |             3 |      4711
      190 |     +0.0% |       0 |       3 |             3 |      4701
      200 |     +0.0% |       0 |       3 |             3 |      4691
      210 |     +0.0% |       0 |       3 |             3 |      4681
      220 |     +0.0% |       0 |       3 |             3 |      4671
      230 |     +0.0% |       0 |       3 |             3 |      4661
      240 |     +0.0% |       0 |       3 |             3 |      4651
      250 |     +0.0% |       0 |       4 |             4 |      4641
      260 |     +0.0% |       0 |       5 |             5 |      4631
      270 |     +0.0% |       0 |       5 |             5 |      4621
      280 |     +0.0% |       0 |       5 |             5 |      4611
      290 |     +0.0% |       0 |       5 |             5 |      4601
      300 |     +0.0% |       0 |       5 |             5 |      4591
      310 |     +0.0% |       0 |       5 |             5 |      4581
      320 |     +0.1% |       0 |       6 |             6 |      4571
      330 |     +0.1% |       0 |       6 |             6 |      4561
      340 |     +0.1% |       0 |       6 |             6 |      4551
      350 |     +0.1% |       0 |       6 |             6 |      4541
      360 |     +0.1% |       0 |       6 |             6 |      4531
      370 |     +0.1% |       0 |       6 |             6 |      4521
      380 |     +0.1% |       0 |       6 |             6 |      4511
      390 |     +0.1% |       0 |       6 |             6 |      4501
      400 |     +0.1% |       0 |       6 |             6 |      4491
      410 |     +0.1% |       0 |       6 |             6 |      4481
      420 |     +0.1% |       0 |       6 |             6 |      4471
      430 |     +0.1% |       0 |       6 |             6 |      4461
      440 |     +0.1% |       0 |       8 |             7 |      4451
      450 |     +0.1% |       0 |       8 |             7 |      4441
      460 |     +0.1% |       0 |       8 |             7 |      4431
      470 |     +0.1% |       0 |       8 |             7 |      4421
      480 |     +0.1% |       0 |       8 |             7 |      4411
      490 |     +0.1% |       0 |       8 |             7 |      4401
      500 |     +0.1% |       0 |       8 |             7 |      4391
      510 |     +0.1% |       0 |       9 |             8 |      4381
      520 |     +0.1% |       0 |       9 |             8 |      4371
      530 |     +0.1% |       0 |       9 |             8 |      4361
      540 |     +0.1% |       0 |       9 |             8 |      4351
      550 |     +0.1% |       0 |       9 |             8 |      4341
      560 |     +0.1% |       0 |       9 |             8 |      4331
      570 |     +0.1% |       0 |       9 |             8 |      4321
      580 |     +0.1% |       0 |       9 |             8 |      4311
      590 |     +0.1% |       0 |       9 |             8 |      4301
      600 |     +0.1% |       0 |       9 |             8 |      4291
      610 |     +0.1% |       0 |       9 |             8 |      4281
      620 |     +0.1% |       0 |       9 |             8 |      4271
      630 |     +0.1% |       0 |       9 |             8 |      4261
      640 |     +0.1% |       0 |      10 |             9 |      4251
      650 |     +0.1% |       0 |      10 |             9 |      4241
      660 |     +0.1% |       0 |      10 |             9 |      4231
      670 |     +0.1% |       0 |      10 |             9 |      4221
      680 |     +0.1% |       0 |      10 |             9 |      4211
      690 |     +0.1% |       0 |      12 |            10 |      4201
      700 |     +0.1% |       0 |      12 |            10 |      4191
      710 |     +0.1% |       0 |      13 |            11 |      4181
      720 |     +0.1% |       0 |      13 |            11 |      4171
      730 |     +0.1% |       0 |      13 |            11 |      4161
      740 |     +0.1% |       0 |      13 |            11 |      4151
      750 |     +0.1% |       0 |      13 |            11 |      4141
      760 |     +0.1% |       0 |      13 |            11 |      4131
      770 |     +0.1% |       0 |      13 |            11 |      4121
      780 |     +0.1% |       0 |      13 |            11 |      4111
      790 |     +0.1% |       0 |      13 |            11 |      4101
      800 |     +0.1% |       0 |      14 |            12 |      4091
      810 |     +0.1% |       0 |      14 |            12 |      4081
      820 |     +0.1% |       0 |      14 |            12 |      4071
      830 |     +0.1% |       0 |      14 |            12 |      4061
      840 |     +0.1% |       0 |      14 |            12 |      4051
      850 |     +0.1% |       0 |      14 |            12 |      4041
      860 |     +0.1% |       0 |      14 |            12 |      4031
      870 |     +0.2% |       0 |      15 |            13 |      4021
      880 |     +0.2% |       0 |      15 |            13 |      4011
      890 |     +0.2% |       0 |      15 |            13 |      4001
      900 |     +0.2% |       0 |      15 |            13 |      3991
      910 |     +0.2% |       0 |      15 |            13 |      3981
      920 |     +0.2% |       0 |      15 |            13 |      3971
      930 |     +0.2% |       0 |      15 |            13 |      3961
      940 |     +0.2% |       0 |      15 |            13 |      3951
      950 |     +0.2% |       0 |      15 |            13 |      3941
      960 |     +0.2% |       0 |      15 |            13 |      3931
      970 |     +0.2% |       0 |      15 |            13 |      3921
      980 |     +0.2% |       0 |      15 |            13 |      3911
      990 |     +0.2% |       0 |      15 |            13 |      3901
     1000 |     +0.2% |       0 |      15 |            13 |      3891
     1010 |     +0.2% |       0 |      15 |            13 |      3881
     1020 |     +0.2% |       1 |      16 |            14 |      3871
     1030 |     +0.2% |       1 |      17 |            15 |      3861
     1040 |     +0.2% |       1 |      17 |            15 |      3851
     1050 |     +0.2% |       1 |      18 |            16 |      3841
     1060 |     +0.2% |       1 |      18 |            16 |      3831
     1070 |     +0.2% |       1 |      18 |            16 |      3821
     1080 |     +0.2% |       1 |      18 |            16 |      3811
     1090 |     +0.2% |       1 |      18 |            16 |      3801
     1100 |     +0.2% |       1 |      18 |            16 |      3791
     1110 |     +0.2% |       1 |      19 |            17 |      3781
     1120 |     +0.2% |       1 |      20 |            18 |      3771
     1130 |     +0.2% |       1 |      20 |            18 |      3761
     1140 |     +0.2% |       1 |      20 |            18 |      3751
     1150 |     +0.2% |       1 |      20 |            18 |      3741
     1160 |     +0.2% |       1 |      20 |            18 |      3731
     1170 |     +0.2% |       1 |      20 |            18 |      3721
     1180 |     +0.2% |       1 |      20 |            18 |      3711
     1190 |     +0.2% |       2 |      20 |            19 |      3701
     1200 |     +0.2% |       3 |      21 |            20 |      3691
     1210 |     +0.2% |       4 |      22 |            21 |      3681
     1220 |     +0.2% |       4 |      22 |            21 |      3671
     1230 |     +0.2% |       4 |      22 |            21 |      3661
     1240 |     +0.2% |       4 |      22 |            21 |      3651
     1250 |     +0.2% |       4 |      22 |            21 |      3641
     1260 |     +0.2% |       4 |      22 |            21 |      3631
     1270 |     +0.2% |       4 |      22 |            21 |      3621
     1280 |     +0.2% |       4 |      22 |            21 |      3611
     1290 |     +0.2% |       4 |      22 |            21 |      3601
     1300 |     +0.2% |       4 |      22 |            21 |      3591
     1310 |     +0.2% |       4 |      22 |            21 |      3581
     1320 |     +0.2% |       4 |      22 |            21 |      3571
     1330 |     +0.2% |       4 |      22 |            21 |      3561
     1340 |     +0.2% |       4 |      22 |            21 |      3551
     1350 |     +0.2% |       4 |      22 |            21 |      3541
     1360 |     +0.2% |       4 |      22 |            21 |      3531
     1370 |     +0.2% |       4 |      22 |            21 |      3521
     1380 |     +0.2% |       4 |      22 |            21 |      3511
     1390 |     +0.2% |       4 |      23 |            22 |      3501
     1400 |     +0.2% |       5 |      24 |            23 |      3491
     1410 |     +0.2% |       5 |      24 |            23 |      3481
     1420 |     +0.2% |       5 |      24 |            23 |      3471
     1430 |     +0.2% |       5 |      24 |            23 |      3461
     1440 |     +0.3% |       6 |      25 |            24 |      3451
     1450 |     +0.3% |       6 |      25 |            24 |      3441
     1460 |     +0.3% |       6 |      25 |            24 |      3431
     1470 |     +0.3% |       6 |      25 |            24 |      3421
     1480 |     +0.3% |       6 |      25 |            24 |      3411
     1490 |     +0.3% |       6 |      25 |            24 |      3401
     1500 |     +0.3% |       6 |      25 |            24 |      3391
     1510 |     +0.3% |       6 |      25 |            24 |      3381
     1520 |     +0.3% |       6 |      25 |            24 |      3371
     1530 |     +0.3% |       6 |      25 |            24 |      3361
     1540 |     +0.3% |       6 |      25 |            24 |      3351
     1550 |     +0.3% |       6 |      25 |            24 |      3341
     1560 |     +0.3% |       6 |      26 |            25 |      3331
     1570 |     +0.3% |       6 |      26 |            25 |      3321
     1580 |     +0.3% |       6 |      27 |            26 |      3311
     1590 |     +0.3% |       6 |      27 |            26 |      3301
     1600 |     +0.3% |       8 |      28 |            28 |      3291
     1610 |     +0.3% |       8 |      28 |            28 |      3281
     1620 |     +0.3% |       8 |      28 |            28 |      3271
     1630 |     +0.3% |       9 |      29 |            29 |      3261
     1640 |     +0.3% |       9 |      29 |            29 |      3251
     1650 |     +0.3% |      11 |      31 |            31 |      3241
     1660 |     +0.3% |      11 |      31 |            31 |      3231
     1670 |     +0.3% |      11 |      31 |            31 |      3221
     1680 |     +0.3% |      11 |      31 |            31 |      3211
     1690 |     +0.3% |      11 |      31 |            31 |      3201
     1700 |     +0.3% |      11 |      31 |            31 |      3191
     1710 |     +0.3% |      11 |      31 |            31 |      3181
     1720 |     +0.3% |      11 |      31 |            31 |      3171
     1730 |     +0.3% |      11 |      31 |            31 |      3161
     1740 |     +0.3% |      11 |      31 |            31 |      3151
     1750 |     +0.3% |      11 |      31 |            31 |      3141
     1760 |     +0.3% |      11 |      31 |            31 |      3131
     1770 |     +0.3% |      11 |      31 |            31 |      3121
     1780 |     +0.3% |      11 |      31 |            31 |      3111
     1790 |     +0.3% |      11 |      31 |            31 |      3101
     1800 |     +0.3% |      11 |      31 |            31 |      3091
     1810 |     +0.3% |      11 |      31 |            31 |      3081
     1820 |     +0.3% |      11 |      31 |            31 |      3071
     1830 |     +0.3% |      11 |      31 |            31 |      3061
     1840 |     +0.3% |      11 |      31 |            31 |      3051
     1850 |     +0.3% |      13 |      34 |            33 |      3041
     1860 |     +0.3% |      13 |      34 |            33 |      3031
     1870 |     +0.3% |      14 |      34 |            34 |      3021
     1880 |     +0.3% |      14 |      34 |            34 |      3011
     1890 |     +0.4% |      18 |      37 |            38 |      3001
     1900 |     +0.4% |      18 |      37 |            38 |      2991
     1910 |     +0.4% |      18 |      37 |            38 |      2981
     1920 |     +0.4% |      18 |      37 |            38 |      2971
     1930 |     +0.4% |      18 |      37 |            38 |      2961
     1940 |     +0.4% |      18 |      37 |            38 |      2951
     1950 |     +0.4% |      18 |      37 |            38 |      2941
     1960 |     +0.4% |      18 |      37 |            38 |      2931
     1970 |     +0.4% |      18 |      37 |            38 |      2921
     1980 |     +0.4% |      18 |      37 |            38 |      2911
     1990 |     +0.4% |      18 |      37 |            38 |      2901
     2000 |     +0.4% |      18 |      37 |            38 |      2891
     2010 |     +0.4% |      18 |      37 |            38 |      2881
     2020 |     +0.4% |      18 |      37 |            38 |      2871
     2030 |     +0.4% |      18 |      38 |            39 |      2861
     2040 |     +0.4% |      18 |      38 |            39 |      2851
     2050 |     +0.4% |      18 |      40 |            41 |      2841
     2060 |     +0.4% |      18 |      40 |            41 |      2831
     2070 |     +0.4% |      18 |      40 |            41 |      2821
     2080 |     +0.4% |      19 |      40 |            42 |      2811
     2090 |     +0.4% |      19 |      40 |            42 |      2801
     2100 |     +0.4% |      19 |      40 |            42 |      2791
     2110 |     +0.4% |      19 |      40 |            42 |      2781
     2120 |     +0.4% |      19 |      40 |            42 |      2771
     2130 |     +0.4% |      19 |      40 |            42 |      2761
     2140 |     +0.4% |      19 |      40 |            42 |      2751
     2150 |     +0.4% |      19 |      40 |            42 |      2741
     2160 |     +0.4% |      19 |      40 |            42 |      2731
     2170 |     +0.4% |      19 |      40 |            42 |      2721
     2180 |     +0.4% |      19 |      40 |            42 |      2711
     2190 |     +0.4% |      19 |      40 |            42 |      2701
     2200 |     +0.4% |      19 |      40 |            42 |      2691
     2210 |     +0.4% |      19 |      41 |            43 |      2681
     2220 |     +0.4% |      19 |      41 |            44 |      2671
     2230 |     +0.4% |      20 |      42 |            45 |      2661
     2240 |     +0.4% |      20 |      42 |            45 |      2651
     2250 |     +0.4% |      20 |      42 |            45 |      2641
     2260 |     +0.5% |      23 |      45 |            48 |      2631
     2270 |     +0.5% |      23 |      45 |            48 |      2621
     2280 |     +0.5% |      24 |      45 |            49 |      2611
     2290 |     +0.5% |      24 |      45 |            49 |      2601
     2300 |     +0.5% |      25 |      45 |            50 |      2591
     2310 |     +0.5% |      25 |      45 |            50 |      2581
     2320 |     +0.5% |      25 |      45 |            50 |      2571
     2330 |     +0.5% |      25 |      45 |            50 |      2561
     2340 |     +0.5% |      25 |      46 |            51 |      2551
     2350 |     +0.5% |      25 |      47 |            52 |      2541
     2360 |     +0.5% |      25 |      47 |            52 |      2531
     2370 |     +0.5% |      25 |      47 |            52 |      2521
     2380 |     +0.5% |      25 |      47 |            52 |      2511
     2390 |     +0.5% |      25 |      47 |            52 |      2501
     2400 |     +0.5% |      25 |      47 |            52 |      2491
     2410 |     +0.5% |      25 |      47 |            52 |      2481
     2420 |     +0.5% |      25 |      47 |            52 |      2471
     2430 |     +0.5% |      25 |      47 |            52 |      2461
     2440 |     +0.5% |      26 |      47 |            53 |      2451
     2450 |     +0.5% |      27 |      48 |            54 |      2441
     2460 |     +0.5% |      27 |      48 |            54 |      2431
     2470 |     +0.5% |      27 |      48 |            54 |      2421
     2480 |     +0.5% |      28 |      49 |            55 |      2411
     2490 |     +0.5% |      28 |      49 |            55 |      2401
     2500 |     +0.5% |      28 |      49 |            55 |      2391
     2510 |     +0.5% |      28 |      49 |            55 |      2381
     2520 |     +0.5% |      28 |      49 |            55 |      2371
     2530 |     +0.5% |      28 |      49 |            55 |      2361
     2540 |     +0.5% |      28 |      49 |            55 |      2351
     2550 |     +0.5% |      28 |      49 |            55 |      2341
     2560 |     +0.5% |      28 |      49 |            55 |      2331
     2570 |     +0.5% |      28 |      49 |            55 |      2321
     2580 |     +0.5% |      28 |      49 |            55 |      2311
     2590 |     +0.5% |      28 |      49 |            55 |      2301
     2600 |     +0.5% |      28 |      49 |            55 |      2291
     2610 |     +0.5% |      28 |      49 |            55 |      2281
     2620 |     +0.5% |      28 |      49 |            55 |      2271
     2630 |     +0.5% |      28 |      49 |            55 |      2261
     2640 |     +0.5% |      28 |      49 |            55 |      2251
     2650 |     +0.5% |      28 |      49 |            55 |      2241
     2660 |     +0.5% |      28 |      49 |            55 |      2231
     2670 |     +0.5% |      28 |      49 |            55 |      2221
     2680 |     +0.5% |      28 |      49 |            55 |      2211
     2690 |     +0.5% |      28 |      49 |            55 |      2201
     2700 |     +0.5% |      28 |      49 |            55 |      2191
     2710 |     +0.5% |      28 |      49 |            55 |      2181
     2720 |     +0.5% |      28 |      49 |            55 |      2171
     2730 |     +0.5% |      28 |      49 |            55 |      2161
     2740 |     +0.5% |      28 |      49 |            55 |      2151
     2750 |     +0.5% |      28 |      49 |            55 |      2141
     2760 |     +0.5% |      29 |      50 |            56 |      2131
     2770 |     +0.5% |      30 |      51 |            57 |      2121
     2780 |     +0.6% |      31 |      52 |            58 |      2111
     2790 |     +0.6% |      31 |      52 |            58 |      2101
     2800 |     +0.6% |      31 |      52 |            58 |      2091
     2810 |     +0.6% |      31 |      52 |            58 |      2081
     2820 |     +0.6% |      31 |      52 |            58 |      2071
     2830 |     +0.6% |      33 |      55 |            61 |      2061
     2840 |     +0.6% |      33 |      55 |            61 |      2051
     2850 |     +0.6% |      34 |      55 |            62 |      2041
     2860 |     +0.6% |      35 |      55 |            63 |      2031
     2870 |     +0.6% |      37 |      58 |            66 |      2021
     2880 |     +0.6% |      37 |      59 |            67 |      2011
     2890 |     +0.7% |      40 |      61 |            70 |      2001
     2900 |     +0.7% |      40 |      61 |            70 |      1991
     2910 |     +0.7% |      41 |      61 |            71 |      1981
     2920 |     +0.7% |      42 |      61 |            72 |      1971
     2930 |     +0.7% |      43 |      61 |            73 |      1961
     2940 |     +0.7% |      43 |      61 |            73 |      1951
     2950 |     +0.7% |      44 |      63 |            75 |      1941
     2960 |     +0.7% |      44 |      64 |            76 |      1931
     2970 |     +0.7% |      45 |      64 |            77 |      1921
     2980 |     +0.7% |      50 |      67 |            82 |      1911
     2990 |     +0.7% |      50 |      67 |            82 |      1901
     3000 |     +0.7% |      50 |      67 |            82 |      1891
     3010 |     +0.7% |      50 |      67 |            82 |      1881
     3020 |     +0.7% |      50 |      67 |            82 |      1871
     3030 |     +0.7% |      50 |      67 |            82 |      1861
     3040 |     +0.7% |      50 |      67 |            82 |      1851
     3050 |     +0.7% |      50 |      67 |            82 |      1841
     3060 |     +0.7% |      50 |      67 |            82 |      1831
     3070 |     +0.7% |      50 |      67 |            82 |      1821
     3080 |     +0.7% |      50 |      67 |            82 |      1811
     3090 |     +0.7% |      50 |      67 |            82 |      1801
     3100 |     +0.7% |      50 |      67 |            82 |      1791
     3110 |     +0.7% |      50 |      67 |            82 |      1781
     3120 |     +0.7% |      50 |      67 |            82 |      1771
     3130 |     +0.7% |      50 |      67 |            82 |      1761
     3140 |     +0.7% |      50 |      67 |            82 |      1751
     3150 |     +0.7% |      51 |      67 |            83 |      1741
     3160 |     +0.8% |      59 |      69 |            91 |      1731
     3170 |     +0.8% |      59 |      69 |            91 |      1721
     3180 |     +0.8% |      60 |      70 |            92 |      1711
     3190 |     +0.8% |      60 |      70 |            92 |      1701
     3200 |     +0.8% |      60 |      70 |            92 |      1691
     3210 |     +0.8% |      60 |      70 |            92 |      1681
     3220 |     +0.8% |      60 |      70 |            92 |      1671
     3230 |     +0.8% |      60 |      70 |            92 |      1661
     3240 |     +0.8% |      60 |      70 |            92 |      1651
     3250 |     +0.8% |      60 |      71 |            93 |      1641
     3260 |     +0.8% |      60 |      71 |            93 |      1631
     3270 |     +0.8% |      60 |      71 |            93 |      1621
     3280 |     +0.8% |      60 |      71 |            93 |      1611
     3290 |     +0.8% |      61 |      71 |            94 |      1601
     3300 |     +0.8% |      61 |      71 |            94 |      1591
     3310 |     +0.8% |      61 |      72 |            95 |      1581
     3320 |     +0.8% |      63 |      73 |            97 |      1571
     3330 |     +0.8% |      64 |      73 |            98 |      1561
     3340 |     +0.8% |      66 |      73 |           100 |      1551
     3350 |     +0.9% |      69 |      76 |           104 |      1541
     3360 |     +0.9% |      79 |      76 |           114 |      1531
     3370 |     +0.9% |      85 |      76 |           120 |      1521
     3380 |     +0.9% |      87 |      77 |           122 |      1511
     3390 |     +0.9% |      88 |      78 |           123 |      1501
     3400 |     +0.9% |      89 |      79 |           124 |      1491
     3410 |     +0.9% |      89 |      79 |           124 |      1481
     3420 |     +0.9% |      89 |      79 |           124 |      1471
     3430 |     +0.9% |      89 |      79 |           124 |      1461
     3440 |     +0.9% |      89 |      79 |           124 |      1451
     3450 |     +0.9% |      89 |      81 |           125 |      1441
     3460 |     +0.9% |      89 |      81 |           125 |      1431
     3470 |     +1.0% |      92 |      84 |           128 |      1421
     3480 |     +1.0% |      95 |      87 |           131 |      1411
     3490 |     +1.0% |      97 |      88 |           133 |      1401
     3500 |     +1.1% |     103 |      91 |           139 |      1391
     3510 |     +1.1% |     106 |      96 |           145 |      1381
     3520 |     +1.2% |     111 |     101 |           151 |      1371
     3530 |     +1.2% |     113 |     102 |           153 |      1361
     3540 |     +1.2% |     113 |     102 |           153 |      1351
     3550 |     +1.2% |     114 |     103 |           154 |      1341
     3560 |     +1.2% |     114 |     103 |           154 |      1331
     3570 |     +1.3% |     116 |     106 |           156 |      1321
     3580 |     +1.3% |     117 |     108 |           157 |      1311
     3590 |     +1.4% |     117 |     110 |           158 |      1301
     3600 |     +1.4% |     119 |     115 |           161 |      1291
     3610 |     +1.4% |     121 |     116 |           164 |      1281
     3620 |     +1.5% |     122 |     117 |           165 |      1271
     3630 |     +1.5% |     124 |     119 |           168 |      1261
     3640 |     +1.6% |     127 |     125 |           173 |      1251
     3650 |     +1.6% |     129 |     128 |           177 |      1241
     3660 |     +1.6% |     130 |     128 |           178 |      1231
     3670 |     +1.6% |     130 |     128 |           178 |      1221
     3680 |     +1.6% |     130 |     128 |           178 |      1211
     3690 |     +1.6% |     130 |     128 |           178 |      1201
     3700 |     +1.7% |     130 |     129 |           179 |      1191
     3710 |     +1.7% |     130 |     130 |           180 |      1181
     3720 |     +1.7% |     130 |     130 |           180 |      1171
     3730 |     +1.7% |     130 |     130 |           180 |      1161
     3740 |     +1.7% |     130 |     130 |           180 |      1151
     3750 |     +1.7% |     130 |     130 |           180 |      1141
     3760 |     +1.7% |     130 |     130 |           180 |      1131
     3770 |     +1.7% |     130 |     130 |           180 |      1121
     3780 |     +1.7% |     131 |     131 |           181 |      1111
     3790 |     +1.7% |     131 |     132 |           182 |      1101
     3800 |     +1.8% |     132 |     135 |           185 |      1091
     3810 |     +1.8% |     132 |     135 |           185 |      1081
     3820 |     +1.8% |     133 |     136 |           186 |      1071
     3830 |     +1.8% |     133 |     136 |           186 |      1061
     3840 |     +1.8% |     134 |     138 |           187 |      1051
     3850 |     +1.8% |     134 |     138 |           187 |      1041
     3860 |     +1.8% |     134 |     138 |           187 |      1031
     3870 |     +1.8% |     134 |     138 |           187 |      1021
     3880 |     +1.8% |     134 |     138 |           187 |      1011
     3890 |     +1.8% |     135 |     139 |           188 |      1001
     3900 |     +1.8% |     135 |     139 |           188 |       991
     3910 |     +1.8% |     135 |     139 |           188 |       981
     3920 |     +1.8% |     135 |     139 |           188 |       971
     3930 |     +1.8% |     135 |     139 |           188 |       961
     3940 |     +1.8% |     135 |     139 |           188 |       951
     3950 |     +1.8% |     135 |     139 |           188 |       941
     3960 |     +1.8% |     135 |     139 |           188 |       931
     3970 |     +1.8% |     135 |     139 |           188 |       921
     3980 |     +1.8% |     135 |     140 |           189 |       911
     3990 |     +1.8% |     135 |     141 |           190 |       901
     4000 |     +1.8% |     135 |     141 |           190 |       891
     4010 |     +1.8% |     136 |     142 |           191 |       881
     4020 |     +1.8% |     137 |     142 |           192 |       871
     4030 |     +1.9% |     138 |     143 |           193 |       861
     4040 |     +1.9% |     140 |     144 |           195 |       851
     4050 |     +1.9% |     140 |     144 |           195 |       841
     4060 |     +1.9% |     140 |     144 |           195 |       831
     4070 |     +1.9% |     140 |     144 |           195 |       821
     4080 |     +1.9% |     141 |     146 |           197 |       811
     4090 |     +1.9% |     141 |     146 |           197 |       801
     4100 |     +1.9% |     142 |     148 |           198 |       791
     4110 |     +1.9% |     142 |     148 |           198 |       781
     4120 |     +1.9% |     142 |     148 |           198 |       771
     4130 |     +1.9% |     142 |     148 |           198 |       761
     4140 |     +1.9% |     142 |     148 |           198 |       751
     4150 |     +1.9% |     142 |     148 |           198 |       741
     4160 |     +1.9% |     142 |     148 |           198 |       731
     4170 |     +1.9% |     143 |     149 |           199 |       721
     4180 |     +2.0% |     145 |     151 |           201 |       711
     4190 |     +2.0% |     146 |     152 |           202 |       701
     4200 |     +2.0% |     150 |     157 |           207 |       691
     4210 |     +2.1% |     151 |     158 |           208 |       681
     4220 |     +2.1% |     151 |     158 |           208 |       671
     4230 |     +2.1% |     151 |     158 |           208 |       661
     4240 |     +2.1% |     151 |     160 |           210 |       651
     4250 |     +2.1% |     151 |     160 |           210 |       641
     4260 |     +2.1% |     153 |     162 |           212 |       631
     4270 |     +2.1% |     153 |     163 |           213 |       621
     4280 |     +2.1% |     153 |     163 |           213 |       611
     4290 |     +2.1% |     155 |     166 |           216 |       601
     4300 |     +2.1% |     155 |     166 |           216 |       591
     4310 |     +2.1% |     155 |     166 |           216 |       581
     4320 |     +2.1% |     155 |     166 |           216 |       571
     4330 |     +2.1% |     156 |     166 |           217 |       561
     4340 |     +2.1% |     156 |     166 |           217 |       551
     4350 |     +2.1% |     157 |     167 |           218 |       541
     4360 |     +2.2% |     159 |     168 |           220 |       531
     4370 |     +2.2% |     161 |     171 |           223 |       521
     4380 |     +2.2% |     163 |     174 |           226 |       511
     4390 |     +2.2% |     164 |     175 |           228 |       501
     4400 |     +2.3% |     164 |     176 |           229 |       491
     4410 |     +2.3% |     164 |     179 |           232 |       481
     4420 |     +2.3% |     166 |     182 |           235 |       471
     4430 |     +2.3% |     176 |     192 |           245 |       461
     4440 |     +2.4% |     182 |     198 |           251 |       451
     4450 |     +2.4% |     182 |     198 |           251 |       441
     4460 |     +2.4% |     182 |     198 |           251 |       431
     4470 |     +2.4% |     182 |     198 |           251 |       421
     4480 |     +2.4% |     182 |     198 |           251 |       411
     4490 |     +2.4% |     182 |     198 |           251 |       401
     4500 |     +2.4% |     182 |     198 |           251 |       391
     4510 |     +2.4% |     182 |     198 |           251 |       381
     4520 |     +2.4% |     182 |     198 |           251 |       371
     4530 |     +2.4% |     182 |     198 |           251 |       361
     4540 |     +2.4% |     182 |     198 |           251 |       351
     4550 |     +2.7% |     182 |     222 |           254 |       341
     4560 |     +2.9% |     182 |     233 |           256 |       331
     4570 |     +3.0% |     182 |     235 |           258 |       321
     4580 |     +3.0% |     182 |     235 |           258 |       311
     4590 |     +3.0% |     182 |     235 |           258 |       301
     4600 |     +3.0% |     182 |     235 |           258 |       291
     4610 |     +3.0% |     182 |     235 |           258 |       281
     4620 |     +3.0% |     182 |     235 |           258 |       271
     4630 |     +3.0% |     182 |     235 |           258 |       261
     4640 |     +3.0% |     182 |     235 |           258 |       251
     4650 |     +3.0% |     182 |     235 |           258 |       241
     4660 |     +3.0% |     182 |     235 |           258 |       231
     4670 |     +3.0% |     182 |     235 |           258 |       221
     4680 |     +3.0% |     182 |     235 |           258 |       211
     4690 |     +3.0% |     182 |     235 |           258 |       201
     4700 |     +3.0% |     182 |     235 |           258 |       191
     4710 |     +3.0% |     182 |     235 |           258 |       181
     4720 |     +3.0% |     182 |     235 |           258 |       171
     4730 |     +3.0% |     182 |     235 |           258 |       161
     4740 |     +3.0% |     182 |     235 |           258 |       151
     4750 |     +3.0% |     182 |     235 |           258 |       141
     4760 |     +3.0% |     182 |     235 |           258 |       131
     4770 |     +3.0% |     182 |     235 |           258 |       121
     4780 |     +3.0% |     182 |     235 |           258 |       111
     4790 |     +3.0% |     182 |     235 |           258 |       101
     4800 |     +3.0% |     183 |     236 |           259 |        91
     4810 |     +3.0% |     183 |     237 |           260 |        81
     4820 |     +3.0% |     183 |     237 |           260 |        71
     4830 |     +3.0% |     183 |     237 |           261 |        61
     4840 |     +3.0% |     183 |     237 |           261 |        51
     4850 |     +3.0% |     183 |     237 |           261 |        41
     4860 |     +3.3% |     183 |     255 |           266 |        31
     4870 |     +4.3% |     184 |     318 |           276 |        21
     4880 |     +5.4% |     185 |     384 |           279 |        11
     4890 |     +5.4% |     185 |     384 |           279 |         1
    final |     +5.4% |     185 |     384 |           279 |         0
---------------------------------------------------------------------
[INFO RSZ-0034] Found 277 slew violations.
[INFO RSZ-0035] Found 25 fanout violations.
[INFO RSZ-0036] Found 3 capacitance violations.
[INFO RSZ-0039] Resized 185 instances.
[INFO RSZ-0038] Inserted 384 buffers in 279 nets.
[WARNING RSZ-0020] found 2 floating nets.
 VGND
 VPWR
+ detailed_placement -max_displacement  500 100 
Placement Analysis
---------------------------------
total displacement      11065.2 u
average displacement        1.5 u
max displacement           19.0 u
original HPWL          142288.9 u
legalized HPWL         151121.3 u
delta HPWL                    6 %

[INFO DPL-0020] Mirrored 1718 instances
[INFO DPL-0021] HPWL before          151121.3 u
[INFO DPL-0022] HPWL after           148208.1 u
[INFO DPL-0023] HPWL delta               -1.9 %
Setting global connections for newly added cells…
[INFO] Setting global connections...
[INFO ODB-0403] 1680 connections made, 0 conflicts skipped.
Updating metrics…
Cell type report:                       Count       Area
  Fill cell                               262     983.44
  Tap cell                               1795    2245.90
  Buffer                                  495    2053.22
  Timing Repair Buffer                    420    2910.29
  Inverter                                 97     376.61
  Sequential cell                         332    8723.37
  Multi-Input combinational cell         3912   40600.19
  Total                                  7313   57893.02
Writing OpenROAD database to '/mnt/d/Learing_Python/GP/Submission_inshallah/runs/fir_filter_ASIC/32-openroad-repairdesignpostgpl/fir_filter.odb'…
Writing netlist to '/mnt/d/Learing_Python/GP/Submission_inshallah/runs/fir_filter_ASIC/32-openroad-repairdesignpostgpl/fir_filter.nl.v'…
Writing powered netlist to '/mnt/d/Learing_Python/GP/Submission_inshallah/runs/fir_filter_ASIC/32-openroad-repairdesignpostgpl/fir_filter.pnl.v'…
Writing layout to '/mnt/d/Learing_Python/GP/Submission_inshallah/runs/fir_filter_ASIC/32-openroad-repairdesignpostgpl/fir_filter.def'…
Writing timing constraints to '/mnt/d/Learing_Python/GP/Submission_inshallah/runs/fir_filter_ASIC/32-openroad-repairdesignpostgpl/fir_filter.sdc'…
