
===========================================================================
report_checks -unconstrained
===========================================================================
======================= max_ss_100C_1v60 Corner ===================================

Startpoint: sample_in[5] (input port clocked by clk)
Endpoint: _9219_ (rising edge-triggered flip-flop clocked by clk)
Path Group: clk
Path Type: max

Fanout         Cap        Slew       Delay        Time   Description
---------------------------------------------------------------------------------------------
                                  0.000000    0.000000   clock clk (rise edge)
                                  0.000000    0.000000   clock network delay (propagated)
                                  4.000000    4.000000 ^ input external delay
     1    0.003889    0.000000    0.000000    4.000000 ^ sample_in[5] (in)
                                                         sample_in[5] (net)
                      0.000213    0.000108    4.000108 ^ input13/A (sky130_fd_sc_hd__clkbuf_4)
     2    0.043811    0.221654    0.330306    4.330414 ^ input13/X (sky130_fd_sc_hd__clkbuf_4)
                                                         net13 (net)
                      0.222023    0.007545    4.337958 ^ hold755/A (sky130_fd_sc_hd__dlygate4sd3_1)
     3    0.043110    0.655934    1.574455    5.912414 ^ hold755/X (sky130_fd_sc_hd__dlygate4sd3_1)
                                                         net755 (net)
                      0.655939    0.003169    5.915582 ^ fanout346/A (sky130_fd_sc_hd__dlygate4sd1_1)
     2    0.008540    0.143420    0.628778    6.544361 ^ fanout346/X (sky130_fd_sc_hd__dlygate4sd1_1)
                                                         net346 (net)
                      0.143420    0.000511    6.544872 ^ wire347/A (sky130_fd_sc_hd__clkbuf_4)
     7    0.058702    0.287316    0.445248    6.990120 ^ wire347/X (sky130_fd_sc_hd__clkbuf_4)
                                                         net347 (net)
                      0.287681    0.007081    6.997202 ^ fanout344/A (sky130_fd_sc_hd__buf_2)
     9    0.048577    0.379546    0.524275    7.521477 ^ fanout344/X (sky130_fd_sc_hd__buf_2)
                                                         net344 (net)
                      0.379584    0.004013    7.525490 ^ _5538_/B_N (sky130_fd_sc_hd__or2b_2)
     4    0.018430    0.183872    0.890855    8.416345 v _5538_/X (sky130_fd_sc_hd__or2b_2)
                                                         _0994_ (net)
                      0.183872    0.001136    8.417480 v _6407_/B1 (sky130_fd_sc_hd__o2bb2a_2)
     1    0.009299    0.112887    0.626450    9.043930 v _6407_/X (sky130_fd_sc_hd__o2bb2a_2)
                                                         _1858_ (net)
                      0.112957    0.000745    9.044676 v _6408_/B1 (sky130_fd_sc_hd__o2bb2ai_4)
     4    0.035998    0.421773    0.460156    9.504832 ^ _6408_/Y (sky130_fd_sc_hd__o2bb2ai_4)
                                                         _1859_ (net)
                      0.421873    0.005321    9.510153 ^ _6412_/A (sky130_fd_sc_hd__xnor2_2)
     1    0.005490    0.199315    0.332403    9.842555 ^ _6412_/Y (sky130_fd_sc_hd__xnor2_2)
                                                         _1863_ (net)
                      0.199315    0.000408    9.842963 ^ _6413_/A (sky130_fd_sc_hd__inv_2)
     3    0.016206    0.091440    0.157341   10.000304 v _6413_/Y (sky130_fd_sc_hd__inv_2)
                                                         _1864_ (net)
                      0.091450    0.000981   10.001286 v _6475_/A1 (sky130_fd_sc_hd__o21ba_2)
     1    0.003081    0.059963    0.402340   10.403625 v _6475_/X (sky130_fd_sc_hd__o21ba_2)
                                                         _1925_ (net)
                      0.059963    0.000136   10.403761 v _6476_/B1 (sky130_fd_sc_hd__a21o_2)
     3    0.025518    0.150140    0.451527   10.855288 v _6476_/X (sky130_fd_sc_hd__a21o_2)
                                                         _1926_ (net)
                      0.150158    0.001747   10.857035 v _6494_/A (sky130_fd_sc_hd__xnor2_4)
     1    0.016703    0.133957    0.316565   11.173599 v _6494_/Y (sky130_fd_sc_hd__xnor2_4)
                                                         _1944_ (net)
                      0.133960    0.001329   11.174928 v _6495_/A (sky130_fd_sc_hd__xnor2_4)
     3    0.025224    0.362532    0.427333   11.602261 ^ _6495_/Y (sky130_fd_sc_hd__xnor2_4)
                                                         _1945_ (net)
                      0.362534    0.001692   11.603952 ^ _6506_/B (sky130_fd_sc_hd__xnor2_4)
     4    0.012079    0.118706    0.226641   11.830594 v _6506_/Y (sky130_fd_sc_hd__xnor2_4)
                                                         _1956_ (net)
                      0.118706    0.000559   11.831152 v _6784_/A3 (sky130_fd_sc_hd__a31o_2)
     1    0.001945    0.058059    0.458988   12.290140 v _6784_/X (sky130_fd_sc_hd__a31o_2)
                                                         _2233_ (net)
                      0.058059    0.000131   12.290272 v _6785_/B_N (sky130_fd_sc_hd__or2b_4)
     1    0.009618    0.074118    0.406148   12.696420 ^ _6785_/X (sky130_fd_sc_hd__or2b_4)
                                                         _2234_ (net)
                      0.074118    0.000774   12.697194 ^ _6787_/B1 (sky130_fd_sc_hd__a221oi_4)
     2    0.011763    0.131918    0.127812   12.825006 v _6787_/Y (sky130_fd_sc_hd__a221oi_4)
                                                         _2236_ (net)
                      0.131921    0.000584   12.825590 v max_cap56/A (sky130_fd_sc_hd__clkbuf_2)
     2    0.009061    0.079521    0.244454   13.070045 v max_cap56/X (sky130_fd_sc_hd__clkbuf_2)
                                                         net56 (net)
                      0.079525    0.000640   13.070684 v _7150_/A (sky130_fd_sc_hd__or2_2)
     1    0.003540    0.114212    0.679957   13.750642 v _7150_/X (sky130_fd_sc_hd__or2_2)
                                                         _2597_ (net)
                      0.114212    0.000229   13.750871 v _7151_/B2 (sky130_fd_sc_hd__a22o_2)
     1    0.006220    0.083671    0.457520   14.208391 v _7151_/X (sky130_fd_sc_hd__a22o_2)
                                                         _2598_ (net)
                      0.083671    0.000454   14.208845 v _7152_/C1 (sky130_fd_sc_hd__o221a_4)
     3    0.016807    0.113447    0.252397   14.461243 v _7152_/X (sky130_fd_sc_hd__o221a_4)
                                                         _2599_ (net)
                      0.113468    0.001593   14.462835 v _7510_/A (sky130_fd_sc_hd__or2_4)
     1    0.006070    0.085258    0.502409   14.965243 v _7510_/X (sky130_fd_sc_hd__or2_4)
                                                         _2955_ (net)
                      0.085258    0.000293   14.965537 v _7511_/B2 (sky130_fd_sc_hd__a22o_4)
     1    0.008792    0.075222    0.428399   15.393935 v _7511_/X (sky130_fd_sc_hd__a22o_4)
                                                         _2956_ (net)
                      0.075379    0.000695   15.394630 v _7512_/C1 (sky130_fd_sc_hd__o221ai_4)
     2    0.009691    0.295060    0.110436   15.505066 ^ _7512_/Y (sky130_fd_sc_hd__o221ai_4)
                                                         _2957_ (net)
                      0.295060    0.000727   15.505793 ^ _7652_/A2 (sky130_fd_sc_hd__a21oi_2)
     2    0.007831    0.107239    0.215657   15.721450 v _7652_/Y (sky130_fd_sc_hd__a21oi_2)
                                                         _3096_ (net)
                      0.107240    0.000574   15.722023 v max_cap42/A (sky130_fd_sc_hd__buf_6)
     4    0.024721    0.065509    0.255099   15.977122 v max_cap42/X (sky130_fd_sc_hd__buf_6)
                                                         net42 (net)
                      0.065741    0.003421   15.980543 v _7995_/A1 (sky130_fd_sc_hd__a21o_2)
     1    0.002663    0.056614    0.344045   16.324589 v _7995_/X (sky130_fd_sc_hd__a21o_2)
                                                         _3436_ (net)
                      0.056614    0.000194   16.324781 v _7996_/B1 (sky130_fd_sc_hd__a22o_2)
     1    0.004840    0.076581    0.398261   16.723043 v _7996_/X (sky130_fd_sc_hd__a22o_2)
                                                         _3437_ (net)
                      0.076581    0.000314   16.723358 v _8000_/B1 (sky130_fd_sc_hd__a221o_2)
     1    0.005146    0.102460    0.653571   17.376928 v _8000_/X (sky130_fd_sc_hd__a221o_2)
                                                         _3441_ (net)
                      0.102460    0.000387   17.377316 v _8001_/B1 (sky130_fd_sc_hd__o21ai_2)
     1    0.016729    0.366723    0.181176   17.558493 ^ _8001_/Y (sky130_fd_sc_hd__o21ai_2)
                                                         _3442_ (net)
                      0.366723    0.000814   17.559305 ^ _8044_/B (sky130_fd_sc_hd__xnor2_4)
     1    0.076863    0.416387    0.459059   18.018364 v _8044_/Y (sky130_fd_sc_hd__xnor2_4)
                                                         _3485_ (net)
                      0.417322    0.016305   18.034670 v _8045_/A1 (sky130_fd_sc_hd__mux2_2)
     1    0.002671    0.088529    0.698728   18.733398 v _8045_/X (sky130_fd_sc_hd__mux2_2)
                                                         _3486_ (net)
                      0.088529    0.000174   18.733572 v _8117_/A0 (sky130_fd_sc_hd__mux2_2)
     1    0.002918    0.089355    0.548841   19.282413 v _8117_/X (sky130_fd_sc_hd__mux2_2)
                                                         _3558_ (net)
                      0.089355    0.000192   19.282604 v _8118_/A (sky130_fd_sc_hd__buf_1)
     1    0.002490    0.047294    0.169436   19.452040 v _8118_/X (sky130_fd_sc_hd__buf_1)
                                                         _0200_ (net)
                      0.047294    0.000169   19.452209 v _9219_/D (sky130_fd_sc_hd__dfrtp_2)
                                             19.452209   data arrival time

                                 20.000000   20.000000   clock clk (rise edge)
                                  0.000000   20.000000   clock source latency
     1    0.058141    0.150000    0.000000   20.000000 ^ clk (in)
                                                         clk (net)
                      0.160996    0.005388   20.005388 ^ clkbuf_0_clk/A (sky130_fd_sc_hd__clkbuf_16)
     4    0.092308    0.166028    0.338908   20.344296 ^ clkbuf_0_clk/X (sky130_fd_sc_hd__clkbuf_16)
                                                         clknet_0_clk (net)
                      0.166371    0.005935   20.350231 ^ clkbuf_2_3__f_clk/A (sky130_fd_sc_hd__clkbuf_16)
     8    0.119544    0.204689    0.369120   20.719351 ^ clkbuf_2_3__f_clk/X (sky130_fd_sc_hd__clkbuf_16)
                                                         clknet_2_3__leaf_clk (net)
                      0.204917    0.005508   20.724859 ^ clkbuf_leaf_33_clk/A (sky130_fd_sc_hd__clkbuf_8)
     6    0.027168    0.100790    0.307285   21.032145 ^ clkbuf_leaf_33_clk/X (sky130_fd_sc_hd__clkbuf_8)
                                                         clknet_leaf_33_clk (net)
                      0.100807    0.001293   21.033438 ^ _9219_/CLK (sky130_fd_sc_hd__dfrtp_2)
                                 -0.100000   20.933437   clock uncertainty
                                  0.000000   20.933437   clock reconvergence pessimism
                                 -0.258918   20.674519   library setup time
                                             20.674519   data required time
---------------------------------------------------------------------------------------------
                                             20.674519   data required time
                                            -19.452209   data arrival time
---------------------------------------------------------------------------------------------
                                              1.222309   slack (MET)




===========================================================================
report_checks --slack_max -0.01
============================================================================
======================= max_ss_100C_1v60 Corner ===================================

No paths found.


===========================================================================
 report_check_types -max_slew -max_cap -max_fanout -violators
============================================================================
======================= max_ss_100C_1v60 Corner ===================================

max fanout

Pin                                   Limit Fanout  Slack
---------------------------------------------------------
_9221_/Q                                 16     17        (VIOLATED)



===========================================================================
report_parasitic_annotation -report_unannotated
============================================================================
Found 32 unannotated drivers.
 clkload0/Y
 clkload1/Y
 clkload10/X
 clkload11/X
 clkload12/Y
 clkload13/Y
 clkload14/X
 clkload15/Y
 clkload16/X
 clkload17/X
 clkload18/Y
 clkload19/X
 clkload2/Y
 clkload20/Y
 clkload21/X
 clkload22/X
 clkload23/Y
 clkload24/Y
 clkload25/Y
 clkload26/Y
 clkload27/X
 clkload28/X
 clkload29/X
 clkload3/Y
 clkload30/Y
 clkload31/Y
 clkload4/X
 clkload5/X
 clkload6/X
 clkload7/Y
 clkload8/Y
 clkload9/Y
Found 0 partially unannotated drivers.

===========================================================================
max slew violation count 0
max fanout violation count 1
max cap violation count 0
============================================================================

===========================================================================
check_setup -verbose -unconstrained_endpoints -multiple_clock -no_clock -no_input_delay -loops -generated_clocks
===========================================================================
Warning: There is 1 input port missing set_input_delay.
  rst_n
