Clock: clk
Sources: clk 
Generated: no
Virtual: yes
Propagated: no
Period: 20.000000

===========================================================================
report_clock_properties
============================================================================
Clock                   Period          Waveform
----------------------------------------------------
clk                  20.000000    0.000000 10.000000

===========================================================================
report_clock_latency
============================================================================
Clock clk
rise -> rise
    min     max
0.000000 0.000000 source latency
1.033364         network latency _9218_/CLK
        1.207965 network latency _9333_/CLK
---------------
1.033364 1.207965 latency
        0.174601 skew

fall -> fall
    min     max
0.000000 0.000000 source latency
1.023854         network latency _9218_/CLK
        1.166347 network latency _9333_/CLK
---------------
1.023854 1.166347 latency
        0.142493 skew



===========================================================================
report_clock_min_period
============================================================================
clk period_min = 18.47 fmax = 54.15
