130. Printing statistics.

=== fir_filter ===

        +----------Local Count, excluding submodules.
        | 
     4192 wires
     4832 wire bits
       28 public wires
      358 public wire bits
        7 ports
       37 port bits
     4552 cells
     1437   $_ANDNOT_
       29   $_AND_
      330   $_DFFE_PN0P_
        2   $_DFF_PN0_
       92   $_MUX_
       43   $_NAND_
      312   $_NOR_
      122   $_NOT_
      130   $_ORNOT_
      821   $_OR_
      367   $_XNOR_
      867   $_XOR_

   Area for cell type $_ANDNOT_ is unknown!
   Area for cell type $_AND_ is unknown!
   Area for cell type $_DFFE_PN0P_ is unknown!
   Area for cell type $_DFF_PN0_ is unknown!
   Area for cell type $_MUX_ is unknown!
   Area for cell type $_NAND_ is unknown!
   Area for cell type $_NOR_ is unknown!
   Area for cell type $_NOT_ is unknown!
   Area for cell type $_ORNOT_ is unknown!
   Area for cell type $_OR_ is unknown!
   Area for cell type $_XNOR_ is unknown!
   Area for cell type $_XOR_ is unknown!

