144. Printing statistics.

=== fir_filter ===

        +----------Local Count, excluding submodules.
        |        +-Local Area, excluding submodules.
        |        | 
     5686        - wires
     5716        - wire bits
      312        - public wires
      342        - public wire bits
        7        - ports
       37        - port bits
     5697 6.23E+04 cells
        1   12.512   sky130_fd_sc_hd__a2111o_2
        1   15.014   sky130_fd_sc_hd__a2111oi_2
       30  300.288   sky130_fd_sc_hd__a211o_2
       17  212.704   sky130_fd_sc_hd__a211oi_2
       32  320.307   sky130_fd_sc_hd__a21bo_2
       56  630.605   sky130_fd_sc_hd__a21boi_2
      230 2.01E+03   sky130_fd_sc_hd__a21o_2
      339 2.97E+03   sky130_fd_sc_hd__a21oi_2
        4   45.043   sky130_fd_sc_hd__a221o_2
        7  105.101   sky130_fd_sc_hd__a221oi_2
       71  710.682   sky130_fd_sc_hd__a22o_2
       63  788.256   sky130_fd_sc_hd__a22oi_2
       19  213.955   sky130_fd_sc_hd__a2bb2o_2
       36  540.518   sky130_fd_sc_hd__a2bb2oi_2
       24  270.259   sky130_fd_sc_hd__a311o_2
       12  180.173   sky130_fd_sc_hd__a311oi_2
      117 1.02E+03   sky130_fd_sc_hd__a31o_2
       45   563.04   sky130_fd_sc_hd__a31oi_2
       51  574.301   sky130_fd_sc_hd__a32o_2
       31  504.234   sky130_fd_sc_hd__a32oi_2
        5   56.304   sky130_fd_sc_hd__a41o_2
        2   32.531   sky130_fd_sc_hd__a41oi_2
       39  292.781   sky130_fd_sc_hd__and2_2
       10   87.584   sky130_fd_sc_hd__and2b_2
      206 1.55E+03   sky130_fd_sc_hd__and3_2
        4   40.038   sky130_fd_sc_hd__and3b_2
       28  280.269   sky130_fd_sc_hd__and4_2
        8   90.086   sky130_fd_sc_hd__and4b_2
        2   25.024   sky130_fd_sc_hd__and4bb_2
      332 8.72E+03   sky130_fd_sc_hd__dfrtp_2
      124  465.446   sky130_fd_sc_hd__inv_2
      275  3096.72   sky130_fd_sc_hd__mux2_1
      530  3315.68   sky130_fd_sc_hd__nand2_2
        9   78.826   sky130_fd_sc_hd__nand2b_2
      513 5.13E+03   sky130_fd_sc_hd__nand3_2
       76  855.821   sky130_fd_sc_hd__nand3b_2
      324 4.05E+03   sky130_fd_sc_hd__nand4_2
       11  165.158   sky130_fd_sc_hd__nand4b_2
      170  1063.52   sky130_fd_sc_hd__nor2_2
       37  370.355   sky130_fd_sc_hd__nor3_2
        7   87.584   sky130_fd_sc_hd__nor3b_2
        3   37.536   sky130_fd_sc_hd__nor4_2
       38  475.456   sky130_fd_sc_hd__o2111a_2
      107 1.61E+03   sky130_fd_sc_hd__o2111ai_2
       83  830.797   sky130_fd_sc_hd__o211a_2
      289 3.62E+03   sky130_fd_sc_hd__o211ai_2
       68  595.571   sky130_fd_sc_hd__o21a_2
      432 3.78E+03   sky130_fd_sc_hd__o21ai_2
        6   60.058   sky130_fd_sc_hd__o21ba_2
       29  326.563   sky130_fd_sc_hd__o21bai_2
       48  540.518   sky130_fd_sc_hd__o221a_2
       78 1.17E+03   sky130_fd_sc_hd__o221ai_2
       41  410.394   sky130_fd_sc_hd__o22a_2
       77  963.424   sky130_fd_sc_hd__o22ai_2
       28  315.302   sky130_fd_sc_hd__o2bb2a_2
      134  2011.93   sky130_fd_sc_hd__o2bb2ai_2
       69  776.995   sky130_fd_sc_hd__o311a_2
       49   490.47   sky130_fd_sc_hd__o31a_2
        8  100.096   sky130_fd_sc_hd__o31ai_2
       35  394.128   sky130_fd_sc_hd__o32a_2
        5   81.328   sky130_fd_sc_hd__o32ai_2
        2   25.024   sky130_fd_sc_hd__o41a_2
       42  262.752   sky130_fd_sc_hd__or2_2
       35  262.752   sky130_fd_sc_hd__or3_2
       16  140.134   sky130_fd_sc_hd__or3b_2
       10   87.584   sky130_fd_sc_hd__or4_2
        2   20.019   sky130_fd_sc_hd__or4b_2
        2   25.024   sky130_fd_sc_hd__or4bb_2
       30  487.968   sky130_fd_sc_hd__xnor2_2
       33  536.765   sky130_fd_sc_hd__xor2_2

   Chip area for module '\fir_filter': 62293.494400
     of which used for sequential elements: 8723.366400 (14.00%)

