
===========================================================================
report_checks -unconstrained
===========================================================================
======================= nom_tt_025C_1v80 Corner ===================================

Startpoint: _9236_ (rising edge-triggered flip-flop clocked by clk)
Endpoint: _9230_ (rising edge-triggered flip-flop clocked by clk)
Path Group: clk
Path Type: max

Fanout         Cap        Slew       Delay        Time   Description
---------------------------------------------------------------------------------------------
                                  0.000000    0.000000   clock clk (rise edge)
                                  0.000000    0.000000   clock source latency
   332    0.936560    0.150000    0.000000    0.000000 ^ clk (in)
                                                         clk (net)
                      0.215411    0.034341    0.034341 ^ _9236_/CLK (sky130_fd_sc_hd__dfrtp_2)
    64    0.272479    1.261463    1.329778    1.364119 ^ _9236_/Q (sky130_fd_sc_hd__dfrtp_2)
                                                         tap_cnt[3] (net)
                      1.261517    0.007338    1.371456 ^ _4930_/A (sky130_fd_sc_hd__nor2b_2)
    10    0.037927    0.286373    0.305062    1.676519 v _4930_/Y (sky130_fd_sc_hd__nor2b_2)
                                                         _0394_ (net)
                      0.286373    0.000130    1.676649 v _4931_/A (sky130_fd_sc_hd__buf_1)
    10    0.042812    0.247477    0.365060    2.041708 v _4931_/X (sky130_fd_sc_hd__buf_1)
                                                         _0395_ (net)
                      0.247477    0.000192    2.041900 v _6608_/C (sky130_fd_sc_hd__and3_2)
     1    0.003676    0.039517    0.315140    2.357039 v _6608_/X (sky130_fd_sc_hd__and3_2)
                                                         _2058_ (net)
                      0.039517    0.000030    2.357070 v _6609_/D1 (sky130_fd_sc_hd__a2111o_2)
     1    0.005825    0.070982    0.366625    2.723695 v _6609_/X (sky130_fd_sc_hd__a2111o_2)
                                                         _2059_ (net)
                      0.070982    0.000056    2.723751 v _6612_/B (sky130_fd_sc_hd__nor4_2)
     6    0.041536    0.976891    0.886689    3.610440 ^ _6612_/Y (sky130_fd_sc_hd__nor4_2)
                                                         _2062_ (net)
                      0.976902    0.002982    3.613422 ^ _6616_/A (sky130_fd_sc_hd__and2_2)
     2    0.004497    0.067745    0.312161    3.925583 ^ _6616_/X (sky130_fd_sc_hd__and2_2)
                                                         _2066_ (net)
                      0.067745    0.000002    3.925585 ^ _6617_/A (sky130_fd_sc_hd__buf_2)
    10    0.050669    0.247063    0.273538    4.199122 ^ _6617_/X (sky130_fd_sc_hd__buf_2)
                                                         _2067_ (net)
                      0.247065    0.000614    4.199737 ^ _6618_/A (sky130_fd_sc_hd__buf_1)
    10    0.060312    0.695724    0.601621    4.801358 ^ _6618_/X (sky130_fd_sc_hd__buf_1)
                                                         _2068_ (net)
                      0.695724    0.000046    4.801404 ^ _6620_/A (sky130_fd_sc_hd__xnor2_2)
     1    0.005064    0.140941    0.198582    4.999986 ^ _6620_/Y (sky130_fd_sc_hd__xnor2_2)
                                                         _2070_ (net)
                      0.140941    0.000010    4.999996 ^ _6621_/B (sky130_fd_sc_hd__nand2_2)
     1    0.008622    0.152660    0.087654    5.087649 v _6621_/Y (sky130_fd_sc_hd__nand2_2)
                                                         _2071_ (net)
                      0.152660    0.000013    5.087663 v _6625_/A (sky130_fd_sc_hd__xnor2_2)
     3    0.022388    0.316067    0.356436    5.444099 ^ _6625_/Y (sky130_fd_sc_hd__xnor2_2)
                                                         _2075_ (net)
                      0.316068    0.000505    5.444604 ^ _6635_/A (sky130_fd_sc_hd__xnor2_2)
     1    0.008363    0.086386    0.137450    5.582054 v _6635_/Y (sky130_fd_sc_hd__xnor2_2)
                                                         _2085_ (net)
                      0.086386    0.000013    5.582067 v _6636_/B (sky130_fd_sc_hd__xnor2_2)
     3    0.012137    0.086340    0.176832    5.758899 v _6636_/Y (sky130_fd_sc_hd__xnor2_2)
                                                         _2086_ (net)
                      0.086340    0.000028    5.758928 v _6637_/B (sky130_fd_sc_hd__xnor2_2)
     3    0.009602    0.078400    0.168331    5.927259 v _6637_/Y (sky130_fd_sc_hd__xnor2_2)
                                                         _2087_ (net)
                      0.078400    0.000046    5.927305 v _6638_/B (sky130_fd_sc_hd__and2_2)
     1    0.001655    0.033630    0.201734    6.129039 v _6638_/X (sky130_fd_sc_hd__and2_2)
                                                         _2088_ (net)
                      0.033630    0.000001    6.129040 v _6640_/B (sky130_fd_sc_hd__or3_2)
     3    0.008161    0.093655    0.493150    6.622190 v _6640_/X (sky130_fd_sc_hd__or3_2)
                                                         _2090_ (net)
                      0.093655    0.000040    6.622230 v _6645_/B (sky130_fd_sc_hd__and3_2)
     2    0.006324    0.047760    0.234083    6.856313 v _6645_/X (sky130_fd_sc_hd__and3_2)
                                                         _2095_ (net)
                      0.047760    0.000004    6.856316 v _6650_/B (sky130_fd_sc_hd__or3_2)
     3    0.015185    0.115094    0.532726    7.389042 v _6650_/X (sky130_fd_sc_hd__or3_2)
                                                         _2100_ (net)
                      0.115140    0.000124    7.389166 v _7282_/A1 (sky130_fd_sc_hd__a21oi_2)
     2    0.011709    0.168881    0.218637    7.607803 ^ _7282_/Y (sky130_fd_sc_hd__a21oi_2)
                                                         _2728_ (net)
                      0.168882    0.000288    7.608091 ^ _7564_/B (sky130_fd_sc_hd__or4_4)
     1    0.009452    0.047183    0.174432    7.782523 ^ _7564_/X (sky130_fd_sc_hd__or4_4)
                                                         _3008_ (net)
                      0.047183    0.000013    7.782537 ^ _7566_/B1 (sky130_fd_sc_hd__o221ai_4)
     5    0.026255    0.141184    0.156741    7.939278 v _7566_/Y (sky130_fd_sc_hd__o221ai_4)
                                                         _3010_ (net)
                      0.141187    0.001191    7.940469 v _8122_/A1 (sky130_fd_sc_hd__a32o_2)
     5    0.031528    0.105593    0.367936    8.308405 v _8122_/X (sky130_fd_sc_hd__a32o_2)
                                                         _3562_ (net)
                      0.105616    0.001577    8.309981 v _8393_/A1 (sky130_fd_sc_hd__a211o_2)
     3    0.016627    0.081943    0.378445    8.688426 v _8393_/X (sky130_fd_sc_hd__a211o_2)
                                                         _3830_ (net)
                      0.081943    0.000131    8.688557 v _8464_/A2 (sky130_fd_sc_hd__a31oi_4)
     3    0.025975    0.252973    0.281713    8.970270 ^ _8464_/Y (sky130_fd_sc_hd__a31oi_4)
                                                         _3900_ (net)
                      0.252973    0.000616    8.970886 ^ _8638_/B2 (sky130_fd_sc_hd__o221ai_4)
     2    0.019737    0.121926    0.177788    9.148675 v _8638_/Y (sky130_fd_sc_hd__o221ai_4)
                                                         _4070_ (net)
                      0.121926    0.000237    9.148912 v _8652_/A2 (sky130_fd_sc_hd__a21oi_4)
     7    0.038235    0.296516    0.336702    9.485615 ^ _8652_/Y (sky130_fd_sc_hd__a21oi_4)
                                                         _4083_ (net)
                      0.296519    0.000847    9.486462 ^ _8705_/S (sky130_fd_sc_hd__mux2_1)
     1    0.002565    0.055321    0.369165    9.855627 v _8705_/X (sky130_fd_sc_hd__mux2_1)
                                                         _4135_ (net)
                      0.055321    0.000004    9.855631 v _8709_/A2 (sky130_fd_sc_hd__a211o_2)
     1    0.008956    0.063940    0.370160   10.225791 v _8709_/X (sky130_fd_sc_hd__a211o_2)
                                                         _4139_ (net)
                      0.063940    0.000061   10.225852 v _8710_/B (sky130_fd_sc_hd__xor2_2)
     1    0.009918    0.091477    0.170550   10.396402 v _8710_/X (sky130_fd_sc_hd__xor2_2)
                                                         _4140_ (net)
                      0.091477    0.000053   10.396456 v _8713_/A2 (sky130_fd_sc_hd__a21oi_4)
     1    0.002124    0.076830    0.147460   10.543916 ^ _8713_/Y (sky130_fd_sc_hd__a21oi_4)
                                                         _0211_ (net)
                      0.076830    0.000002   10.543917 ^ _9230_/D (sky130_fd_sc_hd__dfrtp_2)
                                             10.543917   data arrival time

                                 13.081284   13.081284   clock clk (rise edge)
                                  0.000000   13.081284   clock source latency
   332    0.936560    0.150000    0.000000   13.081284 ^ clk (in)
                                                         clk (net)
                      0.200297    0.023891   13.105175 ^ _9230_/CLK (sky130_fd_sc_hd__dfrtp_2)
                                 -0.500000   12.605175   clock uncertainty
                                  0.000000   12.605175   clock reconvergence pessimism
                                 -0.047001   12.558173   library setup time
                                             12.558173   data required time
---------------------------------------------------------------------------------------------
                                             12.558173   data required time
                                            -10.543917   data arrival time
---------------------------------------------------------------------------------------------
                                              2.014256   slack (MET)




===========================================================================
report_checks --slack_max -0.01
============================================================================
======================= nom_tt_025C_1v80 Corner ===================================

No paths found.


===========================================================================
 report_check_types -max_slew -max_cap -max_fanout -violators
============================================================================
======================= nom_tt_025C_1v80 Corner ===================================

max slew

Pin                                        Limit        Slew       Slack
------------------------------------------------------------------------
_6341_/B                                0.750000    1.261523   -0.511523 (VIOLATED)
_6342_/B                                0.750000    1.261523   -0.511523 (VIOLATED)
_4517_/B                                0.750000    1.261522   -0.511522 (VIOLATED)
_5882_/S                                0.750000    1.261522   -0.511522 (VIOLATED)
_5117_/D_N                              0.750000    1.261518   -0.511518 (VIOLATED)
_4921_/B                                0.750000    1.261517   -0.511517 (VIOLATED)
_4930_/A                                0.750000    1.261517   -0.511517 (VIOLATED)
_5614_/S                                0.750000    1.261515   -0.511515 (VIOLATED)
_5615_/B                                0.750000    1.261516   -0.511516 (VIOLATED)
_5611_/S                                0.750000    1.261515   -0.511515 (VIOLATED)
_4926_/B_N                              0.750000    1.261514   -0.511514 (VIOLATED)
_5458_/S                                0.750000    1.261513   -0.511514 (VIOLATED)
_5466_/S                                0.750000    1.261513   -0.511513 (VIOLATED)
_5467_/A1                               0.750000    1.261513   -0.511514 (VIOLATED)
_5459_/A_N                              0.750000    1.261511   -0.511511 (VIOLATED)
_5266_/S                                0.750000    1.261510   -0.511510 (VIOLATED)
_5463_/D                                0.750000    1.261510   -0.511510 (VIOLATED)
_5258_/S                                0.750000    1.261506   -0.511506 (VIOLATED)
_5470_/S                                0.750000    1.261506   -0.511506 (VIOLATED)
_5378_/S                                0.750000    1.261504   -0.511504 (VIOLATED)
_5381_/S                                0.750000    1.261505   -0.511505 (VIOLATED)
_5384_/A                                0.750000    1.261504   -0.511504 (VIOLATED)
_5375_/S                                0.750000    1.261504   -0.511504 (VIOLATED)
_4951_/C                                0.750000    1.261503   -0.511503 (VIOLATED)
_5383_/A                                0.750000    1.261503   -0.511503 (VIOLATED)
_5181_/S                                0.750000    1.261500   -0.511500 (VIOLATED)
_5184_/S                                0.750000    1.261500   -0.511500 (VIOLATED)
_5187_/A_N                              0.750000    1.261500   -0.511500 (VIOLATED)
_5186_/B                                0.750000    1.261498   -0.511498 (VIOLATED)
_5179_/S                                0.750000    1.261494   -0.511494 (VIOLATED)
_5111_/S                                0.750000    1.261488   -0.511488 (VIOLATED)
_5059_/S                                0.750000    1.261478   -0.511478 (VIOLATED)
_6236_/C1                               0.750000    1.261476   -0.511476 (VIOLATED)
_6239_/A                                0.750000    1.261476   -0.511476 (VIOLATED)
_4938_/S                                0.750000    1.261475   -0.511475 (VIOLATED)
_4941_/B                                0.750000    1.261474   -0.511474 (VIOLATED)
_4942_/B                                0.750000    1.261474   -0.511474 (VIOLATED)
_4943_/B                                0.750000    1.261474   -0.511474 (VIOLATED)
_4954_/S                                0.750000    1.261474   -0.511474 (VIOLATED)
_5038_/B1                               0.750000    1.261474   -0.511474 (VIOLATED)
_5348_/A0                               0.750000    1.261474   -0.511474 (VIOLATED)
_5349_/B                                0.750000    1.261474   -0.511474 (VIOLATED)
_5350_/A                                0.750000    1.261474   -0.511474 (VIOLATED)
_5444_/B_N                              0.750000    1.261473   -0.511473 (VIOLATED)
_7472_/A                                0.750000    1.261474   -0.511474 (VIOLATED)
_8426_/B2                               0.750000    1.261474   -0.511474 (VIOLATED)
_4513_/B                                0.750000    1.261472   -0.511473 (VIOLATED)
_4977_/B                                0.750000    1.261473   -0.511473 (VIOLATED)
_8781_/A2                               0.750000    1.261473   -0.511473 (VIOLATED)
_4936_/S                                0.750000    1.261472   -0.511472 (VIOLATED)
_4915_/A                                0.750000    1.261468   -0.511468 (VIOLATED)
_4995_/C                                0.750000    1.261468   -0.511468 (VIOLATED)
_5050_/A                                0.750000    1.261468   -0.511468 (VIOLATED)
_5579_/A2                               0.750000    1.261467   -0.511467 (VIOLATED)
_4986_/B2                               0.750000    1.261465   -0.511465 (VIOLATED)
_4917_/A1                               0.750000    1.261463   -0.511463 (VIOLATED)
_4979_/A2                               0.750000    1.261463   -0.511463 (VIOLATED)
_4980_/B                                0.750000    1.261463   -0.511463 (VIOLATED)
_4987_/S                                0.750000    1.261463   -0.511463 (VIOLATED)
_5025_/A1                               0.750000    1.261463   -0.511463 (VIOLATED)
_5197_/A                                0.750000    1.261463   -0.511463 (VIOLATED)
_5198_/A_N                              0.750000    1.261463   -0.511463 (VIOLATED)
_5284_/A2                               0.750000    1.261463   -0.511463 (VIOLATED)
_8779_/A                                0.750000    1.261463   -0.511463 (VIOLATED)
_9236_/Q                                0.750000    1.261463   -0.511463 (VIOLATED)
_7219_/S                                0.750000    1.164940   -0.414940 (VIOLATED)
_6852_/S                                0.750000    1.164939   -0.414939 (VIOLATED)
_6461_/S                                0.750000    1.164931   -0.414931 (VIOLATED)
_5226_/S                                0.750000    1.164912   -0.414912 (VIOLATED)
_5091_/S                                0.750000    1.164904   -0.414904 (VIOLATED)
_7699_/S                                0.750000    1.164882   -0.414882 (VIOLATED)
_8213_/S                                0.750000    1.164879   -0.414879 (VIOLATED)
_8291_/S                                0.750000    1.164877   -0.414877 (VIOLATED)
_8461_/B1                               0.750000    1.164876   -0.414876 (VIOLATED)
_8774_/B1                               0.750000    1.164873   -0.414873 (VIOLATED)
_5090_/X                                0.750000    1.164871   -0.414871 (VIOLATED)
_5988_/S                                0.750000    1.127279   -0.377279 (VIOLATED)
_5989_/S                                0.750000    1.127279   -0.377279 (VIOLATED)
_5883_/C1                               0.750000    1.127276   -0.377276 (VIOLATED)
_4957_/C_N                              0.750000    1.127271   -0.377271 (VIOLATED)
_5380_/S                                0.750000    1.127269   -0.377269 (VIOLATED)
_5384_/B                                0.750000    1.127269   -0.377269 (VIOLATED)
_4924_/B                                0.750000    1.127268   -0.377268 (VIOLATED)
_5618_/S                                0.750000    1.127268   -0.377268 (VIOLATED)
_5462_/S                                0.750000    1.127267   -0.377267 (VIOLATED)
_5619_/S                                0.750000    1.127267   -0.377267 (VIOLATED)
_4991_/C                                0.750000    1.127266   -0.377266 (VIOLATED)
_5383_/B                                0.750000    1.127265   -0.377265 (VIOLATED)
_5461_/S                                0.750000    1.127261   -0.377261 (VIOLATED)
_5110_/C                                0.750000    1.127257   -0.377257 (VIOLATED)
_4937_/C                                0.750000    1.127254   -0.377254 (VIOLATED)
_4519_/C                                0.750000    1.127249   -0.377249 (VIOLATED)
_4951_/D                                0.750000    1.127239   -0.377239 (VIOLATED)
_5180_/S                                0.750000    1.127232   -0.377232 (VIOLATED)
_5119_/S                                0.750000    1.127231   -0.377231 (VIOLATED)
_5118_/S                                0.750000    1.127228   -0.377228 (VIOLATED)
_5058_/D_N                              0.750000    1.127212   -0.377212 (VIOLATED)
_5739_/S                                0.750000    1.127191   -0.377191 (VIOLATED)
_5200_/A1                               0.750000    1.127184   -0.377184 (VIOLATED)
_5290_/A1                               0.750000    1.127184   -0.377184 (VIOLATED)
_5039_/A1                               0.750000    1.127184   -0.377184 (VIOLATED)
_5106_/A1                               0.750000    1.127183   -0.377183 (VIOLATED)
_4917_/A2                               0.750000    1.127182   -0.377183 (VIOLATED)
_5025_/A2                               0.750000    1.127182   -0.377182 (VIOLATED)
_5852_/S                                0.750000    1.127180   -0.377180 (VIOLATED)
_5068_/S                                0.750000    1.127179   -0.377179 (VIOLATED)
_4985_/S                                0.750000    1.127179   -0.377179 (VIOLATED)
_6205_/B                                0.750000    1.127179   -0.377179 (VIOLATED)
_4995_/B_N                              0.750000    1.127178   -0.377178 (VIOLATED)
_5581_/C1                               0.750000    1.127177   -0.377177 (VIOLATED)
_6206_/C                                0.750000    1.127177   -0.377177 (VIOLATED)
_5580_/C1                               0.750000    1.127169   -0.377169 (VIOLATED)
_4915_/B                                0.750000    1.127168   -0.377168 (VIOLATED)
_4935_/B                                0.750000    1.127168   -0.377168 (VIOLATED)
_5050_/B_N                              0.750000    1.127168   -0.377168 (VIOLATED)
_4513_/C                                0.750000    1.127153   -0.377153 (VIOLATED)
_5352_/A1                               0.750000    1.127153   -0.377153 (VIOLATED)
_5361_/A1                               0.750000    1.127153   -0.377153 (VIOLATED)
_5142_/B1                               0.750000    1.127153   -0.377153 (VIOLATED)
_4978_/A                                0.750000    1.127153   -0.377153 (VIOLATED)
_5143_/B                                0.750000    1.127153   -0.377153 (VIOLATED)
_5444_/A                                0.750000    1.127151   -0.377151 (VIOLATED)
_7970_/A1                               0.750000    1.127142   -0.377142 (VIOLATED)
_4944_/B1                               0.750000    1.127139   -0.377139 (VIOLATED)
_8781_/A3                               0.750000    1.127136   -0.377136 (VIOLATED)
_4945_/A                                0.750000    1.127129   -0.377129 (VIOLATED)
_8174_/A                                0.750000    1.127127   -0.377127 (VIOLATED)
_8778_/A                                0.750000    1.127127   -0.377127 (VIOLATED)
_9235_/Q                                0.750000    1.127127   -0.377127 (VIOLATED)
_6554_/A1                               0.750000    1.062009   -0.312009 (VIOLATED)
_6686_/A1                               0.750000    1.062009   -0.312009 (VIOLATED)
_6987_/A1                               0.750000    1.062009   -0.312009 (VIOLATED)
_7044_/A1                               0.750000    1.062008   -0.312008 (VIOLATED)
_7290_/A1                               0.750000    1.062005   -0.312005 (VIOLATED)
_6346_/A                                0.750000    1.062004   -0.312004 (VIOLATED)
_7597_/A1                               0.750000    1.062002   -0.312002 (VIOLATED)
_7446_/A1                               0.750000    1.061990   -0.311990 (VIOLATED)
_6626_/A                                0.750000    1.061984   -0.311984 (VIOLATED)
_6332_/Y                                0.750000    1.061973   -0.311973 (VIOLATED)
_6179_/A2                               0.750000    1.046328   -0.296328 (VIOLATED)
_6283_/A2                               0.750000    1.046328   -0.296328 (VIOLATED)
_5999_/B                                0.750000    1.046327   -0.296328 (VIOLATED)
_6553_/A2                               0.750000    1.046328   -0.296328 (VIOLATED)
_6995_/A2                               0.750000    1.046323   -0.296323 (VIOLATED)
_7045_/A2                               0.750000    1.046322   -0.296322 (VIOLATED)
_7322_/A2                               0.750000    1.046318   -0.296318 (VIOLATED)
_7423_/A2                               0.750000    1.046314   -0.296315 (VIOLATED)
_7598_/A2                               0.750000    1.046311   -0.296311 (VIOLATED)
_6250_/B                                0.750000    1.046302   -0.296302 (VIOLATED)
_5998_/Y                                0.750000    1.046267   -0.296267 (VIOLATED)
_6341_/A_N                              0.750000    1.016920   -0.266920 (VIOLATED)
_6342_/A                                0.750000    1.016920   -0.266920 (VIOLATED)
_4517_/A                                0.750000    1.016919   -0.266919 (VIOLATED)
_5117_/C                                0.750000    1.016917   -0.266917 (VIOLATED)
_4930_/B_N                              0.750000    1.016912   -0.266912 (VIOLATED)
_4921_/A                                0.750000    1.016911   -0.266911 (VIOLATED)
_5615_/A                                0.750000    1.016909   -0.266910 (VIOLATED)
_5616_/A1                               0.750000    1.016909   -0.266910 (VIOLATED)
_5467_/B1_N                             0.750000    1.016908   -0.266908 (VIOLATED)
_4926_/A                                0.750000    1.016908   -0.266908 (VIOLATED)
_5376_/A                                0.750000    1.016908   -0.266908 (VIOLATED)
_5468_/A1                               0.750000    1.016908   -0.266908 (VIOLATED)
_5379_/A                                0.750000    1.016907   -0.266907 (VIOLATED)
_5385_/B1                               0.750000    1.016907   -0.266907 (VIOLATED)
_5459_/C                                0.750000    1.016906   -0.266906 (VIOLATED)
_5463_/C                                0.750000    1.016905   -0.266905 (VIOLATED)
_5110_/B                                0.750000    1.016901   -0.266901 (VIOLATED)
_4937_/B_N                              0.750000    1.016899   -0.266899 (VIOLATED)
_5185_/A                                0.750000    1.016893   -0.266893 (VIOLATED)
_5186_/A_N                              0.750000    1.016892   -0.266892 (VIOLATED)
_5187_/C                                0.750000    1.016893   -0.266893 (VIOLATED)
_5183_/A1                               0.750000    1.016891   -0.266891 (VIOLATED)
_4951_/B                                0.750000    1.016889   -0.266889 (VIOLATED)
_5058_/C                                0.750000    1.016870   -0.266870 (VIOLATED)
_6234_/B1                               0.750000    1.016860   -0.266861 (VIOLATED)
_6236_/B2                               0.750000    1.016861   -0.266861 (VIOLATED)
_6237_/C1                               0.750000    1.016861   -0.266861 (VIOLATED)
_5737_/B                                0.750000    1.016849   -0.266849 (VIOLATED)
_5738_/S                                0.750000    1.016846   -0.266846 (VIOLATED)
_4935_/A                                0.750000    1.016834   -0.266834 (VIOLATED)
_4912_/A                                0.750000    1.016825   -0.266825 (VIOLATED)
_8777_/B                                0.750000    1.016824   -0.266824 (VIOLATED)
_4941_/A                                0.750000    1.016824   -0.266824 (VIOLATED)
_4942_/A                                0.750000    1.016824   -0.266824 (VIOLATED)
_4943_/A_N                              0.750000    1.016824   -0.266824 (VIOLATED)
_4955_/A                                0.750000    1.016824   -0.266824 (VIOLATED)
_8781_/A1                               0.750000    1.016823   -0.266823 (VIOLATED)
_4513_/A                                0.750000    1.016823   -0.266823 (VIOLATED)
_4977_/A                                0.750000    1.016822   -0.266822 (VIOLATED)
_7793_/C1                               0.750000    1.016821   -0.266821 (VIOLATED)
_7795_/C1                               0.750000    1.016821   -0.266821 (VIOLATED)
_5717_/B1                               0.750000    1.016817   -0.266817 (VIOLATED)
_5708_/B1                               0.750000    1.016809   -0.266809 (VIOLATED)
_4988_/S                                0.750000    1.016805   -0.266805 (VIOLATED)
_5051_/S                                0.750000    1.016805   -0.266805 (VIOLATED)
_4990_/A1                               0.750000    1.016805   -0.266805 (VIOLATED)
_4996_/S                                0.750000    1.016804   -0.266804 (VIOLATED)
_6205_/A                                0.750000    1.016804   -0.266804 (VIOLATED)
_6206_/B                                0.750000    1.016804   -0.266804 (VIOLATED)
_4981_/B1                               0.750000    1.016801   -0.266801 (VIOLATED)
_4911_/B                                0.750000    1.016799   -0.266799 (VIOLATED)
_5038_/A2                               0.750000    1.016799   -0.266799 (VIOLATED)
_5196_/B                                0.750000    1.016799   -0.266799 (VIOLATED)
_9234_/Q                                0.750000    1.016799   -0.266799 (VIOLATED)
_5829_/A1                               0.750000    1.004714   -0.254714 (VIOLATED)
_6178_/A1                               0.750000    1.004715   -0.254715 (VIOLATED)
_6546_/A1                               0.750000    1.004715   -0.254715 (VIOLATED)
_5744_/A1                               0.750000    1.004714   -0.254714 (VIOLATED)
_6681_/A1                               0.750000    1.004714   -0.254714 (VIOLATED)
_7067_/A1                               0.750000    1.004712   -0.254712 (VIOLATED)
_5867_/A1                               0.750000    1.004711   -0.254711 (VIOLATED)
_7612_/A1                               0.750000    1.004710   -0.254710 (VIOLATED)
_5735_/Y                                0.750000    1.004704   -0.254704 (VIOLATED)
_5750_/B1                               0.750000    0.988382   -0.238382 (VIOLATED)
_5869_/C1                               0.750000    0.988382   -0.238382 (VIOLATED)
_5870_/B                                0.750000    0.988381   -0.238381 (VIOLATED)
_5895_/A                                0.750000    0.988381   -0.238381 (VIOLATED)
_6003_/A                                0.750000    0.988378   -0.238378 (VIOLATED)
_6246_/A                                0.750000    0.988378   -0.238378 (VIOLATED)
_6349_/A                                0.750000    0.988376   -0.238376 (VIOLATED)
_6944_/A                                0.750000    0.988369   -0.238369 (VIOLATED)
_4917_/Y                                0.750000    0.988366   -0.238366 (VIOLATED)
_4918_/A                                0.750000    0.988366   -0.238366 (VIOLATED)
_8242_/A                                0.750000    0.987091   -0.237091 (VIOLATED)
_7941_/B                                0.750000    0.987091   -0.237091 (VIOLATED)
_7771_/B                                0.750000    0.987091   -0.237091 (VIOLATED)
_7606_/B1                               0.750000    0.987090   -0.237090 (VIOLATED)
_6207_/Y                                0.750000    0.987088   -0.237088 (VIOLATED)
_6208_/B                                0.750000    0.987088   -0.237088 (VIOLATED)
_6305_/B                                0.750000    0.987088   -0.237088 (VIOLATED)
_6587_/B1                               0.750000    0.987088   -0.237088 (VIOLATED)
_6703_/A                                0.750000    0.987088   -0.237088 (VIOLATED)
_6716_/B1                               0.750000    0.987088   -0.237088 (VIOLATED)
_5829_/A2                               0.750000    0.983766   -0.233766 (VIOLATED)
_6178_/A2                               0.750000    0.983766   -0.233766 (VIOLATED)
_6546_/A2                               0.750000    0.983766   -0.233766 (VIOLATED)
_5744_/A2                               0.750000    0.983765   -0.233765 (VIOLATED)
_6681_/A2                               0.750000    0.983765   -0.233765 (VIOLATED)
_7067_/A2                               0.750000    0.983763   -0.233763 (VIOLATED)
_5867_/A2                               0.750000    0.983763   -0.233763 (VIOLATED)
_7612_/A2                               0.750000    0.983762   -0.233762 (VIOLATED)
_5742_/Y                                0.750000    0.983758   -0.233758 (VIOLATED)
_6687_/A1                               0.750000    0.976903   -0.226903 (VIOLATED)
_6738_/A1                               0.750000    0.976903   -0.226903 (VIOLATED)
_6988_/A1                               0.750000    0.976903   -0.226903 (VIOLATED)
_6616_/A                                0.750000    0.976902   -0.226902 (VIOLATED)
_7447_/A1                               0.750000    0.976897   -0.226897 (VIOLATED)
_6741_/A                                0.750000    0.976895   -0.226895 (VIOLATED)
_6612_/Y                                0.750000    0.976891   -0.226891 (VIOLATED)
_6179_/A1                               0.750000    0.949137   -0.199137 (VIOLATED)
_6283_/A1                               0.750000    0.949137   -0.199137 (VIOLATED)
_6553_/A1                               0.750000    0.949136   -0.199136 (VIOLATED)
_5999_/A                                0.750000    0.949136   -0.199136 (VIOLATED)
_6995_/A1                               0.750000    0.949131   -0.199131 (VIOLATED)
_7045_/A1                               0.750000    0.949130   -0.199130 (VIOLATED)
_7322_/A1                               0.750000    0.949125   -0.199125 (VIOLATED)
_7423_/A1                               0.750000    0.949121   -0.199121 (VIOLATED)
_7598_/A1                               0.750000    0.949117   -0.199118 (VIOLATED)
_6250_/A                                0.750000    0.949107   -0.199108 (VIOLATED)
_5993_/Y                                0.750000    0.949070   -0.199070 (VIOLATED)
_4998_/A                                0.750000    0.926140   -0.176140 (VIOLATED)
_4519_/A                                0.750000    0.926139   -0.176139 (VIOLATED)
_4937_/A_N                              0.750000    0.926139   -0.176139 (VIOLATED)
_5110_/A                                0.750000    0.926139   -0.176139 (VIOLATED)
_5463_/A_N                              0.750000    0.926138   -0.176138 (VIOLATED)
_5471_/C                                0.750000    0.926138   -0.176138 (VIOLATED)
_4933_/A_N                              0.750000    0.926138   -0.176138 (VIOLATED)
_5621_/A_N                              0.750000    0.926137   -0.176137 (VIOLATED)
_5622_/C                                0.750000    0.926137   -0.176137 (VIOLATED)
_4991_/A_N                              0.750000    0.926137   -0.176137 (VIOLATED)
_4924_/A                                0.750000    0.926135   -0.176135 (VIOLATED)
_6029_/A                                0.750000    0.926135   -0.176135 (VIOLATED)
_6035_/A                                0.750000    0.926135   -0.176135 (VIOLATED)
_6207_/A                                0.750000    0.926135   -0.176135 (VIOLATED)
_6302_/A                                0.750000    0.926135   -0.176135 (VIOLATED)
_4514_/B                                0.750000    0.926134   -0.176134 (VIOLATED)
_4917_/C1                               0.750000    0.926134   -0.176134 (VIOLATED)
_4995_/A_N                              0.750000    0.926134   -0.176134 (VIOLATED)
_5025_/C1                               0.750000    0.926134   -0.176134 (VIOLATED)
_5106_/C1                               0.750000    0.926134   -0.176134 (VIOLATED)
_5582_/A                                0.750000    0.926134   -0.176134 (VIOLATED)
_5588_/A                                0.750000    0.926134   -0.176134 (VIOLATED)
_4957_/A                                0.750000    0.926134   -0.176134 (VIOLATED)
_5039_/C1                               0.750000    0.926134   -0.176134 (VIOLATED)
_4982_/C1                               0.750000    0.926133   -0.176133 (VIOLATED)
_5013_/C1                               0.750000    0.926134   -0.176134 (VIOLATED)
_5117_/A                                0.750000    0.926133   -0.176133 (VIOLATED)
_5283_/A                                0.750000    0.926133   -0.176133 (VIOLATED)
_5200_/C1                               0.750000    0.926133   -0.176133 (VIOLATED)
_5290_/C1                               0.750000    0.926133   -0.176133 (VIOLATED)
_4948_/A                                0.750000    0.926133   -0.176133 (VIOLATED)
_4950_/A                                0.750000    0.926133   -0.176133 (VIOLATED)
_5058_/A                                0.750000    0.926133   -0.176133 (VIOLATED)
_5144_/B1                               0.750000    0.926133   -0.176133 (VIOLATED)
_5203_/B1                               0.750000    0.926133   -0.176133 (VIOLATED)
_5352_/C1                               0.750000    0.926133   -0.176133 (VIOLATED)
_5361_/C1                               0.750000    0.926133   -0.176133 (VIOLATED)
_5447_/B1                               0.750000    0.926133   -0.176133 (VIOLATED)
_5586_/B1                               0.750000    0.926133   -0.176133 (VIOLATED)
_6231_/A_N                              0.750000    0.926133   -0.176133 (VIOLATED)
_6232_/C                                0.750000    0.926133   -0.176133 (VIOLATED)
_7440_/C1                               0.750000    0.926133   -0.176133 (VIOLATED)
_7474_/A                                0.750000    0.926133   -0.176133 (VIOLATED)
_8067_/C1                               0.750000    0.926133   -0.176133 (VIOLATED)
_8175_/A                                0.750000    0.926133   -0.176133 (VIOLATED)
_8781_/B1                               0.750000    0.926133   -0.176133 (VIOLATED)
_9237_/Q                                0.750000    0.926133   -0.176133 (VIOLATED)
_6311_/A                                0.750000    0.912727   -0.162727 (VIOLATED)
_5839_/A                                0.750000    0.912727   -0.162727 (VIOLATED)
_6580_/A1                               0.750000    0.912727   -0.162727 (VIOLATED)
_6196_/A                                0.750000    0.912727   -0.162727 (VIOLATED)
_5192_/A                                0.750000    0.912723   -0.162723 (VIOLATED)
_7081_/A                                0.750000    0.912722   -0.162722 (VIOLATED)
_7082_/B1                               0.750000    0.912722   -0.162722 (VIOLATED)
_7313_/C                                0.750000    0.912721   -0.162721 (VIOLATED)
_5191_/Y                                0.750000    0.912715   -0.162715 (VIOLATED)
_8117_/S                                0.750000    0.858998   -0.108998 (VIOLATED)
_7992_/S                                0.750000    0.858998   -0.108998 (VIOLATED)
_7851_/S                                0.750000    0.858995   -0.108995 (VIOLATED)
_7395_/S                                0.750000    0.858986   -0.108986 (VIOLATED)
_7026_/S                                0.750000    0.858980   -0.108980 (VIOLATED)
_6653_/S                                0.750000    0.858978   -0.108978 (VIOLATED)
_5093_/A                                0.750000    0.858965   -0.108965 (VIOLATED)
_4967_/X                                0.750000    0.858963   -0.108963 (VIOLATED)
_4968_/S                                0.750000    0.858963   -0.108963 (VIOLATED)
_4971_/A2                               0.750000    0.858963   -0.108963 (VIOLATED)
_5035_/A2                               0.750000    0.858963   -0.108963 (VIOLATED)
_6284_/A2                               0.750000    0.828894   -0.078894 (VIOLATED)
_5891_/B                                0.750000    0.828894   -0.078894 (VIOLATED)
_6682_/A2                               0.750000    0.828893   -0.078893 (VIOLATED)
_5975_/B                                0.750000    0.828892   -0.078892 (VIOLATED)
_6996_/A2                               0.750000    0.828888   -0.078888 (VIOLATED)
_7424_/A2                               0.750000    0.828883   -0.078883 (VIOLATED)
_7323_/A2                               0.750000    0.828883   -0.078883 (VIOLATED)
_7611_/A2                               0.750000    0.828875   -0.078875 (VIOLATED)
_5890_/Y                                0.750000    0.828842   -0.078842 (VIOLATED)
_5117_/Y                                0.750000    0.815958   -0.065958 (VIOLATED)
_5121_/B1                               0.750000    0.815958   -0.065958 (VIOLATED)
_5382_/A1                               0.750000    0.815958   -0.065958 (VIOLATED)
_5620_/B2                               0.750000    0.815958   -0.065958 (VIOLATED)
_5740_/B2                               0.750000    0.815958   -0.065958 (VIOLATED)
_5991_/B1                               0.750000    0.815958   -0.065958 (VIOLATED)
_5157_/A                                0.750000    0.812213   -0.062213 (VIOLATED)
_5251_/A                                0.750000    0.812212   -0.062212 (VIOLATED)
_5393_/A                                0.750000    0.812211   -0.062211 (VIOLATED)
_5480_/A                                0.750000    0.812210   -0.062210 (VIOLATED)
_5633_/A                                0.750000    0.812209   -0.062209 (VIOLATED)
_7479_/A2                               0.750000    0.812209   -0.062209 (VIOLATED)
_6938_/A1                               0.750000    0.812208   -0.062208 (VIOLATED)
_6633_/A1                               0.750000    0.812206   -0.062206 (VIOLATED)
_5983_/A1                               0.750000    0.812206   -0.062206 (VIOLATED)
_4919_/X                                0.750000    0.812204   -0.062204 (VIOLATED)
_4920_/A                                0.750000    0.812204   -0.062204 (VIOLATED)
_8405_/A                                0.750000    0.792856   -0.042856 (VIOLATED)
_8307_/A                                0.750000    0.792856   -0.042856 (VIOLATED)
_8055_/A                                0.750000    0.792855   -0.042855 (VIOLATED)
_7940_/A                                0.750000    0.792854   -0.042854 (VIOLATED)
_6160_/A2                               0.750000    0.792853   -0.042853 (VIOLATED)
_6201_/B                                0.750000    0.792853   -0.042853 (VIOLATED)
_6318_/A2                               0.750000    0.792853   -0.042853 (VIOLATED)
_6210_/B                                0.750000    0.792852   -0.042853 (VIOLATED)
_6037_/A2                               0.750000    0.792852   -0.042852 (VIOLATED)
_6034_/X                                0.750000    0.792851   -0.042851 (VIOLATED)
_7415_/B                                0.750000    0.792851   -0.042851 (VIOLATED)
_6987_/A2                               0.750000    0.790938   -0.040938 (VIOLATED)
_6686_/A2                               0.750000    0.790938   -0.040938 (VIOLATED)
_6554_/A2                               0.750000    0.790938   -0.040938 (VIOLATED)
_7044_/A2                               0.750000    0.790936   -0.040936 (VIOLATED)
_7290_/A2                               0.750000    0.790932   -0.040932 (VIOLATED)
_6346_/B                                0.750000    0.790932   -0.040932 (VIOLATED)
_7597_/A2                               0.750000    0.790930   -0.040930 (VIOLATED)
_7446_/A2                               0.750000    0.790914   -0.040914 (VIOLATED)
_6626_/B                                0.750000    0.790907   -0.040907 (VIOLATED)
_6345_/Y                                0.750000    0.790895   -0.040895 (VIOLATED)
_8942_/S                                0.750000    0.788779   -0.038779 (VIOLATED)
_8940_/S                                0.750000    0.788778   -0.038779 (VIOLATED)
_8936_/S                                0.750000    0.788778   -0.038778 (VIOLATED)
_8934_/S                                0.750000    0.788777   -0.038777 (VIOLATED)
_8932_/S                                0.750000    0.788774   -0.038774 (VIOLATED)
_8946_/S                                0.750000    0.788774   -0.038774 (VIOLATED)
_8944_/S                                0.750000    0.788774   -0.038774 (VIOLATED)
_8930_/S                                0.750000    0.788773   -0.038773 (VIOLATED)
_8938_/S                                0.750000    0.788773   -0.038773 (VIOLATED)
_8927_/X                                0.750000    0.788772   -0.038772 (VIOLATED)
_8928_/S                                0.750000    0.788772   -0.038772 (VIOLATED)
_4689_/S                                0.750000    0.780727   -0.030727 (VIOLATED)
_4693_/S                                0.750000    0.780727   -0.030727 (VIOLATED)
_4687_/S                                0.750000    0.780727   -0.030727 (VIOLATED)
_4691_/S                                0.750000    0.780727   -0.030727 (VIOLATED)
_4683_/S                                0.750000    0.780726   -0.030726 (VIOLATED)
_4681_/S                                0.750000    0.780726   -0.030726 (VIOLATED)
_4679_/S                                0.750000    0.780726   -0.030726 (VIOLATED)
_4677_/S                                0.750000    0.780726   -0.030726 (VIOLATED)
_4675_/S                                0.750000    0.780725   -0.030725 (VIOLATED)
_4674_/X                                0.750000    0.780724   -0.030724 (VIOLATED)
_4685_/S                                0.750000    0.780724   -0.030724 (VIOLATED)
_4727_/S                                0.750000    0.778945   -0.028945 (VIOLATED)
_4729_/S                                0.750000    0.778945   -0.028945 (VIOLATED)
_4725_/S                                0.750000    0.778943   -0.028943 (VIOLATED)
_4731_/S                                0.750000    0.778942   -0.028942 (VIOLATED)
_4733_/S                                0.750000    0.778939   -0.028939 (VIOLATED)
_4723_/S                                0.750000    0.778938   -0.028938 (VIOLATED)
_4721_/S                                0.750000    0.778938   -0.028938 (VIOLATED)
_4716_/X                                0.750000    0.778936   -0.028936 (VIOLATED)
_4717_/S                                0.750000    0.778936   -0.028936 (VIOLATED)
_4719_/S                                0.750000    0.778936   -0.028936 (VIOLATED)
_4735_/S                                0.750000    0.778936   -0.028936 (VIOLATED)
_8949_/S                                0.750000    0.778252   -0.028252 (VIOLATED)
_8963_/S                                0.750000    0.778251   -0.028251 (VIOLATED)
_8967_/S                                0.750000    0.778251   -0.028251 (VIOLATED)
_8965_/S                                0.750000    0.778251   -0.028251 (VIOLATED)
_8951_/S                                0.750000    0.778251   -0.028251 (VIOLATED)
_8953_/S                                0.750000    0.778250   -0.028250 (VIOLATED)
_8948_/X                                0.750000    0.778249   -0.028249 (VIOLATED)
_8955_/S                                0.750000    0.778249   -0.028249 (VIOLATED)
_8957_/S                                0.750000    0.778249   -0.028249 (VIOLATED)
_8959_/S                                0.750000    0.778249   -0.028249 (VIOLATED)
_8961_/S                                0.750000    0.778249   -0.028249 (VIOLATED)
_5471_/A_N                              0.750000    0.773285   -0.023285 (VIOLATED)
_5463_/B                                0.750000    0.773285   -0.023285 (VIOLATED)
_4933_/B                                0.750000    0.773284   -0.023284 (VIOLATED)
_5621_/B                                0.750000    0.773284   -0.023284 (VIOLATED)
_5622_/A_N                              0.750000    0.773284   -0.023284 (VIOLATED)
_4519_/B                                0.750000    0.773284   -0.023284 (VIOLATED)
_4937_/D                                0.750000    0.773284   -0.023284 (VIOLATED)
_5110_/D_N                              0.750000    0.773284   -0.023284 (VIOLATED)
_4991_/B                                0.750000    0.773283   -0.023283 (VIOLATED)
_4951_/A                                0.750000    0.773283   -0.023283 (VIOLATED)
_4957_/B                                0.750000    0.773282   -0.023282 (VIOLATED)
_5117_/B                                0.750000    0.773282   -0.023282 (VIOLATED)
_4924_/C_N                              0.750000    0.773282   -0.023282 (VIOLATED)
_5058_/B                                0.750000    0.773282   -0.023282 (VIOLATED)
_5269_/S                                0.750000    0.773280   -0.023280 (VIOLATED)
_6231_/B                                0.750000    0.773277   -0.023277 (VIOLATED)
_6232_/A_N                              0.750000    0.773277   -0.023277 (VIOLATED)
_4514_/A_N                              0.750000    0.773276   -0.023276 (VIOLATED)
_4911_/A_N                              0.750000    0.773276   -0.023276 (VIOLATED)
_4913_/A                                0.750000    0.773276   -0.023276 (VIOLATED)
_4948_/B                                0.750000    0.773276   -0.023276 (VIOLATED)
_4979_/A1                               0.750000    0.773276   -0.023276 (VIOLATED)
_4980_/A                                0.750000    0.773276   -0.023276 (VIOLATED)
_4982_/A1                               0.750000    0.773276   -0.023276 (VIOLATED)
_4995_/D                                0.750000    0.773276   -0.023276 (VIOLATED)
_5013_/A1                               0.750000    0.773276   -0.023276 (VIOLATED)
_5038_/A1                               0.750000    0.773276   -0.023276 (VIOLATED)
_5140_/A                                0.750000    0.773276   -0.023276 (VIOLATED)
_5196_/A                                0.750000    0.773276   -0.023276 (VIOLATED)
_5351_/A1                               0.750000    0.773276   -0.023276 (VIOLATED)
_5581_/A1                               0.750000    0.773276   -0.023276 (VIOLATED)
_5736_/S                                0.750000    0.773276   -0.023276 (VIOLATED)
_6027_/A                                0.750000    0.773276   -0.023276 (VIOLATED)
_6206_/A                                0.750000    0.773276   -0.023276 (VIOLATED)
_7297_/A1                               0.750000    0.773276   -0.023276 (VIOLATED)
_7793_/A1                               0.750000    0.773276   -0.023276 (VIOLATED)
_7794_/A                                0.750000    0.773276   -0.023276 (VIOLATED)
_7971_/B2                               0.750000    0.773276   -0.023276 (VIOLATED)
_8777_/A                                0.750000    0.773276   -0.023276 (VIOLATED)
_9233_/Q                                0.750000    0.773276   -0.023276 (VIOLATED)
_4824_/S                                0.750000    0.772774   -0.022774 (VIOLATED)
_4828_/S                                0.750000    0.772774   -0.022774 (VIOLATED)
_4830_/S                                0.750000    0.772773   -0.022773 (VIOLATED)
_4826_/S                                0.750000    0.772771   -0.022771 (VIOLATED)
_4832_/S                                0.750000    0.772770   -0.022770 (VIOLATED)
_4834_/S                                0.750000    0.772767   -0.022767 (VIOLATED)
_4821_/X                                0.750000    0.772766   -0.022766 (VIOLATED)
_4822_/S                                0.750000    0.772766   -0.022766 (VIOLATED)
_4836_/S                                0.750000    0.772766   -0.022766 (VIOLATED)
_4838_/S                                0.750000    0.772766   -0.022766 (VIOLATED)
_4840_/S                                0.750000    0.772766   -0.022766 (VIOLATED)
_8267_/A2                               0.750000    0.763818   -0.013818 (VIOLATED)
_8270_/B2                               0.750000    0.763818   -0.013818 (VIOLATED)
_8271_/B                                0.750000    0.763818   -0.013818 (VIOLATED)
_5028_/B2                               0.750000    0.763810   -0.013810 (VIOLATED)
_6621_/A                                0.750000    0.763809   -0.013809 (VIOLATED)
_5214_/C1                               0.750000    0.763809   -0.013809 (VIOLATED)
_5241_/A                                0.750000    0.763809   -0.013809 (VIOLATED)
_5488_/A1                               0.750000    0.763808   -0.013808 (VIOLATED)
_5027_/X                                0.750000    0.763807   -0.013807 (VIOLATED)
_5573_/A1                               0.750000    0.763807   -0.013807 (VIOLATED)
_6257_/A1                               0.750000    0.763807   -0.013807 (VIOLATED)
_4966_/A                                0.750000    0.758597   -0.008597 (VIOLATED)
_5012_/B1                               0.750000    0.758597   -0.008597 (VIOLATED)
_5048_/B                                0.750000    0.758597   -0.008597 (VIOLATED)
_5047_/A1                               0.750000    0.758597   -0.008597 (VIOLATED)
_5212_/A1                               0.750000    0.758596   -0.008596 (VIOLATED)
_5168_/C1                               0.750000    0.758595   -0.008595 (VIOLATED)
_8272_/A2                               0.750000    0.758594   -0.008594 (VIOLATED)
_5401_/A1_N                             0.750000    0.758593   -0.008593 (VIOLATED)
_5574_/A1                               0.750000    0.758591   -0.008591 (VIOLATED)
_4920_/X                                0.750000    0.758590   -0.008590 (VIOLATED)
_6634_/A1                               0.750000    0.758590   -0.008590 (VIOLATED)
_4790_/S                                0.750000    0.752115   -0.002115 (VIOLATED)
_4794_/S                                0.750000    0.752115   -0.002115 (VIOLATED)
_4796_/S                                0.750000    0.752114   -0.002114 (VIOLATED)
_4792_/S                                0.750000    0.752112   -0.002112 (VIOLATED)
_4798_/S                                0.750000    0.752110   -0.002110 (VIOLATED)
_4780_/S                                0.750000    0.752110   -0.002110 (VIOLATED)
_4782_/S                                0.750000    0.752110   -0.002110 (VIOLATED)
_4784_/S                                0.750000    0.752109   -0.002109 (VIOLATED)
_4788_/S                                0.750000    0.752108   -0.002108 (VIOLATED)
_4779_/X                                0.750000    0.752106   -0.002106 (VIOLATED)
_4786_/S                                0.750000    0.752106   -0.002106 (VIOLATED)
_7072_/A1                               0.750000    0.750572   -0.000572 (VIOLATED)
_6957_/A                                0.750000    0.750572   -0.000572 (VIOLATED)
_6316_/A2                               0.750000    0.750571   -0.000571 (VIOLATED)
_6570_/B1                               0.750000    0.750571   -0.000571 (VIOLATED)
_5590_/A2                               0.750000    0.750570   -0.000570 (VIOLATED)
_5714_/B1                               0.750000    0.750570   -0.000570 (VIOLATED)
_6039_/B                                0.750000    0.750566   -0.000566 (VIOLATED)
_7603_/A1                               0.750000    0.750564   -0.000564 (VIOLATED)
_8309_/A                                0.750000    0.750564   -0.000564 (VIOLATED)
_8169_/B1                               0.750000    0.750564   -0.000564 (VIOLATED)
_5587_/X                                0.750000    0.750562   -0.000562 (VIOLATED)

max fanout

Pin                                   Limit Fanout  Slack
---------------------------------------------------------
clk                                      16    332   -316 (VIOLATED)
rst_n                                    16    332   -316 (VIOLATED)
_9236_/Q                                 16     64    -48 (VIOLATED)
_9234_/Q                                 16     53    -37 (VIOLATED)
_9235_/Q                                 16     52    -36 (VIOLATED)
_9237_/Q                                 16     46    -30 (VIOLATED)
sample_in[5]                             16     41    -25 (VIOLATED)
sample_valid                             16     41    -25 (VIOLATED)
sample_in[2]                             16     40    -24 (VIOLATED)
sample_in[4]                             16     40    -24 (VIOLATED)
_9233_/Q                                 16     39    -23 (VIOLATED)
sample_in[9]                             16     36    -20 (VIOLATED)
sample_in[8]                             16     34    -18 (VIOLATED)
sample_in[6]                             16     33    -17 (VIOLATED)
sample_in[11]                            16     31    -15 (VIOLATED)
sample_in[1]                             16     31    -15 (VIOLATED)
sample_in[3]                             16     31    -15 (VIOLATED)
sample_in[10]                            16     29    -13 (VIOLATED)
sample_in[12]                            16     28    -12 (VIOLATED)
sample_in[0]                             16     27    -11 (VIOLATED)
sample_in[14]                            16     25     -9 (VIOLATED)
sample_in[7]                             16     24     -8 (VIOLATED)
sample_in[15]                            16     23     -7 (VIOLATED)
sample_in[13]                            16     22     -6 (VIOLATED)
_9222_/Q                                 16     19     -3 (VIOLATED)
_9216_/Q                                 16     17        (VIOLATED)



===========================================================================
report_parasitic_annotation -report_unannotated
============================================================================
Found 0 unannotated drivers.
Found 0 partially unannotated drivers.

===========================================================================
max slew violation count 513
Writing metric design__max_slew_violation__count__corner:nom_tt_025C_1v80: 513
max fanout violation count 26
Writing metric design__max_fanout_violation__count__corner:nom_tt_025C_1v80: 26
max cap violation count 0
Writing metric design__max_cap_violation__count__corner:nom_tt_025C_1v80: 0
============================================================================

===========================================================================
check_setup -verbose -unconstrained_endpoints -multiple_clock -no_clock -no_input_delay -loops -generated_clocks
===========================================================================
Warning: There is 1 input port missing set_input_delay.
  rst_n
