Clock: clk
Sources: clk 
Generated: no
Virtual: yes
Propagated: no
Period: 13.081284

===========================================================================
report_clock_properties
============================================================================
Clock                   Period          Waveform
----------------------------------------------------
clk                  13.081284    0.000000  6.540642

===========================================================================
report_clock_latency
============================================================================
Clock clk
rise -> rise
    min     max
0.000000 0.000000 source latency
0.017751         network latency _9109_/CLK
        0.047857 network latency _9213_/CLK
---------------
0.017751 0.047857 latency
        0.030106 skew

fall -> fall
    min     max
0.000000 0.000000 source latency
0.016811         network latency _9109_/CLK
        0.045465 network latency _9213_/CLK
---------------
0.016811 0.045465 latency
        0.028654 skew



===========================================================================
report_clock_min_period
============================================================================
clk period_min = 11.07 fmax = 90.36
