144. Printing statistics.

=== fir_filter ===

        +----------Local Count, excluding submodules.
        |        +-Local Area, excluding submodules.
        |        | 
     3708        - wires
     3738        - wire bits
      312        - public wires
      342        - public wire bits
        7        - ports
       37        - port bits
     3719 4.19E+04 cells
       43  538.016   sky130_fd_sc_hd__a2111o_2
       34  340.326   sky130_fd_sc_hd__a211o_2
       42  525.504   sky130_fd_sc_hd__a211oi_2
       42  420.403   sky130_fd_sc_hd__a21bo_2
       19  213.955   sky130_fd_sc_hd__a21boi_2
      148  1.3E+03   sky130_fd_sc_hd__a21o_2
      144  1261.21   sky130_fd_sc_hd__a21oi_2
       15  168.912   sky130_fd_sc_hd__a221o_2
       65  650.624   sky130_fd_sc_hd__a22o_2
        8   90.086   sky130_fd_sc_hd__a2bb2o_2
        1   11.261   sky130_fd_sc_hd__a311o_2
        2   30.029   sky130_fd_sc_hd__a311oi_2
       44   385.37   sky130_fd_sc_hd__a31o_2
        6   75.072   sky130_fd_sc_hd__a31oi_2
        8   90.086   sky130_fd_sc_hd__a32o_2
        1   16.266   sky130_fd_sc_hd__a32oi_2
        3   33.782   sky130_fd_sc_hd__a41o_2
      116  870.835   sky130_fd_sc_hd__and2_2
       77  674.397   sky130_fd_sc_hd__and2b_2
      234 1.76E+03   sky130_fd_sc_hd__and3_2
        6   60.058   sky130_fd_sc_hd__and3b_2
        3   30.029   sky130_fd_sc_hd__and4_2
        1   11.261   sky130_fd_sc_hd__and4b_2
        1   12.512   sky130_fd_sc_hd__and4bb_2
      332 8.72E+03   sky130_fd_sc_hd__dfrtp_2
       43  161.405   sky130_fd_sc_hd__inv_2
      285 3.21E+03   sky130_fd_sc_hd__mux2_1
      252 1.58E+03   sky130_fd_sc_hd__nand2_2
       56   490.47   sky130_fd_sc_hd__nand2b_2
       74   740.71   sky130_fd_sc_hd__nand3_2
        3   37.536   sky130_fd_sc_hd__nand4_2
      288  1.8E+03   sky130_fd_sc_hd__nor2_2
       48  480.461   sky130_fd_sc_hd__nor3_2
        8  100.096   sky130_fd_sc_hd__nor3b_2
        1   12.512   sky130_fd_sc_hd__nor4_2
       85  850.816   sky130_fd_sc_hd__o211a_2
       33  412.896   sky130_fd_sc_hd__o211ai_2
       52  455.437   sky130_fd_sc_hd__o21a_2
      111  972.182   sky130_fd_sc_hd__o21ai_2
       28  280.269   sky130_fd_sc_hd__o21ba_2
        9  101.347   sky130_fd_sc_hd__o21bai_2
        5   56.304   sky130_fd_sc_hd__o221a_2
       34  340.326   sky130_fd_sc_hd__o22a_2
       12  150.144   sky130_fd_sc_hd__o22ai_2
        7   78.826   sky130_fd_sc_hd__o2bb2a_2
       12  180.173   sky130_fd_sc_hd__o2bb2ai_2
        5   56.304   sky130_fd_sc_hd__o311a_2
        3   48.797   sky130_fd_sc_hd__o311ai_2
       14  140.134   sky130_fd_sc_hd__o31a_2
        6   75.072   sky130_fd_sc_hd__o31ai_2
        5   56.304   sky130_fd_sc_hd__o32a_2
        1   16.266   sky130_fd_sc_hd__o32ai_2
        1   12.512   sky130_fd_sc_hd__o41a_2
      191 1.19E+03   sky130_fd_sc_hd__or2_2
       77  578.054   sky130_fd_sc_hd__or3_2
       22  192.685   sky130_fd_sc_hd__or3b_2
       32  280.269   sky130_fd_sc_hd__or4_2
        3   30.029   sky130_fd_sc_hd__or4b_2
      362 5.89E+03   sky130_fd_sc_hd__xnor2_2
      156 2.54E+03   sky130_fd_sc_hd__xor2_2

   Chip area for module '\fir_filter': 41882.668800
     of which used for sequential elements: 8723.366400 (20.83%)

