Clock: clk
Sources: clk 
Generated: no
Virtual: no
Propagated: no
Period: 20.000000

===========================================================================
report_clock_properties
============================================================================
Clock                   Period          Waveform
----------------------------------------------------
clk                  20.000000    0.000000 10.000000

===========================================================================
report_clock_latency
============================================================================
Clock clk
rise -> rise
    min     max
0.000000 0.000000 source latency
1.899647         network latency _10459_/CLK
        1.899647 network latency _10459_/CLK
---------------
1.899647 1.899647 latency
        0.000000 skew

fall -> fall
    min     max
0.000000 0.000000 source latency
0.926864         network latency _10459_/CLK
        0.926864 network latency _10459_/CLK
---------------
0.926864 0.926864 latency
        0.000000 skew



===========================================================================
report_clock_min_period
============================================================================
clk period_min = 12.52 fmax = 79.90
