
===========================================================================
report_checks -unconstrained
===========================================================================
======================= max_tt_025C_1v80 Corner ===================================

Startpoint: sample_in[5] (input port clocked by clk)
Endpoint: _9219_ (rising edge-triggered flip-flop clocked by clk)
Path Group: clk
Path Type: max

Fanout         Cap        Slew       Delay        Time   Description
---------------------------------------------------------------------------------------------
                                  0.000000    0.000000   clock clk (rise edge)
                                  0.000000    0.000000   clock network delay (propagated)
                                  4.000000    4.000000 ^ input external delay
     1    0.003896    0.000000    0.000000    4.000000 ^ sample_in[5] (in)
                                                         sample_in[5] (net)
                      0.000213    0.000109    4.000109 ^ input13/A (sky130_fd_sc_hd__clkbuf_4)
     2    0.043818    0.140364    0.186860    4.186969 ^ input13/X (sky130_fd_sc_hd__clkbuf_4)
                                                         net13 (net)
                      0.140946    0.007526    4.194495 ^ hold755/A (sky130_fd_sc_hd__dlygate4sd3_1)
     3    0.043261    0.426512    0.854870    5.049366 ^ hold755/X (sky130_fd_sc_hd__dlygate4sd3_1)
                                                         net755 (net)
                      0.426529    0.003192    5.052557 ^ fanout346/A (sky130_fd_sc_hd__dlygate4sd1_1)
     2    0.008560    0.091329    0.294036    5.346593 ^ fanout346/X (sky130_fd_sc_hd__dlygate4sd1_1)
                                                         net346 (net)
                      0.091330    0.000512    5.347106 ^ wire347/A (sky130_fd_sc_hd__clkbuf_4)
     7    0.058773    0.180821    0.252354    5.599459 ^ wire347/X (sky130_fd_sc_hd__clkbuf_4)
                                                         net347 (net)
                      0.181216    0.007083    5.606542 ^ fanout344/A (sky130_fd_sc_hd__buf_2)
     9    0.048870    0.238431    0.294038    5.900580 ^ fanout344/X (sky130_fd_sc_hd__buf_2)
                                                         net344 (net)
                      0.238489    0.003154    5.903734 ^ load_slew345/A (sky130_fd_sc_hd__buf_4)
     8    0.047355    0.137860    0.242234    6.145968 ^ load_slew345/X (sky130_fd_sc_hd__buf_4)
                                                         net345 (net)
                      0.138013    0.002933    6.148901 ^ _5316_/B (sky130_fd_sc_hd__and2_2)
     3    0.019382    0.111329    0.223455    6.372356 ^ _5316_/X (sky130_fd_sc_hd__and2_2)
                                                         _0774_ (net)
                      0.111343    0.001316    6.373672 ^ _6417_/B1 (sky130_fd_sc_hd__a21oi_4)
     4    0.020528    0.125054    0.062082    6.435754 v _6417_/Y (sky130_fd_sc_hd__a21oi_4)
                                                         _1868_ (net)
                      0.125117    0.001210    6.436964 v _6480_/B2 (sky130_fd_sc_hd__o221a_2)
     1    0.005019    0.048666    0.267284    6.704248 v _6480_/X (sky130_fd_sc_hd__o221a_2)
                                                         _1930_ (net)
                      0.048805    0.000374    6.704622 v _6481_/B1 (sky130_fd_sc_hd__a21oi_2)
     4    0.028600    0.358164    0.298328    7.002950 ^ _6481_/Y (sky130_fd_sc_hd__a21oi_2)
                                                         _1931_ (net)
                      0.358195    0.002829    7.005779 ^ _6485_/A (sky130_fd_sc_hd__xnor2_2)
     3    0.017498    0.123121    0.177578    7.183357 v _6485_/Y (sky130_fd_sc_hd__xnor2_2)
                                                         _1935_ (net)
                      0.123131    0.001201    7.184558 v _6492_/A (sky130_fd_sc_hd__xnor2_2)
     1    0.018050    0.267148    0.297803    7.482361 ^ _6492_/Y (sky130_fd_sc_hd__xnor2_2)
                                                         _1942_ (net)
                      0.267159    0.001430    7.483791 ^ _6493_/A (sky130_fd_sc_hd__xnor2_4)
     2    0.018645    0.090976    0.138430    7.622221 v _6493_/Y (sky130_fd_sc_hd__xnor2_4)
                                                         _1943_ (net)
                      0.091001    0.000830    7.623050 v _6494_/B (sky130_fd_sc_hd__xnor2_4)
     1    0.016446    0.074472    0.161640    7.784689 v _6494_/Y (sky130_fd_sc_hd__xnor2_4)
                                                         _1944_ (net)
                      0.074479    0.001307    7.785997 v _6495_/A (sky130_fd_sc_hd__xnor2_4)
     3    0.025026    0.234562    0.260586    8.046583 ^ _6495_/Y (sky130_fd_sc_hd__xnor2_4)
                                                         _1945_ (net)
                      0.234656    0.001676    8.048259 ^ _6506_/B (sky130_fd_sc_hd__xnor2_4)
     4    0.012046    0.069767    0.103056    8.151316 v _6506_/Y (sky130_fd_sc_hd__xnor2_4)
                                                         _1956_ (net)
                      0.069768    0.000592    8.151907 v _6782_/A2 (sky130_fd_sc_hd__a21o_2)
     1    0.008842    0.048701    0.238646    8.390553 v _6782_/X (sky130_fd_sc_hd__a21o_2)
                                                         _2231_ (net)
                      0.048710    0.000686    8.391239 v _6783_/B1 (sky130_fd_sc_hd__o21ai_4)
     2    0.013917    0.152380    0.074396    8.465635 ^ _6783_/Y (sky130_fd_sc_hd__o21ai_4)
                                                         _2232_ (net)
                      0.152381    0.000709    8.466344 ^ _6785_/A (sky130_fd_sc_hd__or2b_4)
     1    0.009606    0.043925    0.153837    8.620181 ^ _6785_/X (sky130_fd_sc_hd__or2b_4)
                                                         _2234_ (net)
                      0.043941    0.000773    8.620954 ^ _6787_/B1 (sky130_fd_sc_hd__a221oi_4)
     2    0.011627    0.073901    0.062228    8.683182 v _6787_/Y (sky130_fd_sc_hd__a221oi_4)
                                                         _2236_ (net)
                      0.073902    0.000577    8.683759 v max_cap56/A (sky130_fd_sc_hd__clkbuf_2)
     2    0.009129    0.044926    0.133372    8.817131 v max_cap56/X (sky130_fd_sc_hd__clkbuf_2)
                                                         net56 (net)
                      0.044936    0.000646    8.817777 v _7150_/A (sky130_fd_sc_hd__or2_2)
     1    0.003479    0.056397    0.296526    9.114304 v _7150_/X (sky130_fd_sc_hd__or2_2)
                                                         _2597_ (net)
                      0.056397    0.000224    9.114527 v _7151_/B2 (sky130_fd_sc_hd__a22o_2)
     1    0.006156    0.048021    0.240926    9.355453 v _7151_/X (sky130_fd_sc_hd__a22o_2)
                                                         _2598_ (net)
                      0.048021    0.000448    9.355901 v _7152_/C1 (sky130_fd_sc_hd__o221a_4)
     3    0.016720    0.058905    0.134044    9.489945 v _7152_/X (sky130_fd_sc_hd__o221a_4)
                                                         _2599_ (net)
                      0.058972    0.001580    9.491525 v _7510_/A (sky130_fd_sc_hd__or2_4)
     1    0.005941    0.048715    0.256892    9.748418 v _7510_/X (sky130_fd_sc_hd__or2_4)
                                                         _2955_ (net)
                      0.048715    0.000285    9.748703 v _7511_/B2 (sky130_fd_sc_hd__a22o_4)
     1    0.008717    0.044864    0.230163    9.978866 v _7511_/X (sky130_fd_sc_hd__a22o_4)
                                                         _2956_ (net)
                      0.044864    0.000688    9.979554 v _7512_/C1 (sky130_fd_sc_hd__o221ai_4)
     2    0.009744    0.186379    0.066190   10.045744 ^ _7512_/Y (sky130_fd_sc_hd__o221ai_4)
                                                         _2957_ (net)
                      0.186380    0.000729   10.046474 ^ _7652_/A2 (sky130_fd_sc_hd__a21oi_2)
     2    0.007790    0.058666    0.096370   10.142843 v _7652_/Y (sky130_fd_sc_hd__a21oi_2)
                                                         _3096_ (net)
                      0.058668    0.000568   10.143412 v max_cap42/A (sky130_fd_sc_hd__buf_6)
     4    0.024624    0.036581    0.137369   10.280781 v max_cap42/X (sky130_fd_sc_hd__buf_6)
                                                         net42 (net)
                      0.037012    0.002506   10.283286 v rebuffer679/A (sky130_fd_sc_hd__buf_4)
     3    0.014841    0.038741    0.144761   10.428047 v rebuffer679/X (sky130_fd_sc_hd__buf_4)
                                                         net679 (net)
                      0.038778    0.001096   10.429143 v _7994_/A1 (sky130_fd_sc_hd__a21o_2)
     1    0.007228    0.044519    0.197640   10.626783 v _7994_/X (sky130_fd_sc_hd__a21o_2)
                                                         _3435_ (net)
                      0.044531    0.000719   10.627501 v _8000_/A2 (sky130_fd_sc_hd__a221o_2)
     1    0.005113    0.060029    0.393995   11.021497 v _8000_/X (sky130_fd_sc_hd__a221o_2)
                                                         _3441_ (net)
                      0.060029    0.000384   11.021880 v _8001_/B1 (sky130_fd_sc_hd__o21ai_2)
     1    0.016525    0.218940    0.107815   11.129696 ^ _8001_/Y (sky130_fd_sc_hd__o21ai_2)
                                                         _3442_ (net)
                      0.218944    0.000804   11.130500 ^ _8044_/B (sky130_fd_sc_hd__xnor2_4)
     1    0.076877    0.224237    0.220139   11.350639 v _8044_/Y (sky130_fd_sc_hd__xnor2_4)
                                                         _3485_ (net)
                      0.226011    0.016241   11.366880 v _8045_/A1 (sky130_fd_sc_hd__mux2_2)
     1    0.002682    0.047073    0.335934   11.702814 v _8045_/X (sky130_fd_sc_hd__mux2_2)
                                                         _3486_ (net)
                      0.047073    0.000175   11.702990 v _8117_/A0 (sky130_fd_sc_hd__mux2_2)
     1    0.002937    0.047909    0.260295   11.963284 v _8117_/X (sky130_fd_sc_hd__mux2_2)
                                                         _3558_ (net)
                      0.047909    0.000194   11.963478 v _8118_/A (sky130_fd_sc_hd__buf_1)
     1    0.002601    0.025550    0.089335   12.052813 v _8118_/X (sky130_fd_sc_hd__buf_1)
                                                         _0200_ (net)
                      0.025551    0.000178   12.052990 v _9219_/D (sky130_fd_sc_hd__dfrtp_2)
                                             12.052990   data arrival time

                                 20.000000   20.000000   clock clk (rise edge)
                                  0.000000   20.000000   clock source latency
     1    0.058141    0.150000    0.000000   20.000000 ^ clk (in)
                                                         clk (net)
                      0.160996    0.005388   20.005388 ^ clkbuf_0_clk/A (sky130_fd_sc_hd__clkbuf_16)
     4    0.092308    0.109569    0.213104   20.218493 ^ clkbuf_0_clk/X (sky130_fd_sc_hd__clkbuf_16)
                                                         clknet_0_clk (net)
                      0.110079    0.005919   20.224411 ^ clkbuf_2_3__f_clk/A (sky130_fd_sc_hd__clkbuf_16)
     8    0.119779    0.133151    0.215470   20.439882 ^ clkbuf_2_3__f_clk/X (sky130_fd_sc_hd__clkbuf_16)
                                                         clknet_2_3__leaf_clk (net)
                      0.133512    0.005501   20.445383 ^ clkbuf_leaf_33_clk/A (sky130_fd_sc_hd__clkbuf_8)
     6    0.027706    0.062958    0.169859   20.615242 ^ clkbuf_leaf_33_clk/X (sky130_fd_sc_hd__clkbuf_8)
                                                         clknet_leaf_33_clk (net)
                      0.062993    0.001320   20.616562 ^ _9219_/CLK (sky130_fd_sc_hd__dfrtp_2)
                                 -0.100000   20.516562   clock uncertainty
                                  0.000000   20.516562   clock reconvergence pessimism
                                 -0.102807   20.413755   library setup time
                                             20.413755   data required time
---------------------------------------------------------------------------------------------
                                             20.413755   data required time
                                            -12.052990   data arrival time
---------------------------------------------------------------------------------------------
                                              8.360765   slack (MET)




===========================================================================
report_checks --slack_max -0.01
============================================================================
======================= max_tt_025C_1v80 Corner ===================================

No paths found.


===========================================================================
 report_check_types -max_slew -max_cap -max_fanout -violators
============================================================================
======================= max_tt_025C_1v80 Corner ===================================

max fanout

Pin                                   Limit Fanout  Slack
---------------------------------------------------------
_9221_/Q                                 16     17        (VIOLATED)



===========================================================================
report_parasitic_annotation -report_unannotated
============================================================================
Found 32 unannotated drivers.
 clkload0/Y
 clkload1/Y
 clkload10/X
 clkload11/X
 clkload12/Y
 clkload13/Y
 clkload14/X
 clkload15/Y
 clkload16/X
 clkload17/X
 clkload18/Y
 clkload19/X
 clkload2/Y
 clkload20/Y
 clkload21/X
 clkload22/X
 clkload23/Y
 clkload24/Y
 clkload25/Y
 clkload26/Y
 clkload27/X
 clkload28/X
 clkload29/X
 clkload3/Y
 clkload30/Y
 clkload31/Y
 clkload4/X
 clkload5/X
 clkload6/X
 clkload7/Y
 clkload8/Y
 clkload9/Y
Found 0 partially unannotated drivers.

===========================================================================
max slew violation count 0
max fanout violation count 1
max cap violation count 0
============================================================================

===========================================================================
check_setup -verbose -unconstrained_endpoints -multiple_clock -no_clock -no_input_delay -loops -generated_clocks
===========================================================================
Warning: There is 1 input port missing set_input_delay.
  rst_n
