Clock: clk
Sources: clk 
Generated: no
Virtual: yes
Propagated: no
Period: 20.000000

===========================================================================
report_clock_properties
============================================================================
Clock                   Period          Waveform
----------------------------------------------------
clk                  20.000000    0.000000 10.000000

===========================================================================
report_clock_latency
============================================================================
Clock clk
rise -> rise
    min     max
0.000000 0.000000 source latency
0.616487         network latency _9218_/CLK
        0.722451 network latency _9333_/CLK
---------------
0.616487 0.722451 latency
        0.105964 skew

fall -> fall
    min     max
0.000000 0.000000 source latency
0.622345         network latency _9218_/CLK
        0.706885 network latency _9333_/CLK
---------------
0.622345 0.706885 latency
        0.084540 skew



===========================================================================
report_clock_min_period
============================================================================
clk period_min = 9.75 fmax = 102.56
