
 /----------------------------------------------------------------------------\
 |  yosys -- Yosys Open SYnthesis Suite                                       |
 |  Copyright (C) 2012 - 2026  Claire Xenia Wolf <claire@yosyshq.com>         |
 |  Distributed under an ISC-like license, type "license" to see terms        |
 \----------------------------------------------------------------------------/
 Yosys 0.62 (git sha1 7326bb7d6641500ecb285c291a54a662cb1e76cf, clang++ 21.1.2 -fPIC -O3)

1. Executing Verilog-2005 frontend: /mnt/d/Learing_Python/GP/Submission_inshallah/runs/fir_filter_ASIC/tmp/c8b072f55278407088a1b57f3122a8b9.bb.v
Parsing SystemVerilog input from `/mnt/d/Learing_Python/GP/Submission_inshallah/runs/fir_filter_ASIC/tmp/c8b072f55278407088a1b57f3122a8b9.bb.v' to AST representation.
Generating RTLIL representation for module `\sky130_ef_sc_hd__decap_12'.
Generating RTLIL representation for module `\sky130_ef_sc_hd__decap_20_12'.
Generating RTLIL representation for module `\sky130_ef_sc_hd__decap_40_12'.
Generating RTLIL representation for module `\sky130_ef_sc_hd__decap_60_12'.
Generating RTLIL representation for module `\sky130_ef_sc_hd__decap_80_12'.
Generating RTLIL representation for module `\sky130_ef_sc_hd__fill_12'.
Generating RTLIL representation for module `\sky130_ef_sc_hd__fill_2'.
Generating RTLIL representation for module `\sky130_ef_sc_hd__fill_4'.
Generating RTLIL representation for module `\sky130_ef_sc_hd__fill_8'.
Generating RTLIL representation for module `\sky130_fd_sc_hd__a2111o_1'.
Generating RTLIL representation for module `\sky130_fd_sc_hd__a2111o_2'.
Generating RTLIL representation for module `\sky130_fd_sc_hd__a2111o_4'.
Generating RTLIL representation for module `\sky130_fd_sc_hd__a2111oi_0'.
Generating RTLIL representation for module `\sky130_fd_sc_hd__a2111oi_1'.
Generating RTLIL representation for module `\sky130_fd_sc_hd__a2111oi_2'.
Generating RTLIL representation for module `\sky130_fd_sc_hd__a2111oi_4'.
Generating RTLIL representation for module `\sky130_fd_sc_hd__a211o_1'.
Generating RTLIL representation for module `\sky130_fd_sc_hd__a211o_2'.
Generating RTLIL representation for module `\sky130_fd_sc_hd__a211o_4'.
Generating RTLIL representation for module `\sky130_fd_sc_hd__a211oi_1'.
Generating RTLIL representation for module `\sky130_fd_sc_hd__a211oi_2'.
Generating RTLIL representation for module `\sky130_fd_sc_hd__a211oi_4'.
Generating RTLIL representation for module `\sky130_fd_sc_hd__a21bo_1'.
Generating RTLIL representation for module `\sky130_fd_sc_hd__a21bo_2'.
Generating RTLIL representation for module `\sky130_fd_sc_hd__a21bo_4'.
Generating RTLIL representation for module `\sky130_fd_sc_hd__a21boi_0'.
Generating RTLIL representation for module `\sky130_fd_sc_hd__a21boi_1'.
Generating RTLIL representation for module `\sky130_fd_sc_hd__a21boi_2'.
Generating RTLIL representation for module `\sky130_fd_sc_hd__a21boi_4'.
Generating RTLIL representation for module `\sky130_fd_sc_hd__a21o_1'.
Generating RTLIL representation for module `\sky130_fd_sc_hd__a21o_2'.
Generating RTLIL representation for module `\sky130_fd_sc_hd__a21o_4'.
Generating RTLIL representation for module `\sky130_fd_sc_hd__a21oi_1'.
Generating RTLIL representation for module `\sky130_fd_sc_hd__a21oi_2'.
Generating RTLIL representation for module `\sky130_fd_sc_hd__a21oi_4'.
Generating RTLIL representation for module `\sky130_fd_sc_hd__a221o_1'.
Generating RTLIL representation for module `\sky130_fd_sc_hd__a221o_2'.
Generating RTLIL representation for module `\sky130_fd_sc_hd__a221o_4'.
Generating RTLIL representation for module `\sky130_fd_sc_hd__a221oi_1'.
Generating RTLIL representation for module `\sky130_fd_sc_hd__a221oi_2'.
Generating RTLIL representation for module `\sky130_fd_sc_hd__a221oi_4'.
Generating RTLIL representation for module `\sky130_fd_sc_hd__a222oi_1'.
Generating RTLIL representation for module `\sky130_fd_sc_hd__a22o_1'.
Generating RTLIL representation for module `\sky130_fd_sc_hd__a22o_2'.
Generating RTLIL representation for module `\sky130_fd_sc_hd__a22o_4'.
Generating RTLIL representation for module `\sky130_fd_sc_hd__a22oi_1'.
Generating RTLIL representation for module `\sky130_fd_sc_hd__a22oi_2'.
Generating RTLIL representation for module `\sky130_fd_sc_hd__a22oi_4'.
Generating RTLIL representation for module `\sky130_fd_sc_hd__a2bb2o_1'.
Generating RTLIL representation for module `\sky130_fd_sc_hd__a2bb2o_2'.
Generating RTLIL representation for module `\sky130_fd_sc_hd__a2bb2o_4'.
Generating RTLIL representation for module `\sky130_fd_sc_hd__a2bb2oi_1'.
Generating RTLIL representation for module `\sky130_fd_sc_hd__a2bb2oi_2'.
Generating RTLIL representation for module `\sky130_fd_sc_hd__a2bb2oi_4'.
Generating RTLIL representation for module `\sky130_fd_sc_hd__a311o_1'.
Generating RTLIL representation for module `\sky130_fd_sc_hd__a311o_2'.
Generating RTLIL representation for module `\sky130_fd_sc_hd__a311o_4'.
Generating RTLIL representation for module `\sky130_fd_sc_hd__a311oi_1'.
Generating RTLIL representation for module `\sky130_fd_sc_hd__a311oi_2'.
Generating RTLIL representation for module `\sky130_fd_sc_hd__a311oi_4'.
Generating RTLIL representation for module `\sky130_fd_sc_hd__a31o_1'.
Generating RTLIL representation for module `\sky130_fd_sc_hd__a31o_2'.
Generating RTLIL representation for module `\sky130_fd_sc_hd__a31o_4'.
Generating RTLIL representation for module `\sky130_fd_sc_hd__a31oi_1'.
Generating RTLIL representation for module `\sky130_fd_sc_hd__a31oi_2'.
Generating RTLIL representation for module `\sky130_fd_sc_hd__a31oi_4'.
Generating RTLIL representation for module `\sky130_fd_sc_hd__a32o_1'.
Generating RTLIL representation for module `\sky130_fd_sc_hd__a32o_2'.
Generating RTLIL representation for module `\sky130_fd_sc_hd__a32o_4'.
Generating RTLIL representation for module `\sky130_fd_sc_hd__a32oi_1'.
Generating RTLIL representation for module `\sky130_fd_sc_hd__a32oi_2'.
Generating RTLIL representation for module `\sky130_fd_sc_hd__a32oi_4'.
Generating RTLIL representation for module `\sky130_fd_sc_hd__a41o_1'.
Generating RTLIL representation for module `\sky130_fd_sc_hd__a41o_2'.
Generating RTLIL representation for module `\sky130_fd_sc_hd__a41o_4'.
Generating RTLIL representation for module `\sky130_fd_sc_hd__a41oi_1'.
Generating RTLIL representation for module `\sky130_fd_sc_hd__a41oi_2'.
Generating RTLIL representation for module `\sky130_fd_sc_hd__a41oi_4'.
Generating RTLIL representation for module `\sky130_fd_sc_hd__and2_0'.
Generating RTLIL representation for module `\sky130_fd_sc_hd__and2_1'.
Generating RTLIL representation for module `\sky130_fd_sc_hd__and2_2'.
Generating RTLIL representation for module `\sky130_fd_sc_hd__and2_4'.
Generating RTLIL representation for module `\sky130_fd_sc_hd__and2b_1'.
Generating RTLIL representation for module `\sky130_fd_sc_hd__and2b_2'.
Generating RTLIL representation for module `\sky130_fd_sc_hd__and2b_4'.
Generating RTLIL representation for module `\sky130_fd_sc_hd__and3_1'.
Generating RTLIL representation for module `\sky130_fd_sc_hd__and3_2'.
Generating RTLIL representation for module `\sky130_fd_sc_hd__and3_4'.
Generating RTLIL representation for module `\sky130_fd_sc_hd__and3b_1'.
Generating RTLIL representation for module `\sky130_fd_sc_hd__and3b_2'.
Generating RTLIL representation for module `\sky130_fd_sc_hd__and3b_4'.
Generating RTLIL representation for module `\sky130_fd_sc_hd__and4_1'.
Generating RTLIL representation for module `\sky130_fd_sc_hd__and4_2'.
Generating RTLIL representation for module `\sky130_fd_sc_hd__and4_4'.
Generating RTLIL representation for module `\sky130_fd_sc_hd__and4b_1'.
Generating RTLIL representation for module `\sky130_fd_sc_hd__and4b_2'.
Generating RTLIL representation for module `\sky130_fd_sc_hd__and4b_4'.
Generating RTLIL representation for module `\sky130_fd_sc_hd__and4bb_1'.
Generating RTLIL representation for module `\sky130_fd_sc_hd__and4bb_2'.
Generating RTLIL representation for module `\sky130_fd_sc_hd__and4bb_4'.
Generating RTLIL representation for module `\sky130_fd_sc_hd__buf_1'.
Generating RTLIL representation for module `\sky130_fd_sc_hd__buf_12'.
Generating RTLIL representation for module `\sky130_fd_sc_hd__buf_16'.
Generating RTLIL representation for module `\sky130_fd_sc_hd__buf_2'.
Generating RTLIL representation for module `\sky130_fd_sc_hd__buf_4'.
Generating RTLIL representation for module `\sky130_fd_sc_hd__buf_6'.
Generating RTLIL representation for module `\sky130_fd_sc_hd__buf_8'.
Generating RTLIL representation for module `\sky130_fd_sc_hd__bufbuf_16'.
Generating RTLIL representation for module `\sky130_fd_sc_hd__bufbuf_8'.
Generating RTLIL representation for module `\sky130_fd_sc_hd__bufinv_16'.
Generating RTLIL representation for module `\sky130_fd_sc_hd__bufinv_8'.
Generating RTLIL representation for module `\sky130_fd_sc_hd__clkbuf_1'.
Generating RTLIL representation for module `\sky130_fd_sc_hd__clkbuf_16'.
Generating RTLIL representation for module `\sky130_fd_sc_hd__clkbuf_2'.
Generating RTLIL representation for module `\sky130_fd_sc_hd__clkbuf_4'.
Generating RTLIL representation for module `\sky130_fd_sc_hd__clkbuf_8'.
Generating RTLIL representation for module `\sky130_fd_sc_hd__clkdlybuf4s15_1'.
Generating RTLIL representation for module `\sky130_fd_sc_hd__clkdlybuf4s15_2'.
Generating RTLIL representation for module `\sky130_fd_sc_hd__clkdlybuf4s18_1'.
Generating RTLIL representation for module `\sky130_fd_sc_hd__clkdlybuf4s18_2'.
Generating RTLIL representation for module `\sky130_fd_sc_hd__clkdlybuf4s25_1'.
Generating RTLIL representation for module `\sky130_fd_sc_hd__clkdlybuf4s25_2'.
Generating RTLIL representation for module `\sky130_fd_sc_hd__clkdlybuf4s50_1'.
Generating RTLIL representation for module `\sky130_fd_sc_hd__clkdlybuf4s50_2'.
Generating RTLIL representation for module `\sky130_fd_sc_hd__clkinv_1'.
Generating RTLIL representation for module `\sky130_fd_sc_hd__clkinv_16'.
Generating RTLIL representation for module `\sky130_fd_sc_hd__clkinv_2'.
Generating RTLIL representation for module `\sky130_fd_sc_hd__clkinv_4'.
Generating RTLIL representation for module `\sky130_fd_sc_hd__clkinv_8'.
Generating RTLIL representation for module `\sky130_fd_sc_hd__clkinvlp_2'.
Generating RTLIL representation for module `\sky130_fd_sc_hd__clkinvlp_4'.
Generating RTLIL representation for module `\sky130_fd_sc_hd__conb_1'.
Generating RTLIL representation for module `\sky130_fd_sc_hd__decap_12'.
Generating RTLIL representation for module `\sky130_fd_sc_hd__decap_3'.
Generating RTLIL representation for module `\sky130_fd_sc_hd__decap_4'.
Generating RTLIL representation for module `\sky130_fd_sc_hd__decap_6'.
Generating RTLIL representation for module `\sky130_fd_sc_hd__decap_8'.
Generating RTLIL representation for module `\sky130_fd_sc_hd__dfbbn_1'.
Generating RTLIL representation for module `\sky130_fd_sc_hd__dfbbn_2'.
Generating RTLIL representation for module `\sky130_fd_sc_hd__dfbbp_1'.
Generating RTLIL representation for module `\sky130_fd_sc_hd__dfrbp_1'.
Generating RTLIL representation for module `\sky130_fd_sc_hd__dfrbp_2'.
Generating RTLIL representation for module `\sky130_fd_sc_hd__dfrtn_1'.
Generating RTLIL representation for module `\sky130_fd_sc_hd__dfrtp_1'.
Generating RTLIL representation for module `\sky130_fd_sc_hd__dfrtp_2'.
Generating RTLIL representation for module `\sky130_fd_sc_hd__dfrtp_4'.
Generating RTLIL representation for module `\sky130_fd_sc_hd__dfsbp_1'.
Generating RTLIL representation for module `\sky130_fd_sc_hd__dfsbp_2'.
Generating RTLIL representation for module `\sky130_fd_sc_hd__dfstp_1'.
Generating RTLIL representation for module `\sky130_fd_sc_hd__dfstp_2'.
Generating RTLIL representation for module `\sky130_fd_sc_hd__dfstp_4'.
Generating RTLIL representation for module `\sky130_fd_sc_hd__dfxbp_1'.
Generating RTLIL representation for module `\sky130_fd_sc_hd__dfxbp_2'.
Generating RTLIL representation for module `\sky130_fd_sc_hd__dfxtp_1'.
Generating RTLIL representation for module `\sky130_fd_sc_hd__dfxtp_2'.
Generating RTLIL representation for module `\sky130_fd_sc_hd__dfxtp_4'.
Generating RTLIL representation for module `\sky130_fd_sc_hd__diode_2'.
Generating RTLIL representation for module `\sky130_fd_sc_hd__dlclkp_1'.
Generating RTLIL representation for module `\sky130_fd_sc_hd__dlclkp_2'.
Generating RTLIL representation for module `\sky130_fd_sc_hd__dlclkp_4'.
Generating RTLIL representation for module `\sky130_fd_sc_hd__dlrbn_1'.
Generating RTLIL representation for module `\sky130_fd_sc_hd__dlrbn_2'.
Generating RTLIL representation for module `\sky130_fd_sc_hd__dlrbp_1'.
Generating RTLIL representation for module `\sky130_fd_sc_hd__dlrbp_2'.
Generating RTLIL representation for module `\sky130_fd_sc_hd__dlrtn_1'.
Generating RTLIL representation for module `\sky130_fd_sc_hd__dlrtn_2'.
Generating RTLIL representation for module `\sky130_fd_sc_hd__dlrtn_4'.
Generating RTLIL representation for module `\sky130_fd_sc_hd__dlrtp_1'.
Generating RTLIL representation for module `\sky130_fd_sc_hd__dlrtp_2'.
Generating RTLIL representation for module `\sky130_fd_sc_hd__dlrtp_4'.
Generating RTLIL representation for module `\sky130_fd_sc_hd__dlxbn_1'.
Generating RTLIL representation for module `\sky130_fd_sc_hd__dlxbn_2'.
Generating RTLIL representation for module `\sky130_fd_sc_hd__dlxbp_1'.
Generating RTLIL representation for module `\sky130_fd_sc_hd__dlxtn_1'.
Generating RTLIL representation for module `\sky130_fd_sc_hd__dlxtn_2'.
Generating RTLIL representation for module `\sky130_fd_sc_hd__dlxtn_4'.
Generating RTLIL representation for module `\sky130_fd_sc_hd__dlxtp_1'.
Generating RTLIL representation for module `\sky130_fd_sc_hd__dlygate4sd1_1'.
Generating RTLIL representation for module `\sky130_fd_sc_hd__dlygate4sd2_1'.
Generating RTLIL representation for module `\sky130_fd_sc_hd__dlygate4sd3_1'.
Generating RTLIL representation for module `\sky130_fd_sc_hd__dlymetal6s2s_1'.
Generating RTLIL representation for module `\sky130_fd_sc_hd__dlymetal6s4s_1'.
Generating RTLIL representation for module `\sky130_fd_sc_hd__dlymetal6s6s_1'.
Generating RTLIL representation for module `\sky130_fd_sc_hd__ebufn_1'.
Generating RTLIL representation for module `\sky130_fd_sc_hd__ebufn_2'.
Generating RTLIL representation for module `\sky130_fd_sc_hd__ebufn_4'.
Generating RTLIL representation for module `\sky130_fd_sc_hd__ebufn_8'.
Generating RTLIL representation for module `\sky130_fd_sc_hd__edfxbp_1'.
Generating RTLIL representation for module `\sky130_fd_sc_hd__edfxtp_1'.
Generating RTLIL representation for module `\sky130_fd_sc_hd__einvn_0'.
Generating RTLIL representation for module `\sky130_fd_sc_hd__einvn_1'.
Generating RTLIL representation for module `\sky130_fd_sc_hd__einvn_2'.
Generating RTLIL representation for module `\sky130_fd_sc_hd__einvn_4'.
Generating RTLIL representation for module `\sky130_fd_sc_hd__einvn_8'.
Generating RTLIL representation for module `\sky130_fd_sc_hd__einvp_1'.
Generating RTLIL representation for module `\sky130_fd_sc_hd__einvp_2'.
Generating RTLIL representation for module `\sky130_fd_sc_hd__einvp_4'.
Generating RTLIL representation for module `\sky130_fd_sc_hd__einvp_8'.
Generating RTLIL representation for module `\sky130_fd_sc_hd__fa_1'.
Generating RTLIL representation for module `\sky130_fd_sc_hd__fa_2'.
Generating RTLIL representation for module `\sky130_fd_sc_hd__fa_4'.
Generating RTLIL representation for module `\sky130_fd_sc_hd__fah_1'.
Generating RTLIL representation for module `\sky130_fd_sc_hd__fahcin_1'.
Generating RTLIL representation for module `\sky130_fd_sc_hd__fahcon_1'.
Generating RTLIL representation for module `\sky130_fd_sc_hd__fill_1'.
Generating RTLIL representation for module `\sky130_fd_sc_hd__fill_2'.
Generating RTLIL representation for module `\sky130_fd_sc_hd__fill_4'.
Generating RTLIL representation for module `\sky130_fd_sc_hd__fill_8'.
Generating RTLIL representation for module `\sky130_fd_sc_hd__ha_1'.
Generating RTLIL representation for module `\sky130_fd_sc_hd__ha_2'.
Generating RTLIL representation for module `\sky130_fd_sc_hd__ha_4'.
Generating RTLIL representation for module `\sky130_fd_sc_hd__inv_1'.
Generating RTLIL representation for module `\sky130_fd_sc_hd__inv_12'.
Generating RTLIL representation for module `\sky130_fd_sc_hd__inv_16'.
Generating RTLIL representation for module `\sky130_fd_sc_hd__inv_2'.
Generating RTLIL representation for module `\sky130_fd_sc_hd__inv_4'.
Generating RTLIL representation for module `\sky130_fd_sc_hd__inv_6'.
Generating RTLIL representation for module `\sky130_fd_sc_hd__inv_8'.
Generating RTLIL representation for module `\sky130_fd_sc_hd__lpflow_bleeder_1'.
Generating RTLIL representation for module `\sky130_fd_sc_hd__lpflow_clkbufkapwr_1'.
Generating RTLIL representation for module `\sky130_fd_sc_hd__lpflow_clkbufkapwr_16'.
Generating RTLIL representation for module `\sky130_fd_sc_hd__lpflow_clkbufkapwr_2'.
Generating RTLIL representation for module `\sky130_fd_sc_hd__lpflow_clkbufkapwr_4'.
Generating RTLIL representation for module `\sky130_fd_sc_hd__lpflow_clkbufkapwr_8'.
Generating RTLIL representation for module `\sky130_fd_sc_hd__lpflow_clkinvkapwr_1'.
Generating RTLIL representation for module `\sky130_fd_sc_hd__lpflow_clkinvkapwr_16'.
Generating RTLIL representation for module `\sky130_fd_sc_hd__lpflow_clkinvkapwr_2'.
Generating RTLIL representation for module `\sky130_fd_sc_hd__lpflow_clkinvkapwr_4'.
Generating RTLIL representation for module `\sky130_fd_sc_hd__lpflow_clkinvkapwr_8'.
Generating RTLIL representation for module `\sky130_fd_sc_hd__lpflow_decapkapwr_12'.
Generating RTLIL representation for module `\sky130_fd_sc_hd__lpflow_decapkapwr_3'.
Generating RTLIL representation for module `\sky130_fd_sc_hd__lpflow_decapkapwr_4'.
Generating RTLIL representation for module `\sky130_fd_sc_hd__lpflow_decapkapwr_6'.
Generating RTLIL representation for module `\sky130_fd_sc_hd__lpflow_decapkapwr_8'.
Generating RTLIL representation for module `\sky130_fd_sc_hd__lpflow_inputiso0n_1'.
Generating RTLIL representation for module `\sky130_fd_sc_hd__lpflow_inputiso0p_1'.
Generating RTLIL representation for module `\sky130_fd_sc_hd__lpflow_inputiso1n_1'.
Generating RTLIL representation for module `\sky130_fd_sc_hd__lpflow_inputiso1p_1'.
Generating RTLIL representation for module `\sky130_fd_sc_hd__lpflow_inputisolatch_1'.
Generating RTLIL representation for module `\sky130_fd_sc_hd__lpflow_isobufsrc_1'.
Generating RTLIL representation for module `\sky130_fd_sc_hd__lpflow_isobufsrc_16'.
Generating RTLIL representation for module `\sky130_fd_sc_hd__lpflow_isobufsrc_2'.
Generating RTLIL representation for module `\sky130_fd_sc_hd__lpflow_isobufsrc_4'.
Generating RTLIL representation for module `\sky130_fd_sc_hd__lpflow_isobufsrc_8'.
Generating RTLIL representation for module `\sky130_fd_sc_hd__lpflow_isobufsrckapwr_16'.
Generating RTLIL representation for module `\sky130_fd_sc_hd__lpflow_lsbuf_lh_hl_isowell_tap_1'.
Generating RTLIL representation for module `\sky130_fd_sc_hd__lpflow_lsbuf_lh_hl_isowell_tap_2'.
Generating RTLIL representation for module `\sky130_fd_sc_hd__lpflow_lsbuf_lh_hl_isowell_tap_4'.
Generating RTLIL representation for module `\sky130_fd_sc_hd__lpflow_lsbuf_lh_isowell_4'.
Generating RTLIL representation for module `\sky130_fd_sc_hd__lpflow_lsbuf_lh_isowell_tap_1'.
Generating RTLIL representation for module `\sky130_fd_sc_hd__lpflow_lsbuf_lh_isowell_tap_2'.
Generating RTLIL representation for module `\sky130_fd_sc_hd__lpflow_lsbuf_lh_isowell_tap_4'.
Generating RTLIL representation for module `\sky130_fd_sc_hd__macro_sparecell'.
Generating RTLIL representation for module `\sky130_fd_sc_hd__maj3_1'.
Generating RTLIL representation for module `\sky130_fd_sc_hd__maj3_2'.
Generating RTLIL representation for module `\sky130_fd_sc_hd__maj3_4'.
Generating RTLIL representation for module `\sky130_fd_sc_hd__mux2_1'.
Generating RTLIL representation for module `\sky130_fd_sc_hd__mux2_2'.
Generating RTLIL representation for module `\sky130_fd_sc_hd__mux2_4'.
Generating RTLIL representation for module `\sky130_fd_sc_hd__mux2_8'.
Generating RTLIL representation for module `\sky130_fd_sc_hd__mux2i_1'.
Generating RTLIL representation for module `\sky130_fd_sc_hd__mux2i_2'.
Generating RTLIL representation for module `\sky130_fd_sc_hd__mux2i_4'.
Generating RTLIL representation for module `\sky130_fd_sc_hd__mux4_1'.
Generating RTLIL representation for module `\sky130_fd_sc_hd__mux4_2'.
Generating RTLIL representation for module `\sky130_fd_sc_hd__mux4_4'.
Generating RTLIL representation for module `\sky130_fd_sc_hd__nand2_1'.
Generating RTLIL representation for module `\sky130_fd_sc_hd__nand2_2'.
Generating RTLIL representation for module `\sky130_fd_sc_hd__nand2_4'.
Generating RTLIL representation for module `\sky130_fd_sc_hd__nand2_8'.
Generating RTLIL representation for module `\sky130_fd_sc_hd__nand2b_1'.
Generating RTLIL representation for module `\sky130_fd_sc_hd__nand2b_2'.
Generating RTLIL representation for module `\sky130_fd_sc_hd__nand2b_4'.
Generating RTLIL representation for module `\sky130_fd_sc_hd__nand3_1'.
Generating RTLIL representation for module `\sky130_fd_sc_hd__nand3_2'.
Generating RTLIL representation for module `\sky130_fd_sc_hd__nand3_4'.
Generating RTLIL representation for module `\sky130_fd_sc_hd__nand3b_1'.
Generating RTLIL representation for module `\sky130_fd_sc_hd__nand3b_2'.
Generating RTLIL representation for module `\sky130_fd_sc_hd__nand3b_4'.
Generating RTLIL representation for module `\sky130_fd_sc_hd__nand4_1'.
Generating RTLIL representation for module `\sky130_fd_sc_hd__nand4_2'.
Generating RTLIL representation for module `\sky130_fd_sc_hd__nand4_4'.
Generating RTLIL representation for module `\sky130_fd_sc_hd__nand4b_1'.
Generating RTLIL representation for module `\sky130_fd_sc_hd__nand4b_2'.
Generating RTLIL representation for module `\sky130_fd_sc_hd__nand4b_4'.
Generating RTLIL representation for module `\sky130_fd_sc_hd__nand4bb_1'.
Generating RTLIL representation for module `\sky130_fd_sc_hd__nand4bb_2'.
Generating RTLIL representation for module `\sky130_fd_sc_hd__nand4bb_4'.
Generating RTLIL representation for module `\sky130_fd_sc_hd__nor2_1'.
Generating RTLIL representation for module `\sky130_fd_sc_hd__nor2_2'.
Generating RTLIL representation for module `\sky130_fd_sc_hd__nor2_4'.
Generating RTLIL representation for module `\sky130_fd_sc_hd__nor2_8'.
Generating RTLIL representation for module `\sky130_fd_sc_hd__nor2b_1'.
Generating RTLIL representation for module `\sky130_fd_sc_hd__nor2b_2'.
Generating RTLIL representation for module `\sky130_fd_sc_hd__nor2b_4'.
Generating RTLIL representation for module `\sky130_fd_sc_hd__nor3_1'.
Generating RTLIL representation for module `\sky130_fd_sc_hd__nor3_2'.
Generating RTLIL representation for module `\sky130_fd_sc_hd__nor3_4'.
Generating RTLIL representation for module `\sky130_fd_sc_hd__nor3b_1'.
Generating RTLIL representation for module `\sky130_fd_sc_hd__nor3b_2'.
Generating RTLIL representation for module `\sky130_fd_sc_hd__nor3b_4'.
Generating RTLIL representation for module `\sky130_fd_sc_hd__nor4_1'.
Generating RTLIL representation for module `\sky130_fd_sc_hd__nor4_2'.
Generating RTLIL representation for module `\sky130_fd_sc_hd__nor4_4'.
Generating RTLIL representation for module `\sky130_fd_sc_hd__nor4b_1'.
Generating RTLIL representation for module `\sky130_fd_sc_hd__nor4b_2'.
Generating RTLIL representation for module `\sky130_fd_sc_hd__nor4b_4'.
Generating RTLIL representation for module `\sky130_fd_sc_hd__nor4bb_1'.
Generating RTLIL representation for module `\sky130_fd_sc_hd__nor4bb_2'.
Generating RTLIL representation for module `\sky130_fd_sc_hd__nor4bb_4'.
Generating RTLIL representation for module `\sky130_fd_sc_hd__o2111a_1'.
Generating RTLIL representation for module `\sky130_fd_sc_hd__o2111a_2'.
Generating RTLIL representation for module `\sky130_fd_sc_hd__o2111a_4'.
Generating RTLIL representation for module `\sky130_fd_sc_hd__o2111ai_1'.
Generating RTLIL representation for module `\sky130_fd_sc_hd__o2111ai_2'.
Generating RTLIL representation for module `\sky130_fd_sc_hd__o2111ai_4'.
Generating RTLIL representation for module `\sky130_fd_sc_hd__o211a_1'.
Generating RTLIL representation for module `\sky130_fd_sc_hd__o211a_2'.
Generating RTLIL representation for module `\sky130_fd_sc_hd__o211a_4'.
Generating RTLIL representation for module `\sky130_fd_sc_hd__o211ai_1'.
Generating RTLIL representation for module `\sky130_fd_sc_hd__o211ai_2'.
Generating RTLIL representation for module `\sky130_fd_sc_hd__o211ai_4'.
Generating RTLIL representation for module `\sky130_fd_sc_hd__o21a_1'.
Generating RTLIL representation for module `\sky130_fd_sc_hd__o21a_2'.
Generating RTLIL representation for module `\sky130_fd_sc_hd__o21a_4'.
Generating RTLIL representation for module `\sky130_fd_sc_hd__o21ai_0'.
Generating RTLIL representation for module `\sky130_fd_sc_hd__o21ai_1'.
Generating RTLIL representation for module `\sky130_fd_sc_hd__o21ai_2'.
Generating RTLIL representation for module `\sky130_fd_sc_hd__o21ai_4'.
Generating RTLIL representation for module `\sky130_fd_sc_hd__o21ba_1'.
Generating RTLIL representation for module `\sky130_fd_sc_hd__o21ba_2'.
Generating RTLIL representation for module `\sky130_fd_sc_hd__o21ba_4'.
Generating RTLIL representation for module `\sky130_fd_sc_hd__o21bai_1'.
Generating RTLIL representation for module `\sky130_fd_sc_hd__o21bai_2'.
Generating RTLIL representation for module `\sky130_fd_sc_hd__o21bai_4'.
Generating RTLIL representation for module `\sky130_fd_sc_hd__o221a_1'.
Generating RTLIL representation for module `\sky130_fd_sc_hd__o221a_2'.
Generating RTLIL representation for module `\sky130_fd_sc_hd__o221a_4'.
Generating RTLIL representation for module `\sky130_fd_sc_hd__o221ai_1'.
Generating RTLIL representation for module `\sky130_fd_sc_hd__o221ai_2'.
Generating RTLIL representation for module `\sky130_fd_sc_hd__o221ai_4'.
Generating RTLIL representation for module `\sky130_fd_sc_hd__o22a_1'.
Generating RTLIL representation for module `\sky130_fd_sc_hd__o22a_2'.
Generating RTLIL representation for module `\sky130_fd_sc_hd__o22a_4'.
Generating RTLIL representation for module `\sky130_fd_sc_hd__o22ai_1'.
Generating RTLIL representation for module `\sky130_fd_sc_hd__o22ai_2'.
Generating RTLIL representation for module `\sky130_fd_sc_hd__o22ai_4'.
Generating RTLIL representation for module `\sky130_fd_sc_hd__o2bb2a_1'.
Generating RTLIL representation for module `\sky130_fd_sc_hd__o2bb2a_2'.
Generating RTLIL representation for module `\sky130_fd_sc_hd__o2bb2a_4'.
Generating RTLIL representation for module `\sky130_fd_sc_hd__o2bb2ai_1'.
Generating RTLIL representation for module `\sky130_fd_sc_hd__o2bb2ai_2'.
Generating RTLIL representation for module `\sky130_fd_sc_hd__o2bb2ai_4'.
Generating RTLIL representation for module `\sky130_fd_sc_hd__o311a_1'.
Generating RTLIL representation for module `\sky130_fd_sc_hd__o311a_2'.
Generating RTLIL representation for module `\sky130_fd_sc_hd__o311a_4'.
Generating RTLIL representation for module `\sky130_fd_sc_hd__o311ai_0'.
Generating RTLIL representation for module `\sky130_fd_sc_hd__o311ai_1'.
Generating RTLIL representation for module `\sky130_fd_sc_hd__o311ai_2'.
Generating RTLIL representation for module `\sky130_fd_sc_hd__o311ai_4'.
Generating RTLIL representation for module `\sky130_fd_sc_hd__o31a_1'.
Generating RTLIL representation for module `\sky130_fd_sc_hd__o31a_2'.
Generating RTLIL representation for module `\sky130_fd_sc_hd__o31a_4'.
Generating RTLIL representation for module `\sky130_fd_sc_hd__o31ai_1'.
Generating RTLIL representation for module `\sky130_fd_sc_hd__o31ai_2'.
Generating RTLIL representation for module `\sky130_fd_sc_hd__o31ai_4'.
Generating RTLIL representation for module `\sky130_fd_sc_hd__o32a_1'.
Generating RTLIL representation for module `\sky130_fd_sc_hd__o32a_2'.
Generating RTLIL representation for module `\sky130_fd_sc_hd__o32a_4'.
Generating RTLIL representation for module `\sky130_fd_sc_hd__o32ai_1'.
Generating RTLIL representation for module `\sky130_fd_sc_hd__o32ai_2'.
Generating RTLIL representation for module `\sky130_fd_sc_hd__o32ai_4'.
Generating RTLIL representation for module `\sky130_fd_sc_hd__o41a_1'.
Generating RTLIL representation for module `\sky130_fd_sc_hd__o41a_2'.
Generating RTLIL representation for module `\sky130_fd_sc_hd__o41a_4'.
Generating RTLIL representation for module `\sky130_fd_sc_hd__o41ai_1'.
Generating RTLIL representation for module `\sky130_fd_sc_hd__o41ai_2'.
Generating RTLIL representation for module `\sky130_fd_sc_hd__o41ai_4'.
Generating RTLIL representation for module `\sky130_fd_sc_hd__or2_0'.
Generating RTLIL representation for module `\sky130_fd_sc_hd__or2_1'.
Generating RTLIL representation for module `\sky130_fd_sc_hd__or2_2'.
Generating RTLIL representation for module `\sky130_fd_sc_hd__or2_4'.
Generating RTLIL representation for module `\sky130_fd_sc_hd__or2b_1'.
Generating RTLIL representation for module `\sky130_fd_sc_hd__or2b_2'.
Generating RTLIL representation for module `\sky130_fd_sc_hd__or2b_4'.
Generating RTLIL representation for module `\sky130_fd_sc_hd__or3_1'.
Generating RTLIL representation for module `\sky130_fd_sc_hd__or3_2'.
Generating RTLIL representation for module `\sky130_fd_sc_hd__or3_4'.
Generating RTLIL representation for module `\sky130_fd_sc_hd__or3b_1'.
Generating RTLIL representation for module `\sky130_fd_sc_hd__or3b_2'.
Generating RTLIL representation for module `\sky130_fd_sc_hd__or3b_4'.
Generating RTLIL representation for module `\sky130_fd_sc_hd__or4_1'.
Generating RTLIL representation for module `\sky130_fd_sc_hd__or4_2'.
Generating RTLIL representation for module `\sky130_fd_sc_hd__or4_4'.
Generating RTLIL representation for module `\sky130_fd_sc_hd__or4b_1'.
Generating RTLIL representation for module `\sky130_fd_sc_hd__or4b_2'.
Generating RTLIL representation for module `\sky130_fd_sc_hd__or4b_4'.
Generating RTLIL representation for module `\sky130_fd_sc_hd__or4bb_1'.
Generating RTLIL representation for module `\sky130_fd_sc_hd__or4bb_2'.
Generating RTLIL representation for module `\sky130_fd_sc_hd__or4bb_4'.
Generating RTLIL representation for module `\sky130_fd_sc_hd__probe_p_8'.
Generating RTLIL representation for module `\sky130_fd_sc_hd__probec_p_8'.
Generating RTLIL representation for module `\sky130_fd_sc_hd__sdfbbn_1'.
Generating RTLIL representation for module `\sky130_fd_sc_hd__sdfbbn_2'.
Generating RTLIL representation for module `\sky130_fd_sc_hd__sdfbbp_1'.
Generating RTLIL representation for module `\sky130_fd_sc_hd__sdfrbp_1'.
Generating RTLIL representation for module `\sky130_fd_sc_hd__sdfrbp_2'.
Generating RTLIL representation for module `\sky130_fd_sc_hd__sdfrtn_1'.
Generating RTLIL representation for module `\sky130_fd_sc_hd__sdfrtp_1'.
Generating RTLIL representation for module `\sky130_fd_sc_hd__sdfrtp_2'.
Generating RTLIL representation for module `\sky130_fd_sc_hd__sdfrtp_4'.
Generating RTLIL representation for module `\sky130_fd_sc_hd__sdfsbp_1'.
Generating RTLIL representation for module `\sky130_fd_sc_hd__sdfsbp_2'.
Generating RTLIL representation for module `\sky130_fd_sc_hd__sdfstp_1'.
Generating RTLIL representation for module `\sky130_fd_sc_hd__sdfstp_2'.
Generating RTLIL representation for module `\sky130_fd_sc_hd__sdfstp_4'.
Generating RTLIL representation for module `\sky130_fd_sc_hd__sdfxbp_1'.
Generating RTLIL representation for module `\sky130_fd_sc_hd__sdfxbp_2'.
Generating RTLIL representation for module `\sky130_fd_sc_hd__sdfxtp_1'.
Generating RTLIL representation for module `\sky130_fd_sc_hd__sdfxtp_2'.
Generating RTLIL representation for module `\sky130_fd_sc_hd__sdfxtp_4'.
Generating RTLIL representation for module `\sky130_fd_sc_hd__sdlclkp_1'.
Generating RTLIL representation for module `\sky130_fd_sc_hd__sdlclkp_2'.
Generating RTLIL representation for module `\sky130_fd_sc_hd__sdlclkp_4'.
Generating RTLIL representation for module `\sky130_fd_sc_hd__sedfxbp_1'.
Generating RTLIL representation for module `\sky130_fd_sc_hd__sedfxbp_2'.
Generating RTLIL representation for module `\sky130_fd_sc_hd__sedfxtp_1'.
Generating RTLIL representation for module `\sky130_fd_sc_hd__sedfxtp_2'.
Generating RTLIL representation for module `\sky130_fd_sc_hd__sedfxtp_4'.
Generating RTLIL representation for module `\sky130_fd_sc_hd__tap_1'.
Generating RTLIL representation for module `\sky130_fd_sc_hd__tap_2'.
Generating RTLIL representation for module `\sky130_fd_sc_hd__tapvgnd2_1'.
Generating RTLIL representation for module `\sky130_fd_sc_hd__tapvgnd_1'.
Generating RTLIL representation for module `\sky130_fd_sc_hd__tapvpwrvgnd_1'.
Generating RTLIL representation for module `\sky130_fd_sc_hd__xnor2_1'.
Generating RTLIL representation for module `\sky130_fd_sc_hd__xnor2_2'.
Generating RTLIL representation for module `\sky130_fd_sc_hd__xnor2_4'.
Generating RTLIL representation for module `\sky130_fd_sc_hd__xnor3_1'.
Generating RTLIL representation for module `\sky130_fd_sc_hd__xnor3_2'.
Generating RTLIL representation for module `\sky130_fd_sc_hd__xnor3_4'.
Generating RTLIL representation for module `\sky130_fd_sc_hd__xor2_1'.
Generating RTLIL representation for module `\sky130_fd_sc_hd__xor2_2'.
Generating RTLIL representation for module `\sky130_fd_sc_hd__xor2_4'.
Generating RTLIL representation for module `\sky130_fd_sc_hd__xor3_1'.
Generating RTLIL representation for module `\sky130_fd_sc_hd__xor3_2'.
Generating RTLIL representation for module `\sky130_fd_sc_hd__xor3_4'.
Successfully finished Verilog frontend.
wtaf

2. Executing Verilog-2005 frontend: /mnt/d/Learing_Python/GP/Submission_inshallah/output/fir_filter.sv
Parsing SystemVerilog input from `/mnt/d/Learing_Python/GP/Submission_inshallah/output/fir_filter.sv' to AST representation.
Storing AST representation for module `$abstract\fir_filter'.
Successfully finished Verilog frontend.

3. Executing HIERARCHY pass (managing design hierarchy).

4. Executing AST frontend in derive mode using pre-parsed AST for module `\fir_filter'.
Generating RTLIL representation for module `\fir_filter'.
Warning: Replacing memory \data_reg with list of registers. See /mnt/d/Learing_Python/GP/Submission_inshallah/output/fir_filter.sv:63

4.1. Analyzing design hierarchy..
Top module:  \fir_filter

4.2. Analyzing design hierarchy..
Top module:  \fir_filter
Removing unused module `$abstract\fir_filter'.
Removed 1 unused modules.
Renaming module fir_filter to fir_filter.

5. Executing PROC pass (convert processes to netlists).

5.1. Executing PROC_CLEAN pass (remove empty switches from decision trees).
Cleaned up 0 empty switches.

5.2. Executing PROC_RMDEAD pass (remove dead branches from decision trees).
Marked 1 switch rules as full_case in process $proc$/mnt/d/Learing_Python/GP/Submission_inshallah/output/fir_filter.sv:129$61 in module fir_filter.
Marked 1 switch rules as full_case in process $proc$/mnt/d/Learing_Python/GP/Submission_inshallah/output/fir_filter.sv:123$59 in module fir_filter.
Marked 2 switch rules as full_case in process $proc$/mnt/d/Learing_Python/GP/Submission_inshallah/output/fir_filter.sv:113$58 in module fir_filter.
Marked 4 switch rules as full_case in process $proc$/mnt/d/Learing_Python/GP/Submission_inshallah/output/fir_filter.sv:84$31 in module fir_filter.
Marked 3 switch rules as full_case in process $proc$/mnt/d/Learing_Python/GP/Submission_inshallah/output/fir_filter.sv:72$25 in module fir_filter.
Marked 2 switch rules as full_case in process $proc$/mnt/d/Learing_Python/GP/Submission_inshallah/output/fir_filter.sv:60$22 in module fir_filter.
Removed a total of 0 dead cases.

5.3. Executing PROC_PRUNE pass (remove redundant assignments in processes).
Removed 2 redundant assignments.
Promoted 22 assignments to connections.

5.4. Executing PROC_INIT pass (extract init attributes).

5.5. Executing PROC_ARST pass (detect async resets in processes).
Found async reset \rst_n in `\fir_filter.$proc$/mnt/d/Learing_Python/GP/Submission_inshallah/output/fir_filter.sv:129$61'.
Found async reset \rst_n in `\fir_filter.$proc$/mnt/d/Learing_Python/GP/Submission_inshallah/output/fir_filter.sv:123$59'.
Found async reset \rst_n in `\fir_filter.$proc$/mnt/d/Learing_Python/GP/Submission_inshallah/output/fir_filter.sv:84$31'.
Found async reset \rst_n in `\fir_filter.$proc$/mnt/d/Learing_Python/GP/Submission_inshallah/output/fir_filter.sv:72$25'.
Found async reset \rst_n in `\fir_filter.$proc$/mnt/d/Learing_Python/GP/Submission_inshallah/output/fir_filter.sv:60$22'.

5.6. Executing PROC_ROM pass (convert switches to ROMs).
Converted 0 switches.
<suppressed ~10 debug messages>

5.7. Executing PROC_MUX pass (convert decision trees to multiplexers).
Creating decoders for process `\fir_filter.$proc$/mnt/d/Learing_Python/GP/Submission_inshallah/output/fir_filter.sv:25$80'.
Creating decoders for process `\fir_filter.$proc$/mnt/d/Learing_Python/GP/Submission_inshallah/output/fir_filter.sv:129$61'.
     1/1: $0\result_valid[0:0]
Creating decoders for process `\fir_filter.$proc$/mnt/d/Learing_Python/GP/Submission_inshallah/output/fir_filter.sv:123$59'.
     1/1: $0\result_out[15:0]
Creating decoders for process `\fir_filter.$proc$/mnt/d/Learing_Python/GP/Submission_inshallah/output/fir_filter.sv:113$58'.
     1/2: $2\result_temp[15:0]
     2/2: $1\result_temp[15:0]
Creating decoders for process `\fir_filter.$proc$/mnt/d/Learing_Python/GP/Submission_inshallah/output/fir_filter.sv:84$31'.
     1/12: $4$mem2reg_rd$\data_reg$/mnt/d/Learing_Python/GP/Submission_inshallah/output/fir_filter.sv:94$3_DATA[15:0]$47
     2/12: $3\prod[31:0]
     3/12: $3$mem2reg_rd$\data_reg$/mnt/d/Learing_Python/GP/Submission_inshallah/output/fir_filter.sv:94$3_DATA[15:0]$46
     4/12: $3$mem2reg_rd$\data_reg$/mnt/d/Learing_Python/GP/Submission_inshallah/output/fir_filter.sv:94$3_ADDR[4:0]$45
     5/12: $2\prod[31:0]
     6/12: $2$mem2reg_rd$\data_reg$/mnt/d/Learing_Python/GP/Submission_inshallah/output/fir_filter.sv:94$3_DATA[15:0]$41
     7/12: $2$mem2reg_rd$\data_reg$/mnt/d/Learing_Python/GP/Submission_inshallah/output/fir_filter.sv:94$3_ADDR[4:0]$40
     8/12: $1$mem2reg_rd$\data_reg$/mnt/d/Learing_Python/GP/Submission_inshallah/output/fir_filter.sv:94$3_DATA[15:0]$36
     9/12: $1$mem2reg_rd$\data_reg$/mnt/d/Learing_Python/GP/Submission_inshallah/output/fir_filter.sv:94$3_ADDR[4:0]$35
    10/12: $1\prod[31:0]
    11/12: $0\mac_valid[0:0]
    12/12: $0\accum_reg[36:0]
Creating decoders for process `\fir_filter.$proc$/mnt/d/Learing_Python/GP/Submission_inshallah/output/fir_filter.sv:72$25'.
     1/1: $0\tap_cnt[4:0]
Creating decoders for process `\fir_filter.$proc$/mnt/d/Learing_Python/GP/Submission_inshallah/output/fir_filter.sv:60$22'.
     1/19: $2\i[31:0]
     2/19: $1\i[31:0]
     3/19: $0\data_reg[16][15:0]
     4/19: $0\data_reg[15][15:0]
     5/19: $0\data_reg[14][15:0]
     6/19: $0\data_reg[13][15:0]
     7/19: $0\data_reg[12][15:0]
     8/19: $0\data_reg[11][15:0]
     9/19: $0\data_reg[10][15:0]
    10/19: $0\data_reg[9][15:0]
    11/19: $0\data_reg[8][15:0]
    12/19: $0\data_reg[7][15:0]
    13/19: $0\data_reg[6][15:0]
    14/19: $0\data_reg[5][15:0]
    15/19: $0\data_reg[4][15:0]
    16/19: $0\data_reg[3][15:0]
    17/19: $0\data_reg[2][15:0]
    18/19: $0\data_reg[1][15:0]
    19/19: $0\data_reg[0][15:0]

5.8. Executing PROC_DLATCH pass (convert process syncs to latches).
No latch inferred for signal `\fir_filter.$memwr$\coeffs$/mnt/d/Learing_Python/GP/Submission_inshallah/output/fir_filter.sv:26$4_EN' from process `\fir_filter.$proc$/mnt/d/Learing_Python/GP/Submission_inshallah/output/fir_filter.sv:25$80'.
No latch inferred for signal `\fir_filter.$memwr$\coeffs$/mnt/d/Learing_Python/GP/Submission_inshallah/output/fir_filter.sv:27$5_EN' from process `\fir_filter.$proc$/mnt/d/Learing_Python/GP/Submission_inshallah/output/fir_filter.sv:25$80'.
No latch inferred for signal `\fir_filter.$memwr$\coeffs$/mnt/d/Learing_Python/GP/Submission_inshallah/output/fir_filter.sv:28$6_EN' from process `\fir_filter.$proc$/mnt/d/Learing_Python/GP/Submission_inshallah/output/fir_filter.sv:25$80'.
No latch inferred for signal `\fir_filter.$memwr$\coeffs$/mnt/d/Learing_Python/GP/Submission_inshallah/output/fir_filter.sv:29$7_EN' from process `\fir_filter.$proc$/mnt/d/Learing_Python/GP/Submission_inshallah/output/fir_filter.sv:25$80'.
No latch inferred for signal `\fir_filter.$memwr$\coeffs$/mnt/d/Learing_Python/GP/Submission_inshallah/output/fir_filter.sv:30$8_EN' from process `\fir_filter.$proc$/mnt/d/Learing_Python/GP/Submission_inshallah/output/fir_filter.sv:25$80'.
No latch inferred for signal `\fir_filter.$memwr$\coeffs$/mnt/d/Learing_Python/GP/Submission_inshallah/output/fir_filter.sv:31$9_EN' from process `\fir_filter.$proc$/mnt/d/Learing_Python/GP/Submission_inshallah/output/fir_filter.sv:25$80'.
No latch inferred for signal `\fir_filter.$memwr$\coeffs$/mnt/d/Learing_Python/GP/Submission_inshallah/output/fir_filter.sv:32$10_EN' from process `\fir_filter.$proc$/mnt/d/Learing_Python/GP/Submission_inshallah/output/fir_filter.sv:25$80'.
No latch inferred for signal `\fir_filter.$memwr$\coeffs$/mnt/d/Learing_Python/GP/Submission_inshallah/output/fir_filter.sv:33$11_EN' from process `\fir_filter.$proc$/mnt/d/Learing_Python/GP/Submission_inshallah/output/fir_filter.sv:25$80'.
No latch inferred for signal `\fir_filter.$memwr$\coeffs$/mnt/d/Learing_Python/GP/Submission_inshallah/output/fir_filter.sv:34$12_EN' from process `\fir_filter.$proc$/mnt/d/Learing_Python/GP/Submission_inshallah/output/fir_filter.sv:25$80'.
No latch inferred for signal `\fir_filter.$memwr$\coeffs$/mnt/d/Learing_Python/GP/Submission_inshallah/output/fir_filter.sv:35$13_EN' from process `\fir_filter.$proc$/mnt/d/Learing_Python/GP/Submission_inshallah/output/fir_filter.sv:25$80'.
No latch inferred for signal `\fir_filter.$memwr$\coeffs$/mnt/d/Learing_Python/GP/Submission_inshallah/output/fir_filter.sv:36$14_EN' from process `\fir_filter.$proc$/mnt/d/Learing_Python/GP/Submission_inshallah/output/fir_filter.sv:25$80'.
No latch inferred for signal `\fir_filter.$memwr$\coeffs$/mnt/d/Learing_Python/GP/Submission_inshallah/output/fir_filter.sv:37$15_EN' from process `\fir_filter.$proc$/mnt/d/Learing_Python/GP/Submission_inshallah/output/fir_filter.sv:25$80'.
No latch inferred for signal `\fir_filter.$memwr$\coeffs$/mnt/d/Learing_Python/GP/Submission_inshallah/output/fir_filter.sv:38$16_EN' from process `\fir_filter.$proc$/mnt/d/Learing_Python/GP/Submission_inshallah/output/fir_filter.sv:25$80'.
No latch inferred for signal `\fir_filter.$memwr$\coeffs$/mnt/d/Learing_Python/GP/Submission_inshallah/output/fir_filter.sv:39$17_EN' from process `\fir_filter.$proc$/mnt/d/Learing_Python/GP/Submission_inshallah/output/fir_filter.sv:25$80'.
No latch inferred for signal `\fir_filter.$memwr$\coeffs$/mnt/d/Learing_Python/GP/Submission_inshallah/output/fir_filter.sv:40$18_EN' from process `\fir_filter.$proc$/mnt/d/Learing_Python/GP/Submission_inshallah/output/fir_filter.sv:25$80'.
No latch inferred for signal `\fir_filter.$memwr$\coeffs$/mnt/d/Learing_Python/GP/Submission_inshallah/output/fir_filter.sv:41$19_EN' from process `\fir_filter.$proc$/mnt/d/Learing_Python/GP/Submission_inshallah/output/fir_filter.sv:25$80'.
No latch inferred for signal `\fir_filter.$memwr$\coeffs$/mnt/d/Learing_Python/GP/Submission_inshallah/output/fir_filter.sv:42$20_EN' from process `\fir_filter.$proc$/mnt/d/Learing_Python/GP/Submission_inshallah/output/fir_filter.sv:25$80'.
No latch inferred for signal `\fir_filter.\result_temp' from process `\fir_filter.$proc$/mnt/d/Learing_Python/GP/Submission_inshallah/output/fir_filter.sv:113$58'.

5.9. Executing PROC_DFF pass (convert process syncs to FFs).
Creating register for signal `\fir_filter.\result_valid' using process `\fir_filter.$proc$/mnt/d/Learing_Python/GP/Submission_inshallah/output/fir_filter.sv:129$61'.
  created $adff cell `$procdff$233' with positive edge clock and positive level reset.
Creating register for signal `\fir_filter.\result_out' using process `\fir_filter.$proc$/mnt/d/Learing_Python/GP/Submission_inshallah/output/fir_filter.sv:123$59'.
  created $adff cell `$procdff$238' with positive edge clock and positive level reset.
Creating register for signal `\fir_filter.\accum_reg' using process `\fir_filter.$proc$/mnt/d/Learing_Python/GP/Submission_inshallah/output/fir_filter.sv:84$31'.
  created $adff cell `$procdff$243' with positive edge clock and positive level reset.
Creating register for signal `\fir_filter.\mac_valid' using process `\fir_filter.$proc$/mnt/d/Learing_Python/GP/Submission_inshallah/output/fir_filter.sv:84$31'.
  created $adff cell `$procdff$248' with positive edge clock and positive level reset.
Creating register for signal `\fir_filter.\prod' using process `\fir_filter.$proc$/mnt/d/Learing_Python/GP/Submission_inshallah/output/fir_filter.sv:84$31'.
  created $dff cell `$procdff$255' with positive edge clock.
Creating register for signal `\fir_filter.$mem2reg_rd$\data_reg$/mnt/d/Learing_Python/GP/Submission_inshallah/output/fir_filter.sv:94$3_ADDR' using process `\fir_filter.$proc$/mnt/d/Learing_Python/GP/Submission_inshallah/output/fir_filter.sv:84$31'.
  created $adff cell `$procdff$260' with positive edge clock and positive level reset.
Creating register for signal `\fir_filter.$mem2reg_rd$\data_reg$/mnt/d/Learing_Python/GP/Submission_inshallah/output/fir_filter.sv:94$3_DATA' using process `\fir_filter.$proc$/mnt/d/Learing_Python/GP/Submission_inshallah/output/fir_filter.sv:84$31'.
  created $adff cell `$procdff$265' with positive edge clock and positive level reset.
Creating register for signal `\fir_filter.\tap_cnt' using process `\fir_filter.$proc$/mnt/d/Learing_Python/GP/Submission_inshallah/output/fir_filter.sv:72$25'.
  created $adff cell `$procdff$270' with positive edge clock and positive level reset.
Creating register for signal `\fir_filter.\i' using process `\fir_filter.$proc$/mnt/d/Learing_Python/GP/Submission_inshallah/output/fir_filter.sv:60$22'.
  created $adff cell `$procdff$275' with positive edge clock and positive level reset.
Creating register for signal `\fir_filter.\data_reg[0]' using process `\fir_filter.$proc$/mnt/d/Learing_Python/GP/Submission_inshallah/output/fir_filter.sv:60$22'.
  created $adff cell `$procdff$280' with positive edge clock and positive level reset.
Creating register for signal `\fir_filter.\data_reg[1]' using process `\fir_filter.$proc$/mnt/d/Learing_Python/GP/Submission_inshallah/output/fir_filter.sv:60$22'.
  created $adff cell `$procdff$285' with positive edge clock and positive level reset.
Creating register for signal `\fir_filter.\data_reg[2]' using process `\fir_filter.$proc$/mnt/d/Learing_Python/GP/Submission_inshallah/output/fir_filter.sv:60$22'.
  created $adff cell `$procdff$290' with positive edge clock and positive level reset.
Creating register for signal `\fir_filter.\data_reg[3]' using process `\fir_filter.$proc$/mnt/d/Learing_Python/GP/Submission_inshallah/output/fir_filter.sv:60$22'.
  created $adff cell `$procdff$295' with positive edge clock and positive level reset.
Creating register for signal `\fir_filter.\data_reg[4]' using process `\fir_filter.$proc$/mnt/d/Learing_Python/GP/Submission_inshallah/output/fir_filter.sv:60$22'.
  created $adff cell `$procdff$300' with positive edge clock and positive level reset.
Creating register for signal `\fir_filter.\data_reg[5]' using process `\fir_filter.$proc$/mnt/d/Learing_Python/GP/Submission_inshallah/output/fir_filter.sv:60$22'.
  created $adff cell `$procdff$305' with positive edge clock and positive level reset.
Creating register for signal `\fir_filter.\data_reg[6]' using process `\fir_filter.$proc$/mnt/d/Learing_Python/GP/Submission_inshallah/output/fir_filter.sv:60$22'.
  created $adff cell `$procdff$310' with positive edge clock and positive level reset.
Creating register for signal `\fir_filter.\data_reg[7]' using process `\fir_filter.$proc$/mnt/d/Learing_Python/GP/Submission_inshallah/output/fir_filter.sv:60$22'.
  created $adff cell `$procdff$315' with positive edge clock and positive level reset.
Creating register for signal `\fir_filter.\data_reg[8]' using process `\fir_filter.$proc$/mnt/d/Learing_Python/GP/Submission_inshallah/output/fir_filter.sv:60$22'.
  created $adff cell `$procdff$320' with positive edge clock and positive level reset.
Creating register for signal `\fir_filter.\data_reg[9]' using process `\fir_filter.$proc$/mnt/d/Learing_Python/GP/Submission_inshallah/output/fir_filter.sv:60$22'.
  created $adff cell `$procdff$325' with positive edge clock and positive level reset.
Creating register for signal `\fir_filter.\data_reg[10]' using process `\fir_filter.$proc$/mnt/d/Learing_Python/GP/Submission_inshallah/output/fir_filter.sv:60$22'.
  created $adff cell `$procdff$330' with positive edge clock and positive level reset.
Creating register for signal `\fir_filter.\data_reg[11]' using process `\fir_filter.$proc$/mnt/d/Learing_Python/GP/Submission_inshallah/output/fir_filter.sv:60$22'.
  created $adff cell `$procdff$335' with positive edge clock and positive level reset.
Creating register for signal `\fir_filter.\data_reg[12]' using process `\fir_filter.$proc$/mnt/d/Learing_Python/GP/Submission_inshallah/output/fir_filter.sv:60$22'.
  created $adff cell `$procdff$340' with positive edge clock and positive level reset.
Creating register for signal `\fir_filter.\data_reg[13]' using process `\fir_filter.$proc$/mnt/d/Learing_Python/GP/Submission_inshallah/output/fir_filter.sv:60$22'.
  created $adff cell `$procdff$345' with positive edge clock and positive level reset.
Creating register for signal `\fir_filter.\data_reg[14]' using process `\fir_filter.$proc$/mnt/d/Learing_Python/GP/Submission_inshallah/output/fir_filter.sv:60$22'.
  created $adff cell `$procdff$350' with positive edge clock and positive level reset.
Creating register for signal `\fir_filter.\data_reg[15]' using process `\fir_filter.$proc$/mnt/d/Learing_Python/GP/Submission_inshallah/output/fir_filter.sv:60$22'.
  created $adff cell `$procdff$355' with positive edge clock and positive level reset.
Creating register for signal `\fir_filter.\data_reg[16]' using process `\fir_filter.$proc$/mnt/d/Learing_Python/GP/Submission_inshallah/output/fir_filter.sv:60$22'.
  created $adff cell `$procdff$360' with positive edge clock and positive level reset.

5.10. Executing PROC_MEMWR pass (convert process memory writes to cells).

5.11. Executing PROC_CLEAN pass (remove empty switches from decision trees).
Removing empty process `fir_filter.$proc$/mnt/d/Learing_Python/GP/Submission_inshallah/output/fir_filter.sv:25$80'.
Removing empty process `fir_filter.$proc$/mnt/d/Learing_Python/GP/Submission_inshallah/output/fir_filter.sv:129$61'.
Found and cleaned up 1 empty switch in `\fir_filter.$proc$/mnt/d/Learing_Python/GP/Submission_inshallah/output/fir_filter.sv:123$59'.
Removing empty process `fir_filter.$proc$/mnt/d/Learing_Python/GP/Submission_inshallah/output/fir_filter.sv:123$59'.
Found and cleaned up 2 empty switches in `\fir_filter.$proc$/mnt/d/Learing_Python/GP/Submission_inshallah/output/fir_filter.sv:113$58'.
Removing empty process `fir_filter.$proc$/mnt/d/Learing_Python/GP/Submission_inshallah/output/fir_filter.sv:113$58'.
Found and cleaned up 3 empty switches in `\fir_filter.$proc$/mnt/d/Learing_Python/GP/Submission_inshallah/output/fir_filter.sv:84$31'.
Removing empty process `fir_filter.$proc$/mnt/d/Learing_Python/GP/Submission_inshallah/output/fir_filter.sv:84$31'.
Found and cleaned up 3 empty switches in `\fir_filter.$proc$/mnt/d/Learing_Python/GP/Submission_inshallah/output/fir_filter.sv:72$25'.
Removing empty process `fir_filter.$proc$/mnt/d/Learing_Python/GP/Submission_inshallah/output/fir_filter.sv:72$25'.
Found and cleaned up 1 empty switch in `\fir_filter.$proc$/mnt/d/Learing_Python/GP/Submission_inshallah/output/fir_filter.sv:60$22'.
Removing empty process `fir_filter.$proc$/mnt/d/Learing_Python/GP/Submission_inshallah/output/fir_filter.sv:60$22'.
Cleaned up 10 empty switches.

5.12. Executing OPT_EXPR pass (perform const folding).
Optimizing module fir_filter.
<suppressed ~58 debug messages>

6. Executing FLATTEN pass (flatten design).

7. Executing OPT_CLEAN pass (remove unused cells and wires).
Finding unused cells or wires in module \fir_filter..
Removed 46 unused cells and 193 unused wires.
<suppressed ~52 debug messages>
