Clock: clk
Sources: clk 
Generated: no
Virtual: yes
Propagated: no
Period: 20.000000

===========================================================================
report_clock_properties
============================================================================
Clock                   Period          Waveform
----------------------------------------------------
clk                  20.000000    0.000000 10.000000

===========================================================================
report_clock_latency
============================================================================
Clock clk
rise -> rise
    min     max
0.000000 0.000000 source latency
0.978503         network latency _9040_/CLK
        1.125115 network latency _9210_/CLK
---------------
0.978503 1.125115 latency
        0.146612 skew

fall -> fall
    min     max
0.000000 0.000000 source latency
0.979893         network latency _9040_/CLK
        1.101024 network latency _9210_/CLK
---------------
0.979893 1.101024 latency
        0.121132 skew



===========================================================================
report_clock_min_period
============================================================================
clk period_min = 17.81 fmax = 56.14
