[WARNING ORD-0039] .openroad ignored with -python
Unannotated report:
['report_parasitic_annotation -report_unannotated\n',
 '============================================================================\n',
 'Found 32 unannotated drivers.\n',
 ' clkload0/Y\n',
 ' clkload1/Y\n',
 ' clkload10/X\n',
 ' clkload11/X\n',
 ' clkload12/Y\n',
 ' clkload13/Y\n',
 ' clkload14/X\n',
 ' clkload15/Y\n',
 ' clkload16/X\n',
 ' clkload17/X\n',
 ' clkload18/Y\n',
 ' clkload19/X\n',
 ' clkload2/Y\n',
 ' clkload20/Y\n',
 ' clkload21/X\n',
 ' clkload22/X\n',
 ' clkload23/Y\n',
 ' clkload24/Y\n',
 ' clkload25/Y\n',
 ' clkload26/Y\n',
 ' clkload27/X\n',
 ' clkload28/X\n',
 ' clkload29/X\n',
 ' clkload3/Y\n',
 ' clkload30/Y\n',
 ' clkload31/Y\n',
 ' clkload4/X\n',
 ' clkload5/X\n',
 ' clkload6/X\n',
 ' clkload7/Y\n',
 ' clkload8/Y\n',
 ' clkload9/Y\n',
 'Found 0 partially unannotated drivers.\n',
 '\n']
Reported nets:
['clkload0/Y',
 'clkload1/Y',
 'clkload10/X',
 'clkload11/X',
 'clkload12/Y',
 'clkload13/Y',
 'clkload14/X',
 'clkload15/Y',
 'clkload16/X',
 'clkload17/X',
 'clkload18/Y',
 'clkload19/X',
 'clkload2/Y',
 'clkload20/Y',
 'clkload21/X',
 'clkload22/X',
 'clkload23/Y',
 'clkload24/Y',
 'clkload25/Y',
 'clkload26/Y',
 'clkload27/X',
 'clkload28/X',
 'clkload29/X',
 'clkload3/Y',
 'clkload30/Y',
 'clkload31/Y',
 'clkload4/X',
 'clkload5/X',
 'clkload6/X',
 'clkload7/Y',
 'clkload8/Y',
 'clkload9/Y']
Filtered nets:
[]
done
