144. Printing statistics.

=== fir_filter ===

        +----------Local Count, excluding submodules.
        |        +-Local Area, excluding submodules.
        |        | 
     3624        - wires
     3654        - wire bits
      312        - public wires
      342        - public wire bits
        7        - ports
       37        - port bits
     3635 4.13E+04 cells
       45   563.04   sky130_fd_sc_hd__a2111o_2
        1   15.014   sky130_fd_sc_hd__a2111oi_2
       49   490.47   sky130_fd_sc_hd__a211o_2
       47  588.064   sky130_fd_sc_hd__a211oi_2
       58  580.557   sky130_fd_sc_hd__a21bo_2
       10  112.608   sky130_fd_sc_hd__a21boi_2
      135 1.18E+03   sky130_fd_sc_hd__a21o_2
      123 1.08E+03   sky130_fd_sc_hd__a21oi_2
       15  168.912   sky130_fd_sc_hd__a221o_2
        2   30.029   sky130_fd_sc_hd__a221oi_2
       39  390.374   sky130_fd_sc_hd__a22o_2
        3   37.536   sky130_fd_sc_hd__a22oi_2
       20  225.216   sky130_fd_sc_hd__a2bb2o_2
        1   11.261   sky130_fd_sc_hd__a311o_2
        2   30.029   sky130_fd_sc_hd__a311oi_2
       33  289.027   sky130_fd_sc_hd__a31o_2
        7   87.584   sky130_fd_sc_hd__a31oi_2
       15  168.912   sky130_fd_sc_hd__a32o_2
        1   11.261   sky130_fd_sc_hd__a41o_2
      100   750.72   sky130_fd_sc_hd__and2_2
       75   656.88   sky130_fd_sc_hd__and2b_2
      229 1.72E+03   sky130_fd_sc_hd__and3_2
        4   40.038   sky130_fd_sc_hd__and3b_2
        3   30.029   sky130_fd_sc_hd__and4_2
        2   22.522   sky130_fd_sc_hd__and4b_2
        1   12.512   sky130_fd_sc_hd__and4bb_2
      332 8.72E+03   sky130_fd_sc_hd__dfrtp_2
       44  165.158   sky130_fd_sc_hd__inv_2
      289 3.25E+03   sky130_fd_sc_hd__mux2_1
      196 1.23E+03   sky130_fd_sc_hd__nand2_2
       45  394.128   sky130_fd_sc_hd__nand2b_2
       91  910.874   sky130_fd_sc_hd__nand3_2
        2   22.522   sky130_fd_sc_hd__nand3b_2
      300   1876.8   sky130_fd_sc_hd__nor2_2
       45  450.432   sky130_fd_sc_hd__nor3_2
        8  100.096   sky130_fd_sc_hd__nor3b_2
        4   50.048   sky130_fd_sc_hd__nor4_2
        1   15.014   sky130_fd_sc_hd__o2111ai_2
       73  730.701   sky130_fd_sc_hd__o211a_2
       46  575.552   sky130_fd_sc_hd__o211ai_2
       50   437.92   sky130_fd_sc_hd__o21a_2
      102  893.357   sky130_fd_sc_hd__o21ai_2
       31  310.298   sky130_fd_sc_hd__o21ba_2
       27  304.042   sky130_fd_sc_hd__o21bai_2
       47  470.451   sky130_fd_sc_hd__o22a_2
       23  287.776   sky130_fd_sc_hd__o22ai_2
        5   56.304   sky130_fd_sc_hd__o2bb2a_2
        9   135.13   sky130_fd_sc_hd__o2bb2ai_2
        3   33.782   sky130_fd_sc_hd__o311a_2
       16  160.154   sky130_fd_sc_hd__o31a_2
        6   75.072   sky130_fd_sc_hd__o31ai_2
       12   135.13   sky130_fd_sc_hd__o32a_2
      178 1.11E+03   sky130_fd_sc_hd__or2_2
       71  533.011   sky130_fd_sc_hd__or3_2
       21  183.926   sky130_fd_sc_hd__or3b_2
       52  455.437   sky130_fd_sc_hd__or4_2
        2   20.019   sky130_fd_sc_hd__or4b_2
        1   12.512   sky130_fd_sc_hd__or4bb_2
      333 5.42E+03   sky130_fd_sc_hd__xnor2_2
      150  2439.84   sky130_fd_sc_hd__xor2_2

   Chip area for module '\fir_filter': 41260.822400
     of which used for sequential elements: 8723.366400 (21.14%)

