144. Printing statistics.

=== fir_filter ===

        +----------Local Count, excluding submodules.
        |        +-Local Area, excluding submodules.
        |        | 
     5638        - wires
     5668        - wire bits
      312        - public wires
      342        - public wire bits
        7        - ports
       37        - port bits
     5649 6.38E+04 cells
        3   37.536   sky130_fd_sc_hd__a2111o_2
        2   30.029   sky130_fd_sc_hd__a2111oi_2
       35  350.336   sky130_fd_sc_hd__a211o_2
       24  300.288   sky130_fd_sc_hd__a211oi_2
       25   250.24   sky130_fd_sc_hd__a21bo_2
       37   416.65   sky130_fd_sc_hd__a21boi_2
      209 1.83E+03   sky130_fd_sc_hd__a21o_2
      317 2.78E+03   sky130_fd_sc_hd__a21oi_2
       10  112.608   sky130_fd_sc_hd__a221o_2
       19  285.274   sky130_fd_sc_hd__a221oi_2
       86  860.826   sky130_fd_sc_hd__a22o_2
       86 1.08E+03   sky130_fd_sc_hd__a22oi_2
       14  157.651   sky130_fd_sc_hd__a2bb2o_2
       39  585.562   sky130_fd_sc_hd__a2bb2oi_2
       16  180.173   sky130_fd_sc_hd__a311o_2
        9   135.13   sky130_fd_sc_hd__a311oi_2
      122 1.07E+03   sky130_fd_sc_hd__a31o_2
       51  638.112   sky130_fd_sc_hd__a31oi_2
       74  833.299   sky130_fd_sc_hd__a32o_2
       47  764.483   sky130_fd_sc_hd__a32oi_2
       14  157.651   sky130_fd_sc_hd__a41o_2
        4   65.062   sky130_fd_sc_hd__a41oi_2
       41  307.795   sky130_fd_sc_hd__and2_2
        7   61.309   sky130_fd_sc_hd__and2b_2
      195 1.46E+03   sky130_fd_sc_hd__and3_2
        8   80.077   sky130_fd_sc_hd__and3b_2
       40  400.384   sky130_fd_sc_hd__and4_2
       11  123.869   sky130_fd_sc_hd__and4b_2
        4   50.048   sky130_fd_sc_hd__and4bb_2
      332 8.72E+03   sky130_fd_sc_hd__dfrtp_2
      106  397.882   sky130_fd_sc_hd__inv_2
      276 3.11E+03   sky130_fd_sc_hd__mux2_1
        1   22.522   sky130_fd_sc_hd__mux4_2
      365  2283.44   sky130_fd_sc_hd__nand2_2
       21  183.926   sky130_fd_sc_hd__nand2b_2
      436 4.36E+03   sky130_fd_sc_hd__nand3_2
       61  686.909   sky130_fd_sc_hd__nand3b_2
      387 4.84E+03   sky130_fd_sc_hd__nand4_2
       12  180.173   sky130_fd_sc_hd__nand4b_2
      146  913.376   sky130_fd_sc_hd__nor2_2
       45  450.432   sky130_fd_sc_hd__nor3_2
        8  100.096   sky130_fd_sc_hd__nor3b_2
        8  100.096   sky130_fd_sc_hd__nor4_2
        1   15.014   sky130_fd_sc_hd__nor4b_2
       60   750.72   sky130_fd_sc_hd__o2111a_2
      147 2.21E+03   sky130_fd_sc_hd__o2111ai_2
      114 1.14E+03   sky130_fd_sc_hd__o211a_2
      285  3565.92   sky130_fd_sc_hd__o211ai_2
       77  674.397   sky130_fd_sc_hd__o21a_2
      312 2.73E+03   sky130_fd_sc_hd__o21ai_2
        3   30.029   sky130_fd_sc_hd__o21ba_2
       42  472.954   sky130_fd_sc_hd__o21bai_2
       39  439.171   sky130_fd_sc_hd__o221a_2
       62  930.893   sky130_fd_sc_hd__o221ai_2
       55  550.528   sky130_fd_sc_hd__o22a_2
      145  1814.24   sky130_fd_sc_hd__o22ai_2
       40  450.432   sky130_fd_sc_hd__o2bb2a_2
      175  2627.52   sky130_fd_sc_hd__o2bb2ai_2
       73  822.038   sky130_fd_sc_hd__o311a_2
        1   16.266   sky130_fd_sc_hd__o311ai_2
       67  670.643   sky130_fd_sc_hd__o31a_2
        7   87.584   sky130_fd_sc_hd__o31ai_2
       30  337.824   sky130_fd_sc_hd__o32a_2
        7  113.859   sky130_fd_sc_hd__o32ai_2
        4   50.048   sky130_fd_sc_hd__o41a_2
        2   32.531   sky130_fd_sc_hd__o41ai_2
       46  287.776   sky130_fd_sc_hd__or2_2
       25   187.68   sky130_fd_sc_hd__or3_2
       20  175.168   sky130_fd_sc_hd__or3b_2
       14  122.618   sky130_fd_sc_hd__or4_2
        1    10.01   sky130_fd_sc_hd__or4b_2
        1   12.512   sky130_fd_sc_hd__or4bb_2
       13  211.453   sky130_fd_sc_hd__xnor2_2
       28  455.437   sky130_fd_sc_hd__xor2_2

   Chip area for module '\fir_filter': 63752.393600
     of which used for sequential elements: 8723.366400 (13.68%)

