136. Printing statistics.

=== fir_filter ===

        +----------Local Count, excluding submodules.
        |        +-Local Area, excluding submodules.
        |        | 
     4522        - wires
     5162        - wire bits
       28        - public wires
      358        - public wire bits
        7        - ports
       37        - port bits
     4882 8.72E+03 cells
     1437        -   $_ANDNOT_
       29        -   $_AND_
      422        -   $_MUX_
       43        -   $_NAND_
      312        -   $_NOR_
      122        -   $_NOT_
      130        -   $_ORNOT_
      821        -   $_OR_
      367        -   $_XNOR_
      867        -   $_XOR_
      332 8.72E+03   sky130_fd_sc_hd__dfrtp_2

   Area for cell type $_ANDNOT_ is unknown!
   Area for cell type $_AND_ is unknown!
   Area for cell type $_MUX_ is unknown!
   Area for cell type $_NAND_ is unknown!
   Area for cell type $_NOR_ is unknown!
   Area for cell type $_NOT_ is unknown!
   Area for cell type $_ORNOT_ is unknown!
   Area for cell type $_OR_ is unknown!
   Area for cell type $_XNOR_ is unknown!
   Area for cell type $_XOR_ is unknown!

   Chip area for module '\fir_filter': 8723.366400
     of which used for sequential elements: 8723.366400 (100.00%)

