144. Printing statistics.

=== fir_filter ===

        +----------Local Count, excluding submodules.
        |        +-Local Area, excluding submodules.
        |        | 
     4825        - wires
     4855        - wire bits
      312        - public wires
      342        - public wire bits
        7        - ports
       37        - port bits
     4836 5.15E+04 cells
       17  212.704   sky130_fd_sc_hd__a2111o_2
        5   75.072   sky130_fd_sc_hd__a2111oi_2
        2   55.053   sky130_fd_sc_hd__a2111oi_4
       83  830.797   sky130_fd_sc_hd__a211o_2
       22  275.264   sky130_fd_sc_hd__a211oi_2
       41  410.394   sky130_fd_sc_hd__a21bo_2
       13   146.39   sky130_fd_sc_hd__a21boi_2
      269  2356.01   sky130_fd_sc_hd__a21o_2
        1   15.014   sky130_fd_sc_hd__a21o_4
      193 1.69E+03   sky130_fd_sc_hd__a21oi_2
        2   32.531   sky130_fd_sc_hd__a21oi_4
       35  394.128   sky130_fd_sc_hd__a221o_2
        7  105.101   sky130_fd_sc_hd__a221oi_2
       88  880.845   sky130_fd_sc_hd__a22o_2
        6   75.072   sky130_fd_sc_hd__a22oi_2
       30  337.824   sky130_fd_sc_hd__a2bb2o_2
       13   146.39   sky130_fd_sc_hd__a311o_2
        1   15.014   sky130_fd_sc_hd__a311oi_2
       68  595.571   sky130_fd_sc_hd__a31o_2
       10   125.12   sky130_fd_sc_hd__a31oi_2
        2   42.541   sky130_fd_sc_hd__a31oi_4
       43  484.214   sky130_fd_sc_hd__a32o_2
        1   16.266   sky130_fd_sc_hd__a32oi_2
        5   56.304   sky130_fd_sc_hd__a41o_2
        1   27.526   sky130_fd_sc_hd__a41oi_4
      102  765.734   sky130_fd_sc_hd__and2_2
        2   17.517   sky130_fd_sc_hd__and2_4
       31   271.51   sky130_fd_sc_hd__and2b_2
      143  1073.53   sky130_fd_sc_hd__and3_2
        3   33.782   sky130_fd_sc_hd__and3_4
       21  210.202   sky130_fd_sc_hd__and3b_2
        1   12.512   sky130_fd_sc_hd__and3b_4
       16  160.154   sky130_fd_sc_hd__and4_2
        1   11.261   sky130_fd_sc_hd__and4_4
        2   22.522   sky130_fd_sc_hd__and4b_2
        4   50.048   sky130_fd_sc_hd__and4bb_2
      455 1.71E+03   sky130_fd_sc_hd__buf_1
       20  100.096   sky130_fd_sc_hd__buf_2
       18   135.13   sky130_fd_sc_hd__buf_4
        2   22.522   sky130_fd_sc_hd__buf_6
      332 8.72E+03   sky130_fd_sc_hd__dfrtp_2
       95  356.592   sky130_fd_sc_hd__inv_2
        1    8.758   sky130_fd_sc_hd__inv_6
        1   11.261   sky130_fd_sc_hd__inv_8
        2   22.522   sky130_fd_sc_hd__mux2_1
      449 5.06E+03   sky130_fd_sc_hd__mux2_2
      311 1.95E+03   sky130_fd_sc_hd__nand2_2
        4   35.034   sky130_fd_sc_hd__nand2b_2
       44  440.422   sky130_fd_sc_hd__nand3_2
        7   78.826   sky130_fd_sc_hd__nand3b_2
        8  100.096   sky130_fd_sc_hd__nand4_2
      263 1.65E+03   sky130_fd_sc_hd__nor2_2
        7   61.309   sky130_fd_sc_hd__nor2b_2
       10  100.096   sky130_fd_sc_hd__nor3_2
        6   75.072   sky130_fd_sc_hd__nor3b_2
        9  112.608   sky130_fd_sc_hd__nor4_2
        3   63.811   sky130_fd_sc_hd__nor4_4
        3   45.043   sky130_fd_sc_hd__nor4b_2
        4   50.048   sky130_fd_sc_hd__o2111a_2
        1   15.014   sky130_fd_sc_hd__o2111ai_2
       76   760.73   sky130_fd_sc_hd__o211a_2
       18  225.216   sky130_fd_sc_hd__o211ai_2
      139 1.22E+03   sky130_fd_sc_hd__o21a_2
      119  1042.25   sky130_fd_sc_hd__o21ai_2
       32  320.307   sky130_fd_sc_hd__o21ba_2
        7   78.826   sky130_fd_sc_hd__o21bai_2
       27  304.042   sky130_fd_sc_hd__o221a_2
        3   45.043   sky130_fd_sc_hd__o221ai_2
        2    52.55   sky130_fd_sc_hd__o221ai_4
       41  410.394   sky130_fd_sc_hd__o22a_2
        3   37.536   sky130_fd_sc_hd__o22ai_2
       16  180.173   sky130_fd_sc_hd__o2bb2a_2
        1   15.014   sky130_fd_sc_hd__o2bb2ai_2
        9  101.347   sky130_fd_sc_hd__o311a_2
       21  210.202   sky130_fd_sc_hd__o31a_2
        6   75.072   sky130_fd_sc_hd__o31ai_2
       19  213.955   sky130_fd_sc_hd__o32a_2
        2   32.531   sky130_fd_sc_hd__o32ai_2
        1   12.512   sky130_fd_sc_hd__o41a_2
      129  807.024   sky130_fd_sc_hd__or2_2
        4   35.034   sky130_fd_sc_hd__or2_4
       25   218.96   sky130_fd_sc_hd__or2b_2
       54  405.389   sky130_fd_sc_hd__or3_2
       25   218.96   sky130_fd_sc_hd__or3b_2
       11   96.342   sky130_fd_sc_hd__or4_2
        6   67.565   sky130_fd_sc_hd__or4_4
        3   30.029   sky130_fd_sc_hd__or4b_2
        2   25.024   sky130_fd_sc_hd__or4bb_2
      584  9499.11   sky130_fd_sc_hd__xnor2_2
        1   27.526   sky130_fd_sc_hd__xnor2_4
      111 1.81E+03   sky130_fd_sc_hd__xor2_2

   Chip area for module '\fir_filter': 51514.406400
     of which used for sequential elements: 8723.366400 (16.93%)

