
===========================================================================
Violator List
============================================================================
[hold in-reg] sample_valid -> _9199_/D : -0.331999
[hold in-reg] sample_valid -> _9231_/D : -0.309545
[hold in-reg] sample_valid -> _9232_/D : -0.309539
[hold in-reg] sample_valid -> _9226_/D : -0.309515
[hold in-reg] sample_valid -> _9228_/D : -0.309481
[hold in-reg] sample_valid -> _9225_/D : -0.309476
[hold in-reg] sample_valid -> _9224_/D : -0.309384
[hold in-reg] sample_in[0] -> _9238_/D : -0.305810
[hold in-reg] sample_in[1] -> _9239_/D : -0.305810
[hold in-reg] sample_in[2] -> _9240_/D : -0.305810
[hold in-reg] sample_in[3] -> _9241_/D : -0.305810
[hold in-reg] sample_in[4] -> _9242_/D : -0.305810
[hold in-reg] sample_in[5] -> _9243_/D : -0.305810
[hold in-reg] sample_in[6] -> _9244_/D : -0.305810
[hold in-reg] sample_in[7] -> _9245_/D : -0.305810
[hold in-reg] sample_in[8] -> _9246_/D : -0.305810
[hold in-reg] sample_in[9] -> _9247_/D : -0.305810
[hold in-reg] sample_in[10] -> _9248_/D : -0.305810
[hold in-reg] sample_in[11] -> _9249_/D : -0.305810
[hold in-reg] sample_in[12] -> _9250_/D : -0.305810
[hold in-reg] sample_in[13] -> _9251_/D : -0.305810
[hold in-reg] sample_in[14] -> _9252_/D : -0.305810
[hold in-reg] sample_in[15] -> _9253_/D : -0.305810
[hold in-reg] sample_valid -> _9223_/D : -0.305763
[hold in-reg] sample_valid -> _9230_/D : -0.287559
[hold in-reg] sample_valid -> _9204_/D : -0.269662
[hold in-reg] sample_valid -> _9220_/D : -0.205733
[hold in-reg] sample_valid -> _9221_/D : -0.205733
[hold in-reg] sample_valid -> _9222_/D : -0.204709
[hold in-reg] sample_valid -> _9227_/D : -0.204709
[hold in-reg] sample_valid -> _9229_/D : -0.204709
[hold in-reg] sample_valid -> _9197_/D : -0.203784
[hold in-reg] sample_valid -> _9196_/D : -0.203615
[hold in-reg] sample_valid -> _9205_/D : -0.189750
[hold in-reg] sample_valid -> _9198_/D : -0.182471
[hold in-reg] sample_valid -> _9200_/D : -0.182471
[hold in-reg] sample_valid -> _9209_/D : -0.182471
[hold in-reg] sample_valid -> _9211_/D : -0.182471
[hold in-reg] sample_valid -> _9213_/D : -0.182471
[hold in-reg] sample_valid -> _9216_/D : -0.182471
[hold in-reg] sample_valid -> _9201_/D : -0.181893
[hold in-reg] sample_valid -> _9202_/D : -0.181893
[hold in-reg] sample_valid -> _9206_/D : -0.181893
[hold in-reg] sample_valid -> _9207_/D : -0.181893
[hold in-reg] sample_valid -> _9208_/D : -0.181893
[hold in-reg] sample_valid -> _9210_/D : -0.181888
[hold in-reg] sample_valid -> _9212_/D : -0.181888
[hold in-reg] sample_valid -> _9214_/D : -0.181888
[hold in-reg] sample_valid -> _9217_/D : -0.181888
[hold in-reg] sample_valid -> _9218_/D : -0.181888
[hold in-reg] sample_valid -> _9219_/D : -0.181888
[hold in-reg] sample_valid -> _9215_/D : -0.178531
[hold in-reg] sample_valid -> _9203_/D : -0.149532
[hold reg-reg] _9179_/Q -> _9178_/D : -0.072217
