
===========================================================================
report_checks -unconstrained
===========================================================================
======================= nom_tt_025C_1v80 Corner ===================================

Startpoint: sample_in[5] (input port clocked by clk)
Endpoint: _9219_ (rising edge-triggered flip-flop clocked by clk)
Path Group: clk
Path Type: max

Fanout         Cap        Slew       Delay        Time   Description
---------------------------------------------------------------------------------------------
                                  0.000000    0.000000   clock clk (rise edge)
                                  0.000000    0.000000   clock network delay (propagated)
                                  4.000000    4.000000 ^ input external delay
     1    0.003778    0.000000    0.000000    4.000000 ^ sample_in[5] (in)
                                                         sample_in[5] (net)
                      0.000124    0.000064    4.000063 ^ input13/A (sky130_fd_sc_hd__clkbuf_4)
     2    0.041725    0.133824    0.184781    4.184844 ^ input13/X (sky130_fd_sc_hd__clkbuf_4)
                                                         net13 (net)
                      0.134036    0.004460    4.189304 ^ hold755/A (sky130_fd_sc_hd__dlygate4sd3_1)
     3    0.040019    0.395633    0.832700    5.022004 ^ hold755/X (sky130_fd_sc_hd__dlygate4sd3_1)
                                                         net755 (net)
                      0.395635    0.001641    5.023646 ^ fanout346/A (sky130_fd_sc_hd__dlygate4sd1_1)
     2    0.008222    0.088300    0.289278    5.312923 ^ fanout346/X (sky130_fd_sc_hd__dlygate4sd1_1)
                                                         net346 (net)
                      0.088300    0.000228    5.313151 ^ wire347/A (sky130_fd_sc_hd__clkbuf_4)
     7    0.055462    0.171373    0.246895    5.560046 ^ wire347/X (sky130_fd_sc_hd__clkbuf_4)
                                                         net347 (net)
                      0.171482    0.003643    5.563689 ^ fanout344/A (sky130_fd_sc_hd__buf_2)
     9    0.046923    0.229924    0.286174    5.849864 ^ fanout344/X (sky130_fd_sc_hd__buf_2)
                                                         net344 (net)
                      0.230010    0.001629    5.851493 ^ load_slew345/A (sky130_fd_sc_hd__buf_4)
     8    0.046152    0.133936    0.239555    6.091048 ^ load_slew345/X (sky130_fd_sc_hd__buf_4)
                                                         net345 (net)
                      0.133943    0.001187    6.092235 ^ _5316_/B (sky130_fd_sc_hd__and2_2)
     3    0.019037    0.109837    0.221532    6.313766 ^ _5316_/X (sky130_fd_sc_hd__and2_2)
                                                         _0774_ (net)
                      0.109838    0.000559    6.314325 ^ _6417_/B1 (sky130_fd_sc_hd__a21oi_4)
     4    0.020045    0.122007    0.061438    6.375763 v _6417_/Y (sky130_fd_sc_hd__a21oi_4)
                                                         _1868_ (net)
                      0.122008    0.000596    6.376359 v _6480_/B2 (sky130_fd_sc_hd__o221a_2)
     1    0.004918    0.048592    0.265612    6.641971 v _6480_/X (sky130_fd_sc_hd__o221a_2)
                                                         _1930_ (net)
                      0.048592    0.000157    6.642128 v _6481_/B1 (sky130_fd_sc_hd__a21oi_2)
     4    0.027270    0.342776    0.288424    6.930552 ^ _6481_/Y (sky130_fd_sc_hd__a21oi_2)
                                                         _1931_ (net)
                      0.342787    0.001694    6.932245 ^ _6485_/A (sky130_fd_sc_hd__xnor2_2)
     3    0.017250    0.119983    0.174576    7.106821 v _6485_/Y (sky130_fd_sc_hd__xnor2_2)
                                                         _1935_ (net)
                      0.119983    0.000492    7.107314 v _6492_/A (sky130_fd_sc_hd__xnor2_2)
     1    0.017981    0.266204    0.296446    7.403759 ^ _6492_/Y (sky130_fd_sc_hd__xnor2_2)
                                                         _1942_ (net)
                      0.266273    0.000553    7.404313 ^ _6493_/A (sky130_fd_sc_hd__xnor2_4)
     2    0.018504    0.090617    0.138122    7.542434 v _6493_/Y (sky130_fd_sc_hd__xnor2_4)
                                                         _1943_ (net)
                      0.090617    0.000346    7.542780 v _6494_/B (sky130_fd_sc_hd__xnor2_4)
     1    0.016413    0.074332    0.161688    7.704467 v _6494_/Y (sky130_fd_sc_hd__xnor2_4)
                                                         _1944_ (net)
                      0.074333    0.000505    7.704973 v _6495_/A (sky130_fd_sc_hd__xnor2_4)
     3    0.024844    0.233410    0.260072    7.965045 ^ _6495_/Y (sky130_fd_sc_hd__xnor2_4)
                                                         _1945_ (net)
                      0.233410    0.000638    7.965683 ^ _6506_/B (sky130_fd_sc_hd__xnor2_4)
     4    0.011628    0.068888    0.101998    8.067681 v _6506_/Y (sky130_fd_sc_hd__xnor2_4)
                                                         _1956_ (net)
                      0.068888    0.000257    8.067938 v _6782_/A2 (sky130_fd_sc_hd__a21o_2)
     1    0.008788    0.048390    0.238353    8.306291 v _6782_/X (sky130_fd_sc_hd__a21o_2)
                                                         _2231_ (net)
                      0.048391    0.000264    8.306555 v _6783_/B1 (sky130_fd_sc_hd__o21ai_4)
     2    0.013758    0.151492    0.074118    8.380672 ^ _6783_/Y (sky130_fd_sc_hd__o21ai_4)
                                                         _2232_ (net)
                      0.151492    0.000269    8.380941 ^ _6785_/A (sky130_fd_sc_hd__or2b_4)
     1    0.009509    0.043677    0.153564    8.534506 ^ _6785_/X (sky130_fd_sc_hd__or2b_4)
                                                         _2234_ (net)
                      0.043679    0.000314    8.534821 ^ _6787_/B1 (sky130_fd_sc_hd__a221oi_4)
     2    0.011496    0.073549    0.062041    8.596861 v _6787_/Y (sky130_fd_sc_hd__a221oi_4)
                                                         _2236_ (net)
                      0.073549    0.000235    8.597096 v max_cap56/A (sky130_fd_sc_hd__clkbuf_2)
     2    0.008683    0.043261    0.131950    8.729047 v max_cap56/X (sky130_fd_sc_hd__clkbuf_2)
                                                         net56 (net)
                      0.043263    0.000340    8.729387 v _7150_/A (sky130_fd_sc_hd__or2_2)
     1    0.003378    0.055945    0.295302    9.024689 v _7150_/X (sky130_fd_sc_hd__or2_2)
                                                         _2597_ (net)
                      0.055945    0.000103    9.024792 v _7151_/B2 (sky130_fd_sc_hd__a22o_2)
     1    0.005988    0.047661    0.240207    9.264998 v _7151_/X (sky130_fd_sc_hd__a22o_2)
                                                         _2598_ (net)
                      0.047661    0.000212    9.265211 v _7152_/C1 (sky130_fd_sc_hd__o221a_4)
     3    0.016088    0.058098    0.133324    9.398536 v _7152_/X (sky130_fd_sc_hd__o221a_4)
                                                         _2599_ (net)
                      0.058098    0.000900    9.399435 v _7510_/A (sky130_fd_sc_hd__or2_4)
     1    0.005839    0.048578    0.256319    9.655755 v _7510_/X (sky130_fd_sc_hd__or2_4)
                                                         _2955_ (net)
                      0.048578    0.000147    9.655901 v _7511_/B2 (sky130_fd_sc_hd__a22o_4)
     1    0.008666    0.044746    0.230160    9.886061 v _7511_/X (sky130_fd_sc_hd__a22o_4)
                                                         _2956_ (net)
                      0.044746    0.000266    9.886327 v _7512_/C1 (sky130_fd_sc_hd__o221ai_4)
     2    0.009481    0.184747    0.065620    9.951947 ^ _7512_/Y (sky130_fd_sc_hd__o221ai_4)
                                                         _2957_ (net)
                      0.184747    0.000328    9.952275 ^ _7652_/A2 (sky130_fd_sc_hd__a21oi_2)
     2    0.007636    0.057921    0.095596   10.047871 v _7652_/Y (sky130_fd_sc_hd__a21oi_2)
                                                         _3096_ (net)
                      0.057922    0.000241   10.048111 v max_cap42/A (sky130_fd_sc_hd__buf_6)
     4    0.023780    0.035979    0.136885   10.184997 v max_cap42/X (sky130_fd_sc_hd__buf_6)
                                                         net42 (net)
                      0.036069    0.001369   10.186365 v rebuffer679/A (sky130_fd_sc_hd__buf_4)
     3    0.014507    0.038136    0.144091   10.330456 v rebuffer679/X (sky130_fd_sc_hd__buf_4)
                                                         net679 (net)
                      0.038142    0.000497   10.330954 v _7994_/A1 (sky130_fd_sc_hd__a21o_2)
     1    0.006716    0.043206    0.195886   10.526839 v _7994_/X (sky130_fd_sc_hd__a21o_2)
                                                         _3435_ (net)
                      0.043233    0.000291   10.527130 v _8000_/A2 (sky130_fd_sc_hd__a221o_2)
     1    0.005037    0.059838    0.393174   10.920305 v _8000_/X (sky130_fd_sc_hd__a221o_2)
                                                         _3441_ (net)
                      0.059838    0.000163   10.920468 v _8001_/B1 (sky130_fd_sc_hd__o21ai_2)
     1    0.016502    0.218561    0.107882   11.028350 ^ _8001_/Y (sky130_fd_sc_hd__o21ai_2)
                                                         _3442_ (net)
                      0.218561    0.000341   11.028691 ^ _8044_/B (sky130_fd_sc_hd__xnor2_4)
     1    0.072668    0.215395    0.215878   11.244569 v _8044_/Y (sky130_fd_sc_hd__xnor2_4)
                                                         _3485_ (net)
                      0.216014    0.009538   11.254107 v _8045_/A1 (sky130_fd_sc_hd__mux2_2)
     1    0.002608    0.046840    0.331156   11.585263 v _8045_/X (sky130_fd_sc_hd__mux2_2)
                                                         _3486_ (net)
                      0.046840    0.000076   11.585340 v _8117_/A0 (sky130_fd_sc_hd__mux2_2)
     1    0.002835    0.047589    0.259603   11.844942 v _8117_/X (sky130_fd_sc_hd__mux2_2)
                                                         _3558_ (net)
                      0.047589    0.000083   11.845026 v _8118_/A (sky130_fd_sc_hd__buf_1)
     1    0.002530    0.025188    0.088829   11.933854 v _8118_/X (sky130_fd_sc_hd__buf_1)
                                                         _0200_ (net)
                      0.025188    0.000074   11.933928 v _9219_/D (sky130_fd_sc_hd__dfrtp_2)
                                             11.933928   data arrival time

                                 20.000000   20.000000   clock clk (rise edge)
                                  0.000000   20.000000   clock source latency
     1    0.053665    0.150000    0.000000   20.000000 ^ clk (in)
                                                         clk (net)
                      0.157646    0.003746   20.003746 ^ clkbuf_0_clk/A (sky130_fd_sc_hd__clkbuf_16)
     4    0.085242    0.102641    0.208589   20.212336 ^ clkbuf_0_clk/X (sky130_fd_sc_hd__clkbuf_16)
                                                         clknet_0_clk (net)
                      0.102824    0.003444   20.215780 ^ clkbuf_2_3__f_clk/A (sky130_fd_sc_hd__clkbuf_16)
     8    0.113521    0.127384    0.211140   20.426920 ^ clkbuf_2_3__f_clk/X (sky130_fd_sc_hd__clkbuf_16)
                                                         clknet_2_3__leaf_clk (net)
                      0.127539    0.003507   20.430426 ^ clkbuf_leaf_33_clk/A (sky130_fd_sc_hd__clkbuf_8)
     6    0.026441    0.060968    0.166910   20.597336 ^ clkbuf_leaf_33_clk/X (sky130_fd_sc_hd__clkbuf_8)
                                                         clknet_leaf_33_clk (net)
                      0.060972    0.000560   20.597895 ^ _9219_/CLK (sky130_fd_sc_hd__dfrtp_2)
                                 -0.100000   20.497896   clock uncertainty
                                  0.000000   20.497896   clock reconvergence pessimism
                                 -0.103114   20.394781   library setup time
                                             20.394781   data required time
---------------------------------------------------------------------------------------------
                                             20.394781   data required time
                                            -11.933928   data arrival time
---------------------------------------------------------------------------------------------
                                              8.460854   slack (MET)




===========================================================================
report_checks --slack_max -0.01
============================================================================
======================= nom_tt_025C_1v80 Corner ===================================

No paths found.


===========================================================================
 report_check_types -max_slew -max_cap -max_fanout -violators
============================================================================
======================= nom_tt_025C_1v80 Corner ===================================

max fanout

Pin                                   Limit Fanout  Slack
---------------------------------------------------------
_9221_/Q                                 16     17        (VIOLATED)



===========================================================================
report_parasitic_annotation -report_unannotated
============================================================================
Found 32 unannotated drivers.
 clkload0/Y
 clkload1/Y
 clkload10/X
 clkload11/X
 clkload12/Y
 clkload13/Y
 clkload14/X
 clkload15/Y
 clkload16/X
 clkload17/X
 clkload18/Y
 clkload19/X
 clkload2/Y
 clkload20/Y
 clkload21/X
 clkload22/X
 clkload23/Y
 clkload24/Y
 clkload25/Y
 clkload26/Y
 clkload27/X
 clkload28/X
 clkload29/X
 clkload3/Y
 clkload30/Y
 clkload31/Y
 clkload4/X
 clkload5/X
 clkload6/X
 clkload7/Y
 clkload8/Y
 clkload9/Y
Found 0 partially unannotated drivers.

===========================================================================
max slew violation count 0
max fanout violation count 1
max cap violation count 0
============================================================================

===========================================================================
check_setup -verbose -unconstrained_endpoints -multiple_clock -no_clock -no_input_delay -loops -generated_clocks
===========================================================================
Warning: There is 1 input port missing set_input_delay.
  rst_n
