144. Printing statistics.

=== fir_filter ===

        +----------Local Count, excluding submodules.
        |        +-Local Area, excluding submodules.
        |        | 
     5686        - wires
     5716        - wire bits
      312        - public wires
      342        - public wire bits
        7        - ports
       37        - port bits
     5697  6.4E+04 cells
        2   25.024   sky130_fd_sc_hd__a2111o_2
       44  440.422   sky130_fd_sc_hd__a211o_2
       23  287.776   sky130_fd_sc_hd__a211oi_2
       21  210.202   sky130_fd_sc_hd__a21bo_2
       44  495.475   sky130_fd_sc_hd__a21boi_2
      225  1970.64   sky130_fd_sc_hd__a21o_2
      320  2.8E+03   sky130_fd_sc_hd__a21oi_2
       10  112.608   sky130_fd_sc_hd__a221o_2
       11  165.158   sky130_fd_sc_hd__a221oi_2
       87  870.835   sky130_fd_sc_hd__a22o_2
       93 1.16E+03   sky130_fd_sc_hd__a22oi_2
       39  439.171   sky130_fd_sc_hd__a2bb2o_2
       29  435.418   sky130_fd_sc_hd__a2bb2oi_2
       15  168.912   sky130_fd_sc_hd__a311o_2
       10  150.144   sky130_fd_sc_hd__a311oi_2
      140 1.23E+03   sky130_fd_sc_hd__a31o_2
       66  825.792   sky130_fd_sc_hd__a31oi_2
       56  630.605   sky130_fd_sc_hd__a32o_2
       33  536.765   sky130_fd_sc_hd__a32oi_2
       10  112.608   sky130_fd_sc_hd__a41o_2
        3   48.797   sky130_fd_sc_hd__a41oi_2
       30  225.216   sky130_fd_sc_hd__and2_2
       11   96.342   sky130_fd_sc_hd__and2b_2
      198 1.49E+03   sky130_fd_sc_hd__and3_2
        1    10.01   sky130_fd_sc_hd__and3b_2
       50   500.48   sky130_fd_sc_hd__and4_2
        8   90.086   sky130_fd_sc_hd__and4b_2
        9  112.608   sky130_fd_sc_hd__and4bb_2
      332 8.72E+03   sky130_fd_sc_hd__dfrtp_2
      115  431.664   sky130_fd_sc_hd__inv_2
      273 3.07E+03   sky130_fd_sc_hd__mux2_1
      338 2.11E+03   sky130_fd_sc_hd__nand2_2
       15  131.376   sky130_fd_sc_hd__nand2b_2
      375   3753.6   sky130_fd_sc_hd__nand3_2
       52  585.562   sky130_fd_sc_hd__nand3b_2
      414 5.18E+03   sky130_fd_sc_hd__nand4_2
       13  195.187   sky130_fd_sc_hd__nand4b_2
      156  975.936   sky130_fd_sc_hd__nor2_2
       25   250.24   sky130_fd_sc_hd__nor3_2
        5    62.56   sky130_fd_sc_hd__nor3b_2
        7   87.584   sky130_fd_sc_hd__nor4_2
       70   875.84   sky130_fd_sc_hd__o2111a_2
      147 2.21E+03   sky130_fd_sc_hd__o2111ai_2
      115 1.15E+03   sky130_fd_sc_hd__o211a_2
      278 3.48E+03   sky130_fd_sc_hd__o211ai_2
       92  805.773   sky130_fd_sc_hd__o21a_2
      377  3.3E+03   sky130_fd_sc_hd__o21ai_2
        9   90.086   sky130_fd_sc_hd__o21ba_2
       61  686.909   sky130_fd_sc_hd__o21bai_2
       26  292.781   sky130_fd_sc_hd__o221a_2
       55  825.792   sky130_fd_sc_hd__o221ai_2
       52  520.499   sky130_fd_sc_hd__o22a_2
      118 1.48E+03   sky130_fd_sc_hd__o22ai_2
       50   563.04   sky130_fd_sc_hd__o2bb2a_2
      161 2.42E+03   sky130_fd_sc_hd__o2bb2ai_2
      107  1.2E+03   sky130_fd_sc_hd__o311a_2
        1   16.266   sky130_fd_sc_hd__o311ai_2
       65  650.624   sky130_fd_sc_hd__o31a_2
       12  150.144   sky130_fd_sc_hd__o31ai_2
       28  315.302   sky130_fd_sc_hd__o32a_2
        4   65.062   sky130_fd_sc_hd__o32ai_2
        6   75.072   sky130_fd_sc_hd__o41a_2
        1   16.266   sky130_fd_sc_hd__o41ai_2
       37  231.472   sky130_fd_sc_hd__or2_2
       34  255.245   sky130_fd_sc_hd__or3_2
       17  148.893   sky130_fd_sc_hd__or3b_2
       14  122.618   sky130_fd_sc_hd__or4_2
        4   40.038   sky130_fd_sc_hd__or4b_2
        2   25.024   sky130_fd_sc_hd__or4bb_2
       23  374.109   sky130_fd_sc_hd__xnor2_2
       23  374.109   sky130_fd_sc_hd__xor2_2

   Chip area for module '\fir_filter': 63963.846400
     of which used for sequential elements: 8723.366400 (13.64%)

