Clock: clk
Sources: clk 
Generated: no
Virtual: yes
Propagated: no
Period: 13.081284

===========================================================================
report_clock_properties
============================================================================
Clock                   Period          Waveform
----------------------------------------------------
clk                  13.081284    0.000000  6.540642

===========================================================================
report_clock_latency
============================================================================
Clock clk
rise -> rise
    min     max
0.000000 0.000000 source latency
0.529027         network latency _9040_/CLK
        0.619867 network latency _9210_/CLK
---------------
0.529027 0.619867 latency
        0.090840 skew

fall -> fall
    min     max
0.000000 0.000000 source latency
0.549453         network latency _9040_/CLK
        0.634084 network latency _9210_/CLK
---------------
0.549453 0.634084 latency
        0.084631 skew



===========================================================================
report_clock_min_period
============================================================================
clk period_min = 9.56 fmax = 104.59
