
===========================================================================
report_checks -unconstrained
===========================================================================
======================= nom_tt_025C_1v80 Corner ===================================

Startpoint: sample_in[2] (input port clocked by clk)
Endpoint: _9219_ (rising edge-triggered flip-flop clocked by clk)
Path Group: clk
Path Type: max

Fanout         Cap        Slew       Delay        Time   Description
---------------------------------------------------------------------------------------------
                                  0.000000    0.000000   clock clk (rise edge)
                                  0.000000    0.000000   clock network delay (propagated)
                                  2.616257    2.616257 v input external delay
     1    0.003554    0.000000    0.000000    2.616257 v sample_in[2] (in)
                                                         sample_in[2] (net)
                      0.000031    0.000016    2.616273 v input10/A (sky130_fd_sc_hd__buf_4)
     1    0.009442    0.031628    0.124058    2.740331 v input10/X (sky130_fd_sc_hd__buf_4)
                                                         net10 (net)
                      0.031630    0.000263    2.740594 v hold749/A (sky130_fd_sc_hd__dlygate4sd3_1)
     3    0.024588    0.147872    0.688337    3.428931 v hold749/X (sky130_fd_sc_hd__dlygate4sd3_1)
                                                         net749 (net)
                      0.147872    0.000424    3.429355 v load_slew366/A (sky130_fd_sc_hd__buf_6)
     2    0.006371    0.023368    0.165513    3.594868 v load_slew366/X (sky130_fd_sc_hd__buf_6)
                                                         net366 (net)
                      0.023368    0.000006    3.594874 v fanout360/A (sky130_fd_sc_hd__buf_6)
     4    0.013036    0.027694    0.114485    3.709359 v fanout360/X (sky130_fd_sc_hd__buf_6)
                                                         net360 (net)
                      0.027694    0.000017    3.709377 v load_slew362/A (sky130_fd_sc_hd__buf_6)
     2    0.007391    0.023487    0.109807    3.819184 v load_slew362/X (sky130_fd_sc_hd__buf_6)
                                                         net362 (net)
                      0.023487    0.000051    3.819235 v load_slew361/A (sky130_fd_sc_hd__buf_6)
     4    0.038220    0.046701    0.136658    3.955893 v load_slew361/X (sky130_fd_sc_hd__buf_6)
                                                         net361 (net)
                      0.046715    0.000806    3.956699 v _6111_/A (sky130_fd_sc_hd__xor2_4)
     2    0.007320    0.054663    0.186034    4.142733 v _6111_/X (sky130_fd_sc_hd__xor2_4)
                                                         _1563_ (net)
                      0.054663    0.000023    4.142756 v max_cap273/A (sky130_fd_sc_hd__buf_6)
     4    0.011697    0.026583    0.127298    4.270054 v max_cap273/X (sky130_fd_sc_hd__buf_6)
                                                         net273 (net)
                      0.026583    0.000035    4.270089 v _6117_/B2 (sky130_fd_sc_hd__a22o_4)
     4    0.009457    0.045679    0.231133    4.501222 v _6117_/X (sky130_fd_sc_hd__a22o_4)
                                                         _1569_ (net)
                      0.045679    0.000052    4.501274 v _6424_/A1 (sky130_fd_sc_hd__mux2_2)
     1    0.002398    0.047001    0.267250    4.768524 v _6424_/X (sky130_fd_sc_hd__mux2_2)
                                                         _1875_ (net)
                      0.047001    0.000004    4.768528 v _6427_/A0 (sky130_fd_sc_hd__mux2_4)
     1    0.004608    0.051628    0.281442    5.049970 v _6427_/X (sky130_fd_sc_hd__mux2_4)
                                                         _1878_ (net)
                      0.051628    0.000013    5.049983 v _6428_/B1 (sky130_fd_sc_hd__a22o_4)
     3    0.015240    0.054004    0.247546    5.297529 v _6428_/X (sky130_fd_sc_hd__a22o_4)
                                                         _1879_ (net)
                      0.054004    0.000221    5.297750 v rebuffer677/A (sky130_fd_sc_hd__buf_2)
     2    0.005332    0.029160    0.131811    5.429561 v rebuffer677/X (sky130_fd_sc_hd__buf_2)
                                                         net677 (net)
                      0.029160    0.000008    5.429568 v _6502_/A1 (sky130_fd_sc_hd__o21ba_2)
     1    0.002441    0.033998    0.204518    5.634087 v _6502_/X (sky130_fd_sc_hd__o21ba_2)
                                                         _1952_ (net)
                      0.033998    0.000004    5.634091 v _6503_/B1 (sky130_fd_sc_hd__a31o_2)
     1    0.002578    0.036749    0.211902    5.845993 v _6503_/X (sky130_fd_sc_hd__a31o_2)
                                                         _1953_ (net)
                      0.036749    0.000004    5.845998 v _6504_/B2 (sky130_fd_sc_hd__a32o_2)
     2    0.022582    0.083893    0.294338    6.140336 v _6504_/X (sky130_fd_sc_hd__a32o_2)
                                                         _1954_ (net)
                      0.083894    0.000424    6.140759 v _6505_/A (sky130_fd_sc_hd__xnor2_4)
     1    0.017819    0.195569    0.235818    6.376577 ^ _6505_/Y (sky130_fd_sc_hd__xnor2_4)
                                                         _1955_ (net)
                      0.195569    0.000037    6.376614 ^ _6506_/A (sky130_fd_sc_hd__xnor2_4)
     4    0.009499    0.064815    0.108124    6.484738 v _6506_/Y (sky130_fd_sc_hd__xnor2_4)
                                                         _1956_ (net)
                      0.064815    0.000036    6.484774 v _6782_/A2 (sky130_fd_sc_hd__a21o_2)
     1    0.008783    0.048277    0.243826    6.728600 v _6782_/X (sky130_fd_sc_hd__a21o_2)
                                                         _2231_ (net)
                      0.048277    0.000021    6.728621 v _6783_/B1 (sky130_fd_sc_hd__o21ai_4)
     2    0.013158    0.152038    0.074997    6.803618 ^ _6783_/Y (sky130_fd_sc_hd__o21ai_4)
                                                         _2232_ (net)
                      0.152038    0.000008    6.803626 ^ _6785_/A (sky130_fd_sc_hd__or2b_4)
     1    0.009295    0.043160    0.157848    6.961473 ^ _6785_/X (sky130_fd_sc_hd__or2b_4)
                                                         _2234_ (net)
                      0.043160    0.000031    6.961504 ^ _6787_/B1 (sky130_fd_sc_hd__a221oi_4)
     2    0.011391    0.073423    0.063581    7.025085 v _6787_/Y (sky130_fd_sc_hd__a221oi_4)
                                                         _2236_ (net)
                      0.073423    0.000040    7.025125 v max_cap56/A (sky130_fd_sc_hd__clkbuf_2)
     2    0.005840    0.033423    0.126405    7.151530 v max_cap56/X (sky130_fd_sc_hd__clkbuf_2)
                                                         net56 (net)
                      0.033423    0.000060    7.151590 v _7150_/A (sky130_fd_sc_hd__or2_2)
     1    0.002732    0.054402    0.296034    7.447624 v _7150_/X (sky130_fd_sc_hd__or2_2)
                                                         _2597_ (net)
                      0.054402    0.000008    7.447631 v _7151_/B2 (sky130_fd_sc_hd__a22o_2)
     1    0.004383    0.045292    0.240598    7.688229 v _7151_/X (sky130_fd_sc_hd__a22o_2)
                                                         _2598_ (net)
                      0.045292    0.000006    7.688235 v _7152_/C1 (sky130_fd_sc_hd__o221a_4)
     3    0.011109    0.050396    0.127169    7.815404 v _7152_/X (sky130_fd_sc_hd__o221a_4)
                                                         _2599_ (net)
                      0.050396    0.000150    7.815555 v _7510_/A (sky130_fd_sc_hd__or2_4)
     1    0.005084    0.047637    0.258785    8.074340 v _7510_/X (sky130_fd_sc_hd__or2_4)
                                                         _2955_ (net)
                      0.047637    0.000012    8.074352 v _7511_/B2 (sky130_fd_sc_hd__a22o_4)
     1    0.008677    0.044735    0.236716    8.311069 v _7511_/X (sky130_fd_sc_hd__a22o_4)
                                                         _2956_ (net)
                      0.044735    0.000020    8.311088 v _7512_/C1 (sky130_fd_sc_hd__o221ai_4)
     2    0.008531    0.178981    0.065429    8.376516 ^ _7512_/Y (sky130_fd_sc_hd__o221ai_4)
                                                         _2957_ (net)
                      0.178981    0.000057    8.376574 ^ _7652_/A2 (sky130_fd_sc_hd__a21oi_2)
     2    0.006760    0.054423    0.094003    8.470576 v _7652_/Y (sky130_fd_sc_hd__a21oi_2)
                                                         _3096_ (net)
                      0.054423    0.000024    8.470600 v max_cap42/A (sky130_fd_sc_hd__buf_6)
     4    0.018851    0.032807    0.135384    8.605985 v max_cap42/X (sky130_fd_sc_hd__buf_6)
                                                         net42 (net)
                      0.032810    0.000341    8.606326 v _7995_/A1 (sky130_fd_sc_hd__a21o_2)
     1    0.002394    0.032881    0.182113    8.788439 v _7995_/X (sky130_fd_sc_hd__a21o_2)
                                                         _3436_ (net)
                      0.032881    0.000003    8.788442 v _7996_/B1 (sky130_fd_sc_hd__a22o_2)
     1    0.003306    0.040208    0.209487    8.997928 v _7996_/X (sky130_fd_sc_hd__a22o_2)
                                                         _3437_ (net)
                      0.040208    0.000015    8.997943 v _8000_/B1 (sky130_fd_sc_hd__a221o_2)
     1    0.004909    0.059551    0.351617    9.349560 v _8000_/X (sky130_fd_sc_hd__a221o_2)
                                                         _3441_ (net)
                      0.059551    0.000022    9.349582 v _8001_/B1 (sky130_fd_sc_hd__o21ai_2)
     1    0.016731    0.228353    0.111986    9.461568 ^ _8001_/Y (sky130_fd_sc_hd__o21ai_2)
                                                         _3442_ (net)
                      0.228353    0.000036    9.461603 ^ _8044_/B (sky130_fd_sc_hd__xnor2_4)
     1    0.037420    0.132674    0.160406    9.622009 v _8044_/Y (sky130_fd_sc_hd__xnor2_4)
                                                         _3485_ (net)
                      0.132818    0.003530    9.625539 v _8045_/A1 (sky130_fd_sc_hd__mux2_2)
     1    0.002048    0.045681    0.300080    9.925619 v _8045_/X (sky130_fd_sc_hd__mux2_2)
                                                         _3486_ (net)
                      0.045681    0.000004    9.925622 v _8117_/A0 (sky130_fd_sc_hd__mux2_2)
     1    0.002289    0.046589    0.263339   10.188961 v _8117_/X (sky130_fd_sc_hd__mux2_2)
                                                         _3558_ (net)
                      0.046589    0.000004   10.188965 v _8118_/A (sky130_fd_sc_hd__buf_1)
     1    0.002840    0.026779    0.092807   10.281772 v _8118_/X (sky130_fd_sc_hd__buf_1)
                                                         _0200_ (net)
                      0.026779    0.000011   10.281782 v _9219_/D (sky130_fd_sc_hd__dfrtp_2)
                                             10.281782   data arrival time

                                 13.081284   13.081284   clock clk (rise edge)
                                  0.000000   13.081284   clock source latency
     1    0.035325    0.150000    0.000000   13.081284 ^ clk (in)
                                                         clk (net)
                      0.154316    0.002050   13.083334 ^ clkbuf_0_clk/A (sky130_fd_sc_hd__clkbuf_16)
     4    0.061434    0.079835    0.185876   13.269210 ^ clkbuf_0_clk/X (sky130_fd_sc_hd__clkbuf_16)
                                                         clknet_0_clk (net)
                      0.079848    0.001009   13.270219 ^ clkbuf_2_3__f_clk/A (sky130_fd_sc_hd__clkbuf_16)
     8    0.090042    0.106267    0.182387   13.452606 ^ clkbuf_2_3__f_clk/X (sky130_fd_sc_hd__clkbuf_16)
                                                         clknet_2_3__leaf_clk (net)
                      0.106272    0.000834   13.453441 ^ clkbuf_leaf_33_clk/A (sky130_fd_sc_hd__clkbuf_8)
     6    0.021132    0.052845    0.148625   13.602066 ^ clkbuf_leaf_33_clk/X (sky130_fd_sc_hd__clkbuf_8)
                                                         clknet_leaf_33_clk (net)
                      0.052845    0.000029   13.602095 ^ _9219_/CLK (sky130_fd_sc_hd__dfrtp_2)
                                 -0.500000   13.102095   clock uncertainty
                                  0.000000   13.102095   clock reconvergence pessimism
                                 -0.105688   12.996407   library setup time
                                             12.996407   data required time
---------------------------------------------------------------------------------------------
                                             12.996407   data required time
                                            -10.281782   data arrival time
---------------------------------------------------------------------------------------------
                                              2.714625   slack (MET)




===========================================================================
report_checks --slack_max -0.01
============================================================================
======================= nom_tt_025C_1v80 Corner ===================================

No paths found.


===========================================================================
 report_check_types -max_slew -max_cap -max_fanout -violators
============================================================================
======================= nom_tt_025C_1v80 Corner ===================================



===========================================================================
report_parasitic_annotation -report_unannotated
============================================================================
Found 32 unannotated drivers.
 clkload0/Y
 clkload1/Y
 clkload10/X
 clkload11/X
 clkload12/Y
 clkload13/Y
 clkload14/X
 clkload15/Y
 clkload16/X
 clkload17/X
 clkload18/Y
 clkload19/X
 clkload2/Y
 clkload20/Y
 clkload21/X
 clkload22/X
 clkload23/Y
 clkload24/Y
 clkload25/Y
 clkload26/Y
 clkload27/X
 clkload28/X
 clkload29/X
 clkload3/Y
 clkload30/Y
 clkload31/Y
 clkload4/X
 clkload5/X
 clkload6/X
 clkload7/Y
 clkload8/Y
 clkload9/Y
Found 0 partially unannotated drivers.

===========================================================================
max slew violation count 0
Writing metric design__max_slew_violation__count__corner:nom_tt_025C_1v80: 0
max fanout violation count 0
Writing metric design__max_fanout_violation__count__corner:nom_tt_025C_1v80: 0
max cap violation count 0
Writing metric design__max_cap_violation__count__corner:nom_tt_025C_1v80: 0
============================================================================

===========================================================================
check_setup -verbose -unconstrained_endpoints -multiple_clock -no_clock -no_input_delay -loops -generated_clocks
===========================================================================
Warning: There is 1 input port missing set_input_delay.
  rst_n
