Clock: clk
Sources: clk 
Generated: no
Virtual: yes
Propagated: no
Period: 13.081284

===========================================================================
report_clock_properties
============================================================================
Clock                   Period          Waveform
----------------------------------------------------
clk                  13.081284    0.000000  6.540642

===========================================================================
report_clock_latency
============================================================================
Clock clk
rise -> rise
    min     max
0.000000 0.000000 source latency
0.517569         network latency _9040_/CLK
        0.605623 network latency _9210_/CLK
---------------
0.517569 0.605623 latency
        0.088054 skew

fall -> fall
    min     max
0.000000 0.000000 source latency
0.539397         network latency _9040_/CLK
        0.622300 network latency _9210_/CLK
---------------
0.539397 0.622300 latency
        0.082904 skew



===========================================================================
report_clock_min_period
============================================================================
clk period_min = 9.36 fmax = 106.83
