Clock: clk
Sources: clk 
Generated: no
Virtual: yes
Propagated: no
Period: 13.081284

===========================================================================
report_clock_properties
============================================================================
Clock                   Period          Waveform
----------------------------------------------------
clk                  13.081284    0.000000  6.540642

===========================================================================
report_clock_latency
============================================================================
Clock clk
rise -> rise
    min     max
0.000000 0.000000 source latency
0.000000         network latency _9017_/CLK
        0.000000 network latency _9017_/CLK
---------------
0.000000 0.000000 latency
        0.000000 skew

fall -> fall
    min     max
0.000000 0.000000 source latency
0.000000         network latency _9017_/CLK
        0.000000 network latency _9017_/CLK
---------------
0.000000 0.000000 latency
        0.000000 skew



===========================================================================
report_clock_min_period
============================================================================
clk period_min = 6.27 fmax = 159.47
