
===========================================================================
Violator List
============================================================================
[hold in-reg] sample_valid -> _9199_/D : -0.392678
[hold in-reg] sample_valid -> _9224_/D : -0.380976
[hold in-reg] sample_valid -> _9225_/D : -0.380976
[hold in-reg] sample_valid -> _9226_/D : -0.380976
[hold in-reg] sample_valid -> _9228_/D : -0.380976
[hold in-reg] sample_valid -> _9231_/D : -0.380976
[hold in-reg] sample_valid -> _9232_/D : -0.380976
[hold in-reg] sample_valid -> _9223_/D : -0.378872
[hold in-reg] sample_in[0] -> _9238_/D : -0.369804
[hold in-reg] sample_in[1] -> _9239_/D : -0.369804
[hold in-reg] sample_in[2] -> _9240_/D : -0.369804
[hold in-reg] sample_in[3] -> _9241_/D : -0.369804
[hold in-reg] sample_in[4] -> _9242_/D : -0.369804
[hold in-reg] sample_in[5] -> _9243_/D : -0.369804
[hold in-reg] sample_in[6] -> _9244_/D : -0.369804
[hold in-reg] sample_in[7] -> _9245_/D : -0.369804
[hold in-reg] sample_in[8] -> _9246_/D : -0.369804
[hold in-reg] sample_in[9] -> _9247_/D : -0.369804
[hold in-reg] sample_in[10] -> _9248_/D : -0.369804
[hold in-reg] sample_in[11] -> _9249_/D : -0.369804
[hold in-reg] sample_in[12] -> _9250_/D : -0.369804
[hold in-reg] sample_in[13] -> _9251_/D : -0.369804
[hold in-reg] sample_in[14] -> _9252_/D : -0.369804
[hold in-reg] sample_in[15] -> _9253_/D : -0.369804
[hold in-reg] sample_valid -> _9230_/D : -0.367839
[hold in-reg] sample_valid -> _9204_/D : -0.351227
[hold in-reg] sample_valid -> _9203_/D : -0.326156
[hold in-reg] sample_valid -> _9197_/D : -0.306510
[hold in-reg] sample_valid -> _9196_/D : -0.306451
[hold in-reg] sample_valid -> _9220_/D : -0.303759
[hold in-reg] sample_valid -> _9221_/D : -0.303759
[hold in-reg] sample_valid -> _9222_/D : -0.303545
[hold in-reg] sample_valid -> _9227_/D : -0.303545
[hold in-reg] sample_valid -> _9229_/D : -0.303545
[hold in-reg] sample_valid -> _9205_/D : -0.301619
[hold in-reg] sample_valid -> _9215_/D : -0.296988
[hold in-reg] sample_valid -> _9198_/D : -0.293836
[hold in-reg] sample_valid -> _9200_/D : -0.293836
[hold in-reg] sample_valid -> _9209_/D : -0.293836
[hold in-reg] sample_valid -> _9211_/D : -0.293836
[hold in-reg] sample_valid -> _9213_/D : -0.293836
[hold in-reg] sample_valid -> _9216_/D : -0.293836
[hold in-reg] sample_valid -> _9201_/D : -0.292855
[hold in-reg] sample_valid -> _9202_/D : -0.292855
[hold in-reg] sample_valid -> _9208_/D : -0.292855
[hold in-reg] sample_valid -> _9210_/D : -0.292855
[hold in-reg] sample_valid -> _9212_/D : -0.292855
[hold in-reg] sample_valid -> _9214_/D : -0.292855
[hold in-reg] sample_valid -> _9217_/D : -0.292855
[hold in-reg] sample_valid -> _9218_/D : -0.292855
[hold in-reg] sample_valid -> _9219_/D : -0.292855
[hold in-reg] sample_valid -> _9207_/D : -0.292855
[hold in-reg] sample_valid -> _9206_/D : -0.292849
[hold reg-reg] _9179_/Q -> _9178_/D : -0.223092
[hold reg-out] _9178_/Q -> result_valid : -0.167249
[hold reg-out] _9180_/Q -> result_out[0] : -0.165113
[hold reg-out] _9190_/Q -> result_out[10] : -0.165113
[hold reg-out] _9191_/Q -> result_out[11] : -0.165113
[hold reg-out] _9192_/Q -> result_out[12] : -0.165113
[hold reg-out] _9193_/Q -> result_out[13] : -0.165113
[hold reg-out] _9194_/Q -> result_out[14] : -0.165113
[hold reg-out] _9181_/Q -> result_out[1] : -0.165113
[hold reg-out] _9182_/Q -> result_out[2] : -0.165113
[hold reg-out] _9183_/Q -> result_out[3] : -0.165113
[hold reg-out] _9184_/Q -> result_out[4] : -0.165113
[hold reg-out] _9185_/Q -> result_out[5] : -0.165113
[hold reg-out] _9186_/Q -> result_out[6] : -0.165113
[hold reg-out] _9187_/Q -> result_out[7] : -0.165113
[hold reg-out] _9188_/Q -> result_out[8] : -0.165113
[hold reg-out] _9189_/Q -> result_out[9] : -0.165113
[hold reg-out] _9195_/Q -> result_out[15] : -0.165067
[hold reg-reg] _9170_/Q -> _9170_/D : -0.136011
[hold reg-reg] _9169_/Q -> _9169_/D : -0.136010
[hold reg-reg] _9174_/Q -> _9174_/D : -0.136009
[hold reg-reg] _9163_/Q -> _9163_/D : -0.132466
[hold reg-reg] _9165_/Q -> _9165_/D : -0.132122
[hold reg-reg] _9167_/Q -> _9167_/D : -0.132122
[hold reg-reg] _9177_/Q -> _9177_/D : -0.132114
[hold reg-reg] _9164_/Q -> _9164_/D : -0.132113
[hold reg-reg] _9173_/Q -> _9173_/D : -0.132113
[hold reg-reg] _9171_/Q -> _9171_/D : -0.132113
[hold reg-reg] _9172_/Q -> _9172_/D : -0.131584
[hold reg-reg] _9166_/Q -> _9166_/D : -0.131583
[hold reg-reg] _9176_/Q -> _9176_/D : -0.131583
[hold reg-reg] _9276_/Q -> _9292_/D : -0.129375
[hold reg-reg] _9302_/Q -> _9318_/D : -0.129375
[hold reg-reg] _9315_/Q -> _9331_/D : -0.129375
[hold reg-reg] _9302_/Q -> _9302_/D : -0.129106
[hold reg-reg] _9315_/Q -> _9315_/D : -0.129105
[hold reg-reg] _9276_/Q -> _9276_/D : -0.129103
[hold reg-reg] _9334_/Q -> _9018_/D : -0.128832
[hold reg-reg] _9344_/Q -> _9028_/D : -0.128832
[hold reg-reg] _9347_/Q -> _9031_/D : -0.128832
[hold reg-reg] _9028_/Q -> _9044_/D : -0.128832
[hold reg-reg] _9033_/Q -> _9049_/D : -0.128832
[hold reg-reg] _9035_/Q -> _9051_/D : -0.128832
[hold reg-reg] _9036_/Q -> _9052_/D : -0.128832
[hold reg-reg] _9039_/Q -> _9055_/D : -0.128832
[hold reg-reg] _9041_/Q -> _9057_/D : -0.128832
[hold reg-reg] _9044_/Q -> _9060_/D : -0.128832
[hold reg-reg] _9046_/Q -> _9062_/D : -0.128832
[hold reg-reg] _9049_/Q -> _9065_/D : -0.128832
[hold reg-reg] _9050_/Q -> _9066_/D : -0.128832
[hold reg-reg] _9054_/Q -> _9070_/D : -0.128832
[hold reg-reg] _9056_/Q -> _9072_/D : -0.128832
[hold reg-reg] _9058_/Q -> _9074_/D : -0.128832
[hold reg-reg] _9063_/Q -> _9079_/D : -0.128832
[hold reg-reg] _9065_/Q -> _9081_/D : -0.128832
[hold reg-reg] _9066_/Q -> _9082_/D : -0.128832
[hold reg-reg] _9070_/Q -> _9086_/D : -0.128832
[hold reg-reg] _9072_/Q -> _9088_/D : -0.128832
[hold reg-reg] _9076_/Q -> _9092_/D : -0.128832
[hold reg-reg] _9094_/Q -> _9110_/D : -0.128832
[hold reg-reg] _9096_/Q -> _9112_/D : -0.128832
[hold reg-reg] _9099_/Q -> _9115_/D : -0.128832
[hold reg-reg] _9108_/Q -> _9124_/D : -0.128832
[hold reg-reg] _9112_/Q -> _9128_/D : -0.128832
[hold reg-reg] _9113_/Q -> _9129_/D : -0.128832
[hold reg-reg] _9115_/Q -> _9131_/D : -0.128832
[hold reg-reg] _9118_/Q -> _9134_/D : -0.128832
[hold reg-reg] _9128_/Q -> _9144_/D : -0.128832
[hold reg-reg] _9134_/Q -> _9150_/D : -0.128832
[hold reg-reg] _9135_/Q -> _9151_/D : -0.128832
[hold reg-reg] _9159_/Q -> _9175_/D : -0.128832
[hold reg-reg] _9254_/Q -> _9270_/D : -0.128832
[hold reg-reg] _9270_/Q -> _9286_/D : -0.128832
[hold reg-reg] _9275_/Q -> _9291_/D : -0.128832
[hold reg-reg] _9280_/Q -> _9296_/D : -0.128832
[hold reg-reg] _9283_/Q -> _9299_/D : -0.128832
[hold reg-reg] _9296_/Q -> _9312_/D : -0.128832
[hold reg-reg] _9298_/Q -> _9314_/D : -0.128832
[hold reg-reg] _9300_/Q -> _9316_/D : -0.128832
[hold reg-reg] _9303_/Q -> _9319_/D : -0.128832
[hold reg-reg] _9308_/Q -> _9324_/D : -0.128832
[hold reg-reg] _9312_/Q -> _9328_/D : -0.128832
[hold reg-reg] _9313_/Q -> _9329_/D : -0.128832
[hold reg-reg] _9316_/Q -> _9332_/D : -0.128832
[hold reg-reg] _9317_/Q -> _9333_/D : -0.128832
[hold reg-reg] _9323_/Q -> _9339_/D : -0.128832
[hold reg-reg] _9330_/Q -> _9346_/D : -0.128832
[hold reg-reg] _9331_/Q -> _9347_/D : -0.128832
[hold reg-reg] _9332_/Q -> _9348_/D : -0.128832
[hold reg-reg] _9240_/Q -> _9256_/D : -0.128739
[hold reg-reg] _9025_/Q -> _9041_/D : -0.128596
[hold reg-reg] _9274_/Q -> _9290_/D : -0.128596
[hold reg-reg] _9034_/Q -> _9050_/D : -0.128585
[hold reg-reg] _9054_/Q -> _9054_/D : -0.128560
[hold reg-reg] _9036_/Q -> _9036_/D : -0.128560
[hold reg-reg] _9076_/Q -> _9076_/D : -0.128560
[hold reg-reg] _9099_/Q -> _9099_/D : -0.128560
[hold reg-reg] _9118_/Q -> _9118_/D : -0.128560
[hold reg-reg] _9154_/Q -> _9154_/D : -0.128560
[hold reg-reg] _9303_/Q -> _9303_/D : -0.128560
[hold reg-reg] _9035_/Q -> _9035_/D : -0.128560
[hold reg-reg] _9056_/Q -> _9056_/D : -0.128560
[hold reg-reg] _9058_/Q -> _9058_/D : -0.128560
[hold reg-reg] _9275_/Q -> _9275_/D : -0.128560
[hold reg-reg] _9280_/Q -> _9280_/D : -0.128560
[hold reg-reg] _9308_/Q -> _9308_/D : -0.128560
[hold reg-reg] _9313_/Q -> _9313_/D : -0.128560
[hold reg-reg] _9323_/Q -> _9323_/D : -0.128560
[hold reg-reg] _9334_/Q -> _9334_/D : -0.128560
[hold reg-reg] _9039_/Q -> _9039_/D : -0.128559
[hold reg-reg] _9063_/Q -> _9063_/D : -0.128559
[hold reg-reg] _9094_/Q -> _9094_/D : -0.128559
[hold reg-reg] _9108_/Q -> _9108_/D : -0.128559
[hold reg-reg] _9033_/Q -> _9033_/D : -0.128559
[hold reg-reg] _9156_/Q -> _9156_/D : -0.128559
[hold reg-reg] _9159_/Q -> _9159_/D : -0.128559
[hold reg-reg] _9298_/Q -> _9298_/D : -0.128559
[hold reg-reg] _9300_/Q -> _9300_/D : -0.128559
[hold reg-reg] _9344_/Q -> _9344_/D : -0.128559
[hold reg-reg] _9096_/Q -> _9096_/D : -0.128559
[hold reg-reg] _9135_/Q -> _9135_/D : -0.128559
[hold reg-reg] _9283_/Q -> _9283_/D : -0.128559
[hold reg-reg] _9046_/Q -> _9046_/D : -0.128557
[hold reg-reg] _9113_/Q -> _9113_/D : -0.128557
[hold reg-reg] _9161_/Q -> _9161_/D : -0.128557
[hold reg-reg] _9330_/Q -> _9330_/D : -0.128557
[hold reg-reg] _9254_/Q -> _9254_/D : -0.128554
[hold reg-reg] _9317_/Q -> _9317_/D : -0.128554
[hold reg-reg] _9310_/Q -> _9326_/D : -0.128435
[hold reg-reg] _9098_/Q -> _9114_/D : -0.128346
[hold reg-reg] _9111_/Q -> _9127_/D : -0.128346
[hold reg-reg] _9262_/Q -> _9278_/D : -0.128346
[hold reg-reg] _9266_/Q -> _9282_/D : -0.128346
[hold reg-reg] _9130_/Q -> _9146_/D : -0.128324
[hold reg-reg] _9136_/Q -> _9152_/D : -0.128324
[hold reg-reg] _9025_/Q -> _9025_/D : -0.128323
[hold reg-reg] _9274_/Q -> _9274_/D : -0.128322
[hold reg-reg] _9294_/Q -> _9310_/D : -0.128317
[hold reg-reg] _9034_/Q -> _9034_/D : -0.128312
[hold reg-reg] _9098_/Q -> _9098_/D : -0.128071
[hold reg-reg] _9038_/Q -> _9038_/D : -0.128071
[hold reg-reg] _9111_/Q -> _9111_/D : -0.128070
[hold reg-reg] _9262_/Q -> _9262_/D : -0.128068
[hold reg-reg] _9266_/Q -> _9266_/D : -0.128068
[hold reg-reg] _9130_/Q -> _9130_/D : -0.128049
[hold reg-reg] _9136_/Q -> _9136_/D : -0.128049
[hold reg-reg] _9294_/Q -> _9294_/D : -0.128039
[hold reg-reg] _9021_/Q -> _9037_/D : -0.127803
[hold reg-reg] _9027_/Q -> _9043_/D : -0.127803
[hold reg-reg] _9029_/Q -> _9045_/D : -0.127803
[hold reg-reg] _9053_/Q -> _9069_/D : -0.127803
[hold reg-reg] _9055_/Q -> _9071_/D : -0.127803
[hold reg-reg] _9057_/Q -> _9073_/D : -0.127803
[hold reg-reg] _9086_/Q -> _9102_/D : -0.127803
[hold reg-reg] _9087_/Q -> _9103_/D : -0.127803
[hold reg-reg] _9088_/Q -> _9104_/D : -0.127803
[hold reg-reg] _9100_/Q -> _9116_/D : -0.127803
[hold reg-reg] _9101_/Q -> _9117_/D : -0.127803
[hold reg-reg] _9103_/Q -> _9119_/D : -0.127803
[hold reg-reg] _9104_/Q -> _9120_/D : -0.127803
[hold reg-reg] _9105_/Q -> _9121_/D : -0.127803
[hold reg-reg] _9106_/Q -> _9122_/D : -0.127803
[hold reg-reg] _9107_/Q -> _9123_/D : -0.127803
[hold reg-reg] _9109_/Q -> _9125_/D : -0.127803
[hold reg-reg] _9121_/Q -> _9137_/D : -0.127803
[hold reg-reg] _9122_/Q -> _9138_/D : -0.127803
[hold reg-reg] _9131_/Q -> _9147_/D : -0.127803
[hold reg-reg] _9132_/Q -> _9148_/D : -0.127803
[hold reg-reg] _9146_/Q -> _9162_/D : -0.127803
[hold reg-reg] _9152_/Q -> _9168_/D : -0.127803
[hold reg-reg] _9295_/Q -> _9311_/D : -0.127803
[hold reg-reg] _9322_/Q -> _9338_/D : -0.127803
[hold reg-reg] _9027_/Q -> _9027_/D : -0.127524
[hold reg-reg] _9053_/Q -> _9053_/D : -0.127524
[hold reg-reg] _9083_/Q -> _9083_/D : -0.127524
[hold reg-reg] _9087_/Q -> _9087_/D : -0.127524
[hold reg-reg] _9105_/Q -> _9105_/D : -0.127524
[hold reg-reg] _9322_/Q -> _9322_/D : -0.127524
[hold reg-reg] _9341_/Q -> _9341_/D : -0.127524
[hold reg-reg] _9020_/Q -> _9020_/D : -0.127524
[hold reg-reg] _9021_/Q -> _9021_/D : -0.127524
[hold reg-reg] _9029_/Q -> _9029_/D : -0.127524
[hold reg-reg] _9100_/Q -> _9100_/D : -0.127524
[hold reg-reg] _9101_/Q -> _9101_/D : -0.127524
[hold reg-reg] _9107_/Q -> _9107_/D : -0.127524
[hold reg-reg] _9109_/Q -> _9109_/D : -0.127524
[hold reg-reg] _9132_/Q -> _9132_/D : -0.127524
[hold reg-reg] _9153_/Q -> _9153_/D : -0.127524
[hold reg-reg] _9287_/Q -> _9287_/D : -0.127524
[hold reg-reg] _9295_/Q -> _9295_/D : -0.127524
[hold reg-reg] _9106_/Q -> _9106_/D : -0.127521
[hold reg-reg] _9342_/Q -> _9026_/D : -0.127149
[hold reg-reg] _9024_/Q -> _9040_/D : -0.127149
[hold reg-reg] _9043_/Q -> _9059_/D : -0.127149
[hold reg-reg] _9045_/Q -> _9061_/D : -0.127149
[hold reg-reg] _9051_/Q -> _9067_/D : -0.127149
[hold reg-reg] _9068_/Q -> _9084_/D : -0.127149
[hold reg-reg] _9255_/Q -> _9271_/D : -0.127149
[hold reg-reg] _9257_/Q -> _9273_/D : -0.127149
[hold reg-reg] _9261_/Q -> _9277_/D : -0.127149
[hold reg-reg] _9263_/Q -> _9279_/D : -0.127149
[hold reg-reg] _9277_/Q -> _9293_/D : -0.127149
[hold reg-reg] _9289_/Q -> _9305_/D : -0.127149
[hold reg-reg] _9290_/Q -> _9306_/D : -0.127149
[hold reg-reg] _9304_/Q -> _9320_/D : -0.127149
[hold reg-reg] _9309_/Q -> _9325_/D : -0.127149
[hold reg-reg] _9320_/Q -> _9336_/D : -0.127149
[hold reg-reg] _9324_/Q -> _9340_/D : -0.127149
[hold reg-reg] _9326_/Q -> _9342_/D : -0.127149
[hold reg-reg] _9026_/Q -> _9042_/D : -0.126981
[hold reg-reg] _9068_/Q -> _9068_/D : -0.126866
[hold reg-reg] _9289_/Q -> _9289_/D : -0.126866
[hold reg-reg] _9297_/Q -> _9297_/D : -0.126866
[hold reg-reg] _9307_/Q -> _9307_/D : -0.126866
[hold reg-reg] _9019_/Q -> _9019_/D : -0.126866
[hold reg-reg] _9022_/Q -> _9022_/D : -0.126866
[hold reg-reg] _9304_/Q -> _9304_/D : -0.126866
[hold reg-reg] _9343_/Q -> _9343_/D : -0.126866
[hold reg-reg] _9089_/Q -> _9089_/D : -0.126863
[hold reg-reg] _9257_/Q -> _9257_/D : -0.126863
[hold reg-reg] _9259_/Q -> _9259_/D : -0.126863
[hold reg-reg] _9261_/Q -> _9261_/D : -0.126863
[hold reg-reg] _9263_/Q -> _9263_/D : -0.126863
[hold reg-reg] _9264_/Q -> _9264_/D : -0.126863
[hold reg-reg] _9309_/Q -> _9309_/D : -0.126863
[hold reg-reg] _9024_/Q -> _9024_/D : -0.126863
[hold reg-reg] _9258_/Q -> _9258_/D : -0.126860
[hold reg-reg] _9255_/Q -> _9255_/D : -0.126844
[hold reg-reg] _9031_/Q -> _9047_/D : -0.125827
[hold reg-reg] _9032_/Q -> _9048_/D : -0.125827
[hold reg-reg] _9048_/Q -> _9064_/D : -0.125827
[hold reg-reg] _9305_/Q -> _9321_/D : -0.125827
[hold reg-reg] _9311_/Q -> _9327_/D : -0.125827
[hold reg-reg] _9346_/Q -> _9030_/D : -0.125558
[hold reg-reg] _9124_/Q -> _9140_/D : -0.125558
[hold reg-reg] _9126_/Q -> _9142_/D : -0.125558
[hold reg-reg] _9348_/Q -> _9032_/D : -0.125551
[hold reg-reg] _9059_/Q -> _9075_/D : -0.125551
[hold reg-reg] _9064_/Q -> _9080_/D : -0.125551
[hold reg-reg] _9069_/Q -> _9085_/D : -0.125551
[hold reg-reg] _9075_/Q -> _9091_/D : -0.125551
[hold reg-reg] _9077_/Q -> _9093_/D : -0.125551
[hold reg-reg] _9125_/Q -> _9141_/D : -0.125551
[hold reg-reg] _9265_/Q -> _9281_/D : -0.125551
[hold reg-reg] _9272_/Q -> _9288_/D : -0.125551
[hold reg-reg] _9321_/Q -> _9337_/D : -0.125551
[hold reg-reg] _9023_/Q -> _9023_/D : -0.125550
[hold reg-reg] _9061_/Q -> _9077_/D : -0.125376
[hold reg-reg] _9081_/Q -> _9097_/D : -0.125376
[hold reg-reg] _9123_/Q -> _9139_/D : -0.125376
[hold reg-reg] _9133_/Q -> _9149_/D : -0.125376
[hold reg-reg] _9139_/Q -> _9155_/D : -0.125376
[hold reg-reg] _9141_/Q -> _9157_/D : -0.125376
[hold reg-reg] _9256_/Q -> _9272_/D : -0.125376
[hold reg-reg] _9126_/Q -> _9126_/D : -0.125266
[hold reg-reg] _9158_/Q -> _9158_/D : -0.125266
[hold reg-reg] _9078_/Q -> _9078_/D : -0.125259
[hold reg-reg] _9095_/Q -> _9095_/D : -0.125259
[hold reg-reg] _9329_/Q -> _9345_/D : -0.125248
[hold reg-reg] _9265_/Q -> _9265_/D : -0.125242
[hold reg-reg] _9144_/Q -> _9160_/D : -0.125137
[hold reg-reg] _9251_/Q -> _9267_/D : -0.125137
[hold reg-reg] _9269_/Q -> _9285_/D : -0.125137
[hold reg-reg] _9319_/Q -> _9335_/D : -0.125137
[hold reg-reg] _9133_/Q -> _9133_/D : -0.125082
[hold reg-reg] _9284_/Q -> _9284_/D : -0.125082
[hold reg-reg] _9143_/Q -> _9143_/D : -0.125080
[hold reg-reg] _9017_/Q -> _9017_/D : -0.124839
[hold reg-reg] _9269_/Q -> _9269_/D : -0.124839
[hold reg-reg] _9268_/Q -> _9268_/D : -0.124408
[hold reg-reg] _9285_/Q -> _9301_/D : -0.118547
[hold reg-reg] _9074_/Q -> _9090_/D : -0.118218
[hold reg-reg] _9260_/Q -> _9260_/D : -0.117878
[hold reg-reg] _9145_/Q -> _9145_/D : -0.117606
[hold reg-reg] _9179_/Q -> _9195_/D : -0.094186
[hold in-reg] sample_valid -> _9233_/D : -0.080322
[hold reg-reg] _9179_/Q -> _9191_/D : -0.069214
[hold reg-reg] _9179_/Q -> _9192_/D : -0.069214
[hold reg-reg] _9179_/Q -> _9193_/D : -0.069214
[hold reg-reg] _9179_/Q -> _9194_/D : -0.069214
[hold reg-reg] _9179_/Q -> _9190_/D : -0.069214
[hold reg-reg] _9212_/Q -> _9181_/D : -0.056139
[hold reg-reg] _9211_/Q -> _9180_/D : -0.051069
[hold reg-reg] _9215_/Q -> _9184_/D : -0.047646
[hold reg-reg] _9214_/Q -> _9183_/D : -0.037251
[hold reg-reg] _9213_/Q -> _9182_/D : -0.034426
[hold reg-reg] _9185_/Q -> _9185_/D : -0.029824
[hold reg-reg] _9186_/Q -> _9186_/D : -0.029824
[hold reg-reg] _9187_/Q -> _9187_/D : -0.029824
[hold reg-reg] _9188_/Q -> _9188_/D : -0.029824
[hold reg-reg] _9189_/Q -> _9189_/D : -0.029824
